For the initial run we get growth of 0.0 which is False
After adding 37 ESSENTIAL reactions we get 0.0 (growth is False)

After adding 60 MEDIA reactions we get -8.06619607561e-29 (growth is False)

After adding 338 SUBSYSTEM reactions we get 4.97936695699e-12 (growth is False)

After adding 3536 ORPHAN reactions we get 0.0 (growth is False)

After adding 5 reactions in models/260581/6666666.127377.closest.genomes.roles we get 0.0 (growth is False)

There are 3390 compounds before assigning probabilities
Average score for reactions we are running:
Left: 0.998850574713
Right: 1.0
Using a cutoff of 0.998850574713
Proposing 3080 reactions
After adding 3080 PROBABILITY reactions we get 1000.0 (growth is True)

Testing suggestions from probability
Successfully limited the reactions by compound and reduced  from 3080 to 3013
At the beginning the base list has 5162  and the optional list has 3013 reactions
Iteration: 1 Try: 0 Length: 1507 and 1506 Growth: True and False
Iteration: 2 Try: 0 Length: 754 and 753 Growth: True and False
Iteration: 3 Try: 0 Length: 377 and 377 Growth: True and False
Iteration: 4 Try: 0 Length: 189 and 188 Growth: False and True
Iteration: 5 Try: 0 Length: 94 and 94 Growth: True and False
Iteration: 6 Try: 0 Length: 47 and 47 Growth: False and True
Iteration: 7 Try: 0 Length: 24 and 23 Growth: False and True
Iteration: 8 Try: 0 Length: 12 and 11 Growth: True and False
Iteration: 9 Try: 0 Length: 6 and 6 Growth: False and True
Iteration: 10 Try: 0 Length: 3 and 3 Growth: True and False
Iteration: 11 Try: 0 Length: 2 and 1 Growth: True and False
Iteration: 12 Try: 0 Length: 1 and 1 Growth: False and True
There are 1 reactions remaining: set(['rxn05039'])
Testing suggestions from close genomes 
The set of 'base' reactions results in growth so we don't need to bisect the optional set
Testing suggestions from orphans
Successfully limited the reactions by compound and reduced  from 3536 to 3530
At the beginning the base list has 1622  and the optional list has 3530 reactions
Iteration: 1 Try: 0 Length: 1765 and 1765 Growth: False and False
Iteration: 1 Try: 0 Length: 1412 and 2118 Growth: False and False
Iteration: 1 Try: 0 Length: 706 and 2824 Growth: False and True
Iteration: 2 Try: 0 Length: 1412 and 1412 Growth: False and False
Iteration: 2 Try: 0 Length: 1129 and 1695 Growth: False and False
Iteration: 2 Try: 0 Length: 564 and 2260 Growth: False and False
Iteration: 2 Try: 0 Length: 282 and 2542 Growth: False and False
Iteration: 2 Try: 0 Length: 141 and 2683 Growth: False and False
Iteration: 2 Try: 0 Length: 70 and 2754 Growth: False and False
Iteration: 2 Try: 0 Length: 35 and 2789 Growth: False and True
Iteration: 3 Try: 0 Length: 1395 and 1394 Growth: False and False
Iteration: 3 Try: 0 Length: 1115 and 1674 Growth: False and False
Iteration: 3 Try: 0 Length: 557 and 2232 Growth: False and False
Iteration: 3 Try: 0 Length: 278 and 2511 Growth: False and False
Iteration: 3 Try: 0 Length: 139 and 2650 Growth: False and False
Iteration: 3 Try: 0 Length: 69 and 2720 Growth: False and False
Iteration: 3 Try: 0 Length: 34 and 2755 Growth: False and False
Iteration: 3 Try: 0 Length: 17 and 2772 Growth: False and False
Iteration: 3 Try: 0 Length: 8 and 2781 Growth: False and False
Iteration: 3 Try: 0 Length: 4 and 2785 Growth: False and True
Iteration: 4 Try: 0 Length: 1393 and 1392 Growth: False and False
Iteration: 4 Try: 0 Length: 1114 and 1671 Growth: False and False
Iteration: 4 Try: 0 Length: 557 and 2228 Growth: False and False
Iteration: 4 Try: 0 Length: 278 and 2507 Growth: False and False
Iteration: 4 Try: 0 Length: 139 and 2646 Growth: False and False
Iteration: 4 Try: 0 Length: 69 and 2716 Growth: False and False
Iteration: 4 Try: 0 Length: 34 and 2751 Growth: False and False
Iteration: 4 Try: 0 Length: 17 and 2768 Growth: False and False
Iteration: 4 Try: 0 Length: 8 and 2777 Growth: False and False
Iteration: 4 Try: 0 Length: 4 and 2781 Growth: False and False
Iteration: 4 Try: 0 Length: 2 and 2783 Growth: False and True
Iteration: 5 Try: 0 Length: 1392 and 1391 Growth: False and False
Iteration: 5 Try: 0 Length: 1113 and 1670 Growth: False and False
Iteration: 5 Try: 0 Length: 556 and 2227 Growth: False and False
Iteration: 5 Try: 0 Length: 278 and 2505 Growth: False and False
Iteration: 5 Try: 0 Length: 139 and 2644 Growth: False and False
Iteration: 5 Try: 0 Length: 69 and 2714 Growth: False and False
Iteration: 5 Try: 0 Length: 34 and 2749 Growth: False and False
Iteration: 5 Try: 0 Length: 17 and 2766 Growth: False and False
Iteration: 5 Try: 0 Length: 8 and 2775 Growth: False and False
Iteration: 5 Try: 0 Length: 4 and 2779 Growth: False and False
Iteration: 5 Try: 0 Length: 2 and 2781 Growth: False and False
Iteration: 5 Try: 0 Length: 1 and 2782 Growth: False and True
Iteration: 6 Try: 0 Length: 1391 and 1391 Growth: False and False
Iteration: 6 Try: 0 Length: 1112 and 1670 Growth: False and False
Iteration: 6 Try: 0 Length: 556 and 2226 Growth: False and False
Iteration: 6 Try: 0 Length: 278 and 2504 Growth: False and False
Iteration: 6 Try: 0 Length: 139 and 2643 Growth: False and False
Iteration: 6 Try: 0 Length: 69 and 2713 Growth: False and False
Iteration: 6 Try: 0 Length: 34 and 2748 Growth: False and False
Iteration: 6 Try: 0 Length: 17 and 2765 Growth: False and False
Iteration: 6 Try: 0 Length: 8 and 2774 Growth: False and False
Iteration: 6 Try: 0 Length: 4 and 2778 Growth: False and False
Iteration: 6 Try: 0 Length: 2 and 2780 Growth: False and False
Iteration: 6 Try: 0 Length: 1 and 2781 Growth: False and False
Iteration: 7 Try: 1 Length: 1391 and 1391 Growth: True and False
Iteration: 8 Try: 0 Length: 696 and 695 Growth: False and True
Iteration: 9 Try: 0 Length: 348 and 347 Growth: False and False
Iteration: 9 Try: 0 Length: 278 and 417 Growth: False and False
Iteration: 9 Try: 0 Length: 139 and 556 Growth: False and False
Iteration: 9 Try: 0 Length: 69 and 626 Growth: False and False
Iteration: 9 Try: 0 Length: 34 and 661 Growth: False and True
Iteration: 10 Try: 0 Length: 331 and 330 Growth: False and False
Iteration: 10 Try: 0 Length: 264 and 397 Growth: False and False
Iteration: 10 Try: 0 Length: 132 and 529 Growth: False and False
Iteration: 10 Try: 0 Length: 66 and 595 Growth: False and False
Iteration: 10 Try: 0 Length: 33 and 628 Growth: False and False
Iteration: 10 Try: 0 Length: 16 and 645 Growth: False and False
Iteration: 10 Try: 0 Length: 8 and 653 Growth: False and False
Iteration: 10 Try: 0 Length: 4 and 657 Growth: False and True
Iteration: 11 Try: 0 Length: 329 and 328 Growth: False and False
Iteration: 11 Try: 0 Length: 262 and 395 Growth: False and False
Iteration: 11 Try: 0 Length: 131 and 526 Growth: False and False
Iteration: 11 Try: 0 Length: 65 and 592 Growth: False and False
Iteration: 11 Try: 0 Length: 32 and 625 Growth: False and False
Iteration: 11 Try: 0 Length: 16 and 641 Growth: False and False
Iteration: 11 Try: 0 Length: 8 and 649 Growth: False and False
Iteration: 11 Try: 0 Length: 4 and 653 Growth: False and False
Iteration: 11 Try: 0 Length: 2 and 655 Growth: False and False
Iteration: 11 Try: 0 Length: 1 and 656 Growth: False and False
Iteration: 12 Try: 1 Length: 329 and 328 Growth: False and True
Iteration: 13 Try: 0 Length: 164 and 164 Growth: False and False
Iteration: 13 Try: 0 Length: 131 and 197 Growth: False and False
Iteration: 13 Try: 0 Length: 65 and 263 Growth: False and False
Iteration: 13 Try: 0 Length: 32 and 296 Growth: False and False
Iteration: 13 Try: 0 Length: 16 and 312 Growth: False and False
Iteration: 13 Try: 0 Length: 8 and 320 Growth: False and False
Iteration: 13 Try: 0 Length: 4 and 324 Growth: False and False
Iteration: 13 Try: 0 Length: 2 and 326 Growth: False and True
Iteration: 14 Try: 0 Length: 163 and 163 Growth: False and False
Iteration: 14 Try: 0 Length: 130 and 196 Growth: False and False
Iteration: 14 Try: 0 Length: 65 and 261 Growth: False and False
Iteration: 14 Try: 0 Length: 32 and 294 Growth: False and False
Iteration: 14 Try: 0 Length: 16 and 310 Growth: False and False
Iteration: 14 Try: 0 Length: 8 and 318 Growth: False and False
Iteration: 14 Try: 0 Length: 4 and 322 Growth: False and False
Iteration: 14 Try: 0 Length: 2 and 324 Growth: False and False
Iteration: 14 Try: 0 Length: 1 and 325 Growth: False and False
Iteration: 15 Try: 1 Length: 163 and 163 Growth: False and False
Iteration: 15 Try: 1 Length: 130 and 196 Growth: False and False
Iteration: 15 Try: 1 Length: 65 and 261 Growth: False and False
Iteration: 15 Try: 1 Length: 32 and 294 Growth: False and True
Iteration: 16 Try: 0 Length: 147 and 147 Growth: False and False
Iteration: 16 Try: 0 Length: 117 and 177 Growth: False and False
Iteration: 16 Try: 0 Length: 58 and 236 Growth: False and False
Iteration: 16 Try: 0 Length: 29 and 265 Growth: False and False
Iteration: 16 Try: 0 Length: 14 and 280 Growth: False and True
Iteration: 17 Try: 0 Length: 140 and 140 Growth: False and False
Iteration: 17 Try: 0 Length: 112 and 168 Growth: False and False
Iteration: 17 Try: 0 Length: 56 and 224 Growth: False and False
Iteration: 17 Try: 0 Length: 28 and 252 Growth: False and False
Iteration: 17 Try: 0 Length: 14 and 266 Growth: False and False
Iteration: 17 Try: 0 Length: 7 and 273 Growth: False and True
Iteration: 18 Try: 0 Length: 137 and 136 Growth: False and False
Iteration: 18 Try: 0 Length: 109 and 164 Growth: False and False
Iteration: 18 Try: 0 Length: 54 and 219 Growth: False and False
Iteration: 18 Try: 0 Length: 27 and 246 Growth: False and False
Iteration: 18 Try: 0 Length: 13 and 260 Growth: False and False
Iteration: 18 Try: 0 Length: 6 and 267 Growth: False and False
Iteration: 18 Try: 0 Length: 3 and 270 Growth: False and True
Iteration: 19 Try: 0 Length: 135 and 135 Growth: False and False
Iteration: 19 Try: 0 Length: 108 and 162 Growth: False and False
Iteration: 19 Try: 0 Length: 54 and 216 Growth: False and False
Iteration: 19 Try: 0 Length: 27 and 243 Growth: False and False
Iteration: 19 Try: 0 Length: 13 and 257 Growth: False and False
Iteration: 19 Try: 0 Length: 6 and 264 Growth: False and False
Iteration: 19 Try: 0 Length: 3 and 267 Growth: False and False
Iteration: 19 Try: 0 Length: 1 and 269 Growth: False and True
Iteration: 20 Try: 0 Length: 135 and 134 Growth: False and False
Iteration: 20 Try: 0 Length: 107 and 162 Growth: False and False
Iteration: 20 Try: 0 Length: 53 and 216 Growth: False and False
Iteration: 20 Try: 0 Length: 26 and 243 Growth: False and False
Iteration: 20 Try: 0 Length: 13 and 256 Growth: False and False
Iteration: 20 Try: 0 Length: 6 and 263 Growth: False and False
Iteration: 20 Try: 0 Length: 3 and 266 Growth: False and False
Iteration: 20 Try: 0 Length: 1 and 268 Growth: False and True
Iteration: 21 Try: 0 Length: 134 and 134 Growth: False and False
Iteration: 21 Try: 0 Length: 107 and 161 Growth: False and False
Iteration: 21 Try: 0 Length: 53 and 215 Growth: False and False
Iteration: 21 Try: 0 Length: 26 and 242 Growth: False and False
Iteration: 21 Try: 0 Length: 13 and 255 Growth: False and False
Iteration: 21 Try: 0 Length: 6 and 262 Growth: False and False
Iteration: 21 Try: 0 Length: 3 and 265 Growth: False and False
Iteration: 21 Try: 0 Length: 1 and 267 Growth: False and False
Iteration: 22 Try: 1 Length: 134 and 134 Growth: False and False
Iteration: 22 Try: 1 Length: 107 and 161 Growth: False and False
Iteration: 22 Try: 1 Length: 53 and 215 Growth: False and False
Iteration: 22 Try: 1 Length: 26 and 242 Growth: False and True
Iteration: 23 Try: 0 Length: 121 and 121 Growth: False and False
Iteration: 23 Try: 0 Length: 96 and 146 Growth: False and False
Iteration: 23 Try: 0 Length: 48 and 194 Growth: False and False
Iteration: 23 Try: 0 Length: 24 and 218 Growth: False and False
Iteration: 23 Try: 0 Length: 12 and 230 Growth: False and False
Iteration: 23 Try: 0 Length: 6 and 236 Growth: False and False
Iteration: 23 Try: 0 Length: 3 and 239 Growth: False and True
Iteration: 24 Try: 0 Length: 120 and 119 Growth: False and False
Iteration: 24 Try: 0 Length: 95 and 144 Growth: False and False
Iteration: 24 Try: 0 Length: 47 and 192 Growth: False and False
Iteration: 24 Try: 0 Length: 23 and 216 Growth: False and False
Iteration: 24 Try: 0 Length: 11 and 228 Growth: False and False
Iteration: 24 Try: 0 Length: 5 and 234 Growth: False and False
Iteration: 24 Try: 0 Length: 2 and 237 Growth: False and False
Iteration: 24 Try: 0 Length: 1 and 238 Growth: False and False
Iteration: 25 Try: 1 Length: 120 and 119 Growth: False and False
Iteration: 25 Try: 1 Length: 95 and 144 Growth: False and False
Iteration: 25 Try: 1 Length: 47 and 192 Growth: False and False
Iteration: 25 Try: 1 Length: 23 and 216 Growth: False and True
Iteration: 26 Try: 0 Length: 108 and 108 Growth: False and False
Iteration: 26 Try: 0 Length: 86 and 130 Growth: False and False
Iteration: 26 Try: 0 Length: 43 and 173 Growth: False and False
Iteration: 26 Try: 0 Length: 21 and 195 Growth: False and False
Iteration: 26 Try: 0 Length: 10 and 206 Growth: False and False
Iteration: 26 Try: 0 Length: 5 and 211 Growth: False and False
Iteration: 26 Try: 0 Length: 2 and 214 Growth: False and False
Iteration: 26 Try: 0 Length: 1 and 215 Growth: False and False
Iteration: 27 Try: 1 Length: 108 and 108 Growth: False and False
Iteration: 27 Try: 1 Length: 86 and 130 Growth: False and False
Iteration: 27 Try: 1 Length: 43 and 173 Growth: False and False
Iteration: 27 Try: 1 Length: 21 and 195 Growth: False and True
Iteration: 28 Try: 0 Length: 98 and 97 Growth: False and False
Iteration: 28 Try: 0 Length: 78 and 117 Growth: False and False
Iteration: 28 Try: 0 Length: 39 and 156 Growth: False and False
Iteration: 28 Try: 0 Length: 19 and 176 Growth: False and True
Iteration: 29 Try: 0 Length: 88 and 88 Growth: False and False
Iteration: 29 Try: 0 Length: 70 and 106 Growth: False and False
Iteration: 29 Try: 0 Length: 35 and 141 Growth: False and False
Iteration: 29 Try: 0 Length: 17 and 159 Growth: False and False
Iteration: 29 Try: 0 Length: 8 and 168 Growth: False and False
Iteration: 29 Try: 0 Length: 4 and 172 Growth: False and False
Iteration: 29 Try: 0 Length: 2 and 174 Growth: False and False
Iteration: 29 Try: 0 Length: 1 and 175 Growth: False and True
Iteration: 30 Try: 0 Length: 88 and 87 Growth: False and False
Iteration: 30 Try: 0 Length: 70 and 105 Growth: False and False
Iteration: 30 Try: 0 Length: 35 and 140 Growth: False and False
Iteration: 30 Try: 0 Length: 17 and 158 Growth: False and False
Iteration: 30 Try: 0 Length: 8 and 167 Growth: False and False
Iteration: 30 Try: 0 Length: 4 and 171 Growth: False and False
Iteration: 30 Try: 0 Length: 2 and 173 Growth: False and False
Iteration: 30 Try: 0 Length: 1 and 174 Growth: False and False
Iteration: 31 Try: 1 Length: 88 and 87 Growth: False and False
Iteration: 31 Try: 1 Length: 70 and 105 Growth: False and False
Iteration: 31 Try: 1 Length: 35 and 140 Growth: False and True
Iteration: 32 Try: 0 Length: 70 and 70 Growth: False and False
Iteration: 32 Try: 0 Length: 56 and 84 Growth: False and False
Iteration: 32 Try: 0 Length: 28 and 112 Growth: False and True
Iteration: 33 Try: 0 Length: 56 and 56 Growth: False and False
Iteration: 33 Try: 0 Length: 44 and 68 Growth: False and False
Iteration: 33 Try: 0 Length: 22 and 90 Growth: False and False
Iteration: 33 Try: 0 Length: 11 and 101 Growth: False and False
Iteration: 33 Try: 0 Length: 5 and 107 Growth: False and False
Iteration: 33 Try: 0 Length: 2 and 110 Growth: False and False
Iteration: 33 Try: 0 Length: 1 and 111 Growth: False and False
Iteration: 34 Try: 1 Length: 56 and 56 Growth: False and False
Iteration: 34 Try: 1 Length: 44 and 68 Growth: False and False
Iteration: 34 Try: 1 Length: 22 and 90 Growth: False and False
Iteration: 34 Try: 1 Length: 11 and 101 Growth: False and False
Iteration: 34 Try: 1 Length: 5 and 107 Growth: False and False
Iteration: 34 Try: 1 Length: 2 and 110 Growth: False and False
Iteration: 34 Try: 1 Length: 1 and 111 Growth: False and False
Iteration: 35 Try: 2 Length: 56 and 56 Growth: False and False
Iteration: 35 Try: 2 Length: 44 and 68 Growth: False and False
Iteration: 35 Try: 2 Length: 22 and 90 Growth: False and True
Iteration: 36 Try: 0 Length: 45 and 45 Growth: False and False
Iteration: 36 Try: 0 Length: 36 and 54 Growth: False and False
Iteration: 36 Try: 0 Length: 18 and 72 Growth: False and False
Iteration: 36 Try: 0 Length: 9 and 81 Growth: False and False
Iteration: 36 Try: 0 Length: 4 and 86 Growth: False and True
Iteration: 37 Try: 0 Length: 43 and 43 Growth: False and False
Iteration: 37 Try: 0 Length: 34 and 52 Growth: False and False
Iteration: 37 Try: 0 Length: 17 and 69 Growth: False and False
Iteration: 37 Try: 0 Length: 8 and 78 Growth: False and False
Iteration: 37 Try: 0 Length: 4 and 82 Growth: False and True
Iteration: 38 Try: 0 Length: 41 and 41 Growth: False and False
Iteration: 38 Try: 0 Length: 32 and 50 Growth: False and False
Iteration: 38 Try: 0 Length: 16 and 66 Growth: False and False
Iteration: 38 Try: 0 Length: 8 and 74 Growth: False and False
Iteration: 38 Try: 0 Length: 4 and 78 Growth: False and False
Iteration: 38 Try: 0 Length: 2 and 80 Growth: False and False
Iteration: 38 Try: 0 Length: 1 and 81 Growth: False and False
Iteration: 39 Try: 1 Length: 41 and 41 Growth: False and False
Iteration: 39 Try: 1 Length: 32 and 50 Growth: False and False
Iteration: 39 Try: 1 Length: 16 and 66 Growth: False and False
Iteration: 39 Try: 1 Length: 8 and 74 Growth: False and False
Iteration: 39 Try: 1 Length: 4 and 78 Growth: False and True
Iteration: 40 Try: 0 Length: 39 and 39 Growth: False and False
Iteration: 40 Try: 0 Length: 31 and 47 Growth: False and False
Iteration: 40 Try: 0 Length: 15 and 63 Growth: False and False
Iteration: 40 Try: 0 Length: 7 and 71 Growth: False and False
Iteration: 40 Try: 0 Length: 3 and 75 Growth: False and False
Iteration: 40 Try: 0 Length: 1 and 77 Growth: False and True
Iteration: 41 Try: 0 Length: 39 and 38 Growth: False and False
Iteration: 41 Try: 0 Length: 30 and 47 Growth: False and False
Iteration: 41 Try: 0 Length: 15 and 62 Growth: False and False
Iteration: 41 Try: 0 Length: 7 and 70 Growth: False and False
Iteration: 41 Try: 0 Length: 3 and 74 Growth: False and False
Iteration: 41 Try: 0 Length: 1 and 76 Growth: False and False
Iteration: 42 Try: 1 Length: 39 and 38 Growth: False and False
Iteration: 42 Try: 1 Length: 30 and 47 Growth: False and False
Iteration: 42 Try: 1 Length: 15 and 62 Growth: False and True
Iteration: 43 Try: 0 Length: 31 and 31 Growth: False and False
Iteration: 43 Try: 0 Length: 24 and 38 Growth: False and False
Iteration: 43 Try: 0 Length: 12 and 50 Growth: False and False
Iteration: 43 Try: 0 Length: 6 and 56 Growth: False and False
Iteration: 43 Try: 0 Length: 3 and 59 Growth: False and False
Iteration: 43 Try: 0 Length: 1 and 61 Growth: False and False
Iteration: 44 Try: 1 Length: 31 and 31 Growth: False and False
Iteration: 44 Try: 1 Length: 24 and 38 Growth: False and False
Iteration: 44 Try: 1 Length: 12 and 50 Growth: False and True
Iteration: 45 Try: 0 Length: 25 and 25 Growth: False and False
Iteration: 45 Try: 0 Length: 20 and 30 Growth: False and False
Iteration: 45 Try: 0 Length: 10 and 40 Growth: False and False
Iteration: 45 Try: 0 Length: 5 and 45 Growth: False and False
Iteration: 45 Try: 0 Length: 2 and 48 Growth: False and False
Iteration: 45 Try: 0 Length: 1 and 49 Growth: False and True
Iteration: 46 Try: 0 Length: 25 and 24 Growth: False and False
Iteration: 46 Try: 0 Length: 19 and 30 Growth: False and False
Iteration: 46 Try: 0 Length: 9 and 40 Growth: False and False
Iteration: 46 Try: 0 Length: 4 and 45 Growth: False and False
Iteration: 46 Try: 0 Length: 2 and 47 Growth: False and False
Iteration: 46 Try: 0 Length: 1 and 48 Growth: False and False
Iteration: 47 Try: 1 Length: 25 and 24 Growth: False and False
Iteration: 47 Try: 1 Length: 19 and 30 Growth: False and False
Iteration: 47 Try: 1 Length: 9 and 40 Growth: False and False
Iteration: 47 Try: 1 Length: 4 and 45 Growth: False and False
Iteration: 47 Try: 1 Length: 2 and 47 Growth: False and False
Iteration: 47 Try: 1 Length: 1 and 48 Growth: False and False
Iteration: 48 Try: 2 Length: 25 and 24 Growth: False and False
Iteration: 48 Try: 2 Length: 19 and 30 Growth: False and False
Iteration: 48 Try: 2 Length: 9 and 40 Growth: False and False
Iteration: 48 Try: 2 Length: 4 and 45 Growth: False and False
Iteration: 48 Try: 2 Length: 2 and 47 Growth: False and False
Iteration: 48 Try: 2 Length: 1 and 48 Growth: False and False
Iteration: 49 Try: 3 Length: 25 and 24 Growth: False and False
Iteration: 49 Try: 3 Length: 19 and 30 Growth: False and False
Iteration: 49 Try: 3 Length: 9 and 40 Growth: False and False
Iteration: 49 Try: 3 Length: 4 and 45 Growth: False and False
Iteration: 49 Try: 3 Length: 2 and 47 Growth: False and True
Iteration: 50 Try: 0 Length: 24 and 23 Growth: False and False
Iteration: 50 Try: 0 Length: 18 and 29 Growth: False and False
Iteration: 50 Try: 0 Length: 9 and 38 Growth: False and False
Iteration: 50 Try: 0 Length: 4 and 43 Growth: False and False
Iteration: 50 Try: 0 Length: 2 and 45 Growth: False and False
Iteration: 50 Try: 0 Length: 1 and 46 Growth: False and False
Iteration: 51 Try: 1 Length: 24 and 23 Growth: False and False
Iteration: 51 Try: 1 Length: 18 and 29 Growth: False and False
Iteration: 51 Try: 1 Length: 9 and 38 Growth: False and False
Iteration: 51 Try: 1 Length: 4 and 43 Growth: False and True
Iteration: 52 Try: 0 Length: 22 and 21 Growth: False and False
Iteration: 52 Try: 0 Length: 17 and 26 Growth: False and False
Iteration: 52 Try: 0 Length: 8 and 35 Growth: False and False
Iteration: 52 Try: 0 Length: 4 and 39 Growth: False and False
Iteration: 52 Try: 0 Length: 2 and 41 Growth: False and False
Iteration: 52 Try: 0 Length: 1 and 42 Growth: False and True
Iteration: 53 Try: 0 Length: 21 and 21 Growth: False and False
Iteration: 53 Try: 0 Length: 16 and 26 Growth: False and False
Iteration: 53 Try: 0 Length: 8 and 34 Growth: False and False
Iteration: 53 Try: 0 Length: 4 and 38 Growth: False and False
Iteration: 53 Try: 0 Length: 2 and 40 Growth: False and False
Iteration: 53 Try: 0 Length: 1 and 41 Growth: False and False
Iteration: 54 Try: 1 Length: 21 and 21 Growth: False and False
Iteration: 54 Try: 1 Length: 16 and 26 Growth: False and False
Iteration: 54 Try: 1 Length: 8 and 34 Growth: False and False
Iteration: 54 Try: 1 Length: 4 and 38 Growth: False and False
Iteration: 54 Try: 1 Length: 2 and 40 Growth: False and True
Iteration: 55 Try: 0 Length: 20 and 20 Growth: False and False
Iteration: 55 Try: 0 Length: 16 and 24 Growth: False and False
Iteration: 55 Try: 0 Length: 8 and 32 Growth: False and False
Iteration: 55 Try: 0 Length: 4 and 36 Growth: False and False
Iteration: 55 Try: 0 Length: 2 and 38 Growth: False and False
Iteration: 55 Try: 0 Length: 1 and 39 Growth: False and True
Iteration: 56 Try: 0 Length: 20 and 19 Growth: False and False
Iteration: 56 Try: 0 Length: 15 and 24 Growth: False and False
Iteration: 56 Try: 0 Length: 7 and 32 Growth: False and False
Iteration: 56 Try: 0 Length: 3 and 36 Growth: False and False
Iteration: 56 Try: 0 Length: 1 and 38 Growth: False and False
Iteration: 57 Try: 1 Length: 20 and 19 Growth: False and False
Iteration: 57 Try: 1 Length: 15 and 24 Growth: False and False
Iteration: 57 Try: 1 Length: 7 and 32 Growth: False and True
Iteration: 58 Try: 0 Length: 16 and 16 Growth: False and False
Iteration: 58 Try: 0 Length: 12 and 20 Growth: False and False
Iteration: 58 Try: 0 Length: 6 and 26 Growth: False and False
Iteration: 58 Try: 0 Length: 3 and 29 Growth: False and True
Iteration: 59 Try: 0 Length: 15 and 14 Growth: False and False
Iteration: 59 Try: 0 Length: 11 and 18 Growth: False and False
Iteration: 59 Try: 0 Length: 5 and 24 Growth: False and False
Iteration: 59 Try: 0 Length: 2 and 27 Growth: False and False
Iteration: 59 Try: 0 Length: 1 and 28 Growth: False and True
Iteration: 60 Try: 0 Length: 14 and 14 Growth: False and False
Iteration: 60 Try: 0 Length: 11 and 17 Growth: False and False
Iteration: 60 Try: 0 Length: 5 and 23 Growth: False and False
Iteration: 60 Try: 0 Length: 2 and 26 Growth: False and False
Iteration: 60 Try: 0 Length: 1 and 27 Growth: False and False
Iteration: 61 Try: 1 Length: 14 and 14 Growth: False and False
Iteration: 61 Try: 1 Length: 11 and 17 Growth: False and False
Iteration: 61 Try: 1 Length: 5 and 23 Growth: False and False
Iteration: 61 Try: 1 Length: 2 and 26 Growth: False and True
Iteration: 62 Try: 0 Length: 13 and 13 Growth: False and False
Iteration: 62 Try: 0 Length: 10 and 16 Growth: False and False
Iteration: 62 Try: 0 Length: 5 and 21 Growth: False and False
Iteration: 62 Try: 0 Length: 2 and 24 Growth: False and True
Iteration: 63 Try: 0 Length: 12 and 12 Growth: False and False
Iteration: 63 Try: 0 Length: 9 and 15 Growth: False and False
Iteration: 63 Try: 0 Length: 4 and 20 Growth: False and False
Iteration: 63 Try: 0 Length: 2 and 22 Growth: False and False
Iteration: 63 Try: 0 Length: 1 and 23 Growth: False and False
Iteration: 64 Try: 1 Length: 12 and 12 Growth: False and False
Iteration: 64 Try: 1 Length: 9 and 15 Growth: False and False
Iteration: 64 Try: 1 Length: 4 and 20 Growth: False and False
Iteration: 64 Try: 1 Length: 2 and 22 Growth: False and False
Iteration: 64 Try: 1 Length: 1 and 23 Growth: False and False
Iteration: 65 Try: 2 Length: 12 and 12 Growth: False and False
Iteration: 65 Try: 2 Length: 9 and 15 Growth: False and False
Iteration: 65 Try: 2 Length: 4 and 20 Growth: False and True
Iteration: 66 Try: 0 Length: 10 and 10 Growth: False and False
Iteration: 66 Try: 0 Length: 8 and 12 Growth: False and False
Iteration: 66 Try: 0 Length: 4 and 16 Growth: False and False
Iteration: 66 Try: 0 Length: 2 and 18 Growth: False and False
Iteration: 66 Try: 0 Length: 1 and 19 Growth: False and True
Iteration: 67 Try: 0 Length: 10 and 9 Growth: False and False
Iteration: 67 Try: 0 Length: 7 and 12 Growth: False and False
Iteration: 67 Try: 0 Length: 3 and 16 Growth: False and False
Iteration: 67 Try: 0 Length: 1 and 18 Growth: False and False
Iteration: 68 Try: 1 Length: 10 and 9 Growth: False and False
Iteration: 68 Try: 1 Length: 7 and 12 Growth: False and False
Iteration: 68 Try: 1 Length: 3 and 16 Growth: False and False
Iteration: 68 Try: 1 Length: 1 and 18 Growth: False and False
Iteration: 69 Try: 2 Length: 10 and 9 Growth: False and False
Iteration: 69 Try: 2 Length: 7 and 12 Growth: False and False
Iteration: 69 Try: 2 Length: 3 and 16 Growth: False and False
Iteration: 69 Try: 2 Length: 1 and 18 Growth: False and True
Iteration: 70 Try: 0 Length: 9 and 9 Growth: False and False
Iteration: 70 Try: 0 Length: 7 and 11 Growth: False and False
Iteration: 70 Try: 0 Length: 3 and 15 Growth: False and False
Iteration: 70 Try: 0 Length: 1 and 17 Growth: False and False
Iteration: 71 Try: 1 Length: 9 and 9 Growth: False and False
Iteration: 71 Try: 1 Length: 7 and 11 Growth: False and False
Iteration: 71 Try: 1 Length: 3 and 15 Growth: False and False
Iteration: 71 Try: 1 Length: 1 and 17 Growth: False and True
Iteration: 72 Try: 0 Length: 9 and 8 Growth: False and False
Iteration: 72 Try: 0 Length: 6 and 11 Growth: False and False
Iteration: 72 Try: 0 Length: 3 and 14 Growth: False and False
Iteration: 72 Try: 0 Length: 1 and 16 Growth: False and True
Iteration: 73 Try: 0 Length: 8 and 8 Growth: False and False
Iteration: 73 Try: 0 Length: 6 and 10 Growth: False and False
Iteration: 73 Try: 0 Length: 3 and 13 Growth: False and False
Iteration: 73 Try: 0 Length: 1 and 15 Growth: False and False
Iteration: 74 Try: 1 Length: 8 and 8 Growth: False and False
Iteration: 74 Try: 1 Length: 6 and 10 Growth: False and False
Iteration: 74 Try: 1 Length: 3 and 13 Growth: False and False
Iteration: 74 Try: 1 Length: 1 and 15 Growth: False and False
Iteration: 75 Try: 2 Length: 8 and 8 Growth: False and False
Iteration: 75 Try: 2 Length: 6 and 10 Growth: False and False
Iteration: 75 Try: 2 Length: 3 and 13 Growth: False and False
Iteration: 75 Try: 2 Length: 1 and 15 Growth: False and True
Iteration: 76 Try: 0 Length: 8 and 7 Growth: False and False
Iteration: 76 Try: 0 Length: 6 and 9 Growth: False and False
Iteration: 76 Try: 0 Length: 3 and 12 Growth: False and False
Iteration: 76 Try: 0 Length: 1 and 14 Growth: False and False
Iteration: 77 Try: 1 Length: 8 and 7 Growth: False and False
Iteration: 77 Try: 1 Length: 6 and 9 Growth: False and False
Iteration: 77 Try: 1 Length: 3 and 12 Growth: False and True
Iteration: 78 Try: 0 Length: 6 and 6 Growth: False and False
Iteration: 78 Try: 0 Length: 4 and 8 Growth: False and False
Iteration: 78 Try: 0 Length: 2 and 10 Growth: False and True
Iteration: 79 Try: 0 Length: 5 and 5 Growth: False and False
Iteration: 79 Try: 0 Length: 4 and 6 Growth: False and False
Iteration: 79 Try: 0 Length: 2 and 8 Growth: False and False
Iteration: 79 Try: 0 Length: 1 and 9 Growth: False and False
Iteration: 80 Try: 1 Length: 5 and 5 Growth: False and False
Iteration: 80 Try: 1 Length: 4 and 6 Growth: False and False
Iteration: 80 Try: 1 Length: 2 and 8 Growth: False and False
Iteration: 80 Try: 1 Length: 1 and 9 Growth: False and False
Iteration: 81 Try: 2 Length: 5 and 5 Growth: False and False
Iteration: 81 Try: 2 Length: 4 and 6 Growth: False and False
Iteration: 81 Try: 2 Length: 2 and 8 Growth: False and False
Iteration: 81 Try: 2 Length: 1 and 9 Growth: False and True
Iteration: 82 Try: 0 Length: 5 and 4 Growth: False and False
Iteration: 82 Try: 0 Length: 3 and 6 Growth: False and False
Iteration: 82 Try: 0 Length: 1 and 8 Growth: False and False
Iteration: 83 Try: 1 Length: 5 and 4 Growth: False and False
Iteration: 83 Try: 1 Length: 3 and 6 Growth: False and False
Iteration: 83 Try: 1 Length: 1 and 8 Growth: False and True
Iteration: 84 Try: 0 Length: 4 and 4 Growth: False and False
Iteration: 84 Try: 0 Length: 3 and 5 Growth: False and False
Iteration: 84 Try: 0 Length: 1 and 7 Growth: False and False
Iteration: 85 Try: 1 Length: 4 and 4 Growth: False and False
Iteration: 85 Try: 1 Length: 3 and 5 Growth: False and False
Iteration: 85 Try: 1 Length: 1 and 7 Growth: False and False
Iteration: 86 Try: 2 Length: 4 and 4 Growth: False and False
Iteration: 86 Try: 2 Length: 3 and 5 Growth: False and False
Iteration: 86 Try: 2 Length: 1 and 7 Growth: False and False
Iteration: 87 Try: 3 Length: 4 and 4 Growth: False and False
Iteration: 87 Try: 3 Length: 3 and 5 Growth: False and False
Iteration: 87 Try: 3 Length: 1 and 7 Growth: False and False
Iteration: 88 Try: 4 Length: 4 and 4 Growth: False and False
Iteration: 88 Try: 4 Length: 3 and 5 Growth: False and False
Iteration: 88 Try: 4 Length: 1 and 7 Growth: False and False
Iteration: 89 Try: 5 Length: 4 and 4 Growth: False and False
Iteration: 89 Try: 5 Length: 3 and 5 Growth: False and False
Iteration: 89 Try: 5 Length: 1 and 7 Growth: False and False
There are 8 reactions remaining: set(['rxn10887', 'rxn16383', 'rxn13990', 'rxn02474', 'rxn36827', 'rxn32174', 'rxn01637', 'rxn00802'])
Testing suggestions from subsystems
Successfully limited the reactions by compound and reduced  from 338 to 315
At the beginning the base list has 1292  and the optional list has 315 reactions
Iteration: 1 Try: 0 Length: 158 and 157 Growth: False and False
Iteration: 1 Try: 0 Length: 126 and 189 Growth: False and False
Iteration: 1 Try: 0 Length: 63 and 252 Growth: False and False
Iteration: 1 Try: 0 Length: 31 and 284 Growth: False and False
Iteration: 1 Try: 0 Length: 15 and 300 Growth: False and False
Iteration: 1 Try: 0 Length: 7 and 308 Growth: False and False
Iteration: 1 Try: 0 Length: 3 and 312 Growth: False and True
Iteration: 2 Try: 0 Length: 156 and 156 Growth: False and False
Iteration: 2 Try: 0 Length: 124 and 188 Growth: False and False
Iteration: 2 Try: 0 Length: 62 and 250 Growth: False and False
Iteration: 2 Try: 0 Length: 31 and 281 Growth: False and False
Iteration: 2 Try: 0 Length: 15 and 297 Growth: False and False
Iteration: 2 Try: 0 Length: 7 and 305 Growth: False and False
Iteration: 2 Try: 0 Length: 3 and 309 Growth: False and True
Iteration: 3 Try: 0 Length: 155 and 154 Growth: False and False
Iteration: 3 Try: 0 Length: 123 and 186 Growth: False and False
Iteration: 3 Try: 0 Length: 61 and 248 Growth: False and False
Iteration: 3 Try: 0 Length: 30 and 279 Growth: False and False
Iteration: 3 Try: 0 Length: 15 and 294 Growth: False and False
Iteration: 3 Try: 0 Length: 7 and 302 Growth: False and False
Iteration: 3 Try: 0 Length: 3 and 306 Growth: False and False
Iteration: 3 Try: 0 Length: 1 and 308 Growth: False and False
Iteration: 4 Try: 1 Length: 155 and 154 Growth: False and False
Iteration: 4 Try: 1 Length: 123 and 186 Growth: False and False
Iteration: 4 Try: 1 Length: 61 and 248 Growth: False and False
Iteration: 4 Try: 1 Length: 30 and 279 Growth: False and False
Iteration: 4 Try: 1 Length: 15 and 294 Growth: False and False
Iteration: 4 Try: 1 Length: 7 and 302 Growth: False and True
Iteration: 5 Try: 0 Length: 151 and 151 Growth: False and False
Iteration: 5 Try: 0 Length: 120 and 182 Growth: False and False
Iteration: 5 Try: 0 Length: 60 and 242 Growth: False and False
Iteration: 5 Try: 0 Length: 30 and 272 Growth: False and False
Iteration: 5 Try: 0 Length: 15 and 287 Growth: False and False
Iteration: 5 Try: 0 Length: 7 and 295 Growth: False and False
Iteration: 5 Try: 0 Length: 3 and 299 Growth: False and False
Iteration: 5 Try: 0 Length: 1 and 301 Growth: False and False
Iteration: 6 Try: 1 Length: 151 and 151 Growth: False and False
Iteration: 6 Try: 1 Length: 120 and 182 Growth: False and False
Iteration: 6 Try: 1 Length: 60 and 242 Growth: False and False
Iteration: 6 Try: 1 Length: 30 and 272 Growth: False and False
Iteration: 6 Try: 1 Length: 15 and 287 Growth: False and False
Iteration: 6 Try: 1 Length: 7 and 295 Growth: False and True
Iteration: 7 Try: 0 Length: 148 and 147 Growth: False and False
Iteration: 7 Try: 0 Length: 118 and 177 Growth: False and False
Iteration: 7 Try: 0 Length: 59 and 236 Growth: False and False
Iteration: 7 Try: 0 Length: 29 and 266 Growth: False and False
Iteration: 7 Try: 0 Length: 14 and 281 Growth: False and False
Iteration: 7 Try: 0 Length: 7 and 288 Growth: False and False
Iteration: 7 Try: 0 Length: 3 and 292 Growth: False and True
Iteration: 8 Try: 0 Length: 146 and 146 Growth: False and False
Iteration: 8 Try: 0 Length: 116 and 176 Growth: False and False
Iteration: 8 Try: 0 Length: 58 and 234 Growth: False and False
Iteration: 8 Try: 0 Length: 29 and 263 Growth: False and False
Iteration: 8 Try: 0 Length: 14 and 278 Growth: False and False
Iteration: 8 Try: 0 Length: 7 and 285 Growth: False and False
Iteration: 8 Try: 0 Length: 3 and 289 Growth: False and True
Iteration: 9 Try: 0 Length: 145 and 144 Growth: False and False
Iteration: 9 Try: 0 Length: 115 and 174 Growth: False and False
Iteration: 9 Try: 0 Length: 57 and 232 Growth: False and False
Iteration: 9 Try: 0 Length: 28 and 261 Growth: False and False
Iteration: 9 Try: 0 Length: 14 and 275 Growth: False and False
Iteration: 9 Try: 0 Length: 7 and 282 Growth: False and False
Iteration: 9 Try: 0 Length: 3 and 286 Growth: False and False
Iteration: 9 Try: 0 Length: 1 and 288 Growth: False and False
Iteration: 10 Try: 1 Length: 145 and 144 Growth: False and False
Iteration: 10 Try: 1 Length: 115 and 174 Growth: False and False
Iteration: 10 Try: 1 Length: 57 and 232 Growth: False and False
Iteration: 10 Try: 1 Length: 28 and 261 Growth: False and True
Iteration: 11 Try: 0 Length: 131 and 130 Growth: False and False
Iteration: 11 Try: 0 Length: 104 and 157 Growth: False and False
Iteration: 11 Try: 0 Length: 52 and 209 Growth: False and False
Iteration: 11 Try: 0 Length: 26 and 235 Growth: False and False
Iteration: 11 Try: 0 Length: 13 and 248 Growth: False and True
Iteration: 12 Try: 0 Length: 124 and 124 Growth: False and False
Iteration: 12 Try: 0 Length: 99 and 149 Growth: False and False
Iteration: 12 Try: 0 Length: 49 and 199 Growth: False and False
Iteration: 12 Try: 0 Length: 24 and 224 Growth: False and False
Iteration: 12 Try: 0 Length: 12 and 236 Growth: False and False
Iteration: 12 Try: 0 Length: 6 and 242 Growth: False and True
Iteration: 13 Try: 0 Length: 121 and 121 Growth: False and False
Iteration: 13 Try: 0 Length: 96 and 146 Growth: False and False
Iteration: 13 Try: 0 Length: 48 and 194 Growth: False and False
Iteration: 13 Try: 0 Length: 24 and 218 Growth: False and False
Iteration: 13 Try: 0 Length: 12 and 230 Growth: False and False
Iteration: 13 Try: 0 Length: 6 and 236 Growth: False and False
Iteration: 13 Try: 0 Length: 3 and 239 Growth: False and True
Iteration: 14 Try: 0 Length: 120 and 119 Growth: False and False
Iteration: 14 Try: 0 Length: 95 and 144 Growth: False and False
Iteration: 14 Try: 0 Length: 47 and 192 Growth: False and False
Iteration: 14 Try: 0 Length: 23 and 216 Growth: False and False
Iteration: 14 Try: 0 Length: 11 and 228 Growth: False and False
Iteration: 14 Try: 0 Length: 5 and 234 Growth: False and False
Iteration: 14 Try: 0 Length: 2 and 237 Growth: False and False
Iteration: 14 Try: 0 Length: 1 and 238 Growth: False and True
Iteration: 15 Try: 0 Length: 119 and 119 Growth: False and False
Iteration: 15 Try: 0 Length: 95 and 143 Growth: False and False
Iteration: 15 Try: 0 Length: 47 and 191 Growth: False and False
Iteration: 15 Try: 0 Length: 23 and 215 Growth: False and False
Iteration: 15 Try: 0 Length: 11 and 227 Growth: False and False
Iteration: 15 Try: 0 Length: 5 and 233 Growth: False and False
Iteration: 15 Try: 0 Length: 2 and 236 Growth: False and False
Iteration: 15 Try: 0 Length: 1 and 237 Growth: False and False
Iteration: 16 Try: 1 Length: 119 and 119 Growth: False and False
Iteration: 16 Try: 1 Length: 95 and 143 Growth: False and False
Iteration: 16 Try: 1 Length: 47 and 191 Growth: False and True
Iteration: 17 Try: 0 Length: 96 and 95 Growth: False and False
Iteration: 17 Try: 0 Length: 76 and 115 Growth: False and False
Iteration: 17 Try: 0 Length: 38 and 153 Growth: False and False
Iteration: 17 Try: 0 Length: 19 and 172 Growth: False and False
Iteration: 17 Try: 0 Length: 9 and 182 Growth: False and False
Iteration: 17 Try: 0 Length: 4 and 187 Growth: False and False
Iteration: 17 Try: 0 Length: 2 and 189 Growth: False and False
Iteration: 17 Try: 0 Length: 1 and 190 Growth: False and False
Iteration: 18 Try: 1 Length: 96 and 95 Growth: False and False
Iteration: 18 Try: 1 Length: 76 and 115 Growth: False and False
Iteration: 18 Try: 1 Length: 38 and 153 Growth: False and False
Iteration: 18 Try: 1 Length: 19 and 172 Growth: False and False
Iteration: 18 Try: 1 Length: 9 and 182 Growth: False and False
Iteration: 18 Try: 1 Length: 4 and 187 Growth: False and False
Iteration: 18 Try: 1 Length: 2 and 189 Growth: False and False
Iteration: 18 Try: 1 Length: 1 and 190 Growth: False and False
Iteration: 19 Try: 2 Length: 96 and 95 Growth: False and False
Iteration: 19 Try: 2 Length: 76 and 115 Growth: False and False
Iteration: 19 Try: 2 Length: 38 and 153 Growth: False and False
Iteration: 19 Try: 2 Length: 19 and 172 Growth: False and False
Iteration: 19 Try: 2 Length: 9 and 182 Growth: False and True
Iteration: 20 Try: 0 Length: 91 and 91 Growth: False and False
Iteration: 20 Try: 0 Length: 72 and 110 Growth: False and False
Iteration: 20 Try: 0 Length: 36 and 146 Growth: False and False
Iteration: 20 Try: 0 Length: 18 and 164 Growth: False and False
Iteration: 20 Try: 0 Length: 9 and 173 Growth: False and False
Iteration: 20 Try: 0 Length: 4 and 178 Growth: False and False
Iteration: 20 Try: 0 Length: 2 and 180 Growth: False and True
Iteration: 21 Try: 0 Length: 90 and 90 Growth: False and False
Iteration: 21 Try: 0 Length: 72 and 108 Growth: False and False
Iteration: 21 Try: 0 Length: 36 and 144 Growth: False and False
Iteration: 21 Try: 0 Length: 18 and 162 Growth: False and False
Iteration: 21 Try: 0 Length: 9 and 171 Growth: False and False
Iteration: 21 Try: 0 Length: 4 and 176 Growth: False and False
Iteration: 21 Try: 0 Length: 2 and 178 Growth: False and False
Iteration: 21 Try: 0 Length: 1 and 179 Growth: False and False
Iteration: 22 Try: 1 Length: 90 and 90 Growth: False and False
Iteration: 22 Try: 1 Length: 72 and 108 Growth: False and False
Iteration: 22 Try: 1 Length: 36 and 144 Growth: False and False
Iteration: 22 Try: 1 Length: 18 and 162 Growth: False and False
Iteration: 22 Try: 1 Length: 9 and 171 Growth: False and False
Iteration: 22 Try: 1 Length: 4 and 176 Growth: False and False
Iteration: 22 Try: 1 Length: 2 and 178 Growth: False and True
Iteration: 23 Try: 0 Length: 89 and 89 Growth: False and False
Iteration: 23 Try: 0 Length: 71 and 107 Growth: False and False
Iteration: 23 Try: 0 Length: 35 and 143 Growth: False and False
Iteration: 23 Try: 0 Length: 17 and 161 Growth: False and False
Iteration: 23 Try: 0 Length: 8 and 170 Growth: False and False
Iteration: 23 Try: 0 Length: 4 and 174 Growth: False and False
Iteration: 23 Try: 0 Length: 2 and 176 Growth: False and False
Iteration: 23 Try: 0 Length: 1 and 177 Growth: False and True
Iteration: 24 Try: 0 Length: 89 and 88 Growth: False and False
Iteration: 24 Try: 0 Length: 70 and 107 Growth: False and False
Iteration: 24 Try: 0 Length: 35 and 142 Growth: False and False
Iteration: 24 Try: 0 Length: 17 and 160 Growth: False and False
Iteration: 24 Try: 0 Length: 8 and 169 Growth: False and False
Iteration: 24 Try: 0 Length: 4 and 173 Growth: False and False
Iteration: 24 Try: 0 Length: 2 and 175 Growth: False and False
Iteration: 24 Try: 0 Length: 1 and 176 Growth: False and False
Iteration: 25 Try: 1 Length: 89 and 88 Growth: False and False
Iteration: 25 Try: 1 Length: 70 and 107 Growth: False and False
Iteration: 25 Try: 1 Length: 35 and 142 Growth: False and True
Iteration: 26 Try: 0 Length: 71 and 71 Growth: False and False
Iteration: 26 Try: 0 Length: 56 and 86 Growth: False and False
Iteration: 26 Try: 0 Length: 28 and 114 Growth: False and False
Iteration: 26 Try: 0 Length: 14 and 128 Growth: False and False
Iteration: 26 Try: 0 Length: 7 and 135 Growth: False and True
Iteration: 27 Try: 0 Length: 68 and 67 Growth: False and False
Iteration: 27 Try: 0 Length: 54 and 81 Growth: False and False
Iteration: 27 Try: 0 Length: 27 and 108 Growth: False and False
Iteration: 27 Try: 0 Length: 13 and 122 Growth: False and False
Iteration: 27 Try: 0 Length: 6 and 129 Growth: False and False
Iteration: 27 Try: 0 Length: 3 and 132 Growth: False and False
Iteration: 27 Try: 0 Length: 1 and 134 Growth: False and True
Iteration: 28 Try: 0 Length: 67 and 67 Growth: False and False
Iteration: 28 Try: 0 Length: 53 and 81 Growth: False and False
Iteration: 28 Try: 0 Length: 26 and 108 Growth: False and False
Iteration: 28 Try: 0 Length: 13 and 121 Growth: False and False
Iteration: 28 Try: 0 Length: 6 and 128 Growth: False and False
Iteration: 28 Try: 0 Length: 3 and 131 Growth: False and False
Iteration: 28 Try: 0 Length: 1 and 133 Growth: False and False
Iteration: 29 Try: 1 Length: 67 and 67 Growth: False and False
Iteration: 29 Try: 1 Length: 53 and 81 Growth: False and False
Iteration: 29 Try: 1 Length: 26 and 108 Growth: False and False
Iteration: 29 Try: 1 Length: 13 and 121 Growth: False and False
Iteration: 29 Try: 1 Length: 6 and 128 Growth: False and False
Iteration: 29 Try: 1 Length: 3 and 131 Growth: False and False
Iteration: 29 Try: 1 Length: 1 and 133 Growth: False and True
Iteration: 30 Try: 0 Length: 67 and 66 Growth: False and False
Iteration: 30 Try: 0 Length: 53 and 80 Growth: False and False
Iteration: 30 Try: 0 Length: 26 and 107 Growth: False and False
Iteration: 30 Try: 0 Length: 13 and 120 Growth: False and False
Iteration: 30 Try: 0 Length: 6 and 127 Growth: False and False
Iteration: 30 Try: 0 Length: 3 and 130 Growth: False and False
Iteration: 30 Try: 0 Length: 1 and 132 Growth: False and False
Iteration: 31 Try: 1 Length: 67 and 66 Growth: False and False
Iteration: 31 Try: 1 Length: 53 and 80 Growth: False and False
Iteration: 31 Try: 1 Length: 26 and 107 Growth: False and False
Iteration: 31 Try: 1 Length: 13 and 120 Growth: False and False
Iteration: 31 Try: 1 Length: 6 and 127 Growth: False and True
Iteration: 32 Try: 0 Length: 64 and 63 Growth: False and False
Iteration: 32 Try: 0 Length: 50 and 77 Growth: False and False
Iteration: 32 Try: 0 Length: 25 and 102 Growth: False and False
Iteration: 32 Try: 0 Length: 12 and 115 Growth: False and False
Iteration: 32 Try: 0 Length: 6 and 121 Growth: False and True
Iteration: 33 Try: 0 Length: 61 and 60 Growth: False and False
Iteration: 33 Try: 0 Length: 48 and 73 Growth: False and False
Iteration: 33 Try: 0 Length: 24 and 97 Growth: False and False
Iteration: 33 Try: 0 Length: 12 and 109 Growth: False and False
Iteration: 33 Try: 0 Length: 6 and 115 Growth: False and False
Iteration: 33 Try: 0 Length: 3 and 118 Growth: False and False
Iteration: 33 Try: 0 Length: 1 and 120 Growth: False and False
Iteration: 34 Try: 1 Length: 61 and 60 Growth: False and False
Iteration: 34 Try: 1 Length: 48 and 73 Growth: False and False
Iteration: 34 Try: 1 Length: 24 and 97 Growth: False and False
Iteration: 34 Try: 1 Length: 12 and 109 Growth: False and False
Iteration: 34 Try: 1 Length: 6 and 115 Growth: False and False
Iteration: 34 Try: 1 Length: 3 and 118 Growth: False and False
Iteration: 34 Try: 1 Length: 1 and 120 Growth: False and True
Iteration: 35 Try: 0 Length: 60 and 60 Growth: False and False
Iteration: 35 Try: 0 Length: 48 and 72 Growth: False and False
Iteration: 35 Try: 0 Length: 24 and 96 Growth: False and False
Iteration: 35 Try: 0 Length: 12 and 108 Growth: False and False
Iteration: 35 Try: 0 Length: 6 and 114 Growth: False and False
Iteration: 35 Try: 0 Length: 3 and 117 Growth: False and False
Iteration: 35 Try: 0 Length: 1 and 119 Growth: False and True
Iteration: 36 Try: 0 Length: 60 and 59 Growth: False and False
Iteration: 36 Try: 0 Length: 47 and 72 Growth: False and False
Iteration: 36 Try: 0 Length: 23 and 96 Growth: False and False
Iteration: 36 Try: 0 Length: 11 and 108 Growth: False and False
Iteration: 36 Try: 0 Length: 5 and 114 Growth: False and False
Iteration: 36 Try: 0 Length: 2 and 117 Growth: False and False
Iteration: 36 Try: 0 Length: 1 and 118 Growth: False and False
Iteration: 37 Try: 1 Length: 60 and 59 Growth: False and False
Iteration: 37 Try: 1 Length: 47 and 72 Growth: False and False
Iteration: 37 Try: 1 Length: 23 and 96 Growth: False and False
Iteration: 37 Try: 1 Length: 11 and 108 Growth: False and False
Iteration: 37 Try: 1 Length: 5 and 114 Growth: False and True
Iteration: 38 Try: 0 Length: 57 and 57 Growth: False and False
Iteration: 38 Try: 0 Length: 45 and 69 Growth: False and False
Iteration: 38 Try: 0 Length: 22 and 92 Growth: False and False
Iteration: 38 Try: 0 Length: 11 and 103 Growth: False and False
Iteration: 38 Try: 0 Length: 5 and 109 Growth: False and False
Iteration: 38 Try: 0 Length: 2 and 112 Growth: False and True
Iteration: 39 Try: 0 Length: 56 and 56 Growth: False and False
Iteration: 39 Try: 0 Length: 44 and 68 Growth: False and False
Iteration: 39 Try: 0 Length: 22 and 90 Growth: False and False
Iteration: 39 Try: 0 Length: 11 and 101 Growth: False and False
Iteration: 39 Try: 0 Length: 5 and 107 Growth: False and False
Iteration: 39 Try: 0 Length: 2 and 110 Growth: False and False
Iteration: 39 Try: 0 Length: 1 and 111 Growth: False and True
Iteration: 40 Try: 0 Length: 56 and 55 Growth: False and False
Iteration: 40 Try: 0 Length: 44 and 67 Growth: False and False
Iteration: 40 Try: 0 Length: 22 and 89 Growth: False and False
Iteration: 40 Try: 0 Length: 11 and 100 Growth: False and False
Iteration: 40 Try: 0 Length: 5 and 106 Growth: False and False
Iteration: 40 Try: 0 Length: 2 and 109 Growth: False and False
Iteration: 40 Try: 0 Length: 1 and 110 Growth: False and False
Iteration: 41 Try: 1 Length: 56 and 55 Growth: False and False
Iteration: 41 Try: 1 Length: 44 and 67 Growth: False and False
Iteration: 41 Try: 1 Length: 22 and 89 Growth: False and False
Iteration: 41 Try: 1 Length: 11 and 100 Growth: False and False
Iteration: 41 Try: 1 Length: 5 and 106 Growth: False and False
Iteration: 41 Try: 1 Length: 2 and 109 Growth: False and False
Iteration: 41 Try: 1 Length: 1 and 110 Growth: False and False
Iteration: 42 Try: 2 Length: 56 and 55 Growth: False and False
Iteration: 42 Try: 2 Length: 44 and 67 Growth: False and False
Iteration: 42 Try: 2 Length: 22 and 89 Growth: False and False
Iteration: 42 Try: 2 Length: 11 and 100 Growth: False and False
Iteration: 42 Try: 2 Length: 5 and 106 Growth: False and True
Iteration: 43 Try: 0 Length: 53 and 53 Growth: False and False
Iteration: 43 Try: 0 Length: 42 and 64 Growth: False and False
Iteration: 43 Try: 0 Length: 21 and 85 Growth: False and False
Iteration: 43 Try: 0 Length: 10 and 96 Growth: False and False
Iteration: 43 Try: 0 Length: 5 and 101 Growth: False and False
Iteration: 43 Try: 0 Length: 2 and 104 Growth: False and True
Iteration: 44 Try: 0 Length: 52 and 52 Growth: False and False
Iteration: 44 Try: 0 Length: 41 and 63 Growth: False and False
Iteration: 44 Try: 0 Length: 20 and 84 Growth: False and False
Iteration: 44 Try: 0 Length: 10 and 94 Growth: False and False
Iteration: 44 Try: 0 Length: 5 and 99 Growth: False and False
Iteration: 44 Try: 0 Length: 2 and 102 Growth: False and False
Iteration: 44 Try: 0 Length: 1 and 103 Growth: False and False
Iteration: 45 Try: 1 Length: 52 and 52 Growth: False and False
Iteration: 45 Try: 1 Length: 41 and 63 Growth: False and False
Iteration: 45 Try: 1 Length: 20 and 84 Growth: False and False
Iteration: 45 Try: 1 Length: 10 and 94 Growth: False and False
Iteration: 45 Try: 1 Length: 5 and 99 Growth: False and False
Iteration: 45 Try: 1 Length: 2 and 102 Growth: False and True
Iteration: 46 Try: 0 Length: 51 and 51 Growth: False and False
Iteration: 46 Try: 0 Length: 40 and 62 Growth: False and False
Iteration: 46 Try: 0 Length: 20 and 82 Growth: False and False
Iteration: 46 Try: 0 Length: 10 and 92 Growth: False and False
Iteration: 46 Try: 0 Length: 5 and 97 Growth: False and False
Iteration: 46 Try: 0 Length: 2 and 100 Growth: False and False
Iteration: 46 Try: 0 Length: 1 and 101 Growth: False and False
Iteration: 47 Try: 1 Length: 51 and 51 Growth: False and False
Iteration: 47 Try: 1 Length: 40 and 62 Growth: False and False
Iteration: 47 Try: 1 Length: 20 and 82 Growth: False and False
Iteration: 47 Try: 1 Length: 10 and 92 Growth: False and False
Iteration: 47 Try: 1 Length: 5 and 97 Growth: False and False
Iteration: 47 Try: 1 Length: 2 and 100 Growth: False and False
Iteration: 47 Try: 1 Length: 1 and 101 Growth: False and False
Iteration: 48 Try: 2 Length: 51 and 51 Growth: False and False
Iteration: 48 Try: 2 Length: 40 and 62 Growth: False and False
Iteration: 48 Try: 2 Length: 20 and 82 Growth: False and False
Iteration: 48 Try: 2 Length: 10 and 92 Growth: False and False
Iteration: 48 Try: 2 Length: 5 and 97 Growth: False and False
Iteration: 48 Try: 2 Length: 2 and 100 Growth: False and False
Iteration: 48 Try: 2 Length: 1 and 101 Growth: False and True
Iteration: 49 Try: 0 Length: 51 and 50 Growth: False and False
Iteration: 49 Try: 0 Length: 40 and 61 Growth: False and False
Iteration: 49 Try: 0 Length: 20 and 81 Growth: False and False
Iteration: 49 Try: 0 Length: 10 and 91 Growth: False and False
Iteration: 49 Try: 0 Length: 5 and 96 Growth: False and False
Iteration: 49 Try: 0 Length: 2 and 99 Growth: False and False
Iteration: 49 Try: 0 Length: 1 and 100 Growth: False and False
Iteration: 50 Try: 1 Length: 51 and 50 Growth: False and False
Iteration: 50 Try: 1 Length: 40 and 61 Growth: False and False
Iteration: 50 Try: 1 Length: 20 and 81 Growth: False and False
Iteration: 50 Try: 1 Length: 10 and 91 Growth: False and False
Iteration: 50 Try: 1 Length: 5 and 96 Growth: False and True
Iteration: 51 Try: 0 Length: 48 and 48 Growth: False and False
Iteration: 51 Try: 0 Length: 38 and 58 Growth: False and False
Iteration: 51 Try: 0 Length: 19 and 77 Growth: False and False
Iteration: 51 Try: 0 Length: 9 and 87 Growth: False and False
Iteration: 51 Try: 0 Length: 4 and 92 Growth: False and False
Iteration: 51 Try: 0 Length: 2 and 94 Growth: False and False
Iteration: 51 Try: 0 Length: 1 and 95 Growth: False and True
Iteration: 52 Try: 0 Length: 48 and 47 Growth: False and False
Iteration: 52 Try: 0 Length: 38 and 57 Growth: False and False
Iteration: 52 Try: 0 Length: 19 and 76 Growth: False and False
Iteration: 52 Try: 0 Length: 9 and 86 Growth: False and False
Iteration: 52 Try: 0 Length: 4 and 91 Growth: False and False
Iteration: 52 Try: 0 Length: 2 and 93 Growth: False and False
Iteration: 52 Try: 0 Length: 1 and 94 Growth: False and False
Iteration: 53 Try: 1 Length: 48 and 47 Growth: False and False
Iteration: 53 Try: 1 Length: 38 and 57 Growth: False and False
Iteration: 53 Try: 1 Length: 19 and 76 Growth: False and False
Iteration: 53 Try: 1 Length: 9 and 86 Growth: False and False
Iteration: 53 Try: 1 Length: 4 and 91 Growth: False and True
Iteration: 54 Try: 0 Length: 46 and 45 Growth: False and False
Iteration: 54 Try: 0 Length: 36 and 55 Growth: False and False
Iteration: 54 Try: 0 Length: 18 and 73 Growth: False and False
Iteration: 54 Try: 0 Length: 9 and 82 Growth: False and False
Iteration: 54 Try: 0 Length: 4 and 87 Growth: False and False
Iteration: 54 Try: 0 Length: 2 and 89 Growth: False and False
Iteration: 54 Try: 0 Length: 1 and 90 Growth: False and True
Iteration: 55 Try: 0 Length: 45 and 45 Growth: False and False
Iteration: 55 Try: 0 Length: 36 and 54 Growth: False and False
Iteration: 55 Try: 0 Length: 18 and 72 Growth: False and False
Iteration: 55 Try: 0 Length: 9 and 81 Growth: False and False
Iteration: 55 Try: 0 Length: 4 and 86 Growth: False and False
Iteration: 55 Try: 0 Length: 2 and 88 Growth: False and False
Iteration: 55 Try: 0 Length: 1 and 89 Growth: False and False
Iteration: 56 Try: 1 Length: 45 and 45 Growth: False and False
Iteration: 56 Try: 1 Length: 36 and 54 Growth: False and False
Iteration: 56 Try: 1 Length: 18 and 72 Growth: False and False
Iteration: 56 Try: 1 Length: 9 and 81 Growth: False and False
Iteration: 56 Try: 1 Length: 4 and 86 Growth: False and False
Iteration: 56 Try: 1 Length: 2 and 88 Growth: False and False
Iteration: 56 Try: 1 Length: 1 and 89 Growth: False and False
Iteration: 57 Try: 2 Length: 45 and 45 Growth: False and False
Iteration: 57 Try: 2 Length: 36 and 54 Growth: False and False
Iteration: 57 Try: 2 Length: 18 and 72 Growth: False and False
Iteration: 57 Try: 2 Length: 9 and 81 Growth: False and False
Iteration: 57 Try: 2 Length: 4 and 86 Growth: False and False
Iteration: 57 Try: 2 Length: 2 and 88 Growth: False and False
Iteration: 57 Try: 2 Length: 1 and 89 Growth: False and False
Iteration: 58 Try: 3 Length: 45 and 45 Growth: False and False
Iteration: 58 Try: 3 Length: 36 and 54 Growth: False and False
Iteration: 58 Try: 3 Length: 18 and 72 Growth: False and False
Iteration: 58 Try: 3 Length: 9 and 81 Growth: False and False
Iteration: 58 Try: 3 Length: 4 and 86 Growth: False and False
Iteration: 58 Try: 3 Length: 2 and 88 Growth: False and True
Iteration: 59 Try: 0 Length: 44 and 44 Growth: False and False
Iteration: 59 Try: 0 Length: 35 and 53 Growth: False and False
Iteration: 59 Try: 0 Length: 17 and 71 Growth: False and False
Iteration: 59 Try: 0 Length: 8 and 80 Growth: False and False
Iteration: 59 Try: 0 Length: 4 and 84 Growth: False and False
Iteration: 59 Try: 0 Length: 2 and 86 Growth: False and False
Iteration: 59 Try: 0 Length: 1 and 87 Growth: False and True
Iteration: 60 Try: 0 Length: 44 and 43 Growth: False and False
Iteration: 60 Try: 0 Length: 34 and 53 Growth: False and False
Iteration: 60 Try: 0 Length: 17 and 70 Growth: False and False
Iteration: 60 Try: 0 Length: 8 and 79 Growth: False and False
Iteration: 60 Try: 0 Length: 4 and 83 Growth: False and False
Iteration: 60 Try: 0 Length: 2 and 85 Growth: False and False
Iteration: 60 Try: 0 Length: 1 and 86 Growth: False and False
Iteration: 61 Try: 1 Length: 44 and 43 Growth: False and False
Iteration: 61 Try: 1 Length: 34 and 53 Growth: False and False
Iteration: 61 Try: 1 Length: 17 and 70 Growth: False and False
Iteration: 61 Try: 1 Length: 8 and 79 Growth: False and False
Iteration: 61 Try: 1 Length: 4 and 83 Growth: False and False
Iteration: 61 Try: 1 Length: 2 and 85 Growth: False and True
Iteration: 62 Try: 0 Length: 43 and 42 Growth: False and False
Iteration: 62 Try: 0 Length: 34 and 51 Growth: False and False
Iteration: 62 Try: 0 Length: 17 and 68 Growth: False and False
Iteration: 62 Try: 0 Length: 8 and 77 Growth: False and False
Iteration: 62 Try: 0 Length: 4 and 81 Growth: False and False
Iteration: 62 Try: 0 Length: 2 and 83 Growth: False and False
Iteration: 62 Try: 0 Length: 1 and 84 Growth: False and True
Iteration: 63 Try: 0 Length: 42 and 42 Growth: False and False
Iteration: 63 Try: 0 Length: 33 and 51 Growth: False and False
Iteration: 63 Try: 0 Length: 16 and 68 Growth: False and False
Iteration: 63 Try: 0 Length: 8 and 76 Growth: False and False
Iteration: 63 Try: 0 Length: 4 and 80 Growth: False and False
Iteration: 63 Try: 0 Length: 2 and 82 Growth: False and False
Iteration: 63 Try: 0 Length: 1 and 83 Growth: False and False
Iteration: 64 Try: 1 Length: 42 and 42 Growth: False and False
Iteration: 64 Try: 1 Length: 33 and 51 Growth: False and False
Iteration: 64 Try: 1 Length: 16 and 68 Growth: False and False
Iteration: 64 Try: 1 Length: 8 and 76 Growth: False and False
Iteration: 64 Try: 1 Length: 4 and 80 Growth: False and False
Iteration: 64 Try: 1 Length: 2 and 82 Growth: False and False
Iteration: 64 Try: 1 Length: 1 and 83 Growth: False and False
Iteration: 65 Try: 2 Length: 42 and 42 Growth: False and False
Iteration: 65 Try: 2 Length: 33 and 51 Growth: False and False
Iteration: 65 Try: 2 Length: 16 and 68 Growth: False and False
Iteration: 65 Try: 2 Length: 8 and 76 Growth: False and False
Iteration: 65 Try: 2 Length: 4 and 80 Growth: False and True
Iteration: 66 Try: 0 Length: 40 and 40 Growth: False and False
Iteration: 66 Try: 0 Length: 32 and 48 Growth: False and False
Iteration: 66 Try: 0 Length: 16 and 64 Growth: False and False
Iteration: 66 Try: 0 Length: 8 and 72 Growth: False and False
Iteration: 66 Try: 0 Length: 4 and 76 Growth: False and False
Iteration: 66 Try: 0 Length: 2 and 78 Growth: False and True
Iteration: 67 Try: 0 Length: 39 and 39 Growth: False and False
Iteration: 67 Try: 0 Length: 31 and 47 Growth: False and False
Iteration: 67 Try: 0 Length: 15 and 63 Growth: False and False
Iteration: 67 Try: 0 Length: 7 and 71 Growth: False and False
Iteration: 67 Try: 0 Length: 3 and 75 Growth: False and False
Iteration: 67 Try: 0 Length: 1 and 77 Growth: False and True
Iteration: 68 Try: 0 Length: 39 and 38 Growth: False and False
Iteration: 68 Try: 0 Length: 30 and 47 Growth: False and False
Iteration: 68 Try: 0 Length: 15 and 62 Growth: False and False
Iteration: 68 Try: 0 Length: 7 and 70 Growth: False and False
Iteration: 68 Try: 0 Length: 3 and 74 Growth: False and False
Iteration: 68 Try: 0 Length: 1 and 76 Growth: False and False
Iteration: 69 Try: 1 Length: 39 and 38 Growth: False and False
Iteration: 69 Try: 1 Length: 30 and 47 Growth: False and False
Iteration: 69 Try: 1 Length: 15 and 62 Growth: False and False
Iteration: 69 Try: 1 Length: 7 and 70 Growth: False and False
Iteration: 69 Try: 1 Length: 3 and 74 Growth: False and False
Iteration: 69 Try: 1 Length: 1 and 76 Growth: False and False
Iteration: 70 Try: 2 Length: 39 and 38 Growth: False and False
Iteration: 70 Try: 2 Length: 30 and 47 Growth: False and False
Iteration: 70 Try: 2 Length: 15 and 62 Growth: False and False
Iteration: 70 Try: 2 Length: 7 and 70 Growth: False and False
Iteration: 70 Try: 2 Length: 3 and 74 Growth: False and True
Iteration: 71 Try: 0 Length: 37 and 37 Growth: False and False
Iteration: 71 Try: 0 Length: 29 and 45 Growth: False and False
Iteration: 71 Try: 0 Length: 14 and 60 Growth: False and False
Iteration: 71 Try: 0 Length: 7 and 67 Growth: False and False
Iteration: 71 Try: 0 Length: 3 and 71 Growth: False and True
Iteration: 72 Try: 0 Length: 36 and 35 Growth: False and False
Iteration: 72 Try: 0 Length: 28 and 43 Growth: False and False
Iteration: 72 Try: 0 Length: 14 and 57 Growth: False and False
Iteration: 72 Try: 0 Length: 7 and 64 Growth: False and False
Iteration: 72 Try: 0 Length: 3 and 68 Growth: False and False
Iteration: 72 Try: 0 Length: 1 and 70 Growth: False and False
Iteration: 73 Try: 1 Length: 36 and 35 Growth: False and False
Iteration: 73 Try: 1 Length: 28 and 43 Growth: False and False
Iteration: 73 Try: 1 Length: 14 and 57 Growth: False and False
Iteration: 73 Try: 1 Length: 7 and 64 Growth: False and False
Iteration: 73 Try: 1 Length: 3 and 68 Growth: False and False
Iteration: 73 Try: 1 Length: 1 and 70 Growth: False and False
Iteration: 74 Try: 2 Length: 36 and 35 Growth: False and False
Iteration: 74 Try: 2 Length: 28 and 43 Growth: False and False
Iteration: 74 Try: 2 Length: 14 and 57 Growth: False and False
Iteration: 74 Try: 2 Length: 7 and 64 Growth: False and False
Iteration: 74 Try: 2 Length: 3 and 68 Growth: False and False
Iteration: 74 Try: 2 Length: 1 and 70 Growth: False and False
Iteration: 75 Try: 3 Length: 36 and 35 Growth: False and False
Iteration: 75 Try: 3 Length: 28 and 43 Growth: False and False
Iteration: 75 Try: 3 Length: 14 and 57 Growth: False and False
Iteration: 75 Try: 3 Length: 7 and 64 Growth: False and False
Iteration: 75 Try: 3 Length: 3 and 68 Growth: False and True
Iteration: 76 Try: 0 Length: 34 and 34 Growth: False and False
Iteration: 76 Try: 0 Length: 27 and 41 Growth: False and False
Iteration: 76 Try: 0 Length: 13 and 55 Growth: False and False
Iteration: 76 Try: 0 Length: 6 and 62 Growth: False and False
Iteration: 76 Try: 0 Length: 3 and 65 Growth: False and True
Iteration: 77 Try: 0 Length: 33 and 32 Growth: False and False
Iteration: 77 Try: 0 Length: 26 and 39 Growth: False and False
Iteration: 77 Try: 0 Length: 13 and 52 Growth: False and False
Iteration: 77 Try: 0 Length: 6 and 59 Growth: False and False
Iteration: 77 Try: 0 Length: 3 and 62 Growth: False and False
Iteration: 77 Try: 0 Length: 1 and 64 Growth: False and False
Iteration: 78 Try: 1 Length: 33 and 32 Growth: False and False
Iteration: 78 Try: 1 Length: 26 and 39 Growth: False and False
Iteration: 78 Try: 1 Length: 13 and 52 Growth: False and False
Iteration: 78 Try: 1 Length: 6 and 59 Growth: False and False
Iteration: 78 Try: 1 Length: 3 and 62 Growth: False and False
Iteration: 78 Try: 1 Length: 1 and 64 Growth: False and False
Iteration: 79 Try: 2 Length: 33 and 32 Growth: False and False
Iteration: 79 Try: 2 Length: 26 and 39 Growth: False and False
Iteration: 79 Try: 2 Length: 13 and 52 Growth: False and False
Iteration: 79 Try: 2 Length: 6 and 59 Growth: False and False
Iteration: 79 Try: 2 Length: 3 and 62 Growth: False and False
Iteration: 79 Try: 2 Length: 1 and 64 Growth: False and False
Iteration: 80 Try: 3 Length: 33 and 32 Growth: False and False
Iteration: 80 Try: 3 Length: 26 and 39 Growth: False and False
Iteration: 80 Try: 3 Length: 13 and 52 Growth: False and False
Iteration: 80 Try: 3 Length: 6 and 59 Growth: False and False
Iteration: 80 Try: 3 Length: 3 and 62 Growth: False and True
Iteration: 81 Try: 0 Length: 31 and 31 Growth: False and False
Iteration: 81 Try: 0 Length: 24 and 38 Growth: False and False
Iteration: 81 Try: 0 Length: 12 and 50 Growth: False and False
Iteration: 81 Try: 0 Length: 6 and 56 Growth: False and False
Iteration: 81 Try: 0 Length: 3 and 59 Growth: False and False
Iteration: 81 Try: 0 Length: 1 and 61 Growth: False and False
Iteration: 82 Try: 1 Length: 31 and 31 Growth: False and False
Iteration: 82 Try: 1 Length: 24 and 38 Growth: False and False
Iteration: 82 Try: 1 Length: 12 and 50 Growth: False and False
Iteration: 82 Try: 1 Length: 6 and 56 Growth: False and False
Iteration: 82 Try: 1 Length: 3 and 59 Growth: False and False
Iteration: 82 Try: 1 Length: 1 and 61 Growth: False and True
Iteration: 83 Try: 0 Length: 31 and 30 Growth: False and False
Iteration: 83 Try: 0 Length: 24 and 37 Growth: False and False
Iteration: 83 Try: 0 Length: 12 and 49 Growth: False and False
Iteration: 83 Try: 0 Length: 6 and 55 Growth: False and False
Iteration: 83 Try: 0 Length: 3 and 58 Growth: False and False
Iteration: 83 Try: 0 Length: 1 and 60 Growth: False and True
Iteration: 84 Try: 0 Length: 30 and 30 Growth: False and False
Iteration: 84 Try: 0 Length: 24 and 36 Growth: False and False
Iteration: 84 Try: 0 Length: 12 and 48 Growth: False and False
Iteration: 84 Try: 0 Length: 6 and 54 Growth: False and False
Iteration: 84 Try: 0 Length: 3 and 57 Growth: False and False
Iteration: 84 Try: 0 Length: 1 and 59 Growth: False and False
Iteration: 85 Try: 1 Length: 30 and 30 Growth: False and False
Iteration: 85 Try: 1 Length: 24 and 36 Growth: False and False
Iteration: 85 Try: 1 Length: 12 and 48 Growth: False and False
Iteration: 85 Try: 1 Length: 6 and 54 Growth: False and False
Iteration: 85 Try: 1 Length: 3 and 57 Growth: False and False
Iteration: 85 Try: 1 Length: 1 and 59 Growth: False and True
Iteration: 86 Try: 0 Length: 30 and 29 Growth: False and False
Iteration: 86 Try: 0 Length: 23 and 36 Growth: False and False
Iteration: 86 Try: 0 Length: 11 and 48 Growth: False and False
Iteration: 86 Try: 0 Length: 5 and 54 Growth: False and False
Iteration: 86 Try: 0 Length: 2 and 57 Growth: False and False
Iteration: 86 Try: 0 Length: 1 and 58 Growth: False and True
Iteration: 87 Try: 0 Length: 29 and 29 Growth: False and False
Iteration: 87 Try: 0 Length: 23 and 35 Growth: False and False
Iteration: 87 Try: 0 Length: 11 and 47 Growth: False and False
Iteration: 87 Try: 0 Length: 5 and 53 Growth: False and False
Iteration: 87 Try: 0 Length: 2 and 56 Growth: False and False
Iteration: 87 Try: 0 Length: 1 and 57 Growth: False and False
Iteration: 88 Try: 1 Length: 29 and 29 Growth: False and False
Iteration: 88 Try: 1 Length: 23 and 35 Growth: False and False
Iteration: 88 Try: 1 Length: 11 and 47 Growth: False and False
Iteration: 88 Try: 1 Length: 5 and 53 Growth: False and True
Iteration: 89 Try: 0 Length: 27 and 26 Growth: False and False
Iteration: 89 Try: 0 Length: 21 and 32 Growth: False and False
Iteration: 89 Try: 0 Length: 10 and 43 Growth: False and False
Iteration: 89 Try: 0 Length: 5 and 48 Growth: False and False
Iteration: 89 Try: 0 Length: 2 and 51 Growth: False and False
Iteration: 89 Try: 0 Length: 1 and 52 Growth: False and True
Iteration: 90 Try: 0 Length: 26 and 26 Growth: False and False
Iteration: 90 Try: 0 Length: 20 and 32 Growth: False and False
Iteration: 90 Try: 0 Length: 10 and 42 Growth: False and False
Iteration: 90 Try: 0 Length: 5 and 47 Growth: False and False
Iteration: 90 Try: 0 Length: 2 and 50 Growth: False and False
Iteration: 90 Try: 0 Length: 1 and 51 Growth: False and False
Iteration: 91 Try: 1 Length: 26 and 26 Growth: False and False
Iteration: 91 Try: 1 Length: 20 and 32 Growth: False and False
Iteration: 91 Try: 1 Length: 10 and 42 Growth: False and False
Iteration: 91 Try: 1 Length: 5 and 47 Growth: False and False
Iteration: 91 Try: 1 Length: 2 and 50 Growth: False and True
Iteration: 92 Try: 0 Length: 25 and 25 Growth: False and False
Iteration: 92 Try: 0 Length: 20 and 30 Growth: False and False
Iteration: 92 Try: 0 Length: 10 and 40 Growth: False and False
Iteration: 92 Try: 0 Length: 5 and 45 Growth: False and False
Iteration: 92 Try: 0 Length: 2 and 48 Growth: False and False
Iteration: 92 Try: 0 Length: 1 and 49 Growth: False and True
Iteration: 93 Try: 0 Length: 25 and 24 Growth: False and False
Iteration: 93 Try: 0 Length: 19 and 30 Growth: False and False
Iteration: 93 Try: 0 Length: 9 and 40 Growth: False and False
Iteration: 93 Try: 0 Length: 4 and 45 Growth: False and False
Iteration: 93 Try: 0 Length: 2 and 47 Growth: False and False
Iteration: 93 Try: 0 Length: 1 and 48 Growth: False and False
Iteration: 94 Try: 1 Length: 25 and 24 Growth: False and False
Iteration: 94 Try: 1 Length: 19 and 30 Growth: False and False
Iteration: 94 Try: 1 Length: 9 and 40 Growth: False and False
Iteration: 94 Try: 1 Length: 4 and 45 Growth: False and False
Iteration: 94 Try: 1 Length: 2 and 47 Growth: False and False
Iteration: 94 Try: 1 Length: 1 and 48 Growth: False and False
Iteration: 95 Try: 2 Length: 25 and 24 Growth: False and False
Iteration: 95 Try: 2 Length: 19 and 30 Growth: False and False
Iteration: 95 Try: 2 Length: 9 and 40 Growth: False and False
Iteration: 95 Try: 2 Length: 4 and 45 Growth: False and False
Iteration: 95 Try: 2 Length: 2 and 47 Growth: False and True
Iteration: 96 Try: 0 Length: 24 and 23 Growth: False and False
Iteration: 96 Try: 0 Length: 18 and 29 Growth: False and False
Iteration: 96 Try: 0 Length: 9 and 38 Growth: False and False
Iteration: 96 Try: 0 Length: 4 and 43 Growth: False and False
Iteration: 96 Try: 0 Length: 2 and 45 Growth: False and False
Iteration: 96 Try: 0 Length: 1 and 46 Growth: False and False
Iteration: 97 Try: 1 Length: 24 and 23 Growth: False and False
Iteration: 97 Try: 1 Length: 18 and 29 Growth: False and False
Iteration: 97 Try: 1 Length: 9 and 38 Growth: False and False
Iteration: 97 Try: 1 Length: 4 and 43 Growth: False and False
Iteration: 97 Try: 1 Length: 2 and 45 Growth: False and False
Iteration: 97 Try: 1 Length: 1 and 46 Growth: False and False
Iteration: 98 Try: 2 Length: 24 and 23 Growth: False and False
Iteration: 98 Try: 2 Length: 18 and 29 Growth: False and False
Iteration: 98 Try: 2 Length: 9 and 38 Growth: False and False
Iteration: 98 Try: 2 Length: 4 and 43 Growth: False and False
Iteration: 98 Try: 2 Length: 2 and 45 Growth: False and False
Iteration: 98 Try: 2 Length: 1 and 46 Growth: False and True
Iteration: 99 Try: 0 Length: 23 and 23 Growth: False and False
Iteration: 99 Try: 0 Length: 18 and 28 Growth: False and False
Iteration: 99 Try: 0 Length: 9 and 37 Growth: False and False
Iteration: 99 Try: 0 Length: 4 and 42 Growth: False and False
Iteration: 99 Try: 0 Length: 2 and 44 Growth: False and False
Iteration: 99 Try: 0 Length: 1 and 45 Growth: False and False
Iteration: 100 Try: 1 Length: 23 and 23 Growth: False and False
Iteration: 100 Try: 1 Length: 18 and 28 Growth: False and False
Iteration: 100 Try: 1 Length: 9 and 37 Growth: False and False
Iteration: 100 Try: 1 Length: 4 and 42 Growth: False and False
Iteration: 100 Try: 1 Length: 2 and 44 Growth: False and False
Iteration: 100 Try: 1 Length: 1 and 45 Growth: False and True
Iteration: 101 Try: 0 Length: 23 and 22 Growth: False and False
Iteration: 101 Try: 0 Length: 18 and 27 Growth: False and False
Iteration: 101 Try: 0 Length: 9 and 36 Growth: False and False
Iteration: 101 Try: 0 Length: 4 and 41 Growth: False and False
Iteration: 101 Try: 0 Length: 2 and 43 Growth: False and False
Iteration: 101 Try: 0 Length: 1 and 44 Growth: False and False
Iteration: 102 Try: 1 Length: 23 and 22 Growth: False and False
Iteration: 102 Try: 1 Length: 18 and 27 Growth: False and False
Iteration: 102 Try: 1 Length: 9 and 36 Growth: False and False
Iteration: 102 Try: 1 Length: 4 and 41 Growth: False and False
Iteration: 102 Try: 1 Length: 2 and 43 Growth: False and False
Iteration: 102 Try: 1 Length: 1 and 44 Growth: False and False
Iteration: 103 Try: 2 Length: 23 and 22 Growth: False and False
Iteration: 103 Try: 2 Length: 18 and 27 Growth: False and False
Iteration: 103 Try: 2 Length: 9 and 36 Growth: False and False
Iteration: 103 Try: 2 Length: 4 and 41 Growth: False and False
Iteration: 103 Try: 2 Length: 2 and 43 Growth: False and False
Iteration: 103 Try: 2 Length: 1 and 44 Growth: False and False
Iteration: 104 Try: 3 Length: 23 and 22 Growth: False and False
Iteration: 104 Try: 3 Length: 18 and 27 Growth: False and False
Iteration: 104 Try: 3 Length: 9 and 36 Growth: False and False
Iteration: 104 Try: 3 Length: 4 and 41 Growth: False and False
Iteration: 104 Try: 3 Length: 2 and 43 Growth: False and False
Iteration: 104 Try: 3 Length: 1 and 44 Growth: False and False
Iteration: 105 Try: 4 Length: 23 and 22 Growth: False and False
Iteration: 105 Try: 4 Length: 18 and 27 Growth: False and False
Iteration: 105 Try: 4 Length: 9 and 36 Growth: False and False
Iteration: 105 Try: 4 Length: 4 and 41 Growth: False and False
Iteration: 105 Try: 4 Length: 2 and 43 Growth: False and False
Iteration: 105 Try: 4 Length: 1 and 44 Growth: False and True
Iteration: 106 Try: 0 Length: 22 and 22 Growth: False and False
Iteration: 106 Try: 0 Length: 17 and 27 Growth: False and False
Iteration: 106 Try: 0 Length: 8 and 36 Growth: False and False
Iteration: 106 Try: 0 Length: 4 and 40 Growth: False and False
Iteration: 106 Try: 0 Length: 2 and 42 Growth: False and False
Iteration: 106 Try: 0 Length: 1 and 43 Growth: False and False
Iteration: 107 Try: 1 Length: 22 and 22 Growth: False and False
Iteration: 107 Try: 1 Length: 17 and 27 Growth: False and False
Iteration: 107 Try: 1 Length: 8 and 36 Growth: False and False
Iteration: 107 Try: 1 Length: 4 and 40 Growth: False and False
Iteration: 107 Try: 1 Length: 2 and 42 Growth: False and False
Iteration: 107 Try: 1 Length: 1 and 43 Growth: False and False
Iteration: 108 Try: 2 Length: 22 and 22 Growth: False and False
Iteration: 108 Try: 2 Length: 17 and 27 Growth: False and False
Iteration: 108 Try: 2 Length: 8 and 36 Growth: False and False
Iteration: 108 Try: 2 Length: 4 and 40 Growth: False and False
Iteration: 108 Try: 2 Length: 2 and 42 Growth: False and True
Iteration: 109 Try: 0 Length: 21 and 21 Growth: False and False
Iteration: 109 Try: 0 Length: 16 and 26 Growth: False and False
Iteration: 109 Try: 0 Length: 8 and 34 Growth: False and False
Iteration: 109 Try: 0 Length: 4 and 38 Growth: False and False
Iteration: 109 Try: 0 Length: 2 and 40 Growth: False and False
Iteration: 109 Try: 0 Length: 1 and 41 Growth: False and False
Iteration: 110 Try: 1 Length: 21 and 21 Growth: False and False
Iteration: 110 Try: 1 Length: 16 and 26 Growth: False and False
Iteration: 110 Try: 1 Length: 8 and 34 Growth: False and False
Iteration: 110 Try: 1 Length: 4 and 38 Growth: False and False
Iteration: 110 Try: 1 Length: 2 and 40 Growth: False and False
Iteration: 110 Try: 1 Length: 1 and 41 Growth: False and False
Iteration: 111 Try: 2 Length: 21 and 21 Growth: False and False
Iteration: 111 Try: 2 Length: 16 and 26 Growth: False and False
Iteration: 111 Try: 2 Length: 8 and 34 Growth: False and False
Iteration: 111 Try: 2 Length: 4 and 38 Growth: False and False
Iteration: 111 Try: 2 Length: 2 and 40 Growth: False and True
Iteration: 112 Try: 0 Length: 20 and 20 Growth: False and False
Iteration: 112 Try: 0 Length: 16 and 24 Growth: False and False
Iteration: 112 Try: 0 Length: 8 and 32 Growth: False and False
Iteration: 112 Try: 0 Length: 4 and 36 Growth: False and False
Iteration: 112 Try: 0 Length: 2 and 38 Growth: False and False
Iteration: 112 Try: 0 Length: 1 and 39 Growth: False and False
Iteration: 113 Try: 1 Length: 20 and 20 Growth: False and False
Iteration: 113 Try: 1 Length: 16 and 24 Growth: False and False
Iteration: 113 Try: 1 Length: 8 and 32 Growth: False and False
Iteration: 113 Try: 1 Length: 4 and 36 Growth: False and False
Iteration: 113 Try: 1 Length: 2 and 38 Growth: False and False
Iteration: 113 Try: 1 Length: 1 and 39 Growth: False and False
Iteration: 114 Try: 2 Length: 20 and 20 Growth: False and False
Iteration: 114 Try: 2 Length: 16 and 24 Growth: False and False
Iteration: 114 Try: 2 Length: 8 and 32 Growth: False and False
Iteration: 114 Try: 2 Length: 4 and 36 Growth: False and False
Iteration: 114 Try: 2 Length: 2 and 38 Growth: False and False
Iteration: 114 Try: 2 Length: 1 and 39 Growth: False and False
Iteration: 115 Try: 3 Length: 20 and 20 Growth: False and False
Iteration: 115 Try: 3 Length: 16 and 24 Growth: False and False
Iteration: 115 Try: 3 Length: 8 and 32 Growth: False and False
Iteration: 115 Try: 3 Length: 4 and 36 Growth: False and False
Iteration: 115 Try: 3 Length: 2 and 38 Growth: False and False
Iteration: 115 Try: 3 Length: 1 and 39 Growth: False and False
Iteration: 116 Try: 4 Length: 20 and 20 Growth: False and False
Iteration: 116 Try: 4 Length: 16 and 24 Growth: False and False
Iteration: 116 Try: 4 Length: 8 and 32 Growth: False and False
Iteration: 116 Try: 4 Length: 4 and 36 Growth: False and False
Iteration: 116 Try: 4 Length: 2 and 38 Growth: False and False
Iteration: 116 Try: 4 Length: 1 and 39 Growth: False and False
Iteration: 117 Try: 5 Length: 20 and 20 Growth: False and False
Iteration: 117 Try: 5 Length: 16 and 24 Growth: False and False
Iteration: 117 Try: 5 Length: 8 and 32 Growth: False and False
Iteration: 117 Try: 5 Length: 4 and 36 Growth: False and False
Iteration: 117 Try: 5 Length: 2 and 38 Growth: False and True
Iteration: 118 Try: 0 Length: 19 and 19 Growth: False and False
Iteration: 118 Try: 0 Length: 15 and 23 Growth: False and False
Iteration: 118 Try: 0 Length: 7 and 31 Growth: False and False
Iteration: 118 Try: 0 Length: 3 and 35 Growth: False and False
Iteration: 118 Try: 0 Length: 1 and 37 Growth: False and True
Iteration: 119 Try: 0 Length: 19 and 18 Growth: False and False
Iteration: 119 Try: 0 Length: 14 and 23 Growth: False and False
Iteration: 119 Try: 0 Length: 7 and 30 Growth: False and False
Iteration: 119 Try: 0 Length: 3 and 34 Growth: False and False
Iteration: 119 Try: 0 Length: 1 and 36 Growth: False and False
Iteration: 120 Try: 1 Length: 19 and 18 Growth: False and False
Iteration: 120 Try: 1 Length: 14 and 23 Growth: False and False
Iteration: 120 Try: 1 Length: 7 and 30 Growth: False and False
Iteration: 120 Try: 1 Length: 3 and 34 Growth: False and False
Iteration: 120 Try: 1 Length: 1 and 36 Growth: False and True
Iteration: 121 Try: 0 Length: 18 and 18 Growth: False and False
Iteration: 121 Try: 0 Length: 14 and 22 Growth: False and False
Iteration: 121 Try: 0 Length: 7 and 29 Growth: False and False
Iteration: 121 Try: 0 Length: 3 and 33 Growth: False and False
Iteration: 121 Try: 0 Length: 1 and 35 Growth: False and True
Iteration: 122 Try: 0 Length: 18 and 17 Growth: False and False
Iteration: 122 Try: 0 Length: 14 and 21 Growth: False and False
Iteration: 122 Try: 0 Length: 7 and 28 Growth: False and False
Iteration: 122 Try: 0 Length: 3 and 32 Growth: False and False
Iteration: 122 Try: 0 Length: 1 and 34 Growth: False and False
Iteration: 123 Try: 1 Length: 18 and 17 Growth: False and False
Iteration: 123 Try: 1 Length: 14 and 21 Growth: False and False
Iteration: 123 Try: 1 Length: 7 and 28 Growth: False and False
Iteration: 123 Try: 1 Length: 3 and 32 Growth: False and True
Iteration: 124 Try: 0 Length: 16 and 16 Growth: False and False
Iteration: 124 Try: 0 Length: 12 and 20 Growth: False and False
Iteration: 124 Try: 0 Length: 6 and 26 Growth: False and False
Iteration: 124 Try: 0 Length: 3 and 29 Growth: False and False
Iteration: 124 Try: 0 Length: 1 and 31 Growth: False and False
Iteration: 125 Try: 1 Length: 16 and 16 Growth: False and False
Iteration: 125 Try: 1 Length: 12 and 20 Growth: False and False
Iteration: 125 Try: 1 Length: 6 and 26 Growth: False and False
Iteration: 125 Try: 1 Length: 3 and 29 Growth: False and False
Iteration: 125 Try: 1 Length: 1 and 31 Growth: False and False
Iteration: 126 Try: 2 Length: 16 and 16 Growth: False and False
Iteration: 126 Try: 2 Length: 12 and 20 Growth: False and False
Iteration: 126 Try: 2 Length: 6 and 26 Growth: False and False
Iteration: 126 Try: 2 Length: 3 and 29 Growth: False and False
Iteration: 126 Try: 2 Length: 1 and 31 Growth: False and False
Iteration: 127 Try: 3 Length: 16 and 16 Growth: False and False
Iteration: 127 Try: 3 Length: 12 and 20 Growth: False and False
Iteration: 127 Try: 3 Length: 6 and 26 Growth: False and False
Iteration: 127 Try: 3 Length: 3 and 29 Growth: False and False
Iteration: 127 Try: 3 Length: 1 and 31 Growth: False and False
Iteration: 128 Try: 4 Length: 16 and 16 Growth: False and False
Iteration: 128 Try: 4 Length: 12 and 20 Growth: False and False
Iteration: 128 Try: 4 Length: 6 and 26 Growth: False and False
Iteration: 128 Try: 4 Length: 3 and 29 Growth: False and False
Iteration: 128 Try: 4 Length: 1 and 31 Growth: False and False
Iteration: 129 Try: 5 Length: 16 and 16 Growth: False and False
Iteration: 129 Try: 5 Length: 12 and 20 Growth: False and False
Iteration: 129 Try: 5 Length: 6 and 26 Growth: False and False
Iteration: 129 Try: 5 Length: 3 and 29 Growth: False and False
Iteration: 129 Try: 5 Length: 1 and 31 Growth: False and True
Iteration: 130 Try: 0 Length: 16 and 15 Growth: False and False
Iteration: 130 Try: 0 Length: 12 and 19 Growth: False and False
Iteration: 130 Try: 0 Length: 6 and 25 Growth: False and False
Iteration: 130 Try: 0 Length: 3 and 28 Growth: False and False
Iteration: 130 Try: 0 Length: 1 and 30 Growth: False and False
Iteration: 131 Try: 1 Length: 16 and 15 Growth: False and False
Iteration: 131 Try: 1 Length: 12 and 19 Growth: False and False
Iteration: 131 Try: 1 Length: 6 and 25 Growth: False and False
Iteration: 131 Try: 1 Length: 3 and 28 Growth: False and False
Iteration: 131 Try: 1 Length: 1 and 30 Growth: False and False
Iteration: 132 Try: 2 Length: 16 and 15 Growth: False and False
Iteration: 132 Try: 2 Length: 12 and 19 Growth: False and False
Iteration: 132 Try: 2 Length: 6 and 25 Growth: False and False
Iteration: 132 Try: 2 Length: 3 and 28 Growth: False and False
Iteration: 132 Try: 2 Length: 1 and 30 Growth: False and True
Iteration: 133 Try: 0 Length: 15 and 15 Growth: False and False
Iteration: 133 Try: 0 Length: 12 and 18 Growth: False and False
Iteration: 133 Try: 0 Length: 6 and 24 Growth: False and False
Iteration: 133 Try: 0 Length: 3 and 27 Growth: False and False
Iteration: 133 Try: 0 Length: 1 and 29 Growth: False and False
Iteration: 134 Try: 1 Length: 15 and 15 Growth: False and False
Iteration: 134 Try: 1 Length: 12 and 18 Growth: False and False
Iteration: 134 Try: 1 Length: 6 and 24 Growth: False and False
Iteration: 134 Try: 1 Length: 3 and 27 Growth: False and False
Iteration: 134 Try: 1 Length: 1 and 29 Growth: False and True
Iteration: 135 Try: 0 Length: 15 and 14 Growth: False and False
Iteration: 135 Try: 0 Length: 11 and 18 Growth: False and False
Iteration: 135 Try: 0 Length: 5 and 24 Growth: False and False
Iteration: 135 Try: 0 Length: 2 and 27 Growth: False and False
Iteration: 135 Try: 0 Length: 1 and 28 Growth: False and True
Iteration: 136 Try: 0 Length: 14 and 14 Growth: False and False
Iteration: 136 Try: 0 Length: 11 and 17 Growth: False and False
Iteration: 136 Try: 0 Length: 5 and 23 Growth: False and False
Iteration: 136 Try: 0 Length: 2 and 26 Growth: False and False
Iteration: 136 Try: 0 Length: 1 and 27 Growth: False and False
Iteration: 137 Try: 1 Length: 14 and 14 Growth: False and False
Iteration: 137 Try: 1 Length: 11 and 17 Growth: False and False
Iteration: 137 Try: 1 Length: 5 and 23 Growth: False and False
Iteration: 137 Try: 1 Length: 2 and 26 Growth: False and False
Iteration: 137 Try: 1 Length: 1 and 27 Growth: False and False
Iteration: 138 Try: 2 Length: 14 and 14 Growth: False and False
Iteration: 138 Try: 2 Length: 11 and 17 Growth: False and False
Iteration: 138 Try: 2 Length: 5 and 23 Growth: False and False
Iteration: 138 Try: 2 Length: 2 and 26 Growth: False and True
Iteration: 139 Try: 0 Length: 13 and 13 Growth: False and False
Iteration: 139 Try: 0 Length: 10 and 16 Growth: False and False
Iteration: 139 Try: 0 Length: 5 and 21 Growth: False and False
Iteration: 139 Try: 0 Length: 2 and 24 Growth: False and False
Iteration: 139 Try: 0 Length: 1 and 25 Growth: False and False
Iteration: 140 Try: 1 Length: 13 and 13 Growth: False and False
Iteration: 140 Try: 1 Length: 10 and 16 Growth: False and False
Iteration: 140 Try: 1 Length: 5 and 21 Growth: False and False
Iteration: 140 Try: 1 Length: 2 and 24 Growth: False and False
Iteration: 140 Try: 1 Length: 1 and 25 Growth: False and False
Iteration: 141 Try: 2 Length: 13 and 13 Growth: False and False
Iteration: 141 Try: 2 Length: 10 and 16 Growth: False and False
Iteration: 141 Try: 2 Length: 5 and 21 Growth: False and False
Iteration: 141 Try: 2 Length: 2 and 24 Growth: False and False
Iteration: 141 Try: 2 Length: 1 and 25 Growth: False and False
Iteration: 142 Try: 3 Length: 13 and 13 Growth: False and False
Iteration: 142 Try: 3 Length: 10 and 16 Growth: False and False
Iteration: 142 Try: 3 Length: 5 and 21 Growth: False and False
Iteration: 142 Try: 3 Length: 2 and 24 Growth: False and False
Iteration: 142 Try: 3 Length: 1 and 25 Growth: False and False
Iteration: 143 Try: 4 Length: 13 and 13 Growth: False and False
Iteration: 143 Try: 4 Length: 10 and 16 Growth: False and False
Iteration: 143 Try: 4 Length: 5 and 21 Growth: False and False
Iteration: 143 Try: 4 Length: 2 and 24 Growth: False and False
Iteration: 143 Try: 4 Length: 1 and 25 Growth: False and False
Iteration: 144 Try: 5 Length: 13 and 13 Growth: False and False
Iteration: 144 Try: 5 Length: 10 and 16 Growth: False and False
Iteration: 144 Try: 5 Length: 5 and 21 Growth: False and False
Iteration: 144 Try: 5 Length: 2 and 24 Growth: False and False
Iteration: 144 Try: 5 Length: 1 and 25 Growth: False and False
There are 26 reactions remaining: set(['rxn03137', 'rxn02160', 'rxn12512', 'rxn01213', 'rxn01477', 'rxn02473', 'rxn00122', 'rxn01256', 'rxn02341', 'rxn03638', 'rxn00346', 'rxn03884', 'rxn01021', 'rxn05176', 'rxn01466', 'rxn02507', 'rxn00293', 'rxn01268', 'rxn28082', 'rxn00832', 'rxn03087', 'rxn01972', 'rxn08392', 'rxn06799', 'rxn02835', 'rxn02834'])
Testing suggestions from media
At the beginning the base list has 1258  and the optional list has 60 reactions
Iteration: 1 Try: 0 Length: 30 and 30 Growth: True and False
Iteration: 2 Try: 0 Length: 15 and 15 Growth: True and False
Iteration: 3 Try: 0 Length: 8 and 7 Growth: False and False
Iteration: 3 Try: 0 Length: 6 and 9 Growth: False and False
Iteration: 3 Try: 0 Length: 3 and 12 Growth: False and True
Iteration: 4 Try: 0 Length: 6 and 6 Growth: False and False
Iteration: 4 Try: 0 Length: 4 and 8 Growth: False and False
Iteration: 4 Try: 0 Length: 2 and 10 Growth: False and False
Iteration: 4 Try: 0 Length: 1 and 11 Growth: False and False
Iteration: 5 Try: 1 Length: 6 and 6 Growth: False and False
Iteration: 5 Try: 1 Length: 4 and 8 Growth: False and False
Iteration: 5 Try: 1 Length: 2 and 10 Growth: False and True
Iteration: 6 Try: 0 Length: 5 and 5 Growth: False and False
Iteration: 6 Try: 0 Length: 4 and 6 Growth: False and False
Iteration: 6 Try: 0 Length: 2 and 8 Growth: False and False
Iteration: 6 Try: 0 Length: 1 and 9 Growth: False and False
Iteration: 7 Try: 1 Length: 5 and 5 Growth: False and False
Iteration: 7 Try: 1 Length: 4 and 6 Growth: False and False
Iteration: 7 Try: 1 Length: 2 and 8 Growth: False and False
Iteration: 7 Try: 1 Length: 1 and 9 Growth: False and False
Iteration: 8 Try: 2 Length: 5 and 5 Growth: False and False
Iteration: 8 Try: 2 Length: 4 and 6 Growth: False and False
Iteration: 8 Try: 2 Length: 2 and 8 Growth: False and True
Iteration: 9 Try: 0 Length: 4 and 4 Growth: False and False
Iteration: 9 Try: 0 Length: 3 and 5 Growth: False and False
Iteration: 9 Try: 0 Length: 1 and 7 Growth: False and True
Iteration: 10 Try: 0 Length: 4 and 3 Growth: False and False
Iteration: 10 Try: 0 Length: 2 and 5 Growth: False and False
Iteration: 10 Try: 0 Length: 1 and 6 Growth: False and False
Iteration: 11 Try: 1 Length: 4 and 3 Growth: False and False
Iteration: 11 Try: 1 Length: 2 and 5 Growth: False and False
Iteration: 11 Try: 1 Length: 1 and 6 Growth: False and False
Iteration: 12 Try: 2 Length: 4 and 3 Growth: False and False
Iteration: 12 Try: 2 Length: 2 and 5 Growth: False and False
Iteration: 12 Try: 2 Length: 1 and 6 Growth: False and False
Iteration: 13 Try: 3 Length: 4 and 3 Growth: False and False
Iteration: 13 Try: 3 Length: 2 and 5 Growth: False and False
Iteration: 13 Try: 3 Length: 1 and 6 Growth: False and True
Iteration: 14 Try: 0 Length: 3 and 3 Growth: False and False
Iteration: 14 Try: 0 Length: 2 and 4 Growth: False and False
Iteration: 14 Try: 0 Length: 1 and 5 Growth: False and False
Iteration: 15 Try: 1 Length: 3 and 3 Growth: False and False
Iteration: 15 Try: 1 Length: 2 and 4 Growth: False and False
Iteration: 15 Try: 1 Length: 1 and 5 Growth: False and False
Iteration: 16 Try: 2 Length: 3 and 3 Growth: False and False
Iteration: 16 Try: 2 Length: 2 and 4 Growth: False and False
Iteration: 16 Try: 2 Length: 1 and 5 Growth: False and False
Iteration: 17 Try: 3 Length: 3 and 3 Growth: False and False
Iteration: 17 Try: 3 Length: 2 and 4 Growth: False and False
Iteration: 17 Try: 3 Length: 1 and 5 Growth: False and False
Iteration: 18 Try: 4 Length: 3 and 3 Growth: False and False
Iteration: 18 Try: 4 Length: 2 and 4 Growth: False and False
Iteration: 18 Try: 4 Length: 1 and 5 Growth: False and False
Iteration: 19 Try: 5 Length: 3 and 3 Growth: False and False
Iteration: 19 Try: 5 Length: 2 and 4 Growth: False and False
Iteration: 19 Try: 5 Length: 1 and 5 Growth: False and False
There are 6 reactions remaining: set(['rxn27349', 'rxn05694', 'rxn30590', 'rxn08946', 'rxn27615', 'rxn10448'])
Testing suggestions from essential
At the beginning the base list has 1227  and the optional list has 37 reactions
Iteration: 1 Try: 0 Length: 19 and 18 Growth: False and False
Iteration: 1 Try: 0 Length: 14 and 23 Growth: False and False
Iteration: 1 Try: 0 Length: 7 and 30 Growth: False and False
Iteration: 1 Try: 0 Length: 3 and 34 Growth: False and True
Iteration: 2 Try: 0 Length: 17 and 17 Growth: False and False
Iteration: 2 Try: 0 Length: 13 and 21 Growth: False and False
Iteration: 2 Try: 0 Length: 6 and 28 Growth: False and False
Iteration: 2 Try: 0 Length: 3 and 31 Growth: False and False
Iteration: 2 Try: 0 Length: 1 and 33 Growth: False and False
Iteration: 3 Try: 1 Length: 17 and 17 Growth: False and False
Iteration: 3 Try: 1 Length: 13 and 21 Growth: False and False
Iteration: 3 Try: 1 Length: 6 and 28 Growth: False and False
Iteration: 3 Try: 1 Length: 3 and 31 Growth: False and False
Iteration: 3 Try: 1 Length: 1 and 33 Growth: False and True
Iteration: 4 Try: 0 Length: 17 and 16 Growth: False and False
Iteration: 4 Try: 0 Length: 13 and 20 Growth: False and False
Iteration: 4 Try: 0 Length: 6 and 27 Growth: False and False
Iteration: 4 Try: 0 Length: 3 and 30 Growth: False and False
Iteration: 4 Try: 0 Length: 1 and 32 Growth: False and False
Iteration: 5 Try: 1 Length: 17 and 16 Growth: False and False
Iteration: 5 Try: 1 Length: 13 and 20 Growth: False and False
Iteration: 5 Try: 1 Length: 6 and 27 Growth: False and False
Iteration: 5 Try: 1 Length: 3 and 30 Growth: False and True
Iteration: 6 Try: 0 Length: 15 and 15 Growth: False and False
Iteration: 6 Try: 0 Length: 12 and 18 Growth: False and False
Iteration: 6 Try: 0 Length: 6 and 24 Growth: False and False
Iteration: 6 Try: 0 Length: 3 and 27 Growth: False and False
Iteration: 6 Try: 0 Length: 1 and 29 Growth: False and True
Iteration: 7 Try: 0 Length: 15 and 14 Growth: False and False
Iteration: 7 Try: 0 Length: 11 and 18 Growth: False and False
Iteration: 7 Try: 0 Length: 5 and 24 Growth: False and False
Iteration: 7 Try: 0 Length: 2 and 27 Growth: False and False
Iteration: 7 Try: 0 Length: 1 and 28 Growth: False and False
Iteration: 8 Try: 1 Length: 15 and 14 Growth: False and False
Iteration: 8 Try: 1 Length: 11 and 18 Growth: False and False
Iteration: 8 Try: 1 Length: 5 and 24 Growth: False and True
Iteration: 9 Try: 0 Length: 12 and 12 Growth: False and False
Iteration: 9 Try: 0 Length: 9 and 15 Growth: False and False
Iteration: 9 Try: 0 Length: 4 and 20 Growth: False and False
Iteration: 9 Try: 0 Length: 2 and 22 Growth: False and False
Iteration: 9 Try: 0 Length: 1 and 23 Growth: False and False
Iteration: 10 Try: 1 Length: 12 and 12 Growth: False and False
Iteration: 10 Try: 1 Length: 9 and 15 Growth: False and False
Iteration: 10 Try: 1 Length: 4 and 20 Growth: False and True
Iteration: 11 Try: 0 Length: 10 and 10 Growth: False and False
Iteration: 11 Try: 0 Length: 8 and 12 Growth: False and False
Iteration: 11 Try: 0 Length: 4 and 16 Growth: False and False
Iteration: 11 Try: 0 Length: 2 and 18 Growth: False and False
Iteration: 11 Try: 0 Length: 1 and 19 Growth: False and False
Iteration: 12 Try: 1 Length: 10 and 10 Growth: False and False
Iteration: 12 Try: 1 Length: 8 and 12 Growth: False and False
Iteration: 12 Try: 1 Length: 4 and 16 Growth: False and False
Iteration: 12 Try: 1 Length: 2 and 18 Growth: False and False
Iteration: 12 Try: 1 Length: 1 and 19 Growth: False and False
Iteration: 13 Try: 2 Length: 10 and 10 Growth: False and False
Iteration: 13 Try: 2 Length: 8 and 12 Growth: False and False
Iteration: 13 Try: 2 Length: 4 and 16 Growth: False and False
Iteration: 13 Try: 2 Length: 2 and 18 Growth: False and True
Iteration: 14 Try: 0 Length: 9 and 9 Growth: False and False
Iteration: 14 Try: 0 Length: 7 and 11 Growth: False and False
Iteration: 14 Try: 0 Length: 3 and 15 Growth: False and False
Iteration: 14 Try: 0 Length: 1 and 17 Growth: False and True
Iteration: 15 Try: 0 Length: 9 and 8 Growth: False and False
Iteration: 15 Try: 0 Length: 6 and 11 Growth: False and False
Iteration: 15 Try: 0 Length: 3 and 14 Growth: False and False
Iteration: 15 Try: 0 Length: 1 and 16 Growth: False and False
Iteration: 16 Try: 1 Length: 9 and 8 Growth: False and False
Iteration: 16 Try: 1 Length: 6 and 11 Growth: False and False
Iteration: 16 Try: 1 Length: 3 and 14 Growth: False and True
Iteration: 17 Try: 0 Length: 7 and 7 Growth: False and False
Iteration: 17 Try: 0 Length: 5 and 9 Growth: False and False
Iteration: 17 Try: 0 Length: 2 and 12 Growth: False and False
Iteration: 17 Try: 0 Length: 1 and 13 Growth: False and False
Iteration: 18 Try: 1 Length: 7 and 7 Growth: True and False
Iteration: 19 Try: 0 Length: 4 and 3 Growth: False and False
Iteration: 19 Try: 0 Length: 2 and 5 Growth: False and False
Iteration: 19 Try: 0 Length: 1 and 6 Growth: False and True
Iteration: 20 Try: 0 Length: 3 and 3 Growth: False and False
Iteration: 20 Try: 0 Length: 2 and 4 Growth: False and False
Iteration: 20 Try: 0 Length: 1 and 5 Growth: False and False
Iteration: 21 Try: 1 Length: 3 and 3 Growth: False and False
Iteration: 21 Try: 1 Length: 2 and 4 Growth: False and False
Iteration: 21 Try: 1 Length: 1 and 5 Growth: False and False
Iteration: 22 Try: 2 Length: 3 and 3 Growth: False and False
Iteration: 22 Try: 2 Length: 2 and 4 Growth: False and False
Iteration: 22 Try: 2 Length: 1 and 5 Growth: False and False
Iteration: 23 Try: 3 Length: 3 and 3 Growth: False and False
Iteration: 23 Try: 3 Length: 2 and 4 Growth: False and False
Iteration: 23 Try: 3 Length: 1 and 5 Growth: False and True
Iteration: 24 Try: 0 Length: 3 and 2 Growth: False and False
Iteration: 24 Try: 0 Length: 2 and 3 Growth: False and False
Iteration: 24 Try: 0 Length: 1 and 4 Growth: False and False
Iteration: 25 Try: 1 Length: 3 and 2 Growth: False and False
Iteration: 25 Try: 1 Length: 2 and 3 Growth: False and False
Iteration: 25 Try: 1 Length: 1 and 4 Growth: False and False
Iteration: 26 Try: 2 Length: 3 and 2 Growth: False and False
Iteration: 26 Try: 2 Length: 2 and 3 Growth: False and False
Iteration: 26 Try: 2 Length: 1 and 4 Growth: False and False
Iteration: 27 Try: 3 Length: 3 and 2 Growth: False and False
Iteration: 27 Try: 3 Length: 2 and 3 Growth: False and False
Iteration: 27 Try: 3 Length: 1 and 4 Growth: False and False
Iteration: 28 Try: 4 Length: 3 and 2 Growth: False and False
Iteration: 28 Try: 4 Length: 2 and 3 Growth: False and False
Iteration: 28 Try: 4 Length: 1 and 4 Growth: False and False
Iteration: 29 Try: 5 Length: 3 and 2 Growth: False and False
Iteration: 29 Try: 5 Length: 2 and 3 Growth: False and False
Iteration: 29 Try: 5 Length: 1 and 4 Growth: False and False
There are 5 reactions remaining: set(['rxn05195', 'rxn05116', 'rxn01208', 'rxn00392', 'rxn10473'])
