For the initial run we get growth of 0.0 which is False
After adding 37 ESSENTIAL reactions we get 0.0 (growth is False)

After adding 49 MEDIA reactions we get -2.26648849511e-14 (growth is False)

After adding 338 SUBSYSTEM reactions we get -6.85268376804e-12 (growth is False)

After adding 3412 ORPHAN reactions we get -3.51223687819e-12 (growth is False)

After adding 5 reactions in models/260581/6666666.127377.closest.genomes.roles we get 0.0 (growth is False)

There are 3284 compounds before assigning probabilities
Average score for reactions we are running:
Left: 0.998840355624
Right: 1.0
Using a cutoff of 0.998840355624
Proposing 3062 reactions
After adding 3062 PROBABILITY reactions we get 1000.0 (growth is True)

Testing suggestions from probability
Successfully limited the reactions by compound and reduced  from 3062 to 2994
At the beginning the base list has 5027  and the optional list has 2994 reactions
Iteration: 1 Try: 0 Length: 1497 and 1497 Growth: True and False
Iteration: 2 Try: 0 Length: 749 and 748 Growth: False and True
Iteration: 3 Try: 0 Length: 374 and 374 Growth: False and True
Iteration: 4 Try: 0 Length: 187 and 187 Growth: True and False
Iteration: 5 Try: 0 Length: 94 and 93 Growth: False and True
Iteration: 6 Try: 0 Length: 47 and 46 Growth: True and False
Iteration: 7 Try: 0 Length: 24 and 23 Growth: False and True
Iteration: 8 Try: 0 Length: 12 and 11 Growth: True and False
Iteration: 9 Try: 0 Length: 6 and 6 Growth: False and True
Iteration: 10 Try: 0 Length: 3 and 3 Growth: True and False
Iteration: 11 Try: 0 Length: 2 and 1 Growth: True and False
Iteration: 12 Try: 0 Length: 1 and 1 Growth: False and True
There are 1 reactions remaining: set(['rxn05039'])
Testing suggestions from close genomes 
The set of 'base' reactions results in growth so we don't need to bisect the optional set
Testing suggestions from orphans
Successfully limited the reactions by compound and reduced  from 3412 to 3406
At the beginning the base list has 1611  and the optional list has 3406 reactions
Iteration: 1 Try: 0 Length: 1703 and 1703 Growth: False and True
Iteration: 2 Try: 0 Length: 852 and 851 Growth: True and False
Iteration: 3 Try: 0 Length: 426 and 426 Growth: False and False
Iteration: 3 Try: 0 Length: 340 and 512 Growth: False and False
Iteration: 3 Try: 0 Length: 170 and 682 Growth: False and False
Iteration: 3 Try: 0 Length: 85 and 767 Growth: False and False
Iteration: 3 Try: 0 Length: 42 and 810 Growth: False and True
Iteration: 4 Try: 0 Length: 405 and 405 Growth: False and False
Iteration: 4 Try: 0 Length: 324 and 486 Growth: False and False
Iteration: 4 Try: 0 Length: 162 and 648 Growth: False and False
Iteration: 4 Try: 0 Length: 81 and 729 Growth: False and False
Iteration: 4 Try: 0 Length: 40 and 770 Growth: False and False
Iteration: 4 Try: 0 Length: 20 and 790 Growth: False and False
Iteration: 4 Try: 0 Length: 10 and 800 Growth: False and True
Iteration: 5 Try: 0 Length: 400 and 400 Growth: False and False
Iteration: 5 Try: 0 Length: 320 and 480 Growth: False and False
Iteration: 5 Try: 0 Length: 160 and 640 Growth: False and False
Iteration: 5 Try: 0 Length: 80 and 720 Growth: False and False
Iteration: 5 Try: 0 Length: 40 and 760 Growth: False and False
Iteration: 5 Try: 0 Length: 20 and 780 Growth: False and False
Iteration: 5 Try: 0 Length: 10 and 790 Growth: False and False
Iteration: 5 Try: 0 Length: 5 and 795 Growth: False and False
Iteration: 5 Try: 0 Length: 2 and 798 Growth: False and False
Iteration: 5 Try: 0 Length: 1 and 799 Growth: False and False
Iteration: 6 Try: 1 Length: 400 and 400 Growth: False and False
Iteration: 6 Try: 1 Length: 320 and 480 Growth: False and False
Iteration: 6 Try: 1 Length: 160 and 640 Growth: False and False
Iteration: 6 Try: 1 Length: 80 and 720 Growth: False and False
Iteration: 6 Try: 1 Length: 40 and 760 Growth: False and False
Iteration: 6 Try: 1 Length: 20 and 780 Growth: False and False
Iteration: 6 Try: 1 Length: 10 and 790 Growth: False and True
Iteration: 7 Try: 0 Length: 395 and 395 Growth: False and False
Iteration: 7 Try: 0 Length: 316 and 474 Growth: False and False
Iteration: 7 Try: 0 Length: 158 and 632 Growth: False and False
Iteration: 7 Try: 0 Length: 79 and 711 Growth: False and False
Iteration: 7 Try: 0 Length: 39 and 751 Growth: False and False
Iteration: 7 Try: 0 Length: 19 and 771 Growth: False and False
Iteration: 7 Try: 0 Length: 9 and 781 Growth: False and False
Iteration: 7 Try: 0 Length: 4 and 786 Growth: False and False
Iteration: 7 Try: 0 Length: 2 and 788 Growth: False and False
Iteration: 7 Try: 0 Length: 1 and 789 Growth: False and True
Iteration: 8 Try: 0 Length: 395 and 394 Growth: False and False
Iteration: 8 Try: 0 Length: 315 and 474 Growth: False and False
Iteration: 8 Try: 0 Length: 157 and 632 Growth: False and False
Iteration: 8 Try: 0 Length: 78 and 711 Growth: False and False
Iteration: 8 Try: 0 Length: 39 and 750 Growth: False and False
Iteration: 8 Try: 0 Length: 19 and 770 Growth: False and False
Iteration: 8 Try: 0 Length: 9 and 780 Growth: False and False
Iteration: 8 Try: 0 Length: 4 and 785 Growth: False and False
Iteration: 8 Try: 0 Length: 2 and 787 Growth: False and False
Iteration: 8 Try: 0 Length: 1 and 788 Growth: False and False
Iteration: 9 Try: 1 Length: 395 and 394 Growth: False and False
Iteration: 9 Try: 1 Length: 315 and 474 Growth: False and False
Iteration: 9 Try: 1 Length: 157 and 632 Growth: False and True
Iteration: 10 Try: 0 Length: 316 and 316 Growth: False and False
Iteration: 10 Try: 0 Length: 252 and 380 Growth: False and False
Iteration: 10 Try: 0 Length: 126 and 506 Growth: False and False
Iteration: 10 Try: 0 Length: 63 and 569 Growth: False and True
Iteration: 11 Try: 0 Length: 285 and 284 Growth: False and False
Iteration: 11 Try: 0 Length: 227 and 342 Growth: False and False
Iteration: 11 Try: 0 Length: 113 and 456 Growth: False and False
Iteration: 11 Try: 0 Length: 56 and 513 Growth: False and False
Iteration: 11 Try: 0 Length: 28 and 541 Growth: False and False
Iteration: 11 Try: 0 Length: 14 and 555 Growth: False and True
Iteration: 12 Try: 0 Length: 278 and 277 Growth: False and False
Iteration: 12 Try: 0 Length: 222 and 333 Growth: False and False
Iteration: 12 Try: 0 Length: 111 and 444 Growth: False and False
Iteration: 12 Try: 0 Length: 55 and 500 Growth: False and False
Iteration: 12 Try: 0 Length: 27 and 528 Growth: False and False
Iteration: 12 Try: 0 Length: 13 and 542 Growth: False and False
Iteration: 12 Try: 0 Length: 6 and 549 Growth: False and True
Iteration: 13 Try: 0 Length: 275 and 274 Growth: False and False
Iteration: 13 Try: 0 Length: 219 and 330 Growth: False and False
Iteration: 13 Try: 0 Length: 109 and 440 Growth: False and False
Iteration: 13 Try: 0 Length: 54 and 495 Growth: False and False
Iteration: 13 Try: 0 Length: 27 and 522 Growth: False and False
Iteration: 13 Try: 0 Length: 13 and 536 Growth: False and False
Iteration: 13 Try: 0 Length: 6 and 543 Growth: False and False
Iteration: 13 Try: 0 Length: 3 and 546 Growth: False and True
Iteration: 14 Try: 0 Length: 273 and 273 Growth: False and False
Iteration: 14 Try: 0 Length: 218 and 328 Growth: False and False
Iteration: 14 Try: 0 Length: 109 and 437 Growth: False and False
Iteration: 14 Try: 0 Length: 54 and 492 Growth: False and False
Iteration: 14 Try: 0 Length: 27 and 519 Growth: False and False
Iteration: 14 Try: 0 Length: 13 and 533 Growth: False and False
Iteration: 14 Try: 0 Length: 6 and 540 Growth: False and False
Iteration: 14 Try: 0 Length: 3 and 543 Growth: False and False
Iteration: 14 Try: 0 Length: 1 and 545 Growth: False and False
Iteration: 15 Try: 1 Length: 273 and 273 Growth: False and False
Iteration: 15 Try: 1 Length: 218 and 328 Growth: False and False
Iteration: 15 Try: 1 Length: 109 and 437 Growth: False and False
Iteration: 15 Try: 1 Length: 54 and 492 Growth: False and True
Iteration: 16 Try: 0 Length: 246 and 246 Growth: False and False
Iteration: 16 Try: 0 Length: 196 and 296 Growth: False and False
Iteration: 16 Try: 0 Length: 98 and 394 Growth: False and False
Iteration: 16 Try: 0 Length: 49 and 443 Growth: False and False
Iteration: 16 Try: 0 Length: 24 and 468 Growth: False and False
Iteration: 16 Try: 0 Length: 12 and 480 Growth: False and False
Iteration: 16 Try: 0 Length: 6 and 486 Growth: False and False
Iteration: 16 Try: 0 Length: 3 and 489 Growth: False and False
Iteration: 16 Try: 0 Length: 1 and 491 Growth: False and True
Iteration: 17 Try: 0 Length: 246 and 245 Growth: False and False
Iteration: 17 Try: 0 Length: 196 and 295 Growth: False and False
Iteration: 17 Try: 0 Length: 98 and 393 Growth: False and False
Iteration: 17 Try: 0 Length: 49 and 442 Growth: False and False
Iteration: 17 Try: 0 Length: 24 and 467 Growth: False and False
Iteration: 17 Try: 0 Length: 12 and 479 Growth: False and False
Iteration: 17 Try: 0 Length: 6 and 485 Growth: False and False
Iteration: 17 Try: 0 Length: 3 and 488 Growth: False and False
Iteration: 17 Try: 0 Length: 1 and 490 Growth: False and False
Iteration: 18 Try: 1 Length: 246 and 245 Growth: False and False
Iteration: 18 Try: 1 Length: 196 and 295 Growth: False and False
Iteration: 18 Try: 1 Length: 98 and 393 Growth: False and True
Iteration: 19 Try: 0 Length: 197 and 196 Growth: False and False
Iteration: 19 Try: 0 Length: 157 and 236 Growth: False and False
Iteration: 19 Try: 0 Length: 78 and 315 Growth: False and True
Iteration: 20 Try: 0 Length: 158 and 157 Growth: False and False
Iteration: 20 Try: 0 Length: 126 and 189 Growth: False and False
Iteration: 20 Try: 0 Length: 63 and 252 Growth: False and False
Iteration: 20 Try: 0 Length: 31 and 284 Growth: False and False
Iteration: 20 Try: 0 Length: 15 and 300 Growth: False and True
Iteration: 21 Try: 0 Length: 150 and 150 Growth: False and False
Iteration: 21 Try: 0 Length: 120 and 180 Growth: False and False
Iteration: 21 Try: 0 Length: 60 and 240 Growth: False and False
Iteration: 21 Try: 0 Length: 30 and 270 Growth: False and False
Iteration: 21 Try: 0 Length: 15 and 285 Growth: False and False
Iteration: 21 Try: 0 Length: 7 and 293 Growth: False and False
Iteration: 21 Try: 0 Length: 3 and 297 Growth: False and True
Iteration: 22 Try: 0 Length: 149 and 148 Growth: False and False
Iteration: 22 Try: 0 Length: 118 and 179 Growth: False and False
Iteration: 22 Try: 0 Length: 59 and 238 Growth: False and False
Iteration: 22 Try: 0 Length: 29 and 268 Growth: False and False
Iteration: 22 Try: 0 Length: 14 and 283 Growth: False and False
Iteration: 22 Try: 0 Length: 7 and 290 Growth: False and False
Iteration: 22 Try: 0 Length: 3 and 294 Growth: False and False
Iteration: 22 Try: 0 Length: 1 and 296 Growth: False and True
Iteration: 23 Try: 0 Length: 148 and 148 Growth: False and False
Iteration: 23 Try: 0 Length: 118 and 178 Growth: False and False
Iteration: 23 Try: 0 Length: 59 and 237 Growth: False and False
Iteration: 23 Try: 0 Length: 29 and 267 Growth: False and False
Iteration: 23 Try: 0 Length: 14 and 282 Growth: False and False
Iteration: 23 Try: 0 Length: 7 and 289 Growth: False and False
Iteration: 23 Try: 0 Length: 3 and 293 Growth: False and False
Iteration: 23 Try: 0 Length: 1 and 295 Growth: False and False
Iteration: 24 Try: 1 Length: 148 and 148 Growth: False and False
Iteration: 24 Try: 1 Length: 118 and 178 Growth: False and False
Iteration: 24 Try: 1 Length: 59 and 237 Growth: False and False
Iteration: 24 Try: 1 Length: 29 and 267 Growth: False and True
Iteration: 25 Try: 0 Length: 134 and 133 Growth: False and False
Iteration: 25 Try: 0 Length: 106 and 161 Growth: False and False
Iteration: 25 Try: 0 Length: 53 and 214 Growth: False and False
Iteration: 25 Try: 0 Length: 26 and 241 Growth: False and False
Iteration: 25 Try: 0 Length: 13 and 254 Growth: False and True
Iteration: 26 Try: 0 Length: 127 and 127 Growth: False and False
Iteration: 26 Try: 0 Length: 101 and 153 Growth: False and False
Iteration: 26 Try: 0 Length: 50 and 204 Growth: False and False
Iteration: 26 Try: 0 Length: 25 and 229 Growth: False and False
Iteration: 26 Try: 0 Length: 12 and 242 Growth: False and False
Iteration: 26 Try: 0 Length: 6 and 248 Growth: False and True
Iteration: 27 Try: 0 Length: 124 and 124 Growth: False and False
Iteration: 27 Try: 0 Length: 99 and 149 Growth: False and False
Iteration: 27 Try: 0 Length: 49 and 199 Growth: False and False
Iteration: 27 Try: 0 Length: 24 and 224 Growth: False and False
Iteration: 27 Try: 0 Length: 12 and 236 Growth: False and False
Iteration: 27 Try: 0 Length: 6 and 242 Growth: False and False
Iteration: 27 Try: 0 Length: 3 and 245 Growth: False and False
Iteration: 27 Try: 0 Length: 1 and 247 Growth: False and True
Iteration: 28 Try: 0 Length: 124 and 123 Growth: False and False
Iteration: 28 Try: 0 Length: 98 and 149 Growth: False and False
Iteration: 28 Try: 0 Length: 49 and 198 Growth: False and False
Iteration: 28 Try: 0 Length: 24 and 223 Growth: False and False
Iteration: 28 Try: 0 Length: 12 and 235 Growth: False and False
Iteration: 28 Try: 0 Length: 6 and 241 Growth: False and False
Iteration: 28 Try: 0 Length: 3 and 244 Growth: False and False
Iteration: 28 Try: 0 Length: 1 and 246 Growth: False and False
Iteration: 29 Try: 1 Length: 124 and 123 Growth: False and False
Iteration: 29 Try: 1 Length: 98 and 149 Growth: False and False
Iteration: 29 Try: 1 Length: 49 and 198 Growth: False and False
Iteration: 29 Try: 1 Length: 24 and 223 Growth: False and True
Iteration: 30 Try: 0 Length: 112 and 111 Growth: False and False
Iteration: 30 Try: 0 Length: 89 and 134 Growth: False and False
Iteration: 30 Try: 0 Length: 44 and 179 Growth: False and False
Iteration: 30 Try: 0 Length: 22 and 201 Growth: False and False
Iteration: 30 Try: 0 Length: 11 and 212 Growth: False and False
Iteration: 30 Try: 0 Length: 5 and 218 Growth: False and False
Iteration: 30 Try: 0 Length: 2 and 221 Growth: False and False
Iteration: 30 Try: 0 Length: 1 and 222 Growth: False and False
Iteration: 31 Try: 1 Length: 112 and 111 Growth: False and False
Iteration: 31 Try: 1 Length: 89 and 134 Growth: False and False
Iteration: 31 Try: 1 Length: 44 and 179 Growth: False and True
Iteration: 32 Try: 0 Length: 90 and 89 Growth: False and False
Iteration: 32 Try: 0 Length: 71 and 108 Growth: False and False
Iteration: 32 Try: 0 Length: 35 and 144 Growth: False and False
Iteration: 32 Try: 0 Length: 17 and 162 Growth: False and False
Iteration: 32 Try: 0 Length: 8 and 171 Growth: False and False
Iteration: 32 Try: 0 Length: 4 and 175 Growth: False and False
Iteration: 32 Try: 0 Length: 2 and 177 Growth: False and True
Iteration: 33 Try: 0 Length: 89 and 88 Growth: False and False
Iteration: 33 Try: 0 Length: 70 and 107 Growth: False and False
Iteration: 33 Try: 0 Length: 35 and 142 Growth: False and False
Iteration: 33 Try: 0 Length: 17 and 160 Growth: False and False
Iteration: 33 Try: 0 Length: 8 and 169 Growth: False and False
Iteration: 33 Try: 0 Length: 4 and 173 Growth: False and False
Iteration: 33 Try: 0 Length: 2 and 175 Growth: False and False
Iteration: 33 Try: 0 Length: 1 and 176 Growth: False and True
Iteration: 34 Try: 0 Length: 88 and 88 Growth: False and False
Iteration: 34 Try: 0 Length: 70 and 106 Growth: False and False
Iteration: 34 Try: 0 Length: 35 and 141 Growth: False and False
Iteration: 34 Try: 0 Length: 17 and 159 Growth: False and False
Iteration: 34 Try: 0 Length: 8 and 168 Growth: False and False
Iteration: 34 Try: 0 Length: 4 and 172 Growth: False and False
Iteration: 34 Try: 0 Length: 2 and 174 Growth: False and False
Iteration: 34 Try: 0 Length: 1 and 175 Growth: False and False
Iteration: 35 Try: 1 Length: 88 and 88 Growth: False and False
Iteration: 35 Try: 1 Length: 70 and 106 Growth: False and False
Iteration: 35 Try: 1 Length: 35 and 141 Growth: False and False
Iteration: 35 Try: 1 Length: 17 and 159 Growth: False and True
Iteration: 36 Try: 0 Length: 80 and 79 Growth: False and False
Iteration: 36 Try: 0 Length: 63 and 96 Growth: False and False
Iteration: 36 Try: 0 Length: 31 and 128 Growth: False and False
Iteration: 36 Try: 0 Length: 15 and 144 Growth: False and False
Iteration: 36 Try: 0 Length: 7 and 152 Growth: False and True
Iteration: 37 Try: 0 Length: 76 and 76 Growth: False and False
Iteration: 37 Try: 0 Length: 60 and 92 Growth: False and False
Iteration: 37 Try: 0 Length: 30 and 122 Growth: False and False
Iteration: 37 Try: 0 Length: 15 and 137 Growth: False and False
Iteration: 37 Try: 0 Length: 7 and 145 Growth: False and False
Iteration: 37 Try: 0 Length: 3 and 149 Growth: False and False
Iteration: 37 Try: 0 Length: 1 and 151 Growth: False and False
Iteration: 38 Try: 1 Length: 76 and 76 Growth: False and False
Iteration: 38 Try: 1 Length: 60 and 92 Growth: False and False
Iteration: 38 Try: 1 Length: 30 and 122 Growth: False and False
Iteration: 38 Try: 1 Length: 15 and 137 Growth: False and False
Iteration: 38 Try: 1 Length: 7 and 145 Growth: False and False
Iteration: 38 Try: 1 Length: 3 and 149 Growth: False and True
Iteration: 39 Try: 0 Length: 75 and 74 Growth: False and False
Iteration: 39 Try: 0 Length: 59 and 90 Growth: False and False
Iteration: 39 Try: 0 Length: 29 and 120 Growth: False and False
Iteration: 39 Try: 0 Length: 14 and 135 Growth: False and False
Iteration: 39 Try: 0 Length: 7 and 142 Growth: False and False
Iteration: 39 Try: 0 Length: 3 and 146 Growth: False and False
Iteration: 39 Try: 0 Length: 1 and 148 Growth: False and True
Iteration: 40 Try: 0 Length: 74 and 74 Growth: False and False
Iteration: 40 Try: 0 Length: 59 and 89 Growth: False and False
Iteration: 40 Try: 0 Length: 29 and 119 Growth: False and False
Iteration: 40 Try: 0 Length: 14 and 134 Growth: False and False
Iteration: 40 Try: 0 Length: 7 and 141 Growth: False and False
Iteration: 40 Try: 0 Length: 3 and 145 Growth: False and False
Iteration: 40 Try: 0 Length: 1 and 147 Growth: False and False
Iteration: 41 Try: 1 Length: 74 and 74 Growth: False and False
Iteration: 41 Try: 1 Length: 59 and 89 Growth: False and False
Iteration: 41 Try: 1 Length: 29 and 119 Growth: False and False
Iteration: 41 Try: 1 Length: 14 and 134 Growth: False and True
Iteration: 42 Try: 0 Length: 67 and 67 Growth: False and False
Iteration: 42 Try: 0 Length: 53 and 81 Growth: False and False
Iteration: 42 Try: 0 Length: 26 and 108 Growth: False and False
Iteration: 42 Try: 0 Length: 13 and 121 Growth: False and False
Iteration: 42 Try: 0 Length: 6 and 128 Growth: False and True
Iteration: 43 Try: 0 Length: 64 and 64 Growth: False and False
Iteration: 43 Try: 0 Length: 51 and 77 Growth: False and False
Iteration: 43 Try: 0 Length: 25 and 103 Growth: False and False
Iteration: 43 Try: 0 Length: 12 and 116 Growth: False and False
Iteration: 43 Try: 0 Length: 6 and 122 Growth: False and False
Iteration: 43 Try: 0 Length: 3 and 125 Growth: False and False
Iteration: 43 Try: 0 Length: 1 and 127 Growth: False and False
Iteration: 44 Try: 1 Length: 64 and 64 Growth: False and False
Iteration: 44 Try: 1 Length: 51 and 77 Growth: False and True
Iteration: 45 Try: 0 Length: 39 and 38 Growth: False and False
Iteration: 45 Try: 0 Length: 30 and 47 Growth: False and False
Iteration: 45 Try: 0 Length: 15 and 62 Growth: False and True
Iteration: 46 Try: 0 Length: 31 and 31 Growth: False and False
Iteration: 46 Try: 0 Length: 24 and 38 Growth: False and False
Iteration: 46 Try: 0 Length: 12 and 50 Growth: False and False
Iteration: 46 Try: 0 Length: 6 and 56 Growth: False and True
Iteration: 47 Try: 0 Length: 28 and 28 Growth: False and False
Iteration: 47 Try: 0 Length: 22 and 34 Growth: False and False
Iteration: 47 Try: 0 Length: 11 and 45 Growth: False and False
Iteration: 47 Try: 0 Length: 5 and 51 Growth: False and False
Iteration: 47 Try: 0 Length: 2 and 54 Growth: False and True
Iteration: 48 Try: 0 Length: 27 and 27 Growth: False and False
Iteration: 48 Try: 0 Length: 21 and 33 Growth: False and False
Iteration: 48 Try: 0 Length: 10 and 44 Growth: False and False
Iteration: 48 Try: 0 Length: 5 and 49 Growth: False and False
Iteration: 48 Try: 0 Length: 2 and 52 Growth: False and False
Iteration: 48 Try: 0 Length: 1 and 53 Growth: False and True
Iteration: 49 Try: 0 Length: 27 and 26 Growth: False and False
Iteration: 49 Try: 0 Length: 21 and 32 Growth: False and False
Iteration: 49 Try: 0 Length: 10 and 43 Growth: False and False
Iteration: 49 Try: 0 Length: 5 and 48 Growth: False and False
Iteration: 49 Try: 0 Length: 2 and 51 Growth: False and False
Iteration: 49 Try: 0 Length: 1 and 52 Growth: False and False
Iteration: 50 Try: 1 Length: 27 and 26 Growth: False and False
Iteration: 50 Try: 1 Length: 21 and 32 Growth: False and False
Iteration: 50 Try: 1 Length: 10 and 43 Growth: False and False
Iteration: 50 Try: 1 Length: 5 and 48 Growth: False and False
Iteration: 50 Try: 1 Length: 2 and 51 Growth: False and True
Iteration: 51 Try: 0 Length: 26 and 25 Growth: False and False
Iteration: 51 Try: 0 Length: 20 and 31 Growth: False and False
Iteration: 51 Try: 0 Length: 10 and 41 Growth: False and False
Iteration: 51 Try: 0 Length: 5 and 46 Growth: False and False
Iteration: 51 Try: 0 Length: 2 and 49 Growth: False and False
Iteration: 51 Try: 0 Length: 1 and 50 Growth: False and True
Iteration: 52 Try: 0 Length: 25 and 25 Growth: False and False
Iteration: 52 Try: 0 Length: 20 and 30 Growth: False and False
Iteration: 52 Try: 0 Length: 10 and 40 Growth: False and False
Iteration: 52 Try: 0 Length: 5 and 45 Growth: False and False
Iteration: 52 Try: 0 Length: 2 and 48 Growth: False and False
Iteration: 52 Try: 0 Length: 1 and 49 Growth: False and False
Iteration: 53 Try: 1 Length: 25 and 25 Growth: False and False
Iteration: 53 Try: 1 Length: 20 and 30 Growth: False and False
Iteration: 53 Try: 1 Length: 10 and 40 Growth: False and False
Iteration: 53 Try: 1 Length: 5 and 45 Growth: False and True
Iteration: 54 Try: 0 Length: 23 and 22 Growth: False and False
Iteration: 54 Try: 0 Length: 18 and 27 Growth: False and False
Iteration: 54 Try: 0 Length: 9 and 36 Growth: False and False
Iteration: 54 Try: 0 Length: 4 and 41 Growth: False and False
Iteration: 54 Try: 0 Length: 2 and 43 Growth: False and False
Iteration: 54 Try: 0 Length: 1 and 44 Growth: False and False
Iteration: 55 Try: 1 Length: 23 and 22 Growth: False and False
Iteration: 55 Try: 1 Length: 18 and 27 Growth: False and False
Iteration: 55 Try: 1 Length: 9 and 36 Growth: False and False
Iteration: 55 Try: 1 Length: 4 and 41 Growth: False and True
Iteration: 56 Try: 0 Length: 21 and 20 Growth: False and False
Iteration: 56 Try: 0 Length: 16 and 25 Growth: False and False
Iteration: 56 Try: 0 Length: 8 and 33 Growth: False and False
Iteration: 56 Try: 0 Length: 4 and 37 Growth: False and False
Iteration: 56 Try: 0 Length: 2 and 39 Growth: False and False
Iteration: 56 Try: 0 Length: 1 and 40 Growth: False and True
Iteration: 57 Try: 0 Length: 20 and 20 Growth: False and False
Iteration: 57 Try: 0 Length: 16 and 24 Growth: False and False
Iteration: 57 Try: 0 Length: 8 and 32 Growth: False and False
Iteration: 57 Try: 0 Length: 4 and 36 Growth: False and False
Iteration: 57 Try: 0 Length: 2 and 38 Growth: False and False
Iteration: 57 Try: 0 Length: 1 and 39 Growth: False and False
Iteration: 58 Try: 1 Length: 20 and 20 Growth: False and False
Iteration: 58 Try: 1 Length: 16 and 24 Growth: False and False
Iteration: 58 Try: 1 Length: 8 and 32 Growth: False and False
Iteration: 58 Try: 1 Length: 4 and 36 Growth: False and True
Iteration: 59 Try: 0 Length: 18 and 18 Growth: False and False
Iteration: 59 Try: 0 Length: 14 and 22 Growth: False and False
Iteration: 59 Try: 0 Length: 7 and 29 Growth: False and False
Iteration: 59 Try: 0 Length: 3 and 33 Growth: False and False
Iteration: 59 Try: 0 Length: 1 and 35 Growth: False and True
Iteration: 60 Try: 0 Length: 18 and 17 Growth: False and False
Iteration: 60 Try: 0 Length: 14 and 21 Growth: False and False
Iteration: 60 Try: 0 Length: 7 and 28 Growth: False and False
Iteration: 60 Try: 0 Length: 3 and 32 Growth: False and False
Iteration: 60 Try: 0 Length: 1 and 34 Growth: False and True
Iteration: 61 Try: 0 Length: 17 and 17 Growth: False and False
Iteration: 61 Try: 0 Length: 13 and 21 Growth: False and False
Iteration: 61 Try: 0 Length: 6 and 28 Growth: False and False
Iteration: 61 Try: 0 Length: 3 and 31 Growth: False and False
Iteration: 61 Try: 0 Length: 1 and 33 Growth: False and False
Iteration: 62 Try: 1 Length: 17 and 17 Growth: False and False
Iteration: 62 Try: 1 Length: 13 and 21 Growth: False and False
Iteration: 62 Try: 1 Length: 6 and 28 Growth: False and False
Iteration: 62 Try: 1 Length: 3 and 31 Growth: False and False
Iteration: 62 Try: 1 Length: 1 and 33 Growth: False and False
Iteration: 63 Try: 2 Length: 17 and 17 Growth: False and False
Iteration: 63 Try: 2 Length: 13 and 21 Growth: False and False
Iteration: 63 Try: 2 Length: 6 and 28 Growth: False and False
Iteration: 63 Try: 2 Length: 3 and 31 Growth: False and False
Iteration: 63 Try: 2 Length: 1 and 33 Growth: False and True
Iteration: 64 Try: 0 Length: 17 and 16 Growth: False and False
Iteration: 64 Try: 0 Length: 13 and 20 Growth: False and False
Iteration: 64 Try: 0 Length: 6 and 27 Growth: False and False
Iteration: 64 Try: 0 Length: 3 and 30 Growth: False and False
Iteration: 64 Try: 0 Length: 1 and 32 Growth: False and False
Iteration: 65 Try: 1 Length: 17 and 16 Growth: False and False
Iteration: 65 Try: 1 Length: 13 and 20 Growth: False and False
Iteration: 65 Try: 1 Length: 6 and 27 Growth: False and False
Iteration: 65 Try: 1 Length: 3 and 30 Growth: False and True
Iteration: 66 Try: 0 Length: 15 and 15 Growth: False and False
Iteration: 66 Try: 0 Length: 12 and 18 Growth: False and False
Iteration: 66 Try: 0 Length: 6 and 24 Growth: False and False
Iteration: 66 Try: 0 Length: 3 and 27 Growth: False and False
Iteration: 66 Try: 0 Length: 1 and 29 Growth: False and True
Iteration: 67 Try: 0 Length: 15 and 14 Growth: False and False
Iteration: 67 Try: 0 Length: 11 and 18 Growth: False and False
Iteration: 67 Try: 0 Length: 5 and 24 Growth: False and False
Iteration: 67 Try: 0 Length: 2 and 27 Growth: False and False
Iteration: 67 Try: 0 Length: 1 and 28 Growth: False and False
Iteration: 68 Try: 1 Length: 15 and 14 Growth: False and False
Iteration: 68 Try: 1 Length: 11 and 18 Growth: False and False
Iteration: 68 Try: 1 Length: 5 and 24 Growth: False and False
Iteration: 68 Try: 1 Length: 2 and 27 Growth: False and False
Iteration: 68 Try: 1 Length: 1 and 28 Growth: False and True
Iteration: 69 Try: 0 Length: 14 and 14 Growth: False and False
Iteration: 69 Try: 0 Length: 11 and 17 Growth: False and False
Iteration: 69 Try: 0 Length: 5 and 23 Growth: False and False
Iteration: 69 Try: 0 Length: 2 and 26 Growth: False and False
Iteration: 69 Try: 0 Length: 1 and 27 Growth: False and False
Iteration: 70 Try: 1 Length: 14 and 14 Growth: False and False
Iteration: 70 Try: 1 Length: 11 and 17 Growth: False and False
Iteration: 70 Try: 1 Length: 5 and 23 Growth: False and False
Iteration: 70 Try: 1 Length: 2 and 26 Growth: False and False
Iteration: 70 Try: 1 Length: 1 and 27 Growth: False and False
Iteration: 71 Try: 2 Length: 14 and 14 Growth: False and False
Iteration: 71 Try: 2 Length: 11 and 17 Growth: False and False
Iteration: 71 Try: 2 Length: 5 and 23 Growth: False and False
Iteration: 71 Try: 2 Length: 2 and 26 Growth: False and True
Iteration: 72 Try: 0 Length: 13 and 13 Growth: False and False
Iteration: 72 Try: 0 Length: 10 and 16 Growth: False and False
Iteration: 72 Try: 0 Length: 5 and 21 Growth: False and False
Iteration: 72 Try: 0 Length: 2 and 24 Growth: False and False
Iteration: 72 Try: 0 Length: 1 and 25 Growth: False and False
Iteration: 73 Try: 1 Length: 13 and 13 Growth: False and False
Iteration: 73 Try: 1 Length: 10 and 16 Growth: False and False
Iteration: 73 Try: 1 Length: 5 and 21 Growth: False and False
Iteration: 73 Try: 1 Length: 2 and 24 Growth: False and False
Iteration: 73 Try: 1 Length: 1 and 25 Growth: False and False
Iteration: 74 Try: 2 Length: 13 and 13 Growth: False and False
Iteration: 74 Try: 2 Length: 10 and 16 Growth: False and False
Iteration: 74 Try: 2 Length: 5 and 21 Growth: False and True
Iteration: 75 Try: 0 Length: 11 and 10 Growth: False and False
Iteration: 75 Try: 0 Length: 8 and 13 Growth: False and False
Iteration: 75 Try: 0 Length: 4 and 17 Growth: False and True
Iteration: 76 Try: 0 Length: 9 and 8 Growth: False and False
Iteration: 76 Try: 0 Length: 6 and 11 Growth: False and False
Iteration: 76 Try: 0 Length: 3 and 14 Growth: False and False
Iteration: 76 Try: 0 Length: 1 and 16 Growth: False and False
Iteration: 77 Try: 1 Length: 9 and 8 Growth: False and False
Iteration: 77 Try: 1 Length: 6 and 11 Growth: False and False
Iteration: 77 Try: 1 Length: 3 and 14 Growth: False and False
Iteration: 77 Try: 1 Length: 1 and 16 Growth: False and True
Iteration: 78 Try: 0 Length: 8 and 8 Growth: False and False
Iteration: 78 Try: 0 Length: 6 and 10 Growth: False and False
Iteration: 78 Try: 0 Length: 3 and 13 Growth: False and False
Iteration: 78 Try: 0 Length: 1 and 15 Growth: False and False
Iteration: 79 Try: 1 Length: 8 and 8 Growth: False and False
Iteration: 79 Try: 1 Length: 6 and 10 Growth: False and False
Iteration: 79 Try: 1 Length: 3 and 13 Growth: False and False
Iteration: 79 Try: 1 Length: 1 and 15 Growth: False and True
Iteration: 80 Try: 0 Length: 8 and 7 Growth: False and False
Iteration: 80 Try: 0 Length: 6 and 9 Growth: False and False
Iteration: 80 Try: 0 Length: 3 and 12 Growth: False and False
Iteration: 80 Try: 0 Length: 1 and 14 Growth: False and False
Iteration: 81 Try: 1 Length: 8 and 7 Growth: False and False
Iteration: 81 Try: 1 Length: 6 and 9 Growth: False and False
Iteration: 81 Try: 1 Length: 3 and 12 Growth: False and False
Iteration: 81 Try: 1 Length: 1 and 14 Growth: False and True
Iteration: 82 Try: 0 Length: 7 and 7 Growth: False and False
Iteration: 82 Try: 0 Length: 5 and 9 Growth: False and False
Iteration: 82 Try: 0 Length: 2 and 12 Growth: False and False
Iteration: 82 Try: 0 Length: 1 and 13 Growth: False and False
Iteration: 83 Try: 1 Length: 7 and 7 Growth: False and False
Iteration: 83 Try: 1 Length: 5 and 9 Growth: False and False
Iteration: 83 Try: 1 Length: 2 and 12 Growth: False and True
Iteration: 84 Try: 0 Length: 6 and 6 Growth: False and False
Iteration: 84 Try: 0 Length: 4 and 8 Growth: False and False
Iteration: 84 Try: 0 Length: 2 and 10 Growth: False and False
Iteration: 84 Try: 0 Length: 1 and 11 Growth: False and False
Iteration: 85 Try: 1 Length: 6 and 6 Growth: False and False
Iteration: 85 Try: 1 Length: 4 and 8 Growth: False and False
Iteration: 85 Try: 1 Length: 2 and 10 Growth: False and False
Iteration: 85 Try: 1 Length: 1 and 11 Growth: False and False
Iteration: 86 Try: 2 Length: 6 and 6 Growth: False and False
Iteration: 86 Try: 2 Length: 4 and 8 Growth: False and False
Iteration: 86 Try: 2 Length: 2 and 10 Growth: False and False
Iteration: 86 Try: 2 Length: 1 and 11 Growth: False and True
Iteration: 87 Try: 0 Length: 6 and 5 Growth: False and False
Iteration: 87 Try: 0 Length: 4 and 7 Growth: False and False
Iteration: 87 Try: 0 Length: 2 and 9 Growth: False and False
Iteration: 87 Try: 0 Length: 1 and 10 Growth: False and False
Iteration: 88 Try: 1 Length: 6 and 5 Growth: False and False
Iteration: 88 Try: 1 Length: 4 and 7 Growth: False and False
Iteration: 88 Try: 1 Length: 2 and 9 Growth: False and False
Iteration: 88 Try: 1 Length: 1 and 10 Growth: False and False
Iteration: 89 Try: 2 Length: 6 and 5 Growth: False and False
Iteration: 89 Try: 2 Length: 4 and 7 Growth: False and False
Iteration: 89 Try: 2 Length: 2 and 9 Growth: False and False
Iteration: 89 Try: 2 Length: 1 and 10 Growth: False and False
Iteration: 90 Try: 3 Length: 6 and 5 Growth: False and False
Iteration: 90 Try: 3 Length: 4 and 7 Growth: False and False
Iteration: 90 Try: 3 Length: 2 and 9 Growth: False and True
Iteration: 91 Try: 0 Length: 5 and 4 Growth: False and False
Iteration: 91 Try: 0 Length: 3 and 6 Growth: False and False
Iteration: 91 Try: 0 Length: 1 and 8 Growth: False and False
Iteration: 92 Try: 1 Length: 5 and 4 Growth: False and False
Iteration: 92 Try: 1 Length: 3 and 6 Growth: False and False
Iteration: 92 Try: 1 Length: 1 and 8 Growth: False and False
Iteration: 93 Try: 2 Length: 5 and 4 Growth: False and False
Iteration: 93 Try: 2 Length: 3 and 6 Growth: False and False
Iteration: 93 Try: 2 Length: 1 and 8 Growth: False and False
Iteration: 94 Try: 3 Length: 5 and 4 Growth: False and False
Iteration: 94 Try: 3 Length: 3 and 6 Growth: False and False
Iteration: 94 Try: 3 Length: 1 and 8 Growth: False and False
Iteration: 95 Try: 4 Length: 5 and 4 Growth: False and False
Iteration: 95 Try: 4 Length: 3 and 6 Growth: False and False
Iteration: 95 Try: 4 Length: 1 and 8 Growth: False and False
Iteration: 96 Try: 5 Length: 5 and 4 Growth: False and False
Iteration: 96 Try: 5 Length: 3 and 6 Growth: False and False
Iteration: 96 Try: 5 Length: 1 and 8 Growth: False and False
There are 9 reactions remaining: set(['rxn34424', 'rxn10887', 'rxn30089', 'rxn35599', 'rxn06979', 'rxn00897', 'rxn02474', 'rxn04053', 'rxn27716'])
Testing suggestions from subsystems
Successfully limited the reactions by compound and reduced  from 338 to 315
At the beginning the base list has 1282  and the optional list has 315 reactions
Iteration: 1 Try: 0 Length: 158 and 157 Growth: False and False
Iteration: 1 Try: 0 Length: 126 and 189 Growth: False and False
Iteration: 1 Try: 0 Length: 63 and 252 Growth: False and False
Iteration: 1 Try: 0 Length: 31 and 284 Growth: False and False
Iteration: 1 Try: 0 Length: 15 and 300 Growth: False and False
Iteration: 1 Try: 0 Length: 7 and 308 Growth: False and False
Iteration: 1 Try: 0 Length: 3 and 312 Growth: False and True
Iteration: 2 Try: 0 Length: 156 and 156 Growth: False and False
Iteration: 2 Try: 0 Length: 124 and 188 Growth: False and False
Iteration: 2 Try: 0 Length: 62 and 250 Growth: False and False
Iteration: 2 Try: 0 Length: 31 and 281 Growth: False and False
Iteration: 2 Try: 0 Length: 15 and 297 Growth: False and False
Iteration: 2 Try: 0 Length: 7 and 305 Growth: False and False
Iteration: 2 Try: 0 Length: 3 and 309 Growth: False and True
Iteration: 3 Try: 0 Length: 155 and 154 Growth: False and False
Iteration: 3 Try: 0 Length: 123 and 186 Growth: False and False
Iteration: 3 Try: 0 Length: 61 and 248 Growth: False and False
Iteration: 3 Try: 0 Length: 30 and 279 Growth: False and False
Iteration: 3 Try: 0 Length: 15 and 294 Growth: False and False
Iteration: 3 Try: 0 Length: 7 and 302 Growth: False and False
Iteration: 3 Try: 0 Length: 3 and 306 Growth: False and False
Iteration: 3 Try: 0 Length: 1 and 308 Growth: False and False
Iteration: 4 Try: 1 Length: 155 and 154 Growth: False and False
Iteration: 4 Try: 1 Length: 123 and 186 Growth: False and False
Iteration: 4 Try: 1 Length: 61 and 248 Growth: False and False
Iteration: 4 Try: 1 Length: 30 and 279 Growth: False and False
Iteration: 4 Try: 1 Length: 15 and 294 Growth: False and False
Iteration: 4 Try: 1 Length: 7 and 302 Growth: False and False
Iteration: 4 Try: 1 Length: 3 and 306 Growth: False and False
Iteration: 4 Try: 1 Length: 1 and 308 Growth: False and True
Iteration: 5 Try: 0 Length: 154 and 154 Growth: False and False
Iteration: 5 Try: 0 Length: 123 and 185 Growth: False and False
Iteration: 5 Try: 0 Length: 61 and 247 Growth: False and False
Iteration: 5 Try: 0 Length: 30 and 278 Growth: False and False
Iteration: 5 Try: 0 Length: 15 and 293 Growth: False and False
Iteration: 5 Try: 0 Length: 7 and 301 Growth: False and False
Iteration: 5 Try: 0 Length: 3 and 305 Growth: False and False
Iteration: 5 Try: 0 Length: 1 and 307 Growth: False and True
Iteration: 6 Try: 0 Length: 154 and 153 Growth: False and False
Iteration: 6 Try: 0 Length: 122 and 185 Growth: False and False
Iteration: 6 Try: 0 Length: 61 and 246 Growth: False and False
Iteration: 6 Try: 0 Length: 30 and 277 Growth: False and False
Iteration: 6 Try: 0 Length: 15 and 292 Growth: False and False
Iteration: 6 Try: 0 Length: 7 and 300 Growth: False and False
Iteration: 6 Try: 0 Length: 3 and 304 Growth: False and False
Iteration: 6 Try: 0 Length: 1 and 306 Growth: False and False
Iteration: 7 Try: 1 Length: 154 and 153 Growth: False and False
Iteration: 7 Try: 1 Length: 122 and 185 Growth: False and False
Iteration: 7 Try: 1 Length: 61 and 246 Growth: False and False
Iteration: 7 Try: 1 Length: 30 and 277 Growth: False and True
Iteration: 8 Try: 0 Length: 139 and 138 Growth: False and False
Iteration: 8 Try: 0 Length: 110 and 167 Growth: False and False
Iteration: 8 Try: 0 Length: 55 and 222 Growth: False and False
Iteration: 8 Try: 0 Length: 27 and 250 Growth: False and False
Iteration: 8 Try: 0 Length: 13 and 264 Growth: False and False
Iteration: 8 Try: 0 Length: 6 and 271 Growth: False and True
Iteration: 9 Try: 0 Length: 136 and 135 Growth: False and False
Iteration: 9 Try: 0 Length: 108 and 163 Growth: False and False
Iteration: 9 Try: 0 Length: 54 and 217 Growth: False and False
Iteration: 9 Try: 0 Length: 27 and 244 Growth: False and False
Iteration: 9 Try: 0 Length: 13 and 258 Growth: False and False
Iteration: 9 Try: 0 Length: 6 and 265 Growth: False and False
Iteration: 9 Try: 0 Length: 3 and 268 Growth: False and True
Iteration: 10 Try: 0 Length: 134 and 134 Growth: False and False
Iteration: 10 Try: 0 Length: 107 and 161 Growth: False and False
Iteration: 10 Try: 0 Length: 53 and 215 Growth: False and False
Iteration: 10 Try: 0 Length: 26 and 242 Growth: False and False
Iteration: 10 Try: 0 Length: 13 and 255 Growth: False and False
Iteration: 10 Try: 0 Length: 6 and 262 Growth: False and False
Iteration: 10 Try: 0 Length: 3 and 265 Growth: False and False
Iteration: 10 Try: 0 Length: 1 and 267 Growth: False and True
Iteration: 11 Try: 0 Length: 134 and 133 Growth: False and False
Iteration: 11 Try: 0 Length: 106 and 161 Growth: False and False
Iteration: 11 Try: 0 Length: 53 and 214 Growth: False and False
Iteration: 11 Try: 0 Length: 26 and 241 Growth: False and False
Iteration: 11 Try: 0 Length: 13 and 254 Growth: False and False
Iteration: 11 Try: 0 Length: 6 and 261 Growth: False and False
Iteration: 11 Try: 0 Length: 3 and 264 Growth: False and False
Iteration: 11 Try: 0 Length: 1 and 266 Growth: False and True
Iteration: 12 Try: 0 Length: 133 and 133 Growth: False and False
Iteration: 12 Try: 0 Length: 106 and 160 Growth: False and False
Iteration: 12 Try: 0 Length: 53 and 213 Growth: False and False
Iteration: 12 Try: 0 Length: 26 and 240 Growth: False and False
Iteration: 12 Try: 0 Length: 13 and 253 Growth: False and False
Iteration: 12 Try: 0 Length: 6 and 260 Growth: False and False
Iteration: 12 Try: 0 Length: 3 and 263 Growth: False and False
Iteration: 12 Try: 0 Length: 1 and 265 Growth: False and False
Iteration: 13 Try: 1 Length: 133 and 133 Growth: False and False
Iteration: 13 Try: 1 Length: 106 and 160 Growth: False and False
Iteration: 13 Try: 1 Length: 53 and 213 Growth: False and False
Iteration: 13 Try: 1 Length: 26 and 240 Growth: False and False
Iteration: 13 Try: 1 Length: 13 and 253 Growth: False and True
Iteration: 14 Try: 0 Length: 127 and 126 Growth: False and False
Iteration: 14 Try: 0 Length: 101 and 152 Growth: False and False
Iteration: 14 Try: 0 Length: 50 and 203 Growth: False and False
Iteration: 14 Try: 0 Length: 25 and 228 Growth: False and False
Iteration: 14 Try: 0 Length: 12 and 241 Growth: False and False
Iteration: 14 Try: 0 Length: 6 and 247 Growth: False and False
Iteration: 14 Try: 0 Length: 3 and 250 Growth: False and True
Iteration: 15 Try: 0 Length: 125 and 125 Growth: False and False
Iteration: 15 Try: 0 Length: 100 and 150 Growth: False and False
Iteration: 15 Try: 0 Length: 50 and 200 Growth: False and False
Iteration: 15 Try: 0 Length: 25 and 225 Growth: False and False
Iteration: 15 Try: 0 Length: 12 and 238 Growth: False and False
Iteration: 15 Try: 0 Length: 6 and 244 Growth: False and False
Iteration: 15 Try: 0 Length: 3 and 247 Growth: False and False
Iteration: 15 Try: 0 Length: 1 and 249 Growth: False and True
Iteration: 16 Try: 0 Length: 125 and 124 Growth: False and False
Iteration: 16 Try: 0 Length: 99 and 150 Growth: False and False
Iteration: 16 Try: 0 Length: 49 and 200 Growth: False and False
Iteration: 16 Try: 0 Length: 24 and 225 Growth: False and False
Iteration: 16 Try: 0 Length: 12 and 237 Growth: False and False
Iteration: 16 Try: 0 Length: 6 and 243 Growth: False and False
Iteration: 16 Try: 0 Length: 3 and 246 Growth: False and False
Iteration: 16 Try: 0 Length: 1 and 248 Growth: False and True
Iteration: 17 Try: 0 Length: 124 and 124 Growth: False and False
Iteration: 17 Try: 0 Length: 99 and 149 Growth: False and False
Iteration: 17 Try: 0 Length: 49 and 199 Growth: False and False
Iteration: 17 Try: 0 Length: 24 and 224 Growth: False and False
Iteration: 17 Try: 0 Length: 12 and 236 Growth: False and False
Iteration: 17 Try: 0 Length: 6 and 242 Growth: False and False
Iteration: 17 Try: 0 Length: 3 and 245 Growth: False and False
Iteration: 17 Try: 0 Length: 1 and 247 Growth: False and False
Iteration: 18 Try: 1 Length: 124 and 124 Growth: False and False
Iteration: 18 Try: 1 Length: 99 and 149 Growth: False and False
Iteration: 18 Try: 1 Length: 49 and 199 Growth: False and False
Iteration: 18 Try: 1 Length: 24 and 224 Growth: False and False
Iteration: 18 Try: 1 Length: 12 and 236 Growth: False and True
Iteration: 19 Try: 0 Length: 118 and 118 Growth: False and False
Iteration: 19 Try: 0 Length: 94 and 142 Growth: False and False
Iteration: 19 Try: 0 Length: 47 and 189 Growth: False and False
Iteration: 19 Try: 0 Length: 23 and 213 Growth: False and False
Iteration: 19 Try: 0 Length: 11 and 225 Growth: False and False
Iteration: 19 Try: 0 Length: 5 and 231 Growth: False and False
Iteration: 19 Try: 0 Length: 2 and 234 Growth: False and False
Iteration: 19 Try: 0 Length: 1 and 235 Growth: False and True
Iteration: 20 Try: 0 Length: 118 and 117 Growth: False and False
Iteration: 20 Try: 0 Length: 94 and 141 Growth: False and False
Iteration: 20 Try: 0 Length: 47 and 188 Growth: False and False
Iteration: 20 Try: 0 Length: 23 and 212 Growth: False and False
Iteration: 20 Try: 0 Length: 11 and 224 Growth: False and False
Iteration: 20 Try: 0 Length: 5 and 230 Growth: False and False
Iteration: 20 Try: 0 Length: 2 and 233 Growth: False and False
Iteration: 20 Try: 0 Length: 1 and 234 Growth: False and False
Iteration: 21 Try: 1 Length: 118 and 117 Growth: False and False
Iteration: 21 Try: 1 Length: 94 and 141 Growth: False and False
Iteration: 21 Try: 1 Length: 47 and 188 Growth: False and False
Iteration: 21 Try: 1 Length: 23 and 212 Growth: False and False
Iteration: 21 Try: 1 Length: 11 and 224 Growth: False and True
Iteration: 22 Try: 0 Length: 112 and 112 Growth: False and False
Iteration: 22 Try: 0 Length: 89 and 135 Growth: False and False
Iteration: 22 Try: 0 Length: 44 and 180 Growth: False and False
Iteration: 22 Try: 0 Length: 22 and 202 Growth: False and False
Iteration: 22 Try: 0 Length: 11 and 213 Growth: False and True
Iteration: 23 Try: 0 Length: 107 and 106 Growth: False and False
Iteration: 23 Try: 0 Length: 85 and 128 Growth: False and False
Iteration: 23 Try: 0 Length: 42 and 171 Growth: False and False
Iteration: 23 Try: 0 Length: 21 and 192 Growth: False and False
Iteration: 23 Try: 0 Length: 10 and 203 Growth: False and False
Iteration: 23 Try: 0 Length: 5 and 208 Growth: False and False
Iteration: 23 Try: 0 Length: 2 and 211 Growth: False and False
Iteration: 23 Try: 0 Length: 1 and 212 Growth: False and False
Iteration: 24 Try: 1 Length: 107 and 106 Growth: False and False
Iteration: 24 Try: 1 Length: 85 and 128 Growth: False and False
Iteration: 24 Try: 1 Length: 42 and 171 Growth: False and False
Iteration: 24 Try: 1 Length: 21 and 192 Growth: False and True
Iteration: 25 Try: 0 Length: 96 and 96 Growth: False and False
Iteration: 25 Try: 0 Length: 76 and 116 Growth: False and False
Iteration: 25 Try: 0 Length: 38 and 154 Growth: False and False
Iteration: 25 Try: 0 Length: 19 and 173 Growth: False and False
Iteration: 25 Try: 0 Length: 9 and 183 Growth: False and True
Iteration: 26 Try: 0 Length: 92 and 91 Growth: False and False
Iteration: 26 Try: 0 Length: 73 and 110 Growth: False and False
Iteration: 26 Try: 0 Length: 36 and 147 Growth: False and False
Iteration: 26 Try: 0 Length: 18 and 165 Growth: False and False
Iteration: 26 Try: 0 Length: 9 and 174 Growth: False and False
Iteration: 26 Try: 0 Length: 4 and 179 Growth: False and True
Iteration: 27 Try: 0 Length: 90 and 89 Growth: False and False
Iteration: 27 Try: 0 Length: 71 and 108 Growth: False and False
Iteration: 27 Try: 0 Length: 35 and 144 Growth: False and False
Iteration: 27 Try: 0 Length: 17 and 162 Growth: False and False
Iteration: 27 Try: 0 Length: 8 and 171 Growth: False and False
Iteration: 27 Try: 0 Length: 4 and 175 Growth: False and False
Iteration: 27 Try: 0 Length: 2 and 177 Growth: False and True
Iteration: 28 Try: 0 Length: 89 and 88 Growth: False and False
Iteration: 28 Try: 0 Length: 70 and 107 Growth: False and False
Iteration: 28 Try: 0 Length: 35 and 142 Growth: False and False
Iteration: 28 Try: 0 Length: 17 and 160 Growth: False and False
Iteration: 28 Try: 0 Length: 8 and 169 Growth: False and False
Iteration: 28 Try: 0 Length: 4 and 173 Growth: False and False
Iteration: 28 Try: 0 Length: 2 and 175 Growth: False and False
Iteration: 28 Try: 0 Length: 1 and 176 Growth: False and True
Iteration: 29 Try: 0 Length: 88 and 88 Growth: False and False
Iteration: 29 Try: 0 Length: 70 and 106 Growth: False and False
Iteration: 29 Try: 0 Length: 35 and 141 Growth: False and False
Iteration: 29 Try: 0 Length: 17 and 159 Growth: False and False
Iteration: 29 Try: 0 Length: 8 and 168 Growth: False and False
Iteration: 29 Try: 0 Length: 4 and 172 Growth: False and False
Iteration: 29 Try: 0 Length: 2 and 174 Growth: False and False
Iteration: 29 Try: 0 Length: 1 and 175 Growth: False and False
Iteration: 30 Try: 1 Length: 88 and 88 Growth: False and False
Iteration: 30 Try: 1 Length: 70 and 106 Growth: False and False
Iteration: 30 Try: 1 Length: 35 and 141 Growth: False and False
Iteration: 30 Try: 1 Length: 17 and 159 Growth: False and False
Iteration: 30 Try: 1 Length: 8 and 168 Growth: False and True
Iteration: 31 Try: 0 Length: 84 and 84 Growth: False and False
Iteration: 31 Try: 0 Length: 67 and 101 Growth: False and False
Iteration: 31 Try: 0 Length: 33 and 135 Growth: False and False
Iteration: 31 Try: 0 Length: 16 and 152 Growth: False and False
Iteration: 31 Try: 0 Length: 8 and 160 Growth: False and False
Iteration: 31 Try: 0 Length: 4 and 164 Growth: False and False
Iteration: 31 Try: 0 Length: 2 and 166 Growth: False and True
Iteration: 32 Try: 0 Length: 83 and 83 Growth: False and False
Iteration: 32 Try: 0 Length: 66 and 100 Growth: False and False
Iteration: 32 Try: 0 Length: 33 and 133 Growth: False and False
Iteration: 32 Try: 0 Length: 16 and 150 Growth: False and False
Iteration: 32 Try: 0 Length: 8 and 158 Growth: False and False
Iteration: 32 Try: 0 Length: 4 and 162 Growth: False and False
Iteration: 32 Try: 0 Length: 2 and 164 Growth: False and False
Iteration: 32 Try: 0 Length: 1 and 165 Growth: False and True
Iteration: 33 Try: 0 Length: 83 and 82 Growth: False and False
Iteration: 33 Try: 0 Length: 66 and 99 Growth: False and False
Iteration: 33 Try: 0 Length: 33 and 132 Growth: False and False
Iteration: 33 Try: 0 Length: 16 and 149 Growth: False and False
Iteration: 33 Try: 0 Length: 8 and 157 Growth: False and False
Iteration: 33 Try: 0 Length: 4 and 161 Growth: False and False
Iteration: 33 Try: 0 Length: 2 and 163 Growth: False and False
Iteration: 33 Try: 0 Length: 1 and 164 Growth: False and False
Iteration: 34 Try: 1 Length: 83 and 82 Growth: False and False
Iteration: 34 Try: 1 Length: 66 and 99 Growth: False and False
Iteration: 34 Try: 1 Length: 33 and 132 Growth: False and False
Iteration: 34 Try: 1 Length: 16 and 149 Growth: False and False
Iteration: 34 Try: 1 Length: 8 and 157 Growth: False and False
Iteration: 34 Try: 1 Length: 4 and 161 Growth: False and False
Iteration: 34 Try: 1 Length: 2 and 163 Growth: False and True
Iteration: 35 Try: 0 Length: 82 and 81 Growth: False and False
Iteration: 35 Try: 0 Length: 65 and 98 Growth: False and False
Iteration: 35 Try: 0 Length: 32 and 131 Growth: False and False
Iteration: 35 Try: 0 Length: 16 and 147 Growth: False and False
Iteration: 35 Try: 0 Length: 8 and 155 Growth: False and False
Iteration: 35 Try: 0 Length: 4 and 159 Growth: False and False
Iteration: 35 Try: 0 Length: 2 and 161 Growth: False and False
Iteration: 35 Try: 0 Length: 1 and 162 Growth: False and True
Iteration: 36 Try: 0 Length: 81 and 81 Growth: False and False
Iteration: 36 Try: 0 Length: 64 and 98 Growth: False and False
Iteration: 36 Try: 0 Length: 32 and 130 Growth: False and False
Iteration: 36 Try: 0 Length: 16 and 146 Growth: False and False
Iteration: 36 Try: 0 Length: 8 and 154 Growth: False and False
Iteration: 36 Try: 0 Length: 4 and 158 Growth: False and False
Iteration: 36 Try: 0 Length: 2 and 160 Growth: False and False
Iteration: 36 Try: 0 Length: 1 and 161 Growth: False and False
Iteration: 37 Try: 1 Length: 81 and 81 Growth: False and False
Iteration: 37 Try: 1 Length: 64 and 98 Growth: False and False
Iteration: 37 Try: 1 Length: 32 and 130 Growth: False and False
Iteration: 37 Try: 1 Length: 16 and 146 Growth: False and False
Iteration: 37 Try: 1 Length: 8 and 154 Growth: False and False
Iteration: 37 Try: 1 Length: 4 and 158 Growth: False and False
Iteration: 37 Try: 1 Length: 2 and 160 Growth: False and False
Iteration: 37 Try: 1 Length: 1 and 161 Growth: False and False
Iteration: 38 Try: 2 Length: 81 and 81 Growth: False and False
Iteration: 38 Try: 2 Length: 64 and 98 Growth: False and False
Iteration: 38 Try: 2 Length: 32 and 130 Growth: False and False
Iteration: 38 Try: 2 Length: 16 and 146 Growth: False and True
Iteration: 39 Try: 0 Length: 73 and 73 Growth: False and False
Iteration: 39 Try: 0 Length: 58 and 88 Growth: False and False
Iteration: 39 Try: 0 Length: 29 and 117 Growth: False and False
Iteration: 39 Try: 0 Length: 14 and 132 Growth: False and False
Iteration: 39 Try: 0 Length: 7 and 139 Growth: False and False
Iteration: 39 Try: 0 Length: 3 and 143 Growth: False and True
Iteration: 40 Try: 0 Length: 72 and 71 Growth: False and False
Iteration: 40 Try: 0 Length: 57 and 86 Growth: False and False
Iteration: 40 Try: 0 Length: 28 and 115 Growth: False and False
Iteration: 40 Try: 0 Length: 14 and 129 Growth: False and False
Iteration: 40 Try: 0 Length: 7 and 136 Growth: False and False
Iteration: 40 Try: 0 Length: 3 and 140 Growth: False and True
Iteration: 41 Try: 0 Length: 70 and 70 Growth: False and False
Iteration: 41 Try: 0 Length: 56 and 84 Growth: False and False
Iteration: 41 Try: 0 Length: 28 and 112 Growth: False and False
Iteration: 41 Try: 0 Length: 14 and 126 Growth: False and False
Iteration: 41 Try: 0 Length: 7 and 133 Growth: False and False
Iteration: 41 Try: 0 Length: 3 and 137 Growth: False and False
Iteration: 41 Try: 0 Length: 1 and 139 Growth: False and False
Iteration: 42 Try: 1 Length: 70 and 70 Growth: False and False
Iteration: 42 Try: 1 Length: 56 and 84 Growth: False and False
Iteration: 42 Try: 1 Length: 28 and 112 Growth: False and False
Iteration: 42 Try: 1 Length: 14 and 126 Growth: False and False
Iteration: 42 Try: 1 Length: 7 and 133 Growth: False and True
Iteration: 43 Try: 0 Length: 67 and 66 Growth: False and False
Iteration: 43 Try: 0 Length: 53 and 80 Growth: False and False
Iteration: 43 Try: 0 Length: 26 and 107 Growth: False and False
Iteration: 43 Try: 0 Length: 13 and 120 Growth: False and False
Iteration: 43 Try: 0 Length: 6 and 127 Growth: False and False
Iteration: 43 Try: 0 Length: 3 and 130 Growth: False and False
Iteration: 43 Try: 0 Length: 1 and 132 Growth: False and True
Iteration: 44 Try: 0 Length: 66 and 66 Growth: False and False
Iteration: 44 Try: 0 Length: 52 and 80 Growth: False and False
Iteration: 44 Try: 0 Length: 26 and 106 Growth: False and False
Iteration: 44 Try: 0 Length: 13 and 119 Growth: False and False
Iteration: 44 Try: 0 Length: 6 and 126 Growth: False and False
Iteration: 44 Try: 0 Length: 3 and 129 Growth: False and False
Iteration: 44 Try: 0 Length: 1 and 131 Growth: False and False
Iteration: 45 Try: 1 Length: 66 and 66 Growth: False and False
Iteration: 45 Try: 1 Length: 52 and 80 Growth: False and False
Iteration: 45 Try: 1 Length: 26 and 106 Growth: False and False
Iteration: 45 Try: 1 Length: 13 and 119 Growth: False and False
Iteration: 45 Try: 1 Length: 6 and 126 Growth: False and False
Iteration: 45 Try: 1 Length: 3 and 129 Growth: False and False
Iteration: 45 Try: 1 Length: 1 and 131 Growth: False and True
Iteration: 46 Try: 0 Length: 66 and 65 Growth: False and False
Iteration: 46 Try: 0 Length: 52 and 79 Growth: False and False
Iteration: 46 Try: 0 Length: 26 and 105 Growth: False and False
Iteration: 46 Try: 0 Length: 13 and 118 Growth: False and False
Iteration: 46 Try: 0 Length: 6 and 125 Growth: False and False
Iteration: 46 Try: 0 Length: 3 and 128 Growth: False and False
Iteration: 46 Try: 0 Length: 1 and 130 Growth: False and True
Iteration: 47 Try: 0 Length: 65 and 65 Growth: False and False
Iteration: 47 Try: 0 Length: 52 and 78 Growth: False and False
Iteration: 47 Try: 0 Length: 26 and 104 Growth: False and False
Iteration: 47 Try: 0 Length: 13 and 117 Growth: False and False
Iteration: 47 Try: 0 Length: 6 and 124 Growth: False and False
Iteration: 47 Try: 0 Length: 3 and 127 Growth: False and False
Iteration: 47 Try: 0 Length: 1 and 129 Growth: False and False
Iteration: 48 Try: 1 Length: 65 and 65 Growth: False and False
Iteration: 48 Try: 1 Length: 52 and 78 Growth: False and False
Iteration: 48 Try: 1 Length: 26 and 104 Growth: False and False
Iteration: 48 Try: 1 Length: 13 and 117 Growth: False and False
Iteration: 48 Try: 1 Length: 6 and 124 Growth: False and False
Iteration: 48 Try: 1 Length: 3 and 127 Growth: False and True
Iteration: 49 Try: 0 Length: 64 and 63 Growth: False and False
Iteration: 49 Try: 0 Length: 50 and 77 Growth: False and False
Iteration: 49 Try: 0 Length: 25 and 102 Growth: False and False
Iteration: 49 Try: 0 Length: 12 and 115 Growth: False and False
Iteration: 49 Try: 0 Length: 6 and 121 Growth: False and False
Iteration: 49 Try: 0 Length: 3 and 124 Growth: False and False
Iteration: 49 Try: 0 Length: 1 and 126 Growth: False and True
Iteration: 50 Try: 0 Length: 63 and 63 Growth: False and False
Iteration: 50 Try: 0 Length: 50 and 76 Growth: False and False
Iteration: 50 Try: 0 Length: 25 and 101 Growth: False and False
Iteration: 50 Try: 0 Length: 12 and 114 Growth: False and False
Iteration: 50 Try: 0 Length: 6 and 120 Growth: False and False
Iteration: 50 Try: 0 Length: 3 and 123 Growth: False and False
Iteration: 50 Try: 0 Length: 1 and 125 Growth: False and False
Iteration: 51 Try: 1 Length: 63 and 63 Growth: False and False
Iteration: 51 Try: 1 Length: 50 and 76 Growth: False and False
Iteration: 51 Try: 1 Length: 25 and 101 Growth: False and False
Iteration: 51 Try: 1 Length: 12 and 114 Growth: False and False
Iteration: 51 Try: 1 Length: 6 and 120 Growth: False and False
Iteration: 51 Try: 1 Length: 3 and 123 Growth: False and True
Iteration: 52 Try: 0 Length: 62 and 61 Growth: False and False
Iteration: 52 Try: 0 Length: 49 and 74 Growth: False and False
Iteration: 52 Try: 0 Length: 24 and 99 Growth: False and False
Iteration: 52 Try: 0 Length: 12 and 111 Growth: False and False
Iteration: 52 Try: 0 Length: 6 and 117 Growth: False and False
Iteration: 52 Try: 0 Length: 3 and 120 Growth: False and False
Iteration: 52 Try: 0 Length: 1 and 122 Growth: False and True
Iteration: 53 Try: 0 Length: 61 and 61 Growth: False and False
Iteration: 53 Try: 0 Length: 48 and 74 Growth: False and False
Iteration: 53 Try: 0 Length: 24 and 98 Growth: False and False
Iteration: 53 Try: 0 Length: 12 and 110 Growth: False and False
Iteration: 53 Try: 0 Length: 6 and 116 Growth: False and False
Iteration: 53 Try: 0 Length: 3 and 119 Growth: False and False
Iteration: 53 Try: 0 Length: 1 and 121 Growth: False and False
Iteration: 54 Try: 1 Length: 61 and 61 Growth: False and False
Iteration: 54 Try: 1 Length: 48 and 74 Growth: False and False
Iteration: 54 Try: 1 Length: 24 and 98 Growth: False and False
Iteration: 54 Try: 1 Length: 12 and 110 Growth: False and False
Iteration: 54 Try: 1 Length: 6 and 116 Growth: False and False
Iteration: 54 Try: 1 Length: 3 and 119 Growth: False and True
Iteration: 55 Try: 0 Length: 60 and 59 Growth: False and False
Iteration: 55 Try: 0 Length: 47 and 72 Growth: False and False
Iteration: 55 Try: 0 Length: 23 and 96 Growth: False and False
Iteration: 55 Try: 0 Length: 11 and 108 Growth: False and False
Iteration: 55 Try: 0 Length: 5 and 114 Growth: False and False
Iteration: 55 Try: 0 Length: 2 and 117 Growth: False and False
Iteration: 55 Try: 0 Length: 1 and 118 Growth: False and False
Iteration: 56 Try: 1 Length: 60 and 59 Growth: False and False
Iteration: 56 Try: 1 Length: 47 and 72 Growth: False and False
Iteration: 56 Try: 1 Length: 23 and 96 Growth: False and False
Iteration: 56 Try: 1 Length: 11 and 108 Growth: False and False
Iteration: 56 Try: 1 Length: 5 and 114 Growth: False and False
Iteration: 56 Try: 1 Length: 2 and 117 Growth: False and False
Iteration: 56 Try: 1 Length: 1 and 118 Growth: False and False
Iteration: 57 Try: 2 Length: 60 and 59 Growth: False and False
Iteration: 57 Try: 2 Length: 47 and 72 Growth: False and False
Iteration: 57 Try: 2 Length: 23 and 96 Growth: False and False
Iteration: 57 Try: 2 Length: 11 and 108 Growth: False and False
Iteration: 57 Try: 2 Length: 5 and 114 Growth: False and False
Iteration: 57 Try: 2 Length: 2 and 117 Growth: False and False
Iteration: 57 Try: 2 Length: 1 and 118 Growth: False and True
Iteration: 58 Try: 0 Length: 59 and 59 Growth: False and False
Iteration: 58 Try: 0 Length: 47 and 71 Growth: False and False
Iteration: 58 Try: 0 Length: 23 and 95 Growth: False and False
Iteration: 58 Try: 0 Length: 11 and 107 Growth: False and False
Iteration: 58 Try: 0 Length: 5 and 113 Growth: False and False
Iteration: 58 Try: 0 Length: 2 and 116 Growth: False and False
Iteration: 58 Try: 0 Length: 1 and 117 Growth: False and False
Iteration: 59 Try: 1 Length: 59 and 59 Growth: False and False
Iteration: 59 Try: 1 Length: 47 and 71 Growth: False and False
Iteration: 59 Try: 1 Length: 23 and 95 Growth: False and False
Iteration: 59 Try: 1 Length: 11 and 107 Growth: False and False
Iteration: 59 Try: 1 Length: 5 and 113 Growth: False and False
Iteration: 59 Try: 1 Length: 2 and 116 Growth: False and False
Iteration: 59 Try: 1 Length: 1 and 117 Growth: False and False
Iteration: 60 Try: 2 Length: 59 and 59 Growth: False and False
Iteration: 60 Try: 2 Length: 47 and 71 Growth: False and False
Iteration: 60 Try: 2 Length: 23 and 95 Growth: False and False
Iteration: 60 Try: 2 Length: 11 and 107 Growth: False and False
Iteration: 60 Try: 2 Length: 5 and 113 Growth: False and True
Iteration: 61 Try: 0 Length: 57 and 56 Growth: False and False
Iteration: 61 Try: 0 Length: 45 and 68 Growth: False and False
Iteration: 61 Try: 0 Length: 22 and 91 Growth: False and False
Iteration: 61 Try: 0 Length: 11 and 102 Growth: False and False
Iteration: 61 Try: 0 Length: 5 and 108 Growth: False and False
Iteration: 61 Try: 0 Length: 2 and 111 Growth: False and True
Iteration: 62 Try: 0 Length: 56 and 55 Growth: False and False
Iteration: 62 Try: 0 Length: 44 and 67 Growth: False and False
Iteration: 62 Try: 0 Length: 22 and 89 Growth: False and False
Iteration: 62 Try: 0 Length: 11 and 100 Growth: False and False
Iteration: 62 Try: 0 Length: 5 and 106 Growth: False and False
Iteration: 62 Try: 0 Length: 2 and 109 Growth: False and False
Iteration: 62 Try: 0 Length: 1 and 110 Growth: False and False
Iteration: 63 Try: 1 Length: 56 and 55 Growth: False and False
Iteration: 63 Try: 1 Length: 44 and 67 Growth: False and False
Iteration: 63 Try: 1 Length: 22 and 89 Growth: False and False
Iteration: 63 Try: 1 Length: 11 and 100 Growth: False and False
Iteration: 63 Try: 1 Length: 5 and 106 Growth: False and True
Iteration: 64 Try: 0 Length: 53 and 53 Growth: False and False
Iteration: 64 Try: 0 Length: 42 and 64 Growth: False and False
Iteration: 64 Try: 0 Length: 21 and 85 Growth: False and False
Iteration: 64 Try: 0 Length: 10 and 96 Growth: False and False
Iteration: 64 Try: 0 Length: 5 and 101 Growth: False and True
Iteration: 65 Try: 0 Length: 51 and 50 Growth: False and False
Iteration: 65 Try: 0 Length: 40 and 61 Growth: False and False
Iteration: 65 Try: 0 Length: 20 and 81 Growth: False and False
Iteration: 65 Try: 0 Length: 10 and 91 Growth: False and False
Iteration: 65 Try: 0 Length: 5 and 96 Growth: False and False
Iteration: 65 Try: 0 Length: 2 and 99 Growth: False and False
Iteration: 65 Try: 0 Length: 1 and 100 Growth: False and False
Iteration: 66 Try: 1 Length: 51 and 50 Growth: False and False
Iteration: 66 Try: 1 Length: 40 and 61 Growth: False and False
Iteration: 66 Try: 1 Length: 20 and 81 Growth: False and False
Iteration: 66 Try: 1 Length: 10 and 91 Growth: False and False
Iteration: 66 Try: 1 Length: 5 and 96 Growth: False and False
Iteration: 66 Try: 1 Length: 2 and 99 Growth: False and True
Iteration: 67 Try: 0 Length: 50 and 49 Growth: False and False
Iteration: 67 Try: 0 Length: 39 and 60 Growth: False and False
Iteration: 67 Try: 0 Length: 19 and 80 Growth: False and False
Iteration: 67 Try: 0 Length: 9 and 90 Growth: False and False
Iteration: 67 Try: 0 Length: 4 and 95 Growth: False and False
Iteration: 67 Try: 0 Length: 2 and 97 Growth: False and True
Iteration: 68 Try: 0 Length: 49 and 48 Growth: False and False
Iteration: 68 Try: 0 Length: 38 and 59 Growth: False and False
Iteration: 68 Try: 0 Length: 19 and 78 Growth: False and False
Iteration: 68 Try: 0 Length: 9 and 88 Growth: False and False
Iteration: 68 Try: 0 Length: 4 and 93 Growth: False and False
Iteration: 68 Try: 0 Length: 2 and 95 Growth: False and False
Iteration: 68 Try: 0 Length: 1 and 96 Growth: False and False
Iteration: 69 Try: 1 Length: 49 and 48 Growth: False and False
Iteration: 69 Try: 1 Length: 38 and 59 Growth: False and False
Iteration: 69 Try: 1 Length: 19 and 78 Growth: False and False
Iteration: 69 Try: 1 Length: 9 and 88 Growth: False and False
Iteration: 69 Try: 1 Length: 4 and 93 Growth: False and True
Iteration: 70 Try: 0 Length: 47 and 46 Growth: False and False
Iteration: 70 Try: 0 Length: 37 and 56 Growth: False and False
Iteration: 70 Try: 0 Length: 18 and 75 Growth: False and False
Iteration: 70 Try: 0 Length: 9 and 84 Growth: False and False
Iteration: 70 Try: 0 Length: 4 and 89 Growth: False and False
Iteration: 70 Try: 0 Length: 2 and 91 Growth: False and True
Iteration: 71 Try: 0 Length: 46 and 45 Growth: False and False
Iteration: 71 Try: 0 Length: 36 and 55 Growth: False and False
Iteration: 71 Try: 0 Length: 18 and 73 Growth: False and False
Iteration: 71 Try: 0 Length: 9 and 82 Growth: False and False
Iteration: 71 Try: 0 Length: 4 and 87 Growth: False and False
Iteration: 71 Try: 0 Length: 2 and 89 Growth: False and False
Iteration: 71 Try: 0 Length: 1 and 90 Growth: False and True
Iteration: 72 Try: 0 Length: 45 and 45 Growth: False and False
Iteration: 72 Try: 0 Length: 36 and 54 Growth: False and False
Iteration: 72 Try: 0 Length: 18 and 72 Growth: False and False
Iteration: 72 Try: 0 Length: 9 and 81 Growth: False and False
Iteration: 72 Try: 0 Length: 4 and 86 Growth: False and False
Iteration: 72 Try: 0 Length: 2 and 88 Growth: False and False
Iteration: 72 Try: 0 Length: 1 and 89 Growth: False and False
Iteration: 73 Try: 1 Length: 45 and 45 Growth: False and False
Iteration: 73 Try: 1 Length: 36 and 54 Growth: False and False
Iteration: 73 Try: 1 Length: 18 and 72 Growth: False and False
Iteration: 73 Try: 1 Length: 9 and 81 Growth: False and False
Iteration: 73 Try: 1 Length: 4 and 86 Growth: False and True
Iteration: 74 Try: 0 Length: 43 and 43 Growth: False and False
Iteration: 74 Try: 0 Length: 34 and 52 Growth: False and False
Iteration: 74 Try: 0 Length: 17 and 69 Growth: False and False
Iteration: 74 Try: 0 Length: 8 and 78 Growth: False and False
Iteration: 74 Try: 0 Length: 4 and 82 Growth: False and False
Iteration: 74 Try: 0 Length: 2 and 84 Growth: False and False
Iteration: 74 Try: 0 Length: 1 and 85 Growth: False and True
Iteration: 75 Try: 0 Length: 43 and 42 Growth: False and False
Iteration: 75 Try: 0 Length: 34 and 51 Growth: False and False
Iteration: 75 Try: 0 Length: 17 and 68 Growth: False and False
Iteration: 75 Try: 0 Length: 8 and 77 Growth: False and False
Iteration: 75 Try: 0 Length: 4 and 81 Growth: False and False
Iteration: 75 Try: 0 Length: 2 and 83 Growth: False and False
Iteration: 75 Try: 0 Length: 1 and 84 Growth: False and False
Iteration: 76 Try: 1 Length: 43 and 42 Growth: False and False
Iteration: 76 Try: 1 Length: 34 and 51 Growth: False and False
Iteration: 76 Try: 1 Length: 17 and 68 Growth: False and False
Iteration: 76 Try: 1 Length: 8 and 77 Growth: False and False
Iteration: 76 Try: 1 Length: 4 and 81 Growth: False and False
Iteration: 76 Try: 1 Length: 2 and 83 Growth: False and True
Iteration: 77 Try: 0 Length: 42 and 41 Growth: False and False
Iteration: 77 Try: 0 Length: 33 and 50 Growth: False and False
Iteration: 77 Try: 0 Length: 16 and 67 Growth: False and False
Iteration: 77 Try: 0 Length: 8 and 75 Growth: False and False
Iteration: 77 Try: 0 Length: 4 and 79 Growth: False and False
Iteration: 77 Try: 0 Length: 2 and 81 Growth: False and False
Iteration: 77 Try: 0 Length: 1 and 82 Growth: False and False
Iteration: 78 Try: 1 Length: 42 and 41 Growth: False and False
Iteration: 78 Try: 1 Length: 33 and 50 Growth: False and False
Iteration: 78 Try: 1 Length: 16 and 67 Growth: False and False
Iteration: 78 Try: 1 Length: 8 and 75 Growth: False and True
Iteration: 79 Try: 0 Length: 38 and 37 Growth: False and False
Iteration: 79 Try: 0 Length: 30 and 45 Growth: False and False
Iteration: 79 Try: 0 Length: 15 and 60 Growth: False and False
Iteration: 79 Try: 0 Length: 7 and 68 Growth: False and False
Iteration: 79 Try: 0 Length: 3 and 72 Growth: False and True
Iteration: 80 Try: 0 Length: 36 and 36 Growth: False and False
Iteration: 80 Try: 0 Length: 28 and 44 Growth: False and False
Iteration: 80 Try: 0 Length: 14 and 58 Growth: False and False
Iteration: 80 Try: 0 Length: 7 and 65 Growth: False and False
Iteration: 80 Try: 0 Length: 3 and 69 Growth: False and False
Iteration: 80 Try: 0 Length: 1 and 71 Growth: False and False
Iteration: 81 Try: 1 Length: 36 and 36 Growth: False and False
Iteration: 81 Try: 1 Length: 28 and 44 Growth: False and False
Iteration: 81 Try: 1 Length: 14 and 58 Growth: False and False
Iteration: 81 Try: 1 Length: 7 and 65 Growth: False and False
Iteration: 81 Try: 1 Length: 3 and 69 Growth: False and False
Iteration: 81 Try: 1 Length: 1 and 71 Growth: False and True
Iteration: 82 Try: 0 Length: 36 and 35 Growth: False and False
Iteration: 82 Try: 0 Length: 28 and 43 Growth: False and False
Iteration: 82 Try: 0 Length: 14 and 57 Growth: False and False
Iteration: 82 Try: 0 Length: 7 and 64 Growth: False and False
Iteration: 82 Try: 0 Length: 3 and 68 Growth: False and False
Iteration: 82 Try: 0 Length: 1 and 70 Growth: False and True
Iteration: 83 Try: 0 Length: 35 and 35 Growth: False and False
Iteration: 83 Try: 0 Length: 28 and 42 Growth: False and False
Iteration: 83 Try: 0 Length: 14 and 56 Growth: False and False
Iteration: 83 Try: 0 Length: 7 and 63 Growth: False and False
Iteration: 83 Try: 0 Length: 3 and 67 Growth: False and False
Iteration: 83 Try: 0 Length: 1 and 69 Growth: False and False
Iteration: 84 Try: 1 Length: 35 and 35 Growth: False and False
Iteration: 84 Try: 1 Length: 28 and 42 Growth: False and False
Iteration: 84 Try: 1 Length: 14 and 56 Growth: False and False
Iteration: 84 Try: 1 Length: 7 and 63 Growth: False and False
Iteration: 84 Try: 1 Length: 3 and 67 Growth: False and False
Iteration: 84 Try: 1 Length: 1 and 69 Growth: False and False
Iteration: 85 Try: 2 Length: 35 and 35 Growth: False and False
Iteration: 85 Try: 2 Length: 28 and 42 Growth: False and False
Iteration: 85 Try: 2 Length: 14 and 56 Growth: False and False
Iteration: 85 Try: 2 Length: 7 and 63 Growth: False and False
Iteration: 85 Try: 2 Length: 3 and 67 Growth: False and True
Iteration: 86 Try: 0 Length: 34 and 33 Growth: False and False
Iteration: 86 Try: 0 Length: 26 and 41 Growth: False and False
Iteration: 86 Try: 0 Length: 13 and 54 Growth: False and False
Iteration: 86 Try: 0 Length: 6 and 61 Growth: False and False
Iteration: 86 Try: 0 Length: 3 and 64 Growth: False and True
Iteration: 87 Try: 0 Length: 32 and 32 Growth: False and False
Iteration: 87 Try: 0 Length: 25 and 39 Growth: False and False
Iteration: 87 Try: 0 Length: 12 and 52 Growth: False and False
Iteration: 87 Try: 0 Length: 6 and 58 Growth: False and False
Iteration: 87 Try: 0 Length: 3 and 61 Growth: False and False
Iteration: 87 Try: 0 Length: 1 and 63 Growth: False and False
Iteration: 88 Try: 1 Length: 32 and 32 Growth: False and False
Iteration: 88 Try: 1 Length: 25 and 39 Growth: False and False
Iteration: 88 Try: 1 Length: 12 and 52 Growth: False and False
Iteration: 88 Try: 1 Length: 6 and 58 Growth: False and False
Iteration: 88 Try: 1 Length: 3 and 61 Growth: False and False
Iteration: 88 Try: 1 Length: 1 and 63 Growth: False and True
Iteration: 89 Try: 0 Length: 32 and 31 Growth: False and False
Iteration: 89 Try: 0 Length: 25 and 38 Growth: False and False
Iteration: 89 Try: 0 Length: 12 and 51 Growth: False and False
Iteration: 89 Try: 0 Length: 6 and 57 Growth: False and False
Iteration: 89 Try: 0 Length: 3 and 60 Growth: False and False
Iteration: 89 Try: 0 Length: 1 and 62 Growth: False and True
Iteration: 90 Try: 0 Length: 31 and 31 Growth: False and False
Iteration: 90 Try: 0 Length: 24 and 38 Growth: False and False
Iteration: 90 Try: 0 Length: 12 and 50 Growth: False and False
Iteration: 90 Try: 0 Length: 6 and 56 Growth: False and False
Iteration: 90 Try: 0 Length: 3 and 59 Growth: False and False
Iteration: 90 Try: 0 Length: 1 and 61 Growth: False and False
Iteration: 91 Try: 1 Length: 31 and 31 Growth: False and False
Iteration: 91 Try: 1 Length: 24 and 38 Growth: False and False
Iteration: 91 Try: 1 Length: 12 and 50 Growth: False and False
Iteration: 91 Try: 1 Length: 6 and 56 Growth: False and True
Iteration: 92 Try: 0 Length: 28 and 28 Growth: False and False
Iteration: 92 Try: 0 Length: 22 and 34 Growth: False and False
Iteration: 92 Try: 0 Length: 11 and 45 Growth: False and False
Iteration: 92 Try: 0 Length: 5 and 51 Growth: False and False
Iteration: 92 Try: 0 Length: 2 and 54 Growth: False and True
Iteration: 93 Try: 0 Length: 27 and 27 Growth: False and False
Iteration: 93 Try: 0 Length: 21 and 33 Growth: False and False
Iteration: 93 Try: 0 Length: 10 and 44 Growth: False and False
Iteration: 93 Try: 0 Length: 5 and 49 Growth: False and False
Iteration: 93 Try: 0 Length: 2 and 52 Growth: False and False
Iteration: 93 Try: 0 Length: 1 and 53 Growth: False and False
Iteration: 94 Try: 1 Length: 27 and 27 Growth: False and False
Iteration: 94 Try: 1 Length: 21 and 33 Growth: False and False
Iteration: 94 Try: 1 Length: 10 and 44 Growth: False and False
Iteration: 94 Try: 1 Length: 5 and 49 Growth: False and False
Iteration: 94 Try: 1 Length: 2 and 52 Growth: False and True
Iteration: 95 Try: 0 Length: 26 and 26 Growth: False and False
Iteration: 95 Try: 0 Length: 20 and 32 Growth: False and False
Iteration: 95 Try: 0 Length: 10 and 42 Growth: False and False
Iteration: 95 Try: 0 Length: 5 and 47 Growth: False and False
Iteration: 95 Try: 0 Length: 2 and 50 Growth: False and False
Iteration: 95 Try: 0 Length: 1 and 51 Growth: False and False
Iteration: 96 Try: 1 Length: 26 and 26 Growth: False and False
Iteration: 96 Try: 1 Length: 20 and 32 Growth: False and False
Iteration: 96 Try: 1 Length: 10 and 42 Growth: False and False
Iteration: 96 Try: 1 Length: 5 and 47 Growth: False and False
Iteration: 96 Try: 1 Length: 2 and 50 Growth: False and True
Iteration: 97 Try: 0 Length: 25 and 25 Growth: False and False
Iteration: 97 Try: 0 Length: 20 and 30 Growth: False and False
Iteration: 97 Try: 0 Length: 10 and 40 Growth: False and False
Iteration: 97 Try: 0 Length: 5 and 45 Growth: False and False
Iteration: 97 Try: 0 Length: 2 and 48 Growth: False and False
Iteration: 97 Try: 0 Length: 1 and 49 Growth: False and False
Iteration: 98 Try: 1 Length: 25 and 25 Growth: False and False
Iteration: 98 Try: 1 Length: 20 and 30 Growth: False and False
Iteration: 98 Try: 1 Length: 10 and 40 Growth: False and False
Iteration: 98 Try: 1 Length: 5 and 45 Growth: False and False
Iteration: 98 Try: 1 Length: 2 and 48 Growth: False and False
Iteration: 98 Try: 1 Length: 1 and 49 Growth: False and False
Iteration: 99 Try: 2 Length: 25 and 25 Growth: False and False
Iteration: 99 Try: 2 Length: 20 and 30 Growth: False and False
Iteration: 99 Try: 2 Length: 10 and 40 Growth: False and False
Iteration: 99 Try: 2 Length: 5 and 45 Growth: False and False
Iteration: 99 Try: 2 Length: 2 and 48 Growth: False and True
Iteration: 100 Try: 0 Length: 24 and 24 Growth: False and False
Iteration: 100 Try: 0 Length: 19 and 29 Growth: False and False
Iteration: 100 Try: 0 Length: 9 and 39 Growth: False and False
Iteration: 100 Try: 0 Length: 4 and 44 Growth: False and False
Iteration: 100 Try: 0 Length: 2 and 46 Growth: False and False
Iteration: 100 Try: 0 Length: 1 and 47 Growth: False and False
Iteration: 101 Try: 1 Length: 24 and 24 Growth: False and False
Iteration: 101 Try: 1 Length: 19 and 29 Growth: False and False
Iteration: 101 Try: 1 Length: 9 and 39 Growth: False and True
Iteration: 102 Try: 0 Length: 20 and 19 Growth: False and False
Iteration: 102 Try: 0 Length: 15 and 24 Growth: False and False
Iteration: 102 Try: 0 Length: 7 and 32 Growth: False and False
Iteration: 102 Try: 0 Length: 3 and 36 Growth: False and False
Iteration: 102 Try: 0 Length: 1 and 38 Growth: False and False
Iteration: 103 Try: 1 Length: 20 and 19 Growth: False and False
Iteration: 103 Try: 1 Length: 15 and 24 Growth: False and False
Iteration: 103 Try: 1 Length: 7 and 32 Growth: False and False
Iteration: 103 Try: 1 Length: 3 and 36 Growth: False and False
Iteration: 103 Try: 1 Length: 1 and 38 Growth: False and True
Iteration: 104 Try: 0 Length: 19 and 19 Growth: False and False
Iteration: 104 Try: 0 Length: 15 and 23 Growth: False and False
Iteration: 104 Try: 0 Length: 7 and 31 Growth: False and False
Iteration: 104 Try: 0 Length: 3 and 35 Growth: False and False
Iteration: 104 Try: 0 Length: 1 and 37 Growth: False and False
Iteration: 105 Try: 1 Length: 19 and 19 Growth: False and False
Iteration: 105 Try: 1 Length: 15 and 23 Growth: False and False
Iteration: 105 Try: 1 Length: 7 and 31 Growth: False and False
Iteration: 105 Try: 1 Length: 3 and 35 Growth: False and True
Iteration: 106 Try: 0 Length: 18 and 17 Growth: False and False
Iteration: 106 Try: 0 Length: 14 and 21 Growth: False and False
Iteration: 106 Try: 0 Length: 7 and 28 Growth: False and False
Iteration: 106 Try: 0 Length: 3 and 32 Growth: False and False
Iteration: 106 Try: 0 Length: 1 and 34 Growth: False and False
Iteration: 107 Try: 1 Length: 18 and 17 Growth: False and False
Iteration: 107 Try: 1 Length: 14 and 21 Growth: False and False
Iteration: 107 Try: 1 Length: 7 and 28 Growth: False and False
Iteration: 107 Try: 1 Length: 3 and 32 Growth: False and True
Iteration: 108 Try: 0 Length: 16 and 16 Growth: False and False
Iteration: 108 Try: 0 Length: 12 and 20 Growth: False and False
Iteration: 108 Try: 0 Length: 6 and 26 Growth: False and False
Iteration: 108 Try: 0 Length: 3 and 29 Growth: False and False
Iteration: 108 Try: 0 Length: 1 and 31 Growth: False and True
Iteration: 109 Try: 0 Length: 16 and 15 Growth: False and False
Iteration: 109 Try: 0 Length: 12 and 19 Growth: False and False
Iteration: 109 Try: 0 Length: 6 and 25 Growth: False and False
Iteration: 109 Try: 0 Length: 3 and 28 Growth: False and False
Iteration: 109 Try: 0 Length: 1 and 30 Growth: False and True
Iteration: 110 Try: 0 Length: 15 and 15 Growth: False and False
Iteration: 110 Try: 0 Length: 12 and 18 Growth: False and False
Iteration: 110 Try: 0 Length: 6 and 24 Growth: False and False
Iteration: 110 Try: 0 Length: 3 and 27 Growth: False and False
Iteration: 110 Try: 0 Length: 1 and 29 Growth: False and False
Iteration: 111 Try: 1 Length: 15 and 15 Growth: False and False
Iteration: 111 Try: 1 Length: 12 and 18 Growth: False and False
Iteration: 111 Try: 1 Length: 6 and 24 Growth: False and False
Iteration: 111 Try: 1 Length: 3 and 27 Growth: False and False
Iteration: 111 Try: 1 Length: 1 and 29 Growth: False and True
Iteration: 112 Try: 0 Length: 15 and 14 Growth: False and False
Iteration: 112 Try: 0 Length: 11 and 18 Growth: False and False
Iteration: 112 Try: 0 Length: 5 and 24 Growth: False and False
Iteration: 112 Try: 0 Length: 2 and 27 Growth: False and False
Iteration: 112 Try: 0 Length: 1 and 28 Growth: False and False
Iteration: 113 Try: 1 Length: 15 and 14 Growth: False and False
Iteration: 113 Try: 1 Length: 11 and 18 Growth: False and False
Iteration: 113 Try: 1 Length: 5 and 24 Growth: False and False
Iteration: 113 Try: 1 Length: 2 and 27 Growth: False and False
Iteration: 113 Try: 1 Length: 1 and 28 Growth: False and False
Iteration: 114 Try: 2 Length: 15 and 14 Growth: False and False
Iteration: 114 Try: 2 Length: 11 and 18 Growth: False and False
Iteration: 114 Try: 2 Length: 5 and 24 Growth: False and False
Iteration: 114 Try: 2 Length: 2 and 27 Growth: False and False
Iteration: 114 Try: 2 Length: 1 and 28 Growth: False and False
Iteration: 115 Try: 3 Length: 15 and 14 Growth: False and False
Iteration: 115 Try: 3 Length: 11 and 18 Growth: False and False
Iteration: 115 Try: 3 Length: 5 and 24 Growth: False and False
Iteration: 115 Try: 3 Length: 2 and 27 Growth: False and False
Iteration: 115 Try: 3 Length: 1 and 28 Growth: False and False
Iteration: 116 Try: 4 Length: 15 and 14 Growth: False and False
Iteration: 116 Try: 4 Length: 11 and 18 Growth: False and False
Iteration: 116 Try: 4 Length: 5 and 24 Growth: False and False
Iteration: 116 Try: 4 Length: 2 and 27 Growth: False and False
Iteration: 116 Try: 4 Length: 1 and 28 Growth: False and False
Iteration: 117 Try: 5 Length: 15 and 14 Growth: False and False
Iteration: 117 Try: 5 Length: 11 and 18 Growth: False and False
Iteration: 117 Try: 5 Length: 5 and 24 Growth: False and False
Iteration: 117 Try: 5 Length: 2 and 27 Growth: False and True
Iteration: 118 Try: 0 Length: 14 and 13 Growth: False and False
Iteration: 118 Try: 0 Length: 10 and 17 Growth: False and False
Iteration: 118 Try: 0 Length: 5 and 22 Growth: False and False
Iteration: 118 Try: 0 Length: 2 and 25 Growth: False and False
Iteration: 118 Try: 0 Length: 1 and 26 Growth: False and False
Iteration: 119 Try: 1 Length: 14 and 13 Growth: False and False
Iteration: 119 Try: 1 Length: 10 and 17 Growth: False and False
Iteration: 119 Try: 1 Length: 5 and 22 Growth: False and False
Iteration: 119 Try: 1 Length: 2 and 25 Growth: False and False
Iteration: 119 Try: 1 Length: 1 and 26 Growth: False and False
Iteration: 120 Try: 2 Length: 14 and 13 Growth: False and False
Iteration: 120 Try: 2 Length: 10 and 17 Growth: False and False
Iteration: 120 Try: 2 Length: 5 and 22 Growth: False and False
Iteration: 120 Try: 2 Length: 2 and 25 Growth: False and False
Iteration: 120 Try: 2 Length: 1 and 26 Growth: False and True
Iteration: 121 Try: 0 Length: 13 and 13 Growth: False and False
Iteration: 121 Try: 0 Length: 10 and 16 Growth: False and False
Iteration: 121 Try: 0 Length: 5 and 21 Growth: False and False
Iteration: 121 Try: 0 Length: 2 and 24 Growth: False and False
Iteration: 121 Try: 0 Length: 1 and 25 Growth: False and False
Iteration: 122 Try: 1 Length: 13 and 13 Growth: False and False
Iteration: 122 Try: 1 Length: 10 and 16 Growth: False and False
Iteration: 122 Try: 1 Length: 5 and 21 Growth: False and False
Iteration: 122 Try: 1 Length: 2 and 24 Growth: False and False
Iteration: 122 Try: 1 Length: 1 and 25 Growth: False and True
Iteration: 123 Try: 0 Length: 13 and 12 Growth: False and False
Iteration: 123 Try: 0 Length: 10 and 15 Growth: False and False
Iteration: 123 Try: 0 Length: 5 and 20 Growth: False and False
Iteration: 123 Try: 0 Length: 2 and 23 Growth: False and False
Iteration: 123 Try: 0 Length: 1 and 24 Growth: False and False
Iteration: 124 Try: 1 Length: 13 and 12 Growth: False and False
Iteration: 124 Try: 1 Length: 10 and 15 Growth: False and False
Iteration: 124 Try: 1 Length: 5 and 20 Growth: False and False
Iteration: 124 Try: 1 Length: 2 and 23 Growth: False and False
Iteration: 124 Try: 1 Length: 1 and 24 Growth: False and False
Iteration: 125 Try: 2 Length: 13 and 12 Growth: False and False
Iteration: 125 Try: 2 Length: 10 and 15 Growth: False and False
Iteration: 125 Try: 2 Length: 5 and 20 Growth: False and False
Iteration: 125 Try: 2 Length: 2 and 23 Growth: False and False
Iteration: 125 Try: 2 Length: 1 and 24 Growth: False and False
Iteration: 126 Try: 3 Length: 13 and 12 Growth: False and False
Iteration: 126 Try: 3 Length: 10 and 15 Growth: False and False
Iteration: 126 Try: 3 Length: 5 and 20 Growth: False and False
Iteration: 126 Try: 3 Length: 2 and 23 Growth: False and False
Iteration: 126 Try: 3 Length: 1 and 24 Growth: False and True
Iteration: 127 Try: 0 Length: 12 and 12 Growth: False and False
Iteration: 127 Try: 0 Length: 9 and 15 Growth: False and False
Iteration: 127 Try: 0 Length: 4 and 20 Growth: False and False
Iteration: 127 Try: 0 Length: 2 and 22 Growth: False and False
Iteration: 127 Try: 0 Length: 1 and 23 Growth: False and False
Iteration: 128 Try: 1 Length: 12 and 12 Growth: False and False
Iteration: 128 Try: 1 Length: 9 and 15 Growth: False and False
Iteration: 128 Try: 1 Length: 4 and 20 Growth: False and False
Iteration: 128 Try: 1 Length: 2 and 22 Growth: False and False
Iteration: 128 Try: 1 Length: 1 and 23 Growth: False and False
Iteration: 129 Try: 2 Length: 12 and 12 Growth: False and False
Iteration: 129 Try: 2 Length: 9 and 15 Growth: False and False
Iteration: 129 Try: 2 Length: 4 and 20 Growth: False and False
Iteration: 129 Try: 2 Length: 2 and 22 Growth: False and False
Iteration: 129 Try: 2 Length: 1 and 23 Growth: False and False
Iteration: 130 Try: 3 Length: 12 and 12 Growth: False and False
Iteration: 130 Try: 3 Length: 9 and 15 Growth: False and False
Iteration: 130 Try: 3 Length: 4 and 20 Growth: False and False
Iteration: 130 Try: 3 Length: 2 and 22 Growth: False and True
Iteration: 131 Try: 0 Length: 11 and 11 Growth: False and False
Iteration: 131 Try: 0 Length: 8 and 14 Growth: False and False
Iteration: 131 Try: 0 Length: 4 and 18 Growth: False and False
Iteration: 131 Try: 0 Length: 2 and 20 Growth: False and False
Iteration: 131 Try: 0 Length: 1 and 21 Growth: False and False
Iteration: 132 Try: 1 Length: 11 and 11 Growth: False and False
Iteration: 132 Try: 1 Length: 8 and 14 Growth: False and False
Iteration: 132 Try: 1 Length: 4 and 18 Growth: False and False
Iteration: 132 Try: 1 Length: 2 and 20 Growth: False and True
Iteration: 133 Try: 0 Length: 10 and 10 Growth: False and False
Iteration: 133 Try: 0 Length: 8 and 12 Growth: False and False
Iteration: 133 Try: 0 Length: 4 and 16 Growth: False and False
Iteration: 133 Try: 0 Length: 2 and 18 Growth: False and False
Iteration: 133 Try: 0 Length: 1 and 19 Growth: False and False
Iteration: 134 Try: 1 Length: 10 and 10 Growth: False and False
Iteration: 134 Try: 1 Length: 8 and 12 Growth: False and False
Iteration: 134 Try: 1 Length: 4 and 16 Growth: False and False
Iteration: 134 Try: 1 Length: 2 and 18 Growth: False and True
Iteration: 135 Try: 0 Length: 9 and 9 Growth: False and False
Iteration: 135 Try: 0 Length: 7 and 11 Growth: False and False
Iteration: 135 Try: 0 Length: 3 and 15 Growth: False and False
Iteration: 135 Try: 0 Length: 1 and 17 Growth: False and False
Iteration: 136 Try: 1 Length: 9 and 9 Growth: False and False
Iteration: 136 Try: 1 Length: 7 and 11 Growth: False and False
Iteration: 136 Try: 1 Length: 3 and 15 Growth: False and False
Iteration: 136 Try: 1 Length: 1 and 17 Growth: False and True
Iteration: 137 Try: 0 Length: 9 and 8 Growth: False and False
Iteration: 137 Try: 0 Length: 6 and 11 Growth: False and False
Iteration: 137 Try: 0 Length: 3 and 14 Growth: False and False
Iteration: 137 Try: 0 Length: 1 and 16 Growth: False and True
Iteration: 138 Try: 0 Length: 8 and 8 Growth: False and False
Iteration: 138 Try: 0 Length: 6 and 10 Growth: False and False
Iteration: 138 Try: 0 Length: 3 and 13 Growth: False and False
Iteration: 138 Try: 0 Length: 1 and 15 Growth: False and False
Iteration: 139 Try: 1 Length: 8 and 8 Growth: False and False
Iteration: 139 Try: 1 Length: 6 and 10 Growth: False and False
Iteration: 139 Try: 1 Length: 3 and 13 Growth: False and False
Iteration: 139 Try: 1 Length: 1 and 15 Growth: False and False
Iteration: 140 Try: 2 Length: 8 and 8 Growth: False and False
Iteration: 140 Try: 2 Length: 6 and 10 Growth: False and False
Iteration: 140 Try: 2 Length: 3 and 13 Growth: False and False
Iteration: 140 Try: 2 Length: 1 and 15 Growth: False and False
Iteration: 141 Try: 3 Length: 8 and 8 Growth: False and False
Iteration: 141 Try: 3 Length: 6 and 10 Growth: False and False
Iteration: 141 Try: 3 Length: 3 and 13 Growth: False and False
Iteration: 141 Try: 3 Length: 1 and 15 Growth: False and False
Iteration: 142 Try: 4 Length: 8 and 8 Growth: False and False
Iteration: 142 Try: 4 Length: 6 and 10 Growth: False and False
Iteration: 142 Try: 4 Length: 3 and 13 Growth: False and False
Iteration: 142 Try: 4 Length: 1 and 15 Growth: False and False
Iteration: 143 Try: 5 Length: 8 and 8 Growth: False and False
Iteration: 143 Try: 5 Length: 6 and 10 Growth: False and False
Iteration: 143 Try: 5 Length: 3 and 13 Growth: False and False
Iteration: 143 Try: 5 Length: 1 and 15 Growth: False and False
There are 16 reactions remaining: set(['rxn09177', 'rxn00714', 'rxn00346', 'rxn01213', 'rxn01466', 'rxn05493', 'rxn02507', 'rxn00293', 'rxn01268', 'rxn02356', 'rxn00122', 'rxn01256', 'rxn03087', 'rxn02341', 'rxn03638', 'rxn02508'])
Testing suggestions from media
At the beginning the base list has 1249  and the optional list has 49 reactions
Iteration: 1 Try: 0 Length: 25 and 24 Growth: True and True
Iteration: 2 Try: 0 Length: 13 and 12 Growth: True and True
Iteration: 3 Try: 0 Length: 7 and 6 Growth: True and False
Iteration: 4 Try: 0 Length: 4 and 3 Growth: False and False
Iteration: 4 Try: 0 Length: 2 and 5 Growth: False and False
Iteration: 4 Try: 0 Length: 1 and 6 Growth: False and True
Iteration: 5 Try: 0 Length: 3 and 3 Growth: False and False
Iteration: 5 Try: 0 Length: 2 and 4 Growth: False and False
Iteration: 5 Try: 0 Length: 1 and 5 Growth: False and False
Iteration: 6 Try: 1 Length: 3 and 3 Growth: False and False
Iteration: 6 Try: 1 Length: 2 and 4 Growth: False and True
Iteration: 7 Try: 0 Length: 2 and 2 Growth: False and False
Iteration: 7 Try: 0 Length: 1 and 3 Growth: False and False
Iteration: 8 Try: 1 Length: 2 and 2 Growth: False and False
Iteration: 8 Try: 1 Length: 1 and 3 Growth: False and False
Iteration: 9 Try: 2 Length: 2 and 2 Growth: False and False
Iteration: 9 Try: 2 Length: 1 and 3 Growth: False and False
Iteration: 10 Try: 3 Length: 2 and 2 Growth: False and False
Iteration: 10 Try: 3 Length: 1 and 3 Growth: False and False
Iteration: 11 Try: 4 Length: 2 and 2 Growth: False and False
Iteration: 11 Try: 4 Length: 1 and 3 Growth: False and False
Iteration: 12 Try: 5 Length: 2 and 2 Growth: False and False
Iteration: 12 Try: 5 Length: 1 and 3 Growth: False and True
Iteration: 13 Try: 0 Length: 2 and 1 Growth: False and False
Iteration: 13 Try: 0 Length: 1 and 2 Growth: False and False
Iteration: 14 Try: 1 Length: 2 and 1 Growth: False and False
Iteration: 14 Try: 1 Length: 1 and 2 Growth: False and False
Iteration: 15 Try: 2 Length: 2 and 1 Growth: False and False
Iteration: 15 Try: 2 Length: 1 and 2 Growth: False and False
Iteration: 16 Try: 3 Length: 2 and 1 Growth: False and False
Iteration: 16 Try: 3 Length: 1 and 2 Growth: False and False
Iteration: 17 Try: 4 Length: 2 and 1 Growth: False and False
Iteration: 17 Try: 4 Length: 1 and 2 Growth: False and False
Iteration: 18 Try: 5 Length: 2 and 1 Growth: False and False
Iteration: 18 Try: 5 Length: 1 and 2 Growth: False and False
There are 3 reactions remaining: set(['rxn08186', 'rxn08952', 'rxn29072'])
Testing suggestions from essential
At the beginning the base list has 1215  and the optional list has 37 reactions
Iteration: 1 Try: 0 Length: 19 and 18 Growth: False and False
Iteration: 1 Try: 0 Length: 14 and 23 Growth: False and False
Iteration: 1 Try: 0 Length: 7 and 30 Growth: False and False
Iteration: 1 Try: 0 Length: 3 and 34 Growth: False and True
Iteration: 2 Try: 0 Length: 17 and 17 Growth: False and False
Iteration: 2 Try: 0 Length: 13 and 21 Growth: False and False
Iteration: 2 Try: 0 Length: 6 and 28 Growth: False and False
Iteration: 2 Try: 0 Length: 3 and 31 Growth: False and False
Iteration: 2 Try: 0 Length: 1 and 33 Growth: False and False
Iteration: 3 Try: 1 Length: 17 and 17 Growth: False and False
Iteration: 3 Try: 1 Length: 13 and 21 Growth: False and True
Iteration: 4 Try: 0 Length: 11 and 10 Growth: False and False
Iteration: 4 Try: 0 Length: 8 and 13 Growth: False and False
Iteration: 4 Try: 0 Length: 4 and 17 Growth: False and False
Iteration: 4 Try: 0 Length: 2 and 19 Growth: False and True
Iteration: 5 Try: 0 Length: 10 and 9 Growth: False and False
Iteration: 5 Try: 0 Length: 7 and 12 Growth: False and False
Iteration: 5 Try: 0 Length: 3 and 16 Growth: False and False
Iteration: 5 Try: 0 Length: 1 and 18 Growth: False and False
Iteration: 6 Try: 1 Length: 10 and 9 Growth: False and False
Iteration: 6 Try: 1 Length: 7 and 12 Growth: False and False
Iteration: 6 Try: 1 Length: 3 and 16 Growth: False and False
Iteration: 6 Try: 1 Length: 1 and 18 Growth: False and False
Iteration: 7 Try: 2 Length: 10 and 9 Growth: False and False
Iteration: 7 Try: 2 Length: 7 and 12 Growth: False and False
Iteration: 7 Try: 2 Length: 3 and 16 Growth: False and False
Iteration: 7 Try: 2 Length: 1 and 18 Growth: False and True
Iteration: 8 Try: 0 Length: 9 and 9 Growth: False and False
Iteration: 8 Try: 0 Length: 7 and 11 Growth: False and False
Iteration: 8 Try: 0 Length: 3 and 15 Growth: False and False
Iteration: 8 Try: 0 Length: 1 and 17 Growth: False and True
Iteration: 9 Try: 0 Length: 9 and 8 Growth: False and False
Iteration: 9 Try: 0 Length: 6 and 11 Growth: False and False
Iteration: 9 Try: 0 Length: 3 and 14 Growth: False and False
Iteration: 9 Try: 0 Length: 1 and 16 Growth: False and False
Iteration: 10 Try: 1 Length: 9 and 8 Growth: False and False
Iteration: 10 Try: 1 Length: 6 and 11 Growth: False and False
Iteration: 10 Try: 1 Length: 3 and 14 Growth: False and True
Iteration: 11 Try: 0 Length: 7 and 7 Growth: False and False
Iteration: 11 Try: 0 Length: 5 and 9 Growth: False and False
Iteration: 11 Try: 0 Length: 2 and 12 Growth: False and False
Iteration: 11 Try: 0 Length: 1 and 13 Growth: False and False
Iteration: 12 Try: 1 Length: 7 and 7 Growth: False and False
Iteration: 12 Try: 1 Length: 5 and 9 Growth: False and False
Iteration: 12 Try: 1 Length: 2 and 12 Growth: False and False
Iteration: 12 Try: 1 Length: 1 and 13 Growth: False and True
Iteration: 13 Try: 0 Length: 7 and 6 Growth: False and False
Iteration: 13 Try: 0 Length: 5 and 8 Growth: False and False
Iteration: 13 Try: 0 Length: 2 and 11 Growth: False and False
Iteration: 13 Try: 0 Length: 1 and 12 Growth: False and False
Iteration: 14 Try: 1 Length: 7 and 6 Growth: False and False
Iteration: 14 Try: 1 Length: 5 and 8 Growth: False and False
Iteration: 14 Try: 1 Length: 2 and 11 Growth: False and True
Iteration: 15 Try: 0 Length: 6 and 5 Growth: False and False
Iteration: 15 Try: 0 Length: 4 and 7 Growth: False and False
Iteration: 15 Try: 0 Length: 2 and 9 Growth: False and False
Iteration: 15 Try: 0 Length: 1 and 10 Growth: False and True
Iteration: 16 Try: 0 Length: 5 and 5 Growth: False and False
Iteration: 16 Try: 0 Length: 4 and 6 Growth: False and False
Iteration: 16 Try: 0 Length: 2 and 8 Growth: False and False
Iteration: 16 Try: 0 Length: 1 and 9 Growth: False and False
Iteration: 17 Try: 1 Length: 5 and 5 Growth: False and False
Iteration: 17 Try: 1 Length: 4 and 6 Growth: False and False
Iteration: 17 Try: 1 Length: 2 and 8 Growth: False and False
Iteration: 17 Try: 1 Length: 1 and 9 Growth: False and False
Iteration: 18 Try: 2 Length: 5 and 5 Growth: False and False
Iteration: 18 Try: 2 Length: 4 and 6 Growth: False and False
Iteration: 18 Try: 2 Length: 2 and 8 Growth: False and False
Iteration: 18 Try: 2 Length: 1 and 9 Growth: False and False
Iteration: 19 Try: 3 Length: 5 and 5 Growth: False and False
Iteration: 19 Try: 3 Length: 4 and 6 Growth: False and False
Iteration: 19 Try: 3 Length: 2 and 8 Growth: False and False
Iteration: 19 Try: 3 Length: 1 and 9 Growth: False and False
Iteration: 20 Try: 4 Length: 5 and 5 Growth: False and False
Iteration: 20 Try: 4 Length: 4 and 6 Growth: False and False
Iteration: 20 Try: 4 Length: 2 and 8 Growth: False and False
Iteration: 20 Try: 4 Length: 1 and 9 Growth: False and False
Iteration: 21 Try: 5 Length: 5 and 5 Growth: False and False
Iteration: 21 Try: 5 Length: 4 and 6 Growth: False and False
Iteration: 21 Try: 5 Length: 2 and 8 Growth: False and True
Iteration: 22 Try: 0 Length: 4 and 4 Growth: False and False
Iteration: 22 Try: 0 Length: 3 and 5 Growth: False and False
Iteration: 22 Try: 0 Length: 1 and 7 Growth: False and False
Iteration: 23 Try: 1 Length: 4 and 4 Growth: False and False
Iteration: 23 Try: 1 Length: 3 and 5 Growth: False and False
Iteration: 23 Try: 1 Length: 1 and 7 Growth: False and False
Iteration: 24 Try: 2 Length: 4 and 4 Growth: False and False
Iteration: 24 Try: 2 Length: 3 and 5 Growth: False and False
Iteration: 24 Try: 2 Length: 1 and 7 Growth: False and False
Iteration: 25 Try: 3 Length: 4 and 4 Growth: False and False
Iteration: 25 Try: 3 Length: 3 and 5 Growth: False and False
Iteration: 25 Try: 3 Length: 1 and 7 Growth: False and False
Iteration: 26 Try: 4 Length: 4 and 4 Growth: False and False
Iteration: 26 Try: 4 Length: 3 and 5 Growth: False and False
Iteration: 26 Try: 4 Length: 1 and 7 Growth: False and False
Iteration: 27 Try: 5 Length: 4 and 4 Growth: False and False
Iteration: 27 Try: 5 Length: 3 and 5 Growth: False and False
Iteration: 27 Try: 5 Length: 1 and 7 Growth: False and True
Iteration: 28 Try: 0 Length: 4 and 3 Growth: False and False
Iteration: 28 Try: 0 Length: 2 and 5 Growth: False and False
Iteration: 28 Try: 0 Length: 1 and 6 Growth: False and False
Iteration: 29 Try: 1 Length: 4 and 3 Growth: False and False
Iteration: 29 Try: 1 Length: 2 and 5 Growth: False and False
Iteration: 29 Try: 1 Length: 1 and 6 Growth: False and False
Iteration: 30 Try: 2 Length: 4 and 3 Growth: False and False
Iteration: 30 Try: 2 Length: 2 and 5 Growth: False and False
Iteration: 30 Try: 2 Length: 1 and 6 Growth: False and False
Iteration: 31 Try: 3 Length: 4 and 3 Growth: False and False
Iteration: 31 Try: 3 Length: 2 and 5 Growth: False and False
Iteration: 31 Try: 3 Length: 1 and 6 Growth: False and False
Iteration: 32 Try: 4 Length: 4 and 3 Growth: False and False
Iteration: 32 Try: 4 Length: 2 and 5 Growth: False and False
Iteration: 32 Try: 4 Length: 1 and 6 Growth: False and False
Iteration: 33 Try: 5 Length: 4 and 3 Growth: False and False
Iteration: 33 Try: 5 Length: 2 and 5 Growth: False and False
Iteration: 33 Try: 5 Length: 1 and 6 Growth: False and False
There are 7 reactions remaining: set(['rxn01208', 'rxn10473', 'rxn05377', 'rxn05116', 'rxn05195', 'rxn05319', 'rxn00392'])
