For the initial run we get growth of 0.0 which is False
After adding 37 ESSENTIAL reactions we get 0.0 (growth is False)

After adding 49 MEDIA reactions we get -2.67197463061e-12 (growth is False)

After adding 354 SUBSYSTEM reactions we get 1.82526169199e-13 (growth is False)

After adding 3368 ORPHAN reactions we get 0.0 (growth is False)

After adding 3 reactions in models/260578/6666666.127375.closest.genomes.roles we get 3.11984308797e-13 (growth is False)

There are 3216 compounds before assigning probabilities
Average score for reactions we are running:
Left: 0.998844375963
Right: 1.0
Using a cutoff of 0.998844375963
Proposing 3023 reactions
After adding 3023 PROBABILITY reactions we get 1000.0 (growth is True)

Testing suggestions from probability
Successfully limited the reactions by compound and reduced  from 3023 to 2963
At the beginning the base list has 4977  and the optional list has 2963 reactions
Iteration: 1 Try: 0 Length: 1482 and 1481 Growth: False and True
Iteration: 2 Try: 0 Length: 741 and 740 Growth: True and False
Iteration: 3 Try: 0 Length: 371 and 370 Growth: False and True
Iteration: 4 Try: 0 Length: 185 and 185 Growth: False and True
Iteration: 5 Try: 0 Length: 93 and 92 Growth: False and True
Iteration: 6 Try: 0 Length: 46 and 46 Growth: False and True
Iteration: 7 Try: 0 Length: 23 and 23 Growth: True and False
Iteration: 8 Try: 0 Length: 12 and 11 Growth: True and False
Iteration: 9 Try: 0 Length: 6 and 6 Growth: False and True
Iteration: 10 Try: 0 Length: 3 and 3 Growth: True and False
Iteration: 11 Try: 0 Length: 2 and 1 Growth: True and False
Iteration: 12 Try: 0 Length: 1 and 1 Growth: False and True
There are 1 reactions remaining: set(['rxn05039'])
Testing suggestions from close genomes 
The set of 'base' reactions results in growth so we don't need to bisect the optional set
Testing suggestions from orphans
Successfully limited the reactions by compound and reduced  from 3368 to 3362
At the beginning the base list has 1607  and the optional list has 3362 reactions
Iteration: 1 Try: 0 Length: 1681 and 1681 Growth: False and False
Iteration: 1 Try: 0 Length: 1344 and 2018 Growth: False and False
Iteration: 1 Try: 0 Length: 672 and 2690 Growth: False and True
Iteration: 2 Try: 0 Length: 1345 and 1345 Growth: False and False
Iteration: 2 Try: 0 Length: 1076 and 1614 Growth: True and False
Iteration: 3 Try: 0 Length: 538 and 538 Growth: False and False
Iteration: 3 Try: 0 Length: 430 and 646 Growth: False and False
Iteration: 3 Try: 0 Length: 215 and 861 Growth: False and False
Iteration: 3 Try: 0 Length: 107 and 969 Growth: False and False
Iteration: 3 Try: 0 Length: 53 and 1023 Growth: False and True
Iteration: 4 Try: 0 Length: 512 and 511 Growth: False and False
Iteration: 4 Try: 0 Length: 409 and 614 Growth: False and False
Iteration: 4 Try: 0 Length: 204 and 819 Growth: False and False
Iteration: 4 Try: 0 Length: 102 and 921 Growth: False and False
Iteration: 4 Try: 0 Length: 51 and 972 Growth: False and False
Iteration: 4 Try: 0 Length: 25 and 998 Growth: False and False
Iteration: 4 Try: 0 Length: 12 and 1011 Growth: False and False
Iteration: 4 Try: 0 Length: 6 and 1017 Growth: False and False
Iteration: 4 Try: 0 Length: 3 and 1020 Growth: False and False
Iteration: 4 Try: 0 Length: 1 and 1022 Growth: False and True
Iteration: 5 Try: 0 Length: 511 and 511 Growth: False and False
Iteration: 5 Try: 0 Length: 408 and 614 Growth: False and False
Iteration: 5 Try: 0 Length: 204 and 818 Growth: False and False
Iteration: 5 Try: 0 Length: 102 and 920 Growth: False and False
Iteration: 5 Try: 0 Length: 51 and 971 Growth: False and False
Iteration: 5 Try: 0 Length: 25 and 997 Growth: False and False
Iteration: 5 Try: 0 Length: 12 and 1010 Growth: False and False
Iteration: 5 Try: 0 Length: 6 and 1016 Growth: False and False
Iteration: 5 Try: 0 Length: 3 and 1019 Growth: False and False
Iteration: 5 Try: 0 Length: 1 and 1021 Growth: False and False
Iteration: 6 Try: 1 Length: 511 and 511 Growth: False and False
Iteration: 6 Try: 1 Length: 408 and 614 Growth: False and False
Iteration: 6 Try: 1 Length: 204 and 818 Growth: False and False
Iteration: 6 Try: 1 Length: 102 and 920 Growth: False and True
Iteration: 7 Try: 0 Length: 460 and 460 Growth: False and False
Iteration: 7 Try: 0 Length: 368 and 552 Growth: False and False
Iteration: 7 Try: 0 Length: 184 and 736 Growth: False and False
Iteration: 7 Try: 0 Length: 92 and 828 Growth: False and False
Iteration: 7 Try: 0 Length: 46 and 874 Growth: False and False
Iteration: 7 Try: 0 Length: 23 and 897 Growth: False and False
Iteration: 7 Try: 0 Length: 11 and 909 Growth: False and True
Iteration: 8 Try: 0 Length: 455 and 454 Growth: False and False
Iteration: 8 Try: 0 Length: 363 and 546 Growth: False and False
Iteration: 8 Try: 0 Length: 181 and 728 Growth: False and False
Iteration: 8 Try: 0 Length: 90 and 819 Growth: False and False
Iteration: 8 Try: 0 Length: 45 and 864 Growth: False and False
Iteration: 8 Try: 0 Length: 22 and 887 Growth: False and False
Iteration: 8 Try: 0 Length: 11 and 898 Growth: False and True
Iteration: 9 Try: 0 Length: 449 and 449 Growth: False and False
Iteration: 9 Try: 0 Length: 359 and 539 Growth: False and False
Iteration: 9 Try: 0 Length: 179 and 719 Growth: False and False
Iteration: 9 Try: 0 Length: 89 and 809 Growth: False and False
Iteration: 9 Try: 0 Length: 44 and 854 Growth: False and False
Iteration: 9 Try: 0 Length: 22 and 876 Growth: False and False
Iteration: 9 Try: 0 Length: 11 and 887 Growth: False and False
Iteration: 9 Try: 0 Length: 5 and 893 Growth: False and False
Iteration: 9 Try: 0 Length: 2 and 896 Growth: False and False
Iteration: 9 Try: 0 Length: 1 and 897 Growth: False and False
Iteration: 10 Try: 1 Length: 449 and 449 Growth: False and False
Iteration: 10 Try: 1 Length: 359 and 539 Growth: False and False
Iteration: 10 Try: 1 Length: 179 and 719 Growth: False and False
Iteration: 10 Try: 1 Length: 89 and 809 Growth: False and True
Iteration: 11 Try: 0 Length: 405 and 404 Growth: False and False
Iteration: 11 Try: 0 Length: 323 and 486 Growth: False and False
Iteration: 11 Try: 0 Length: 161 and 648 Growth: False and False
Iteration: 11 Try: 0 Length: 80 and 729 Growth: False and False
Iteration: 11 Try: 0 Length: 40 and 769 Growth: False and True
Iteration: 12 Try: 0 Length: 385 and 384 Growth: False and False
Iteration: 12 Try: 0 Length: 307 and 462 Growth: False and False
Iteration: 12 Try: 0 Length: 153 and 616 Growth: False and False
Iteration: 12 Try: 0 Length: 76 and 693 Growth: False and False
Iteration: 12 Try: 0 Length: 38 and 731 Growth: False and False
Iteration: 12 Try: 0 Length: 19 and 750 Growth: False and True
Iteration: 13 Try: 0 Length: 375 and 375 Growth: False and False
Iteration: 13 Try: 0 Length: 300 and 450 Growth: False and False
Iteration: 13 Try: 0 Length: 150 and 600 Growth: False and False
Iteration: 13 Try: 0 Length: 75 and 675 Growth: False and False
Iteration: 13 Try: 0 Length: 37 and 713 Growth: False and False
Iteration: 13 Try: 0 Length: 18 and 732 Growth: False and False
Iteration: 13 Try: 0 Length: 9 and 741 Growth: False and True
Iteration: 14 Try: 0 Length: 371 and 370 Growth: False and False
Iteration: 14 Try: 0 Length: 296 and 445 Growth: False and False
Iteration: 14 Try: 0 Length: 148 and 593 Growth: False and False
Iteration: 14 Try: 0 Length: 74 and 667 Growth: False and False
Iteration: 14 Try: 0 Length: 37 and 704 Growth: False and False
Iteration: 14 Try: 0 Length: 18 and 723 Growth: False and False
Iteration: 14 Try: 0 Length: 9 and 732 Growth: False and False
Iteration: 14 Try: 0 Length: 4 and 737 Growth: False and True
Iteration: 15 Try: 0 Length: 369 and 368 Growth: False and False
Iteration: 15 Try: 0 Length: 294 and 443 Growth: False and False
Iteration: 15 Try: 0 Length: 147 and 590 Growth: False and False
Iteration: 15 Try: 0 Length: 73 and 664 Growth: False and False
Iteration: 15 Try: 0 Length: 36 and 701 Growth: False and False
Iteration: 15 Try: 0 Length: 18 and 719 Growth: False and False
Iteration: 15 Try: 0 Length: 9 and 728 Growth: False and False
Iteration: 15 Try: 0 Length: 4 and 733 Growth: False and True
Iteration: 16 Try: 0 Length: 367 and 366 Growth: False and False
Iteration: 16 Try: 0 Length: 293 and 440 Growth: False and False
Iteration: 16 Try: 0 Length: 146 and 587 Growth: False and False
Iteration: 16 Try: 0 Length: 73 and 660 Growth: False and False
Iteration: 16 Try: 0 Length: 36 and 697 Growth: False and False
Iteration: 16 Try: 0 Length: 18 and 715 Growth: False and False
Iteration: 16 Try: 0 Length: 9 and 724 Growth: False and False
Iteration: 16 Try: 0 Length: 4 and 729 Growth: False and False
Iteration: 16 Try: 0 Length: 2 and 731 Growth: False and False
Iteration: 16 Try: 0 Length: 1 and 732 Growth: False and False
Iteration: 17 Try: 1 Length: 367 and 366 Growth: False and False
Iteration: 17 Try: 1 Length: 293 and 440 Growth: False and False
Iteration: 17 Try: 1 Length: 146 and 587 Growth: False and True
Iteration: 18 Try: 0 Length: 294 and 293 Growth: False and False
Iteration: 18 Try: 0 Length: 234 and 353 Growth: False and False
Iteration: 18 Try: 0 Length: 117 and 470 Growth: False and False
Iteration: 18 Try: 0 Length: 58 and 529 Growth: False and False
Iteration: 18 Try: 0 Length: 29 and 558 Growth: False and False
Iteration: 18 Try: 0 Length: 14 and 573 Growth: False and True
Iteration: 19 Try: 0 Length: 287 and 286 Growth: False and False
Iteration: 19 Try: 0 Length: 229 and 344 Growth: False and False
Iteration: 19 Try: 0 Length: 114 and 459 Growth: False and False
Iteration: 19 Try: 0 Length: 57 and 516 Growth: False and False
Iteration: 19 Try: 0 Length: 28 and 545 Growth: False and False
Iteration: 19 Try: 0 Length: 14 and 559 Growth: False and False
Iteration: 19 Try: 0 Length: 7 and 566 Growth: False and False
Iteration: 19 Try: 0 Length: 3 and 570 Growth: False and True
Iteration: 20 Try: 0 Length: 285 and 285 Growth: False and False
Iteration: 20 Try: 0 Length: 228 and 342 Growth: False and False
Iteration: 20 Try: 0 Length: 114 and 456 Growth: False and False
Iteration: 20 Try: 0 Length: 57 and 513 Growth: False and False
Iteration: 20 Try: 0 Length: 28 and 542 Growth: False and False
Iteration: 20 Try: 0 Length: 14 and 556 Growth: False and False
Iteration: 20 Try: 0 Length: 7 and 563 Growth: False and False
Iteration: 20 Try: 0 Length: 3 and 567 Growth: False and True
Iteration: 21 Try: 0 Length: 284 and 283 Growth: False and False
Iteration: 21 Try: 0 Length: 226 and 341 Growth: False and False
Iteration: 21 Try: 0 Length: 113 and 454 Growth: False and False
Iteration: 21 Try: 0 Length: 56 and 511 Growth: False and False
Iteration: 21 Try: 0 Length: 28 and 539 Growth: False and False
Iteration: 21 Try: 0 Length: 14 and 553 Growth: False and False
Iteration: 21 Try: 0 Length: 7 and 560 Growth: False and False
Iteration: 21 Try: 0 Length: 3 and 564 Growth: False and False
Iteration: 21 Try: 0 Length: 1 and 566 Growth: False and False
Iteration: 22 Try: 1 Length: 284 and 283 Growth: False and False
Iteration: 22 Try: 1 Length: 226 and 341 Growth: False and False
Iteration: 22 Try: 1 Length: 113 and 454 Growth: False and False
Iteration: 22 Try: 1 Length: 56 and 511 Growth: False and False
Iteration: 22 Try: 1 Length: 28 and 539 Growth: False and False
Iteration: 22 Try: 1 Length: 14 and 553 Growth: False and True
Iteration: 23 Try: 0 Length: 277 and 276 Growth: False and False
Iteration: 23 Try: 0 Length: 221 and 332 Growth: False and False
Iteration: 23 Try: 0 Length: 110 and 443 Growth: False and False
Iteration: 23 Try: 0 Length: 55 and 498 Growth: False and False
Iteration: 23 Try: 0 Length: 27 and 526 Growth: False and False
Iteration: 23 Try: 0 Length: 13 and 540 Growth: False and False
Iteration: 23 Try: 0 Length: 6 and 547 Growth: False and True
Iteration: 24 Try: 0 Length: 274 and 273 Growth: False and False
Iteration: 24 Try: 0 Length: 218 and 329 Growth: False and False
Iteration: 24 Try: 0 Length: 109 and 438 Growth: False and False
Iteration: 24 Try: 0 Length: 54 and 493 Growth: False and False
Iteration: 24 Try: 0 Length: 27 and 520 Growth: False and False
Iteration: 24 Try: 0 Length: 13 and 534 Growth: False and False
Iteration: 24 Try: 0 Length: 6 and 541 Growth: False and False
Iteration: 24 Try: 0 Length: 3 and 544 Growth: False and True
Iteration: 25 Try: 0 Length: 272 and 272 Growth: False and False
Iteration: 25 Try: 0 Length: 217 and 327 Growth: False and False
Iteration: 25 Try: 0 Length: 108 and 436 Growth: False and False
Iteration: 25 Try: 0 Length: 54 and 490 Growth: False and False
Iteration: 25 Try: 0 Length: 27 and 517 Growth: False and False
Iteration: 25 Try: 0 Length: 13 and 531 Growth: False and False
Iteration: 25 Try: 0 Length: 6 and 538 Growth: False and False
Iteration: 25 Try: 0 Length: 3 and 541 Growth: False and False
Iteration: 25 Try: 0 Length: 1 and 543 Growth: False and False
Iteration: 26 Try: 1 Length: 272 and 272 Growth: False and False
Iteration: 26 Try: 1 Length: 217 and 327 Growth: False and False
Iteration: 26 Try: 1 Length: 108 and 436 Growth: False and False
Iteration: 26 Try: 1 Length: 54 and 490 Growth: False and True
Iteration: 27 Try: 0 Length: 245 and 245 Growth: False and False
Iteration: 27 Try: 0 Length: 196 and 294 Growth: False and False
Iteration: 27 Try: 0 Length: 98 and 392 Growth: False and False
Iteration: 27 Try: 0 Length: 49 and 441 Growth: False and False
Iteration: 27 Try: 0 Length: 24 and 466 Growth: False and True
Iteration: 28 Try: 0 Length: 233 and 233 Growth: False and False
Iteration: 28 Try: 0 Length: 186 and 280 Growth: False and False
Iteration: 28 Try: 0 Length: 93 and 373 Growth: False and False
Iteration: 28 Try: 0 Length: 46 and 420 Growth: False and False
Iteration: 28 Try: 0 Length: 23 and 443 Growth: False and False
Iteration: 28 Try: 0 Length: 11 and 455 Growth: False and False
Iteration: 28 Try: 0 Length: 5 and 461 Growth: False and False
Iteration: 28 Try: 0 Length: 2 and 464 Growth: False and False
Iteration: 28 Try: 0 Length: 1 and 465 Growth: False and False
Iteration: 29 Try: 1 Length: 233 and 233 Growth: False and True
Iteration: 30 Try: 0 Length: 117 and 116 Growth: True and False
Iteration: 31 Try: 0 Length: 59 and 58 Growth: False and False
Iteration: 31 Try: 0 Length: 46 and 71 Growth: False and False
Iteration: 31 Try: 0 Length: 23 and 94 Growth: False and False
Iteration: 31 Try: 0 Length: 11 and 106 Growth: False and False
Iteration: 31 Try: 0 Length: 5 and 112 Growth: False and True
Iteration: 32 Try: 0 Length: 56 and 56 Growth: False and False
Iteration: 32 Try: 0 Length: 44 and 68 Growth: False and False
Iteration: 32 Try: 0 Length: 22 and 90 Growth: False and False
Iteration: 32 Try: 0 Length: 11 and 101 Growth: False and False
Iteration: 32 Try: 0 Length: 5 and 107 Growth: False and False
Iteration: 32 Try: 0 Length: 2 and 110 Growth: False and True
Iteration: 33 Try: 0 Length: 55 and 55 Growth: False and False
Iteration: 33 Try: 0 Length: 44 and 66 Growth: False and False
Iteration: 33 Try: 0 Length: 22 and 88 Growth: False and False
Iteration: 33 Try: 0 Length: 11 and 99 Growth: False and False
Iteration: 33 Try: 0 Length: 5 and 105 Growth: False and False
Iteration: 33 Try: 0 Length: 2 and 108 Growth: False and False
Iteration: 33 Try: 0 Length: 1 and 109 Growth: False and True
Iteration: 34 Try: 0 Length: 55 and 54 Growth: False and False
Iteration: 34 Try: 0 Length: 43 and 66 Growth: False and False
Iteration: 34 Try: 0 Length: 21 and 88 Growth: False and False
Iteration: 34 Try: 0 Length: 10 and 99 Growth: False and False
Iteration: 34 Try: 0 Length: 5 and 104 Growth: False and False
Iteration: 34 Try: 0 Length: 2 and 107 Growth: False and False
Iteration: 34 Try: 0 Length: 1 and 108 Growth: False and False
Iteration: 35 Try: 1 Length: 55 and 54 Growth: False and False
Iteration: 35 Try: 1 Length: 43 and 66 Growth: False and False
Iteration: 35 Try: 1 Length: 21 and 88 Growth: False and False
Iteration: 35 Try: 1 Length: 10 and 99 Growth: False and True
Iteration: 36 Try: 0 Length: 50 and 49 Growth: False and False
Iteration: 36 Try: 0 Length: 39 and 60 Growth: False and False
Iteration: 36 Try: 0 Length: 19 and 80 Growth: False and False
Iteration: 36 Try: 0 Length: 9 and 90 Growth: False and True
Iteration: 37 Try: 0 Length: 45 and 45 Growth: False and False
Iteration: 37 Try: 0 Length: 36 and 54 Growth: False and False
Iteration: 37 Try: 0 Length: 18 and 72 Growth: False and False
Iteration: 37 Try: 0 Length: 9 and 81 Growth: False and False
Iteration: 37 Try: 0 Length: 4 and 86 Growth: False and False
Iteration: 37 Try: 0 Length: 2 and 88 Growth: False and False
Iteration: 37 Try: 0 Length: 1 and 89 Growth: False and False
Iteration: 38 Try: 1 Length: 45 and 45 Growth: False and False
Iteration: 38 Try: 1 Length: 36 and 54 Growth: False and False
Iteration: 38 Try: 1 Length: 18 and 72 Growth: False and False
Iteration: 38 Try: 1 Length: 9 and 81 Growth: False and False
Iteration: 38 Try: 1 Length: 4 and 86 Growth: False and True
Iteration: 39 Try: 0 Length: 43 and 43 Growth: False and False
Iteration: 39 Try: 0 Length: 34 and 52 Growth: False and False
Iteration: 39 Try: 0 Length: 17 and 69 Growth: False and False
Iteration: 39 Try: 0 Length: 8 and 78 Growth: False and False
Iteration: 39 Try: 0 Length: 4 and 82 Growth: False and False
Iteration: 39 Try: 0 Length: 2 and 84 Growth: False and False
Iteration: 39 Try: 0 Length: 1 and 85 Growth: False and False
Iteration: 40 Try: 1 Length: 43 and 43 Growth: False and False
Iteration: 40 Try: 1 Length: 34 and 52 Growth: False and False
Iteration: 40 Try: 1 Length: 17 and 69 Growth: False and False
Iteration: 40 Try: 1 Length: 8 and 78 Growth: False and True
Iteration: 41 Try: 0 Length: 39 and 39 Growth: False and False
Iteration: 41 Try: 0 Length: 31 and 47 Growth: False and False
Iteration: 41 Try: 0 Length: 15 and 63 Growth: False and False
Iteration: 41 Try: 0 Length: 7 and 71 Growth: False and True
Iteration: 42 Try: 0 Length: 36 and 35 Growth: False and False
Iteration: 42 Try: 0 Length: 28 and 43 Growth: False and False
Iteration: 42 Try: 0 Length: 14 and 57 Growth: False and False
Iteration: 42 Try: 0 Length: 7 and 64 Growth: False and False
Iteration: 42 Try: 0 Length: 3 and 68 Growth: False and False
Iteration: 42 Try: 0 Length: 1 and 70 Growth: False and False
Iteration: 43 Try: 1 Length: 36 and 35 Growth: False and False
Iteration: 43 Try: 1 Length: 28 and 43 Growth: False and False
Iteration: 43 Try: 1 Length: 14 and 57 Growth: False and True
Iteration: 44 Try: 0 Length: 29 and 28 Growth: False and False
Iteration: 44 Try: 0 Length: 22 and 35 Growth: False and False
Iteration: 44 Try: 0 Length: 11 and 46 Growth: False and True
Iteration: 45 Try: 0 Length: 23 and 23 Growth: False and False
Iteration: 45 Try: 0 Length: 18 and 28 Growth: False and False
Iteration: 45 Try: 0 Length: 9 and 37 Growth: False and False
Iteration: 45 Try: 0 Length: 4 and 42 Growth: False and False
Iteration: 45 Try: 0 Length: 2 and 44 Growth: False and True
Iteration: 46 Try: 0 Length: 22 and 22 Growth: False and False
Iteration: 46 Try: 0 Length: 17 and 27 Growth: False and False
Iteration: 46 Try: 0 Length: 8 and 36 Growth: False and False
Iteration: 46 Try: 0 Length: 4 and 40 Growth: False and False
Iteration: 46 Try: 0 Length: 2 and 42 Growth: False and False
Iteration: 46 Try: 0 Length: 1 and 43 Growth: False and False
Iteration: 47 Try: 1 Length: 22 and 22 Growth: False and False
Iteration: 47 Try: 1 Length: 17 and 27 Growth: False and False
Iteration: 47 Try: 1 Length: 8 and 36 Growth: False and True
Iteration: 48 Try: 0 Length: 18 and 18 Growth: False and False
Iteration: 48 Try: 0 Length: 14 and 22 Growth: False and False
Iteration: 48 Try: 0 Length: 7 and 29 Growth: False and False
Iteration: 48 Try: 0 Length: 3 and 33 Growth: False and False
Iteration: 48 Try: 0 Length: 1 and 35 Growth: False and False
Iteration: 49 Try: 1 Length: 18 and 18 Growth: False and False
Iteration: 49 Try: 1 Length: 14 and 22 Growth: False and False
Iteration: 49 Try: 1 Length: 7 and 29 Growth: False and False
Iteration: 49 Try: 1 Length: 3 and 33 Growth: False and True
Iteration: 50 Try: 0 Length: 17 and 16 Growth: False and False
Iteration: 50 Try: 0 Length: 13 and 20 Growth: False and False
Iteration: 50 Try: 0 Length: 6 and 27 Growth: False and False
Iteration: 50 Try: 0 Length: 3 and 30 Growth: False and False
Iteration: 50 Try: 0 Length: 1 and 32 Growth: False and False
Iteration: 51 Try: 1 Length: 17 and 16 Growth: False and False
Iteration: 51 Try: 1 Length: 13 and 20 Growth: False and False
Iteration: 51 Try: 1 Length: 6 and 27 Growth: False and False
Iteration: 51 Try: 1 Length: 3 and 30 Growth: False and True
Iteration: 52 Try: 0 Length: 15 and 15 Growth: False and False
Iteration: 52 Try: 0 Length: 12 and 18 Growth: False and False
Iteration: 52 Try: 0 Length: 6 and 24 Growth: False and False
Iteration: 52 Try: 0 Length: 3 and 27 Growth: False and False
Iteration: 52 Try: 0 Length: 1 and 29 Growth: False and False
Iteration: 53 Try: 1 Length: 15 and 15 Growth: False and False
Iteration: 53 Try: 1 Length: 12 and 18 Growth: False and False
Iteration: 53 Try: 1 Length: 6 and 24 Growth: False and True
Iteration: 54 Try: 0 Length: 12 and 12 Growth: False and False
Iteration: 54 Try: 0 Length: 9 and 15 Growth: False and False
Iteration: 54 Try: 0 Length: 4 and 20 Growth: False and True
Iteration: 55 Try: 0 Length: 10 and 10 Growth: False and False
Iteration: 55 Try: 0 Length: 8 and 12 Growth: False and False
Iteration: 55 Try: 0 Length: 4 and 16 Growth: False and False
Iteration: 55 Try: 0 Length: 2 and 18 Growth: False and False
Iteration: 55 Try: 0 Length: 1 and 19 Growth: False and False
Iteration: 56 Try: 1 Length: 10 and 10 Growth: False and False
Iteration: 56 Try: 1 Length: 8 and 12 Growth: False and False
Iteration: 56 Try: 1 Length: 4 and 16 Growth: False and True
Iteration: 57 Try: 0 Length: 8 and 8 Growth: False and False
Iteration: 57 Try: 0 Length: 6 and 10 Growth: False and False
Iteration: 57 Try: 0 Length: 3 and 13 Growth: False and False
Iteration: 57 Try: 0 Length: 1 and 15 Growth: False and False
Iteration: 58 Try: 1 Length: 8 and 8 Growth: False and False
Iteration: 58 Try: 1 Length: 6 and 10 Growth: False and False
Iteration: 58 Try: 1 Length: 3 and 13 Growth: False and False
Iteration: 58 Try: 1 Length: 1 and 15 Growth: False and False
Iteration: 59 Try: 2 Length: 8 and 8 Growth: False and False
Iteration: 59 Try: 2 Length: 6 and 10 Growth: False and False
Iteration: 59 Try: 2 Length: 3 and 13 Growth: False and True
Iteration: 60 Try: 0 Length: 7 and 6 Growth: False and False
Iteration: 60 Try: 0 Length: 5 and 8 Growth: False and False
Iteration: 60 Try: 0 Length: 2 and 11 Growth: False and False
Iteration: 60 Try: 0 Length: 1 and 12 Growth: False and False
Iteration: 61 Try: 1 Length: 7 and 6 Growth: False and False
Iteration: 61 Try: 1 Length: 5 and 8 Growth: False and False
Iteration: 61 Try: 1 Length: 2 and 11 Growth: False and False
Iteration: 61 Try: 1 Length: 1 and 12 Growth: False and False
Iteration: 62 Try: 2 Length: 7 and 6 Growth: False and False
Iteration: 62 Try: 2 Length: 5 and 8 Growth: False and False
Iteration: 62 Try: 2 Length: 2 and 11 Growth: False and False
Iteration: 62 Try: 2 Length: 1 and 12 Growth: False and True
Iteration: 63 Try: 0 Length: 6 and 6 Growth: False and False
Iteration: 63 Try: 0 Length: 4 and 8 Growth: False and False
Iteration: 63 Try: 0 Length: 2 and 10 Growth: False and False
Iteration: 63 Try: 0 Length: 1 and 11 Growth: False and False
Iteration: 64 Try: 1 Length: 6 and 6 Growth: False and False
Iteration: 64 Try: 1 Length: 4 and 8 Growth: False and False
Iteration: 64 Try: 1 Length: 2 and 10 Growth: False and False
Iteration: 64 Try: 1 Length: 1 and 11 Growth: False and True
Iteration: 65 Try: 0 Length: 6 and 5 Growth: False and False
Iteration: 65 Try: 0 Length: 4 and 7 Growth: False and False
Iteration: 65 Try: 0 Length: 2 and 9 Growth: False and False
Iteration: 65 Try: 0 Length: 1 and 10 Growth: False and False
Iteration: 66 Try: 1 Length: 6 and 5 Growth: False and False
Iteration: 66 Try: 1 Length: 4 and 7 Growth: False and False
Iteration: 66 Try: 1 Length: 2 and 9 Growth: False and False
Iteration: 66 Try: 1 Length: 1 and 10 Growth: False and False
Iteration: 67 Try: 2 Length: 6 and 5 Growth: False and False
Iteration: 67 Try: 2 Length: 4 and 7 Growth: False and False
Iteration: 67 Try: 2 Length: 2 and 9 Growth: False and False
Iteration: 67 Try: 2 Length: 1 and 10 Growth: False and True
Iteration: 68 Try: 0 Length: 5 and 5 Growth: False and False
Iteration: 68 Try: 0 Length: 4 and 6 Growth: False and False
Iteration: 68 Try: 0 Length: 2 and 8 Growth: False and False
Iteration: 68 Try: 0 Length: 1 and 9 Growth: False and False
Iteration: 69 Try: 1 Length: 5 and 5 Growth: False and False
Iteration: 69 Try: 1 Length: 4 and 6 Growth: False and False
Iteration: 69 Try: 1 Length: 2 and 8 Growth: False and False
Iteration: 69 Try: 1 Length: 1 and 9 Growth: False and False
Iteration: 70 Try: 2 Length: 5 and 5 Growth: False and False
Iteration: 70 Try: 2 Length: 4 and 6 Growth: False and False
Iteration: 70 Try: 2 Length: 2 and 8 Growth: False and False
Iteration: 70 Try: 2 Length: 1 and 9 Growth: False and False
Iteration: 71 Try: 3 Length: 5 and 5 Growth: False and False
Iteration: 71 Try: 3 Length: 4 and 6 Growth: False and False
Iteration: 71 Try: 3 Length: 2 and 8 Growth: False and False
Iteration: 71 Try: 3 Length: 1 and 9 Growth: False and True
Iteration: 72 Try: 0 Length: 5 and 4 Growth: False and False
Iteration: 72 Try: 0 Length: 3 and 6 Growth: False and False
Iteration: 72 Try: 0 Length: 1 and 8 Growth: False and False
Iteration: 73 Try: 1 Length: 5 and 4 Growth: False and False
Iteration: 73 Try: 1 Length: 3 and 6 Growth: False and False
Iteration: 73 Try: 1 Length: 1 and 8 Growth: False and False
Iteration: 74 Try: 2 Length: 5 and 4 Growth: False and False
Iteration: 74 Try: 2 Length: 3 and 6 Growth: False and False
Iteration: 74 Try: 2 Length: 1 and 8 Growth: False and False
Iteration: 75 Try: 3 Length: 5 and 4 Growth: False and False
Iteration: 75 Try: 3 Length: 3 and 6 Growth: False and False
Iteration: 75 Try: 3 Length: 1 and 8 Growth: False and True
Iteration: 76 Try: 0 Length: 4 and 4 Growth: False and False
Iteration: 76 Try: 0 Length: 3 and 5 Growth: False and False
Iteration: 76 Try: 0 Length: 1 and 7 Growth: False and False
Iteration: 77 Try: 1 Length: 4 and 4 Growth: False and False
Iteration: 77 Try: 1 Length: 3 and 5 Growth: False and False
Iteration: 77 Try: 1 Length: 1 and 7 Growth: False and False
Iteration: 78 Try: 2 Length: 4 and 4 Growth: False and False
Iteration: 78 Try: 2 Length: 3 and 5 Growth: False and False
Iteration: 78 Try: 2 Length: 1 and 7 Growth: False and False
Iteration: 79 Try: 3 Length: 4 and 4 Growth: False and False
Iteration: 79 Try: 3 Length: 3 and 5 Growth: False and False
Iteration: 79 Try: 3 Length: 1 and 7 Growth: False and False
Iteration: 80 Try: 4 Length: 4 and 4 Growth: False and False
Iteration: 80 Try: 4 Length: 3 and 5 Growth: False and False
Iteration: 80 Try: 4 Length: 1 and 7 Growth: False and False
Iteration: 81 Try: 5 Length: 4 and 4 Growth: False and False
Iteration: 81 Try: 5 Length: 3 and 5 Growth: False and False
Iteration: 81 Try: 5 Length: 1 and 7 Growth: False and False
There are 8 reactions remaining: set(['rxn10887', 'rxn27855', 'rxn13990', 'rxn10889', 'rxn33143', 'rxn30681', 'rxn00056', 'rxn05166'])
Testing suggestions from subsystems
Successfully limited the reactions by compound and reduced  from 354 to 329
At the beginning the base list has 1261  and the optional list has 329 reactions
Iteration: 1 Try: 0 Length: 165 and 164 Growth: False and False
Iteration: 1 Try: 0 Length: 131 and 198 Growth: False and False
Iteration: 1 Try: 0 Length: 65 and 264 Growth: False and False
Iteration: 1 Try: 0 Length: 32 and 297 Growth: False and False
Iteration: 1 Try: 0 Length: 16 and 313 Growth: False and False
Iteration: 1 Try: 0 Length: 8 and 321 Growth: False and False
Iteration: 1 Try: 0 Length: 4 and 325 Growth: False and True
Iteration: 2 Try: 0 Length: 163 and 162 Growth: False and False
Iteration: 2 Try: 0 Length: 130 and 195 Growth: False and False
Iteration: 2 Try: 0 Length: 65 and 260 Growth: False and False
Iteration: 2 Try: 0 Length: 32 and 293 Growth: False and False
Iteration: 2 Try: 0 Length: 16 and 309 Growth: False and False
Iteration: 2 Try: 0 Length: 8 and 317 Growth: False and False
Iteration: 2 Try: 0 Length: 4 and 321 Growth: False and False
Iteration: 2 Try: 0 Length: 2 and 323 Growth: False and True
Iteration: 3 Try: 0 Length: 162 and 161 Growth: False and False
Iteration: 3 Try: 0 Length: 129 and 194 Growth: False and False
Iteration: 3 Try: 0 Length: 64 and 259 Growth: False and False
Iteration: 3 Try: 0 Length: 32 and 291 Growth: False and False
Iteration: 3 Try: 0 Length: 16 and 307 Growth: False and False
Iteration: 3 Try: 0 Length: 8 and 315 Growth: False and False
Iteration: 3 Try: 0 Length: 4 and 319 Growth: False and False
Iteration: 3 Try: 0 Length: 2 and 321 Growth: False and False
Iteration: 3 Try: 0 Length: 1 and 322 Growth: False and True
Iteration: 4 Try: 0 Length: 161 and 161 Growth: False and False
Iteration: 4 Try: 0 Length: 128 and 194 Growth: False and False
Iteration: 4 Try: 0 Length: 64 and 258 Growth: False and False
Iteration: 4 Try: 0 Length: 32 and 290 Growth: False and False
Iteration: 4 Try: 0 Length: 16 and 306 Growth: False and False
Iteration: 4 Try: 0 Length: 8 and 314 Growth: False and False
Iteration: 4 Try: 0 Length: 4 and 318 Growth: False and False
Iteration: 4 Try: 0 Length: 2 and 320 Growth: False and False
Iteration: 4 Try: 0 Length: 1 and 321 Growth: False and False
Iteration: 5 Try: 1 Length: 161 and 161 Growth: False and False
Iteration: 5 Try: 1 Length: 128 and 194 Growth: False and False
Iteration: 5 Try: 1 Length: 64 and 258 Growth: False and False
Iteration: 5 Try: 1 Length: 32 and 290 Growth: False and False
Iteration: 5 Try: 1 Length: 16 and 306 Growth: False and False
Iteration: 5 Try: 1 Length: 8 and 314 Growth: False and True
Iteration: 6 Try: 0 Length: 157 and 157 Growth: False and False
Iteration: 6 Try: 0 Length: 125 and 189 Growth: False and False
Iteration: 6 Try: 0 Length: 62 and 252 Growth: False and False
Iteration: 6 Try: 0 Length: 31 and 283 Growth: False and False
Iteration: 6 Try: 0 Length: 15 and 299 Growth: False and False
Iteration: 6 Try: 0 Length: 7 and 307 Growth: False and False
Iteration: 6 Try: 0 Length: 3 and 311 Growth: False and False
Iteration: 6 Try: 0 Length: 1 and 313 Growth: False and False
Iteration: 7 Try: 1 Length: 157 and 157 Growth: False and False
Iteration: 7 Try: 1 Length: 125 and 189 Growth: False and False
Iteration: 7 Try: 1 Length: 62 and 252 Growth: False and False
Iteration: 7 Try: 1 Length: 31 and 283 Growth: False and False
Iteration: 7 Try: 1 Length: 15 and 299 Growth: False and False
Iteration: 7 Try: 1 Length: 7 and 307 Growth: False and False
Iteration: 7 Try: 1 Length: 3 and 311 Growth: False and True
Iteration: 8 Try: 0 Length: 156 and 155 Growth: False and False
Iteration: 8 Try: 0 Length: 124 and 187 Growth: False and False
Iteration: 8 Try: 0 Length: 62 and 249 Growth: False and False
Iteration: 8 Try: 0 Length: 31 and 280 Growth: False and False
Iteration: 8 Try: 0 Length: 15 and 296 Growth: False and False
Iteration: 8 Try: 0 Length: 7 and 304 Growth: False and False
Iteration: 8 Try: 0 Length: 3 and 308 Growth: False and True
Iteration: 9 Try: 0 Length: 154 and 154 Growth: False and False
Iteration: 9 Try: 0 Length: 123 and 185 Growth: False and False
Iteration: 9 Try: 0 Length: 61 and 247 Growth: False and False
Iteration: 9 Try: 0 Length: 30 and 278 Growth: False and False
Iteration: 9 Try: 0 Length: 15 and 293 Growth: False and False
Iteration: 9 Try: 0 Length: 7 and 301 Growth: False and False
Iteration: 9 Try: 0 Length: 3 and 305 Growth: False and False
Iteration: 9 Try: 0 Length: 1 and 307 Growth: False and False
Iteration: 10 Try: 1 Length: 154 and 154 Growth: False and False
Iteration: 10 Try: 1 Length: 123 and 185 Growth: False and False
Iteration: 10 Try: 1 Length: 61 and 247 Growth: False and False
Iteration: 10 Try: 1 Length: 30 and 278 Growth: False and False
Iteration: 10 Try: 1 Length: 15 and 293 Growth: False and False
Iteration: 10 Try: 1 Length: 7 and 301 Growth: False and True
Iteration: 11 Try: 0 Length: 151 and 150 Growth: False and False
Iteration: 11 Try: 0 Length: 120 and 181 Growth: False and False
Iteration: 11 Try: 0 Length: 60 and 241 Growth: False and False
Iteration: 11 Try: 0 Length: 30 and 271 Growth: False and False
Iteration: 11 Try: 0 Length: 15 and 286 Growth: False and False
Iteration: 11 Try: 0 Length: 7 and 294 Growth: False and False
Iteration: 11 Try: 0 Length: 3 and 298 Growth: False and True
Iteration: 12 Try: 0 Length: 149 and 149 Growth: False and False
Iteration: 12 Try: 0 Length: 119 and 179 Growth: False and False
Iteration: 12 Try: 0 Length: 59 and 239 Growth: False and False
Iteration: 12 Try: 0 Length: 29 and 269 Growth: False and False
Iteration: 12 Try: 0 Length: 14 and 284 Growth: False and False
Iteration: 12 Try: 0 Length: 7 and 291 Growth: False and False
Iteration: 12 Try: 0 Length: 3 and 295 Growth: False and False
Iteration: 12 Try: 0 Length: 1 and 297 Growth: False and True
Iteration: 13 Try: 0 Length: 149 and 148 Growth: False and False
Iteration: 13 Try: 0 Length: 118 and 179 Growth: False and False
Iteration: 13 Try: 0 Length: 59 and 238 Growth: False and False
Iteration: 13 Try: 0 Length: 29 and 268 Growth: False and False
Iteration: 13 Try: 0 Length: 14 and 283 Growth: False and False
Iteration: 13 Try: 0 Length: 7 and 290 Growth: False and False
Iteration: 13 Try: 0 Length: 3 and 294 Growth: False and False
Iteration: 13 Try: 0 Length: 1 and 296 Growth: False and True
Iteration: 14 Try: 0 Length: 148 and 148 Growth: False and False
Iteration: 14 Try: 0 Length: 118 and 178 Growth: False and False
Iteration: 14 Try: 0 Length: 59 and 237 Growth: False and False
Iteration: 14 Try: 0 Length: 29 and 267 Growth: False and False
Iteration: 14 Try: 0 Length: 14 and 282 Growth: False and False
Iteration: 14 Try: 0 Length: 7 and 289 Growth: False and False
Iteration: 14 Try: 0 Length: 3 and 293 Growth: False and False
Iteration: 14 Try: 0 Length: 1 and 295 Growth: False and False
Iteration: 15 Try: 1 Length: 148 and 148 Growth: False and False
Iteration: 15 Try: 1 Length: 118 and 178 Growth: False and False
Iteration: 15 Try: 1 Length: 59 and 237 Growth: False and False
Iteration: 15 Try: 1 Length: 29 and 267 Growth: False and True
Iteration: 16 Try: 0 Length: 134 and 133 Growth: False and False
Iteration: 16 Try: 0 Length: 106 and 161 Growth: False and False
Iteration: 16 Try: 0 Length: 53 and 214 Growth: False and False
Iteration: 16 Try: 0 Length: 26 and 241 Growth: False and False
Iteration: 16 Try: 0 Length: 13 and 254 Growth: False and False
Iteration: 16 Try: 0 Length: 6 and 261 Growth: False and False
Iteration: 16 Try: 0 Length: 3 and 264 Growth: False and True
Iteration: 17 Try: 0 Length: 132 and 132 Growth: False and False
Iteration: 17 Try: 0 Length: 105 and 159 Growth: False and False
Iteration: 17 Try: 0 Length: 52 and 212 Growth: False and False
Iteration: 17 Try: 0 Length: 26 and 238 Growth: False and False
Iteration: 17 Try: 0 Length: 13 and 251 Growth: False and False
Iteration: 17 Try: 0 Length: 6 and 258 Growth: False and False
Iteration: 17 Try: 0 Length: 3 and 261 Growth: False and False
Iteration: 17 Try: 0 Length: 1 and 263 Growth: False and False
Iteration: 18 Try: 1 Length: 132 and 132 Growth: False and False
Iteration: 18 Try: 1 Length: 105 and 159 Growth: False and False
Iteration: 18 Try: 1 Length: 52 and 212 Growth: False and False
Iteration: 18 Try: 1 Length: 26 and 238 Growth: False and True
Iteration: 19 Try: 0 Length: 119 and 119 Growth: False and False
Iteration: 19 Try: 0 Length: 95 and 143 Growth: False and False
Iteration: 19 Try: 0 Length: 47 and 191 Growth: False and False
Iteration: 19 Try: 0 Length: 23 and 215 Growth: False and False
Iteration: 19 Try: 0 Length: 11 and 227 Growth: False and True
Iteration: 20 Try: 0 Length: 114 and 113 Growth: False and False
Iteration: 20 Try: 0 Length: 90 and 137 Growth: False and False
Iteration: 20 Try: 0 Length: 45 and 182 Growth: False and False
Iteration: 20 Try: 0 Length: 22 and 205 Growth: False and False
Iteration: 20 Try: 0 Length: 11 and 216 Growth: False and False
Iteration: 20 Try: 0 Length: 5 and 222 Growth: False and False
Iteration: 20 Try: 0 Length: 2 and 225 Growth: False and False
Iteration: 20 Try: 0 Length: 1 and 226 Growth: False and False
Iteration: 21 Try: 1 Length: 114 and 113 Growth: False and False
Iteration: 21 Try: 1 Length: 90 and 137 Growth: False and False
Iteration: 21 Try: 1 Length: 45 and 182 Growth: False and False
Iteration: 21 Try: 1 Length: 22 and 205 Growth: False and False
Iteration: 21 Try: 1 Length: 11 and 216 Growth: False and False
Iteration: 21 Try: 1 Length: 5 and 222 Growth: False and True
Iteration: 22 Try: 0 Length: 111 and 111 Growth: False and False
Iteration: 22 Try: 0 Length: 88 and 134 Growth: False and False
Iteration: 22 Try: 0 Length: 44 and 178 Growth: False and False
Iteration: 22 Try: 0 Length: 22 and 200 Growth: False and False
Iteration: 22 Try: 0 Length: 11 and 211 Growth: False and False
Iteration: 22 Try: 0 Length: 5 and 217 Growth: False and False
Iteration: 22 Try: 0 Length: 2 and 220 Growth: False and False
Iteration: 22 Try: 0 Length: 1 and 221 Growth: False and True
Iteration: 23 Try: 0 Length: 111 and 110 Growth: False and False
Iteration: 23 Try: 0 Length: 88 and 133 Growth: False and False
Iteration: 23 Try: 0 Length: 44 and 177 Growth: False and False
Iteration: 23 Try: 0 Length: 22 and 199 Growth: False and False
Iteration: 23 Try: 0 Length: 11 and 210 Growth: False and False
Iteration: 23 Try: 0 Length: 5 and 216 Growth: False and False
Iteration: 23 Try: 0 Length: 2 and 219 Growth: False and False
Iteration: 23 Try: 0 Length: 1 and 220 Growth: False and False
Iteration: 24 Try: 1 Length: 111 and 110 Growth: False and False
Iteration: 24 Try: 1 Length: 88 and 133 Growth: False and False
Iteration: 24 Try: 1 Length: 44 and 177 Growth: False and False
Iteration: 24 Try: 1 Length: 22 and 199 Growth: False and False
Iteration: 24 Try: 1 Length: 11 and 210 Growth: False and True
Iteration: 25 Try: 0 Length: 105 and 105 Growth: False and False
Iteration: 25 Try: 0 Length: 84 and 126 Growth: False and False
Iteration: 25 Try: 0 Length: 42 and 168 Growth: False and False
Iteration: 25 Try: 0 Length: 21 and 189 Growth: False and False
Iteration: 25 Try: 0 Length: 10 and 200 Growth: False and False
Iteration: 25 Try: 0 Length: 5 and 205 Growth: False and False
Iteration: 25 Try: 0 Length: 2 and 208 Growth: False and False
Iteration: 25 Try: 0 Length: 1 and 209 Growth: False and True
Iteration: 26 Try: 0 Length: 105 and 104 Growth: False and False
Iteration: 26 Try: 0 Length: 83 and 126 Growth: False and False
Iteration: 26 Try: 0 Length: 41 and 168 Growth: False and False
Iteration: 26 Try: 0 Length: 20 and 189 Growth: False and False
Iteration: 26 Try: 0 Length: 10 and 199 Growth: False and False
Iteration: 26 Try: 0 Length: 5 and 204 Growth: False and False
Iteration: 26 Try: 0 Length: 2 and 207 Growth: False and False
Iteration: 26 Try: 0 Length: 1 and 208 Growth: False and False
Iteration: 27 Try: 1 Length: 105 and 104 Growth: False and False
Iteration: 27 Try: 1 Length: 83 and 126 Growth: False and False
Iteration: 27 Try: 1 Length: 41 and 168 Growth: False and False
Iteration: 27 Try: 1 Length: 20 and 189 Growth: False and False
Iteration: 27 Try: 1 Length: 10 and 199 Growth: False and False
Iteration: 27 Try: 1 Length: 5 and 204 Growth: False and True
Iteration: 28 Try: 0 Length: 102 and 102 Growth: False and False
Iteration: 28 Try: 0 Length: 81 and 123 Growth: False and False
Iteration: 28 Try: 0 Length: 40 and 164 Growth: False and False
Iteration: 28 Try: 0 Length: 20 and 184 Growth: False and False
Iteration: 28 Try: 0 Length: 10 and 194 Growth: False and False
Iteration: 28 Try: 0 Length: 5 and 199 Growth: False and False
Iteration: 28 Try: 0 Length: 2 and 202 Growth: False and False
Iteration: 28 Try: 0 Length: 1 and 203 Growth: False and False
Iteration: 29 Try: 1 Length: 102 and 102 Growth: False and False
Iteration: 29 Try: 1 Length: 81 and 123 Growth: False and False
Iteration: 29 Try: 1 Length: 40 and 164 Growth: False and False
Iteration: 29 Try: 1 Length: 20 and 184 Growth: False and False
Iteration: 29 Try: 1 Length: 10 and 194 Growth: False and True
Iteration: 30 Try: 0 Length: 97 and 97 Growth: False and False
Iteration: 30 Try: 0 Length: 77 and 117 Growth: False and False
Iteration: 30 Try: 0 Length: 38 and 156 Growth: False and False
Iteration: 30 Try: 0 Length: 19 and 175 Growth: False and False
Iteration: 30 Try: 0 Length: 9 and 185 Growth: False and False
Iteration: 30 Try: 0 Length: 4 and 190 Growth: False and True
Iteration: 31 Try: 0 Length: 95 and 95 Growth: False and False
Iteration: 31 Try: 0 Length: 76 and 114 Growth: False and False
Iteration: 31 Try: 0 Length: 38 and 152 Growth: False and False
Iteration: 31 Try: 0 Length: 19 and 171 Growth: False and False
Iteration: 31 Try: 0 Length: 9 and 181 Growth: False and False
Iteration: 31 Try: 0 Length: 4 and 186 Growth: False and False
Iteration: 31 Try: 0 Length: 2 and 188 Growth: False and False
Iteration: 31 Try: 0 Length: 1 and 189 Growth: False and True
Iteration: 32 Try: 0 Length: 95 and 94 Growth: False and False
Iteration: 32 Try: 0 Length: 75 and 114 Growth: False and False
Iteration: 32 Try: 0 Length: 37 and 152 Growth: False and False
Iteration: 32 Try: 0 Length: 18 and 171 Growth: False and False
Iteration: 32 Try: 0 Length: 9 and 180 Growth: False and False
Iteration: 32 Try: 0 Length: 4 and 185 Growth: False and False
Iteration: 32 Try: 0 Length: 2 and 187 Growth: False and False
Iteration: 32 Try: 0 Length: 1 and 188 Growth: False and False
Iteration: 33 Try: 1 Length: 95 and 94 Growth: False and False
Iteration: 33 Try: 1 Length: 75 and 114 Growth: False and False
Iteration: 33 Try: 1 Length: 37 and 152 Growth: False and False
Iteration: 33 Try: 1 Length: 18 and 171 Growth: False and False
Iteration: 33 Try: 1 Length: 9 and 180 Growth: False and False
Iteration: 33 Try: 1 Length: 4 and 185 Growth: False and False
Iteration: 33 Try: 1 Length: 2 and 187 Growth: False and False
Iteration: 33 Try: 1 Length: 1 and 188 Growth: False and True
Iteration: 34 Try: 0 Length: 94 and 94 Growth: False and False
Iteration: 34 Try: 0 Length: 75 and 113 Growth: False and False
Iteration: 34 Try: 0 Length: 37 and 151 Growth: False and False
Iteration: 34 Try: 0 Length: 18 and 170 Growth: False and False
Iteration: 34 Try: 0 Length: 9 and 179 Growth: False and False
Iteration: 34 Try: 0 Length: 4 and 184 Growth: False and False
Iteration: 34 Try: 0 Length: 2 and 186 Growth: False and False
Iteration: 34 Try: 0 Length: 1 and 187 Growth: False and False
Iteration: 35 Try: 1 Length: 94 and 94 Growth: False and False
Iteration: 35 Try: 1 Length: 75 and 113 Growth: False and False
Iteration: 35 Try: 1 Length: 37 and 151 Growth: False and False
Iteration: 35 Try: 1 Length: 18 and 170 Growth: False and False
Iteration: 35 Try: 1 Length: 9 and 179 Growth: False and False
Iteration: 35 Try: 1 Length: 4 and 184 Growth: False and True
Iteration: 36 Try: 0 Length: 92 and 92 Growth: False and False
Iteration: 36 Try: 0 Length: 73 and 111 Growth: False and False
Iteration: 36 Try: 0 Length: 36 and 148 Growth: False and False
Iteration: 36 Try: 0 Length: 18 and 166 Growth: False and False
Iteration: 36 Try: 0 Length: 9 and 175 Growth: False and False
Iteration: 36 Try: 0 Length: 4 and 180 Growth: False and False
Iteration: 36 Try: 0 Length: 2 and 182 Growth: False and False
Iteration: 36 Try: 0 Length: 1 and 183 Growth: False and True
Iteration: 37 Try: 0 Length: 92 and 91 Growth: False and False
Iteration: 37 Try: 0 Length: 73 and 110 Growth: False and False
Iteration: 37 Try: 0 Length: 36 and 147 Growth: False and False
Iteration: 37 Try: 0 Length: 18 and 165 Growth: False and False
Iteration: 37 Try: 0 Length: 9 and 174 Growth: False and False
Iteration: 37 Try: 0 Length: 4 and 179 Growth: False and False
Iteration: 37 Try: 0 Length: 2 and 181 Growth: False and False
Iteration: 37 Try: 0 Length: 1 and 182 Growth: False and False
Iteration: 38 Try: 1 Length: 92 and 91 Growth: False and False
Iteration: 38 Try: 1 Length: 73 and 110 Growth: False and False
Iteration: 38 Try: 1 Length: 36 and 147 Growth: False and False
Iteration: 38 Try: 1 Length: 18 and 165 Growth: False and False
Iteration: 38 Try: 1 Length: 9 and 174 Growth: False and False
Iteration: 38 Try: 1 Length: 4 and 179 Growth: False and False
Iteration: 38 Try: 1 Length: 2 and 181 Growth: False and False
Iteration: 38 Try: 1 Length: 1 and 182 Growth: False and True
Iteration: 39 Try: 0 Length: 91 and 91 Growth: False and False
Iteration: 39 Try: 0 Length: 72 and 110 Growth: False and False
Iteration: 39 Try: 0 Length: 36 and 146 Growth: False and False
Iteration: 39 Try: 0 Length: 18 and 164 Growth: False and False
Iteration: 39 Try: 0 Length: 9 and 173 Growth: False and False
Iteration: 39 Try: 0 Length: 4 and 178 Growth: False and False
Iteration: 39 Try: 0 Length: 2 and 180 Growth: False and False
Iteration: 39 Try: 0 Length: 1 and 181 Growth: False and False
Iteration: 40 Try: 1 Length: 91 and 91 Growth: False and False
Iteration: 40 Try: 1 Length: 72 and 110 Growth: False and False
Iteration: 40 Try: 1 Length: 36 and 146 Growth: False and False
Iteration: 40 Try: 1 Length: 18 and 164 Growth: False and False
Iteration: 40 Try: 1 Length: 9 and 173 Growth: False and False
Iteration: 40 Try: 1 Length: 4 and 178 Growth: False and True
Iteration: 41 Try: 0 Length: 89 and 89 Growth: False and False
Iteration: 41 Try: 0 Length: 71 and 107 Growth: False and False
Iteration: 41 Try: 0 Length: 35 and 143 Growth: False and False
Iteration: 41 Try: 0 Length: 17 and 161 Growth: False and False
Iteration: 41 Try: 0 Length: 8 and 170 Growth: False and False
Iteration: 41 Try: 0 Length: 4 and 174 Growth: False and False
Iteration: 41 Try: 0 Length: 2 and 176 Growth: False and False
Iteration: 41 Try: 0 Length: 1 and 177 Growth: False and False
Iteration: 42 Try: 1 Length: 89 and 89 Growth: False and False
Iteration: 42 Try: 1 Length: 71 and 107 Growth: False and False
Iteration: 42 Try: 1 Length: 35 and 143 Growth: False and False
Iteration: 42 Try: 1 Length: 17 and 161 Growth: False and False
Iteration: 42 Try: 1 Length: 8 and 170 Growth: False and True
Iteration: 43 Try: 0 Length: 85 and 85 Growth: False and False
Iteration: 43 Try: 0 Length: 68 and 102 Growth: False and False
Iteration: 43 Try: 0 Length: 34 and 136 Growth: False and False
Iteration: 43 Try: 0 Length: 17 and 153 Growth: False and False
Iteration: 43 Try: 0 Length: 8 and 162 Growth: False and False
Iteration: 43 Try: 0 Length: 4 and 166 Growth: False and True
Iteration: 44 Try: 0 Length: 83 and 83 Growth: False and False
Iteration: 44 Try: 0 Length: 66 and 100 Growth: False and False
Iteration: 44 Try: 0 Length: 33 and 133 Growth: False and False
Iteration: 44 Try: 0 Length: 16 and 150 Growth: False and False
Iteration: 44 Try: 0 Length: 8 and 158 Growth: False and False
Iteration: 44 Try: 0 Length: 4 and 162 Growth: False and False
Iteration: 44 Try: 0 Length: 2 and 164 Growth: False and True
Iteration: 45 Try: 0 Length: 82 and 82 Growth: False and False
Iteration: 45 Try: 0 Length: 65 and 99 Growth: False and False
Iteration: 45 Try: 0 Length: 32 and 132 Growth: False and False
Iteration: 45 Try: 0 Length: 16 and 148 Growth: False and False
Iteration: 45 Try: 0 Length: 8 and 156 Growth: False and False
Iteration: 45 Try: 0 Length: 4 and 160 Growth: False and False
Iteration: 45 Try: 0 Length: 2 and 162 Growth: False and False
Iteration: 45 Try: 0 Length: 1 and 163 Growth: False and False
Iteration: 46 Try: 1 Length: 82 and 82 Growth: False and False
Iteration: 46 Try: 1 Length: 65 and 99 Growth: False and False
Iteration: 46 Try: 1 Length: 32 and 132 Growth: False and False
Iteration: 46 Try: 1 Length: 16 and 148 Growth: False and True
Iteration: 47 Try: 0 Length: 74 and 74 Growth: False and False
Iteration: 47 Try: 0 Length: 59 and 89 Growth: False and False
Iteration: 47 Try: 0 Length: 29 and 119 Growth: False and False
Iteration: 47 Try: 0 Length: 14 and 134 Growth: False and False
Iteration: 47 Try: 0 Length: 7 and 141 Growth: False and False
Iteration: 47 Try: 0 Length: 3 and 145 Growth: False and False
Iteration: 47 Try: 0 Length: 1 and 147 Growth: False and True
Iteration: 48 Try: 0 Length: 74 and 73 Growth: False and False
Iteration: 48 Try: 0 Length: 58 and 89 Growth: False and False
Iteration: 48 Try: 0 Length: 29 and 118 Growth: False and False
Iteration: 48 Try: 0 Length: 14 and 133 Growth: False and False
Iteration: 48 Try: 0 Length: 7 and 140 Growth: False and False
Iteration: 48 Try: 0 Length: 3 and 144 Growth: False and False
Iteration: 48 Try: 0 Length: 1 and 146 Growth: False and True
Iteration: 49 Try: 0 Length: 73 and 73 Growth: False and False
Iteration: 49 Try: 0 Length: 58 and 88 Growth: False and False
Iteration: 49 Try: 0 Length: 29 and 117 Growth: False and False
Iteration: 49 Try: 0 Length: 14 and 132 Growth: False and False
Iteration: 49 Try: 0 Length: 7 and 139 Growth: False and False
Iteration: 49 Try: 0 Length: 3 and 143 Growth: False and False
Iteration: 49 Try: 0 Length: 1 and 145 Growth: False and False
Iteration: 50 Try: 1 Length: 73 and 73 Growth: False and False
Iteration: 50 Try: 1 Length: 58 and 88 Growth: False and False
Iteration: 50 Try: 1 Length: 29 and 117 Growth: False and False
Iteration: 50 Try: 1 Length: 14 and 132 Growth: False and False
Iteration: 50 Try: 1 Length: 7 and 139 Growth: False and True
Iteration: 51 Try: 0 Length: 70 and 69 Growth: False and False
Iteration: 51 Try: 0 Length: 55 and 84 Growth: False and False
Iteration: 51 Try: 0 Length: 27 and 112 Growth: False and False
Iteration: 51 Try: 0 Length: 13 and 126 Growth: False and False
Iteration: 51 Try: 0 Length: 6 and 133 Growth: False and False
Iteration: 51 Try: 0 Length: 3 and 136 Growth: False and False
Iteration: 51 Try: 0 Length: 1 and 138 Growth: False and False
Iteration: 52 Try: 1 Length: 70 and 69 Growth: False and False
Iteration: 52 Try: 1 Length: 55 and 84 Growth: False and False
Iteration: 52 Try: 1 Length: 27 and 112 Growth: False and False
Iteration: 52 Try: 1 Length: 13 and 126 Growth: False and False
Iteration: 52 Try: 1 Length: 6 and 133 Growth: False and True
Iteration: 53 Try: 0 Length: 67 and 66 Growth: False and False
Iteration: 53 Try: 0 Length: 53 and 80 Growth: False and False
Iteration: 53 Try: 0 Length: 26 and 107 Growth: False and False
Iteration: 53 Try: 0 Length: 13 and 120 Growth: False and False
Iteration: 53 Try: 0 Length: 6 and 127 Growth: False and False
Iteration: 53 Try: 0 Length: 3 and 130 Growth: False and False
Iteration: 53 Try: 0 Length: 1 and 132 Growth: False and True
Iteration: 54 Try: 0 Length: 66 and 66 Growth: False and False
Iteration: 54 Try: 0 Length: 52 and 80 Growth: False and False
Iteration: 54 Try: 0 Length: 26 and 106 Growth: False and False
Iteration: 54 Try: 0 Length: 13 and 119 Growth: False and False
Iteration: 54 Try: 0 Length: 6 and 126 Growth: False and False
Iteration: 54 Try: 0 Length: 3 and 129 Growth: False and False
Iteration: 54 Try: 0 Length: 1 and 131 Growth: False and True
Iteration: 55 Try: 0 Length: 66 and 65 Growth: False and False
Iteration: 55 Try: 0 Length: 52 and 79 Growth: False and False
Iteration: 55 Try: 0 Length: 26 and 105 Growth: False and False
Iteration: 55 Try: 0 Length: 13 and 118 Growth: False and False
Iteration: 55 Try: 0 Length: 6 and 125 Growth: False and False
Iteration: 55 Try: 0 Length: 3 and 128 Growth: False and False
Iteration: 55 Try: 0 Length: 1 and 130 Growth: False and False
Iteration: 56 Try: 1 Length: 66 and 65 Growth: False and False
Iteration: 56 Try: 1 Length: 52 and 79 Growth: False and False
Iteration: 56 Try: 1 Length: 26 and 105 Growth: False and False
Iteration: 56 Try: 1 Length: 13 and 118 Growth: False and False
Iteration: 56 Try: 1 Length: 6 and 125 Growth: False and False
Iteration: 56 Try: 1 Length: 3 and 128 Growth: False and True
Iteration: 57 Try: 0 Length: 64 and 64 Growth: False and False
Iteration: 57 Try: 0 Length: 51 and 77 Growth: False and False
Iteration: 57 Try: 0 Length: 25 and 103 Growth: False and False
Iteration: 57 Try: 0 Length: 12 and 116 Growth: False and False
Iteration: 57 Try: 0 Length: 6 and 122 Growth: False and False
Iteration: 57 Try: 0 Length: 3 and 125 Growth: False and False
Iteration: 57 Try: 0 Length: 1 and 127 Growth: False and True
Iteration: 58 Try: 0 Length: 64 and 63 Growth: False and False
Iteration: 58 Try: 0 Length: 50 and 77 Growth: False and False
Iteration: 58 Try: 0 Length: 25 and 102 Growth: False and False
Iteration: 58 Try: 0 Length: 12 and 115 Growth: False and False
Iteration: 58 Try: 0 Length: 6 and 121 Growth: False and False
Iteration: 58 Try: 0 Length: 3 and 124 Growth: False and False
Iteration: 58 Try: 0 Length: 1 and 126 Growth: False and False
Iteration: 59 Try: 1 Length: 64 and 63 Growth: False and False
Iteration: 59 Try: 1 Length: 50 and 77 Growth: False and False
Iteration: 59 Try: 1 Length: 25 and 102 Growth: False and True
Iteration: 60 Try: 0 Length: 51 and 51 Growth: False and False
Iteration: 60 Try: 0 Length: 40 and 62 Growth: False and False
Iteration: 60 Try: 0 Length: 20 and 82 Growth: False and False
Iteration: 60 Try: 0 Length: 10 and 92 Growth: False and False
Iteration: 60 Try: 0 Length: 5 and 97 Growth: False and False
Iteration: 60 Try: 0 Length: 2 and 100 Growth: False and True
Iteration: 61 Try: 0 Length: 50 and 50 Growth: False and False
Iteration: 61 Try: 0 Length: 40 and 60 Growth: False and False
Iteration: 61 Try: 0 Length: 20 and 80 Growth: False and False
Iteration: 61 Try: 0 Length: 10 and 90 Growth: False and False
Iteration: 61 Try: 0 Length: 5 and 95 Growth: False and False
Iteration: 61 Try: 0 Length: 2 and 98 Growth: False and False
Iteration: 61 Try: 0 Length: 1 and 99 Growth: False and False
Iteration: 62 Try: 1 Length: 50 and 50 Growth: False and False
Iteration: 62 Try: 1 Length: 40 and 60 Growth: False and False
Iteration: 62 Try: 1 Length: 20 and 80 Growth: False and False
Iteration: 62 Try: 1 Length: 10 and 90 Growth: False and False
Iteration: 62 Try: 1 Length: 5 and 95 Growth: False and False
Iteration: 62 Try: 1 Length: 2 and 98 Growth: False and False
Iteration: 62 Try: 1 Length: 1 and 99 Growth: False and True
Iteration: 63 Try: 0 Length: 50 and 49 Growth: False and False
Iteration: 63 Try: 0 Length: 39 and 60 Growth: False and False
Iteration: 63 Try: 0 Length: 19 and 80 Growth: False and False
Iteration: 63 Try: 0 Length: 9 and 90 Growth: False and False
Iteration: 63 Try: 0 Length: 4 and 95 Growth: False and False
Iteration: 63 Try: 0 Length: 2 and 97 Growth: False and False
Iteration: 63 Try: 0 Length: 1 and 98 Growth: False and False
Iteration: 64 Try: 1 Length: 50 and 49 Growth: False and False
Iteration: 64 Try: 1 Length: 39 and 60 Growth: False and False
Iteration: 64 Try: 1 Length: 19 and 80 Growth: False and False
Iteration: 64 Try: 1 Length: 9 and 90 Growth: False and False
Iteration: 64 Try: 1 Length: 4 and 95 Growth: False and False
Iteration: 64 Try: 1 Length: 2 and 97 Growth: False and False
Iteration: 64 Try: 1 Length: 1 and 98 Growth: False and False
Iteration: 65 Try: 2 Length: 50 and 49 Growth: False and False
Iteration: 65 Try: 2 Length: 39 and 60 Growth: False and False
Iteration: 65 Try: 2 Length: 19 and 80 Growth: False and False
Iteration: 65 Try: 2 Length: 9 and 90 Growth: False and False
Iteration: 65 Try: 2 Length: 4 and 95 Growth: False and False
Iteration: 65 Try: 2 Length: 2 and 97 Growth: False and False
Iteration: 65 Try: 2 Length: 1 and 98 Growth: False and False
Iteration: 66 Try: 3 Length: 50 and 49 Growth: False and False
Iteration: 66 Try: 3 Length: 39 and 60 Growth: False and False
Iteration: 66 Try: 3 Length: 19 and 80 Growth: False and False
Iteration: 66 Try: 3 Length: 9 and 90 Growth: False and False
Iteration: 66 Try: 3 Length: 4 and 95 Growth: False and False
Iteration: 66 Try: 3 Length: 2 and 97 Growth: False and False
Iteration: 66 Try: 3 Length: 1 and 98 Growth: False and True
Iteration: 67 Try: 0 Length: 49 and 49 Growth: False and False
Iteration: 67 Try: 0 Length: 39 and 59 Growth: False and False
Iteration: 67 Try: 0 Length: 19 and 79 Growth: False and False
Iteration: 67 Try: 0 Length: 9 and 89 Growth: False and False
Iteration: 67 Try: 0 Length: 4 and 94 Growth: False and False
Iteration: 67 Try: 0 Length: 2 and 96 Growth: False and False
Iteration: 67 Try: 0 Length: 1 and 97 Growth: False and False
Iteration: 68 Try: 1 Length: 49 and 49 Growth: False and False
Iteration: 68 Try: 1 Length: 39 and 59 Growth: False and False
Iteration: 68 Try: 1 Length: 19 and 79 Growth: False and False
Iteration: 68 Try: 1 Length: 9 and 89 Growth: False and False
Iteration: 68 Try: 1 Length: 4 and 94 Growth: False and False
Iteration: 68 Try: 1 Length: 2 and 96 Growth: False and False
Iteration: 68 Try: 1 Length: 1 and 97 Growth: False and False
Iteration: 69 Try: 2 Length: 49 and 49 Growth: False and False
Iteration: 69 Try: 2 Length: 39 and 59 Growth: False and False
Iteration: 69 Try: 2 Length: 19 and 79 Growth: False and False
Iteration: 69 Try: 2 Length: 9 and 89 Growth: False and False
Iteration: 69 Try: 2 Length: 4 and 94 Growth: False and False
Iteration: 69 Try: 2 Length: 2 and 96 Growth: False and False
Iteration: 69 Try: 2 Length: 1 and 97 Growth: False and False
Iteration: 70 Try: 3 Length: 49 and 49 Growth: False and False
Iteration: 70 Try: 3 Length: 39 and 59 Growth: False and False
Iteration: 70 Try: 3 Length: 19 and 79 Growth: False and False
Iteration: 70 Try: 3 Length: 9 and 89 Growth: False and True
Iteration: 71 Try: 0 Length: 45 and 44 Growth: False and False
Iteration: 71 Try: 0 Length: 35 and 54 Growth: False and False
Iteration: 71 Try: 0 Length: 17 and 72 Growth: False and False
Iteration: 71 Try: 0 Length: 8 and 81 Growth: False and False
Iteration: 71 Try: 0 Length: 4 and 85 Growth: False and False
Iteration: 71 Try: 0 Length: 2 and 87 Growth: False and True
Iteration: 72 Try: 0 Length: 44 and 43 Growth: False and False
Iteration: 72 Try: 0 Length: 34 and 53 Growth: False and False
Iteration: 72 Try: 0 Length: 17 and 70 Growth: False and False
Iteration: 72 Try: 0 Length: 8 and 79 Growth: False and False
Iteration: 72 Try: 0 Length: 4 and 83 Growth: False and False
Iteration: 72 Try: 0 Length: 2 and 85 Growth: False and False
Iteration: 72 Try: 0 Length: 1 and 86 Growth: False and False
Iteration: 73 Try: 1 Length: 44 and 43 Growth: False and False
Iteration: 73 Try: 1 Length: 34 and 53 Growth: False and False
Iteration: 73 Try: 1 Length: 17 and 70 Growth: False and False
Iteration: 73 Try: 1 Length: 8 and 79 Growth: False and False
Iteration: 73 Try: 1 Length: 4 and 83 Growth: False and True
Iteration: 74 Try: 0 Length: 42 and 41 Growth: False and False
Iteration: 74 Try: 0 Length: 33 and 50 Growth: False and False
Iteration: 74 Try: 0 Length: 16 and 67 Growth: False and False
Iteration: 74 Try: 0 Length: 8 and 75 Growth: False and False
Iteration: 74 Try: 0 Length: 4 and 79 Growth: False and False
Iteration: 74 Try: 0 Length: 2 and 81 Growth: False and False
Iteration: 74 Try: 0 Length: 1 and 82 Growth: False and False
Iteration: 75 Try: 1 Length: 42 and 41 Growth: False and False
Iteration: 75 Try: 1 Length: 33 and 50 Growth: False and False
Iteration: 75 Try: 1 Length: 16 and 67 Growth: False and False
Iteration: 75 Try: 1 Length: 8 and 75 Growth: False and False
Iteration: 75 Try: 1 Length: 4 and 79 Growth: False and False
Iteration: 75 Try: 1 Length: 2 and 81 Growth: False and True
Iteration: 76 Try: 0 Length: 41 and 40 Growth: False and False
Iteration: 76 Try: 0 Length: 32 and 49 Growth: False and False
Iteration: 76 Try: 0 Length: 16 and 65 Growth: False and False
Iteration: 76 Try: 0 Length: 8 and 73 Growth: False and False
Iteration: 76 Try: 0 Length: 4 and 77 Growth: False and False
Iteration: 76 Try: 0 Length: 2 and 79 Growth: False and False
Iteration: 76 Try: 0 Length: 1 and 80 Growth: False and True
Iteration: 77 Try: 0 Length: 40 and 40 Growth: False and False
Iteration: 77 Try: 0 Length: 32 and 48 Growth: False and False
Iteration: 77 Try: 0 Length: 16 and 64 Growth: False and False
Iteration: 77 Try: 0 Length: 8 and 72 Growth: False and False
Iteration: 77 Try: 0 Length: 4 and 76 Growth: False and False
Iteration: 77 Try: 0 Length: 2 and 78 Growth: False and False
Iteration: 77 Try: 0 Length: 1 and 79 Growth: False and False
Iteration: 78 Try: 1 Length: 40 and 40 Growth: False and False
Iteration: 78 Try: 1 Length: 32 and 48 Growth: False and False
Iteration: 78 Try: 1 Length: 16 and 64 Growth: False and False
Iteration: 78 Try: 1 Length: 8 and 72 Growth: False and False
Iteration: 78 Try: 1 Length: 4 and 76 Growth: False and False
Iteration: 78 Try: 1 Length: 2 and 78 Growth: False and True
Iteration: 79 Try: 0 Length: 39 and 39 Growth: False and False
Iteration: 79 Try: 0 Length: 31 and 47 Growth: False and False
Iteration: 79 Try: 0 Length: 15 and 63 Growth: False and False
Iteration: 79 Try: 0 Length: 7 and 71 Growth: False and False
Iteration: 79 Try: 0 Length: 3 and 75 Growth: False and False
Iteration: 79 Try: 0 Length: 1 and 77 Growth: False and False
Iteration: 80 Try: 1 Length: 39 and 39 Growth: False and False
Iteration: 80 Try: 1 Length: 31 and 47 Growth: False and False
Iteration: 80 Try: 1 Length: 15 and 63 Growth: False and False
Iteration: 80 Try: 1 Length: 7 and 71 Growth: False and True
Iteration: 81 Try: 0 Length: 36 and 35 Growth: False and False
Iteration: 81 Try: 0 Length: 28 and 43 Growth: False and False
Iteration: 81 Try: 0 Length: 14 and 57 Growth: False and False
Iteration: 81 Try: 0 Length: 7 and 64 Growth: False and False
Iteration: 81 Try: 0 Length: 3 and 68 Growth: False and False
Iteration: 81 Try: 0 Length: 1 and 70 Growth: False and True
Iteration: 82 Try: 0 Length: 35 and 35 Growth: False and False
Iteration: 82 Try: 0 Length: 28 and 42 Growth: False and False
Iteration: 82 Try: 0 Length: 14 and 56 Growth: False and False
Iteration: 82 Try: 0 Length: 7 and 63 Growth: False and False
Iteration: 82 Try: 0 Length: 3 and 67 Growth: False and False
Iteration: 82 Try: 0 Length: 1 and 69 Growth: False and False
Iteration: 83 Try: 1 Length: 35 and 35 Growth: False and False
Iteration: 83 Try: 1 Length: 28 and 42 Growth: False and False
Iteration: 83 Try: 1 Length: 14 and 56 Growth: False and False
Iteration: 83 Try: 1 Length: 7 and 63 Growth: False and False
Iteration: 83 Try: 1 Length: 3 and 67 Growth: False and False
Iteration: 83 Try: 1 Length: 1 and 69 Growth: False and True
Iteration: 84 Try: 0 Length: 35 and 34 Growth: False and False
Iteration: 84 Try: 0 Length: 27 and 42 Growth: False and False
Iteration: 84 Try: 0 Length: 13 and 56 Growth: False and False
Iteration: 84 Try: 0 Length: 6 and 63 Growth: False and False
Iteration: 84 Try: 0 Length: 3 and 66 Growth: False and False
Iteration: 84 Try: 0 Length: 1 and 68 Growth: False and False
Iteration: 85 Try: 1 Length: 35 and 34 Growth: False and False
Iteration: 85 Try: 1 Length: 27 and 42 Growth: False and False
Iteration: 85 Try: 1 Length: 13 and 56 Growth: False and False
Iteration: 85 Try: 1 Length: 6 and 63 Growth: False and False
Iteration: 85 Try: 1 Length: 3 and 66 Growth: False and False
Iteration: 85 Try: 1 Length: 1 and 68 Growth: False and True
Iteration: 86 Try: 0 Length: 34 and 34 Growth: False and False
Iteration: 86 Try: 0 Length: 27 and 41 Growth: False and False
Iteration: 86 Try: 0 Length: 13 and 55 Growth: False and False
Iteration: 86 Try: 0 Length: 6 and 62 Growth: False and False
Iteration: 86 Try: 0 Length: 3 and 65 Growth: False and False
Iteration: 86 Try: 0 Length: 1 and 67 Growth: False and False
Iteration: 87 Try: 1 Length: 34 and 34 Growth: False and False
Iteration: 87 Try: 1 Length: 27 and 41 Growth: False and False
Iteration: 87 Try: 1 Length: 13 and 55 Growth: False and False
Iteration: 87 Try: 1 Length: 6 and 62 Growth: False and False
Iteration: 87 Try: 1 Length: 3 and 65 Growth: False and False
Iteration: 87 Try: 1 Length: 1 and 67 Growth: False and True
Iteration: 88 Try: 0 Length: 34 and 33 Growth: False and False
Iteration: 88 Try: 0 Length: 26 and 41 Growth: False and False
Iteration: 88 Try: 0 Length: 13 and 54 Growth: False and False
Iteration: 88 Try: 0 Length: 6 and 61 Growth: False and False
Iteration: 88 Try: 0 Length: 3 and 64 Growth: False and False
Iteration: 88 Try: 0 Length: 1 and 66 Growth: False and True
Iteration: 89 Try: 0 Length: 33 and 33 Growth: False and False
Iteration: 89 Try: 0 Length: 26 and 40 Growth: False and False
Iteration: 89 Try: 0 Length: 13 and 53 Growth: False and False
Iteration: 89 Try: 0 Length: 6 and 60 Growth: False and False
Iteration: 89 Try: 0 Length: 3 and 63 Growth: False and False
Iteration: 89 Try: 0 Length: 1 and 65 Growth: False and False
Iteration: 90 Try: 1 Length: 33 and 33 Growth: False and False
Iteration: 90 Try: 1 Length: 26 and 40 Growth: False and False
Iteration: 90 Try: 1 Length: 13 and 53 Growth: False and False
Iteration: 90 Try: 1 Length: 6 and 60 Growth: False and False
Iteration: 90 Try: 1 Length: 3 and 63 Growth: False and True
Iteration: 91 Try: 0 Length: 32 and 31 Growth: False and False
Iteration: 91 Try: 0 Length: 25 and 38 Growth: False and False
Iteration: 91 Try: 0 Length: 12 and 51 Growth: False and False
Iteration: 91 Try: 0 Length: 6 and 57 Growth: False and False
Iteration: 91 Try: 0 Length: 3 and 60 Growth: False and False
Iteration: 91 Try: 0 Length: 1 and 62 Growth: False and False
Iteration: 92 Try: 1 Length: 32 and 31 Growth: False and False
Iteration: 92 Try: 1 Length: 25 and 38 Growth: False and False
Iteration: 92 Try: 1 Length: 12 and 51 Growth: False and False
Iteration: 92 Try: 1 Length: 6 and 57 Growth: False and False
Iteration: 92 Try: 1 Length: 3 and 60 Growth: False and False
Iteration: 92 Try: 1 Length: 1 and 62 Growth: False and True
Iteration: 93 Try: 0 Length: 31 and 31 Growth: False and False
Iteration: 93 Try: 0 Length: 24 and 38 Growth: False and False
Iteration: 93 Try: 0 Length: 12 and 50 Growth: False and False
Iteration: 93 Try: 0 Length: 6 and 56 Growth: False and False
Iteration: 93 Try: 0 Length: 3 and 59 Growth: False and False
Iteration: 93 Try: 0 Length: 1 and 61 Growth: False and True
Iteration: 94 Try: 0 Length: 31 and 30 Growth: False and False
Iteration: 94 Try: 0 Length: 24 and 37 Growth: False and False
Iteration: 94 Try: 0 Length: 12 and 49 Growth: False and False
Iteration: 94 Try: 0 Length: 6 and 55 Growth: False and False
Iteration: 94 Try: 0 Length: 3 and 58 Growth: False and False
Iteration: 94 Try: 0 Length: 1 and 60 Growth: False and False
Iteration: 95 Try: 1 Length: 31 and 30 Growth: False and False
Iteration: 95 Try: 1 Length: 24 and 37 Growth: False and False
Iteration: 95 Try: 1 Length: 12 and 49 Growth: False and False
Iteration: 95 Try: 1 Length: 6 and 55 Growth: False and False
Iteration: 95 Try: 1 Length: 3 and 58 Growth: False and False
Iteration: 95 Try: 1 Length: 1 and 60 Growth: False and True
Iteration: 96 Try: 0 Length: 30 and 30 Growth: False and False
Iteration: 96 Try: 0 Length: 24 and 36 Growth: False and False
Iteration: 96 Try: 0 Length: 12 and 48 Growth: False and False
Iteration: 96 Try: 0 Length: 6 and 54 Growth: False and False
Iteration: 96 Try: 0 Length: 3 and 57 Growth: False and False
Iteration: 96 Try: 0 Length: 1 and 59 Growth: False and False
Iteration: 97 Try: 1 Length: 30 and 30 Growth: False and False
Iteration: 97 Try: 1 Length: 24 and 36 Growth: False and False
Iteration: 97 Try: 1 Length: 12 and 48 Growth: False and False
Iteration: 97 Try: 1 Length: 6 and 54 Growth: False and False
Iteration: 97 Try: 1 Length: 3 and 57 Growth: False and False
Iteration: 97 Try: 1 Length: 1 and 59 Growth: False and False
Iteration: 98 Try: 2 Length: 30 and 30 Growth: False and False
Iteration: 98 Try: 2 Length: 24 and 36 Growth: False and False
Iteration: 98 Try: 2 Length: 12 and 48 Growth: False and False
Iteration: 98 Try: 2 Length: 6 and 54 Growth: False and True
Iteration: 99 Try: 0 Length: 27 and 27 Growth: False and False
Iteration: 99 Try: 0 Length: 21 and 33 Growth: False and False
Iteration: 99 Try: 0 Length: 10 and 44 Growth: False and False
Iteration: 99 Try: 0 Length: 5 and 49 Growth: False and False
Iteration: 99 Try: 0 Length: 2 and 52 Growth: False and False
Iteration: 99 Try: 0 Length: 1 and 53 Growth: False and False
Iteration: 100 Try: 1 Length: 27 and 27 Growth: False and False
Iteration: 100 Try: 1 Length: 21 and 33 Growth: False and False
Iteration: 100 Try: 1 Length: 10 and 44 Growth: False and False
Iteration: 100 Try: 1 Length: 5 and 49 Growth: False and False
Iteration: 100 Try: 1 Length: 2 and 52 Growth: False and False
Iteration: 100 Try: 1 Length: 1 and 53 Growth: False and True
Iteration: 101 Try: 0 Length: 27 and 26 Growth: False and False
Iteration: 101 Try: 0 Length: 21 and 32 Growth: False and False
Iteration: 101 Try: 0 Length: 10 and 43 Growth: False and False
Iteration: 101 Try: 0 Length: 5 and 48 Growth: False and False
Iteration: 101 Try: 0 Length: 2 and 51 Growth: False and False
Iteration: 101 Try: 0 Length: 1 and 52 Growth: False and False
Iteration: 102 Try: 1 Length: 27 and 26 Growth: False and False
Iteration: 102 Try: 1 Length: 21 and 32 Growth: False and False
Iteration: 102 Try: 1 Length: 10 and 43 Growth: False and False
Iteration: 102 Try: 1 Length: 5 and 48 Growth: False and False
Iteration: 102 Try: 1 Length: 2 and 51 Growth: False and False
Iteration: 102 Try: 1 Length: 1 and 52 Growth: False and False
Iteration: 103 Try: 2 Length: 27 and 26 Growth: False and False
Iteration: 103 Try: 2 Length: 21 and 32 Growth: False and False
Iteration: 103 Try: 2 Length: 10 and 43 Growth: False and False
Iteration: 103 Try: 2 Length: 5 and 48 Growth: False and False
Iteration: 103 Try: 2 Length: 2 and 51 Growth: False and False
Iteration: 103 Try: 2 Length: 1 and 52 Growth: False and False
Iteration: 104 Try: 3 Length: 27 and 26 Growth: False and False
Iteration: 104 Try: 3 Length: 21 and 32 Growth: False and False
Iteration: 104 Try: 3 Length: 10 and 43 Growth: False and False
Iteration: 104 Try: 3 Length: 5 and 48 Growth: False and False
Iteration: 104 Try: 3 Length: 2 and 51 Growth: False and False
Iteration: 104 Try: 3 Length: 1 and 52 Growth: False and True
Iteration: 105 Try: 0 Length: 26 and 26 Growth: False and False
Iteration: 105 Try: 0 Length: 20 and 32 Growth: False and False
Iteration: 105 Try: 0 Length: 10 and 42 Growth: False and False
Iteration: 105 Try: 0 Length: 5 and 47 Growth: False and False
Iteration: 105 Try: 0 Length: 2 and 50 Growth: False and False
Iteration: 105 Try: 0 Length: 1 and 51 Growth: False and False
Iteration: 106 Try: 1 Length: 26 and 26 Growth: False and False
Iteration: 106 Try: 1 Length: 20 and 32 Growth: False and False
Iteration: 106 Try: 1 Length: 10 and 42 Growth: False and False
Iteration: 106 Try: 1 Length: 5 and 47 Growth: False and False
Iteration: 106 Try: 1 Length: 2 and 50 Growth: False and True
Iteration: 107 Try: 0 Length: 25 and 25 Growth: False and False
Iteration: 107 Try: 0 Length: 20 and 30 Growth: False and False
Iteration: 107 Try: 0 Length: 10 and 40 Growth: False and False
Iteration: 107 Try: 0 Length: 5 and 45 Growth: False and False
Iteration: 107 Try: 0 Length: 2 and 48 Growth: False and True
Iteration: 108 Try: 0 Length: 24 and 24 Growth: False and False
Iteration: 108 Try: 0 Length: 19 and 29 Growth: False and False
Iteration: 108 Try: 0 Length: 9 and 39 Growth: False and False
Iteration: 108 Try: 0 Length: 4 and 44 Growth: False and False
Iteration: 108 Try: 0 Length: 2 and 46 Growth: False and False
Iteration: 108 Try: 0 Length: 1 and 47 Growth: False and False
Iteration: 109 Try: 1 Length: 24 and 24 Growth: False and False
Iteration: 109 Try: 1 Length: 19 and 29 Growth: False and False
Iteration: 109 Try: 1 Length: 9 and 39 Growth: False and False
Iteration: 109 Try: 1 Length: 4 and 44 Growth: False and False
Iteration: 109 Try: 1 Length: 2 and 46 Growth: False and False
Iteration: 109 Try: 1 Length: 1 and 47 Growth: False and True
Iteration: 110 Try: 0 Length: 24 and 23 Growth: False and False
Iteration: 110 Try: 0 Length: 18 and 29 Growth: False and False
Iteration: 110 Try: 0 Length: 9 and 38 Growth: False and False
Iteration: 110 Try: 0 Length: 4 and 43 Growth: False and False
Iteration: 110 Try: 0 Length: 2 and 45 Growth: False and False
Iteration: 110 Try: 0 Length: 1 and 46 Growth: False and False
Iteration: 111 Try: 1 Length: 24 and 23 Growth: False and False
Iteration: 111 Try: 1 Length: 18 and 29 Growth: False and False
Iteration: 111 Try: 1 Length: 9 and 38 Growth: False and False
Iteration: 111 Try: 1 Length: 4 and 43 Growth: False and False
Iteration: 111 Try: 1 Length: 2 and 45 Growth: False and True
Iteration: 112 Try: 0 Length: 23 and 22 Growth: False and False
Iteration: 112 Try: 0 Length: 18 and 27 Growth: False and False
Iteration: 112 Try: 0 Length: 9 and 36 Growth: False and False
Iteration: 112 Try: 0 Length: 4 and 41 Growth: False and False
Iteration: 112 Try: 0 Length: 2 and 43 Growth: False and False
Iteration: 112 Try: 0 Length: 1 and 44 Growth: False and False
Iteration: 113 Try: 1 Length: 23 and 22 Growth: False and False
Iteration: 113 Try: 1 Length: 18 and 27 Growth: False and False
Iteration: 113 Try: 1 Length: 9 and 36 Growth: False and False
Iteration: 113 Try: 1 Length: 4 and 41 Growth: False and False
Iteration: 113 Try: 1 Length: 2 and 43 Growth: False and True
Iteration: 114 Try: 0 Length: 22 and 21 Growth: False and False
Iteration: 114 Try: 0 Length: 17 and 26 Growth: False and False
Iteration: 114 Try: 0 Length: 8 and 35 Growth: False and False
Iteration: 114 Try: 0 Length: 4 and 39 Growth: False and False
Iteration: 114 Try: 0 Length: 2 and 41 Growth: False and False
Iteration: 114 Try: 0 Length: 1 and 42 Growth: False and False
Iteration: 115 Try: 1 Length: 22 and 21 Growth: False and False
Iteration: 115 Try: 1 Length: 17 and 26 Growth: False and False
Iteration: 115 Try: 1 Length: 8 and 35 Growth: False and False
Iteration: 115 Try: 1 Length: 4 and 39 Growth: False and False
Iteration: 115 Try: 1 Length: 2 and 41 Growth: False and False
Iteration: 115 Try: 1 Length: 1 and 42 Growth: False and False
Iteration: 116 Try: 2 Length: 22 and 21 Growth: False and False
Iteration: 116 Try: 2 Length: 17 and 26 Growth: False and False
Iteration: 116 Try: 2 Length: 8 and 35 Growth: False and False
Iteration: 116 Try: 2 Length: 4 and 39 Growth: False and False
Iteration: 116 Try: 2 Length: 2 and 41 Growth: False and False
Iteration: 116 Try: 2 Length: 1 and 42 Growth: False and False
Iteration: 117 Try: 3 Length: 22 and 21 Growth: False and False
Iteration: 117 Try: 3 Length: 17 and 26 Growth: False and False
Iteration: 117 Try: 3 Length: 8 and 35 Growth: False and False
Iteration: 117 Try: 3 Length: 4 and 39 Growth: False and False
Iteration: 117 Try: 3 Length: 2 and 41 Growth: False and False
Iteration: 117 Try: 3 Length: 1 and 42 Growth: False and True
Iteration: 118 Try: 0 Length: 21 and 21 Growth: False and False
Iteration: 118 Try: 0 Length: 16 and 26 Growth: False and False
Iteration: 118 Try: 0 Length: 8 and 34 Growth: False and False
Iteration: 118 Try: 0 Length: 4 and 38 Growth: False and False
Iteration: 118 Try: 0 Length: 2 and 40 Growth: False and False
Iteration: 118 Try: 0 Length: 1 and 41 Growth: False and False
Iteration: 119 Try: 1 Length: 21 and 21 Growth: False and False
Iteration: 119 Try: 1 Length: 16 and 26 Growth: False and False
Iteration: 119 Try: 1 Length: 8 and 34 Growth: False and False
Iteration: 119 Try: 1 Length: 4 and 38 Growth: False and False
Iteration: 119 Try: 1 Length: 2 and 40 Growth: False and True
Iteration: 120 Try: 0 Length: 20 and 20 Growth: False and False
Iteration: 120 Try: 0 Length: 16 and 24 Growth: False and False
Iteration: 120 Try: 0 Length: 8 and 32 Growth: False and False
Iteration: 120 Try: 0 Length: 4 and 36 Growth: False and False
Iteration: 120 Try: 0 Length: 2 and 38 Growth: False and False
Iteration: 120 Try: 0 Length: 1 and 39 Growth: False and True
Iteration: 121 Try: 0 Length: 20 and 19 Growth: False and False
Iteration: 121 Try: 0 Length: 15 and 24 Growth: False and False
Iteration: 121 Try: 0 Length: 7 and 32 Growth: False and False
Iteration: 121 Try: 0 Length: 3 and 36 Growth: False and False
Iteration: 121 Try: 0 Length: 1 and 38 Growth: False and False
Iteration: 122 Try: 1 Length: 20 and 19 Growth: False and False
Iteration: 122 Try: 1 Length: 15 and 24 Growth: False and False
Iteration: 122 Try: 1 Length: 7 and 32 Growth: False and False
Iteration: 122 Try: 1 Length: 3 and 36 Growth: False and False
Iteration: 122 Try: 1 Length: 1 and 38 Growth: False and False
Iteration: 123 Try: 2 Length: 20 and 19 Growth: False and False
Iteration: 123 Try: 2 Length: 15 and 24 Growth: False and False
Iteration: 123 Try: 2 Length: 7 and 32 Growth: False and False
Iteration: 123 Try: 2 Length: 3 and 36 Growth: False and False
Iteration: 123 Try: 2 Length: 1 and 38 Growth: False and False
Iteration: 124 Try: 3 Length: 20 and 19 Growth: False and False
Iteration: 124 Try: 3 Length: 15 and 24 Growth: False and False
Iteration: 124 Try: 3 Length: 7 and 32 Growth: False and False
Iteration: 124 Try: 3 Length: 3 and 36 Growth: False and False
Iteration: 124 Try: 3 Length: 1 and 38 Growth: False and True
Iteration: 125 Try: 0 Length: 19 and 19 Growth: False and False
Iteration: 125 Try: 0 Length: 15 and 23 Growth: False and False
Iteration: 125 Try: 0 Length: 7 and 31 Growth: False and False
Iteration: 125 Try: 0 Length: 3 and 35 Growth: False and False
Iteration: 125 Try: 0 Length: 1 and 37 Growth: False and True
Iteration: 126 Try: 0 Length: 19 and 18 Growth: False and False
Iteration: 126 Try: 0 Length: 14 and 23 Growth: False and False
Iteration: 126 Try: 0 Length: 7 and 30 Growth: False and False
Iteration: 126 Try: 0 Length: 3 and 34 Growth: False and False
Iteration: 126 Try: 0 Length: 1 and 36 Growth: False and False
Iteration: 127 Try: 1 Length: 19 and 18 Growth: False and False
Iteration: 127 Try: 1 Length: 14 and 23 Growth: False and False
Iteration: 127 Try: 1 Length: 7 and 30 Growth: False and False
Iteration: 127 Try: 1 Length: 3 and 34 Growth: False and False
Iteration: 127 Try: 1 Length: 1 and 36 Growth: False and True
Iteration: 128 Try: 0 Length: 18 and 18 Growth: False and False
Iteration: 128 Try: 0 Length: 14 and 22 Growth: False and False
Iteration: 128 Try: 0 Length: 7 and 29 Growth: False and False
Iteration: 128 Try: 0 Length: 3 and 33 Growth: False and False
Iteration: 128 Try: 0 Length: 1 and 35 Growth: False and True
Iteration: 129 Try: 0 Length: 18 and 17 Growth: False and False
Iteration: 129 Try: 0 Length: 14 and 21 Growth: False and False
Iteration: 129 Try: 0 Length: 7 and 28 Growth: False and False
Iteration: 129 Try: 0 Length: 3 and 32 Growth: False and False
Iteration: 129 Try: 0 Length: 1 and 34 Growth: False and False
Iteration: 130 Try: 1 Length: 18 and 17 Growth: False and False
Iteration: 130 Try: 1 Length: 14 and 21 Growth: False and False
Iteration: 130 Try: 1 Length: 7 and 28 Growth: False and False
Iteration: 130 Try: 1 Length: 3 and 32 Growth: False and False
Iteration: 130 Try: 1 Length: 1 and 34 Growth: False and False
Iteration: 131 Try: 2 Length: 18 and 17 Growth: False and False
Iteration: 131 Try: 2 Length: 14 and 21 Growth: False and False
Iteration: 131 Try: 2 Length: 7 and 28 Growth: False and False
Iteration: 131 Try: 2 Length: 3 and 32 Growth: False and False
Iteration: 131 Try: 2 Length: 1 and 34 Growth: False and True
Iteration: 132 Try: 0 Length: 17 and 17 Growth: False and False
Iteration: 132 Try: 0 Length: 13 and 21 Growth: False and False
Iteration: 132 Try: 0 Length: 6 and 28 Growth: False and False
Iteration: 132 Try: 0 Length: 3 and 31 Growth: False and False
Iteration: 132 Try: 0 Length: 1 and 33 Growth: False and True
Iteration: 133 Try: 0 Length: 17 and 16 Growth: False and False
Iteration: 133 Try: 0 Length: 13 and 20 Growth: False and False
Iteration: 133 Try: 0 Length: 6 and 27 Growth: False and False
Iteration: 133 Try: 0 Length: 3 and 30 Growth: False and False
Iteration: 133 Try: 0 Length: 1 and 32 Growth: False and False
Iteration: 134 Try: 1 Length: 17 and 16 Growth: False and False
Iteration: 134 Try: 1 Length: 13 and 20 Growth: False and False
Iteration: 134 Try: 1 Length: 6 and 27 Growth: False and False
Iteration: 134 Try: 1 Length: 3 and 30 Growth: False and False
Iteration: 134 Try: 1 Length: 1 and 32 Growth: False and False
Iteration: 135 Try: 2 Length: 17 and 16 Growth: False and False
Iteration: 135 Try: 2 Length: 13 and 20 Growth: False and False
Iteration: 135 Try: 2 Length: 6 and 27 Growth: False and False
Iteration: 135 Try: 2 Length: 3 and 30 Growth: False and False
Iteration: 135 Try: 2 Length: 1 and 32 Growth: False and False
Iteration: 136 Try: 3 Length: 17 and 16 Growth: False and False
Iteration: 136 Try: 3 Length: 13 and 20 Growth: False and False
Iteration: 136 Try: 3 Length: 6 and 27 Growth: False and False
Iteration: 136 Try: 3 Length: 3 and 30 Growth: False and False
Iteration: 136 Try: 3 Length: 1 and 32 Growth: False and False
Iteration: 137 Try: 4 Length: 17 and 16 Growth: False and False
Iteration: 137 Try: 4 Length: 13 and 20 Growth: False and False
Iteration: 137 Try: 4 Length: 6 and 27 Growth: False and False
Iteration: 137 Try: 4 Length: 3 and 30 Growth: False and False
Iteration: 137 Try: 4 Length: 1 and 32 Growth: False and False
Iteration: 138 Try: 5 Length: 17 and 16 Growth: False and False
Iteration: 138 Try: 5 Length: 13 and 20 Growth: False and False
Iteration: 138 Try: 5 Length: 6 and 27 Growth: False and False
Iteration: 138 Try: 5 Length: 3 and 30 Growth: False and False
Iteration: 138 Try: 5 Length: 1 and 32 Growth: False and False
There are 33 reactions remaining: set(['rxn03137', 'rxn00346', 'rxn01213', 'rxn01648', 'rxn02103', 'rxn01256', 'rxn02473', 'rxn00122', 'rxn01270', 'rxn00829', 'rxn02341', 'rxn03638', 'rxn03884', 'rxn05463', 'rxn27927', 'rxn05374', 'rxn05399', 'rxn00331', 'rxn00199', 'rxn09177', 'rxn08199', 'rxn00358', 'rxn01466', 'rxn02507', 'rxn00179', 'rxn00293', 'rxn00525', 'rxn00832', 'rxn03087', 'rxn02508', 'rxn02835', 'rxn02834', 'rxn05322'])
Testing suggestions from media
At the beginning the base list has 1245  and the optional list has 49 reactions
Iteration: 1 Try: 0 Length: 25 and 24 Growth: True and True
Iteration: 2 Try: 0 Length: 13 and 12 Growth: True and True
Iteration: 3 Try: 0 Length: 7 and 6 Growth: True and False
Iteration: 4 Try: 0 Length: 4 and 3 Growth: False and False
Iteration: 4 Try: 0 Length: 2 and 5 Growth: False and False
Iteration: 4 Try: 0 Length: 1 and 6 Growth: False and True
Iteration: 5 Try: 0 Length: 3 and 3 Growth: False and False
Iteration: 5 Try: 0 Length: 2 and 4 Growth: False and False
Iteration: 5 Try: 0 Length: 1 and 5 Growth: False and False
Iteration: 6 Try: 1 Length: 3 and 3 Growth: False and False
Iteration: 6 Try: 1 Length: 2 and 4 Growth: False and False
Iteration: 6 Try: 1 Length: 1 and 5 Growth: False and False
Iteration: 7 Try: 2 Length: 3 and 3 Growth: False and False
Iteration: 7 Try: 2 Length: 2 and 4 Growth: False and False
Iteration: 7 Try: 2 Length: 1 and 5 Growth: False and False
Iteration: 8 Try: 3 Length: 3 and 3 Growth: False and False
Iteration: 8 Try: 3 Length: 2 and 4 Growth: False and False
Iteration: 8 Try: 3 Length: 1 and 5 Growth: False and True
Iteration: 9 Try: 0 Length: 3 and 2 Growth: False and False
Iteration: 9 Try: 0 Length: 2 and 3 Growth: False and False
Iteration: 9 Try: 0 Length: 1 and 4 Growth: False and False
Iteration: 10 Try: 1 Length: 3 and 2 Growth: True and False
Iteration: 11 Try: 0 Length: 2 and 1 Growth: False and False
Iteration: 11 Try: 0 Length: 1 and 2 Growth: False and False
Iteration: 12 Try: 1 Length: 2 and 1 Growth: False and False
Iteration: 12 Try: 1 Length: 1 and 2 Growth: False and False
Iteration: 13 Try: 2 Length: 2 and 1 Growth: False and False
Iteration: 13 Try: 2 Length: 1 and 2 Growth: False and False
Iteration: 14 Try: 3 Length: 2 and 1 Growth: False and False
Iteration: 14 Try: 3 Length: 1 and 2 Growth: False and False
Iteration: 15 Try: 4 Length: 2 and 1 Growth: False and False
Iteration: 15 Try: 4 Length: 1 and 2 Growth: False and False
Iteration: 16 Try: 5 Length: 2 and 1 Growth: False and False
Iteration: 16 Try: 5 Length: 1 and 2 Growth: False and False
There are 3 reactions remaining: set(['rxn08186', 'rxn08952', 'rxn29072'])
Testing suggestions from essential
At the beginning the base list has 1211  and the optional list has 37 reactions
Iteration: 1 Try: 0 Length: 19 and 18 Growth: False and False
Iteration: 1 Try: 0 Length: 14 and 23 Growth: False and False
Iteration: 1 Try: 0 Length: 7 and 30 Growth: False and False
Iteration: 1 Try: 0 Length: 3 and 34 Growth: False and True
Iteration: 2 Try: 0 Length: 17 and 17 Growth: False and False
Iteration: 2 Try: 0 Length: 13 and 21 Growth: False and False
Iteration: 2 Try: 0 Length: 6 and 28 Growth: False and False
Iteration: 2 Try: 0 Length: 3 and 31 Growth: False and False
Iteration: 2 Try: 0 Length: 1 and 33 Growth: False and False
Iteration: 3 Try: 1 Length: 17 and 17 Growth: False and False
Iteration: 3 Try: 1 Length: 13 and 21 Growth: False and False
Iteration: 3 Try: 1 Length: 6 and 28 Growth: False and False
Iteration: 3 Try: 1 Length: 3 and 31 Growth: False and True
Iteration: 4 Try: 0 Length: 16 and 15 Growth: False and False
Iteration: 4 Try: 0 Length: 12 and 19 Growth: False and False
Iteration: 4 Try: 0 Length: 6 and 25 Growth: False and False
Iteration: 4 Try: 0 Length: 3 and 28 Growth: False and False
Iteration: 4 Try: 0 Length: 1 and 30 Growth: False and True
Iteration: 5 Try: 0 Length: 15 and 15 Growth: False and False
Iteration: 5 Try: 0 Length: 12 and 18 Growth: False and False
Iteration: 5 Try: 0 Length: 6 and 24 Growth: False and False
Iteration: 5 Try: 0 Length: 3 and 27 Growth: False and False
Iteration: 5 Try: 0 Length: 1 and 29 Growth: False and True
Iteration: 6 Try: 0 Length: 15 and 14 Growth: False and False
Iteration: 6 Try: 0 Length: 11 and 18 Growth: False and False
Iteration: 6 Try: 0 Length: 5 and 24 Growth: False and False
Iteration: 6 Try: 0 Length: 2 and 27 Growth: False and False
Iteration: 6 Try: 0 Length: 1 and 28 Growth: False and False
Iteration: 7 Try: 1 Length: 15 and 14 Growth: False and False
Iteration: 7 Try: 1 Length: 11 and 18 Growth: False and False
Iteration: 7 Try: 1 Length: 5 and 24 Growth: False and False
Iteration: 7 Try: 1 Length: 2 and 27 Growth: False and True
Iteration: 8 Try: 0 Length: 14 and 13 Growth: False and False
Iteration: 8 Try: 0 Length: 10 and 17 Growth: False and False
Iteration: 8 Try: 0 Length: 5 and 22 Growth: False and False
Iteration: 8 Try: 0 Length: 2 and 25 Growth: False and False
Iteration: 8 Try: 0 Length: 1 and 26 Growth: False and True
Iteration: 9 Try: 0 Length: 13 and 13 Growth: False and False
Iteration: 9 Try: 0 Length: 10 and 16 Growth: False and False
Iteration: 9 Try: 0 Length: 5 and 21 Growth: False and False
Iteration: 9 Try: 0 Length: 2 and 24 Growth: False and False
Iteration: 9 Try: 0 Length: 1 and 25 Growth: False and False
Iteration: 10 Try: 1 Length: 13 and 13 Growth: False and False
Iteration: 10 Try: 1 Length: 10 and 16 Growth: False and False
Iteration: 10 Try: 1 Length: 5 and 21 Growth: False and False
Iteration: 10 Try: 1 Length: 2 and 24 Growth: False and True
Iteration: 11 Try: 0 Length: 12 and 12 Growth: False and False
Iteration: 11 Try: 0 Length: 9 and 15 Growth: False and False
Iteration: 11 Try: 0 Length: 4 and 20 Growth: False and False
Iteration: 11 Try: 0 Length: 2 and 22 Growth: False and False
Iteration: 11 Try: 0 Length: 1 and 23 Growth: False and False
Iteration: 12 Try: 1 Length: 12 and 12 Growth: False and False
Iteration: 12 Try: 1 Length: 9 and 15 Growth: False and False
Iteration: 12 Try: 1 Length: 4 and 20 Growth: False and True
Iteration: 13 Try: 0 Length: 10 and 10 Growth: False and False
Iteration: 13 Try: 0 Length: 8 and 12 Growth: False and False
Iteration: 13 Try: 0 Length: 4 and 16 Growth: False and False
Iteration: 13 Try: 0 Length: 2 and 18 Growth: False and True
Iteration: 14 Try: 0 Length: 9 and 9 Growth: False and False
Iteration: 14 Try: 0 Length: 7 and 11 Growth: False and False
Iteration: 14 Try: 0 Length: 3 and 15 Growth: False and False
Iteration: 14 Try: 0 Length: 1 and 17 Growth: False and False
Iteration: 15 Try: 1 Length: 9 and 9 Growth: False and False
Iteration: 15 Try: 1 Length: 7 and 11 Growth: False and False
Iteration: 15 Try: 1 Length: 3 and 15 Growth: False and False
Iteration: 15 Try: 1 Length: 1 and 17 Growth: False and False
Iteration: 16 Try: 2 Length: 9 and 9 Growth: False and False
Iteration: 16 Try: 2 Length: 7 and 11 Growth: False and False
Iteration: 16 Try: 2 Length: 3 and 15 Growth: False and False
Iteration: 16 Try: 2 Length: 1 and 17 Growth: False and True
Iteration: 17 Try: 0 Length: 9 and 8 Growth: False and False
Iteration: 17 Try: 0 Length: 6 and 11 Growth: False and False
Iteration: 17 Try: 0 Length: 3 and 14 Growth: False and False
Iteration: 17 Try: 0 Length: 1 and 16 Growth: False and True
Iteration: 18 Try: 0 Length: 8 and 8 Growth: False and False
Iteration: 18 Try: 0 Length: 6 and 10 Growth: False and False
Iteration: 18 Try: 0 Length: 3 and 13 Growth: False and False
Iteration: 18 Try: 0 Length: 1 and 15 Growth: False and False
Iteration: 19 Try: 1 Length: 8 and 8 Growth: False and False
Iteration: 19 Try: 1 Length: 6 and 10 Growth: False and False
Iteration: 19 Try: 1 Length: 3 and 13 Growth: False and False
Iteration: 19 Try: 1 Length: 1 and 15 Growth: False and True
Iteration: 20 Try: 0 Length: 8 and 7 Growth: False and False
Iteration: 20 Try: 0 Length: 6 and 9 Growth: False and False
Iteration: 20 Try: 0 Length: 3 and 12 Growth: False and False
Iteration: 20 Try: 0 Length: 1 and 14 Growth: False and False
Iteration: 21 Try: 1 Length: 8 and 7 Growth: False and False
Iteration: 21 Try: 1 Length: 6 and 9 Growth: False and False
Iteration: 21 Try: 1 Length: 3 and 12 Growth: False and False
Iteration: 21 Try: 1 Length: 1 and 14 Growth: False and True
Iteration: 22 Try: 0 Length: 7 and 7 Growth: False and False
Iteration: 22 Try: 0 Length: 5 and 9 Growth: False and False
Iteration: 22 Try: 0 Length: 2 and 12 Growth: False and False
Iteration: 22 Try: 0 Length: 1 and 13 Growth: False and False
Iteration: 23 Try: 1 Length: 7 and 7 Growth: False and False
Iteration: 23 Try: 1 Length: 5 and 9 Growth: False and False
Iteration: 23 Try: 1 Length: 2 and 12 Growth: False and True
Iteration: 24 Try: 0 Length: 6 and 6 Growth: False and False
Iteration: 24 Try: 0 Length: 4 and 8 Growth: False and False
Iteration: 24 Try: 0 Length: 2 and 10 Growth: False and False
Iteration: 24 Try: 0 Length: 1 and 11 Growth: False and False
Iteration: 25 Try: 1 Length: 6 and 6 Growth: False and False
Iteration: 25 Try: 1 Length: 4 and 8 Growth: False and False
Iteration: 25 Try: 1 Length: 2 and 10 Growth: False and True
Iteration: 26 Try: 0 Length: 5 and 5 Growth: False and False
Iteration: 26 Try: 0 Length: 4 and 6 Growth: False and False
Iteration: 26 Try: 0 Length: 2 and 8 Growth: False and False
Iteration: 26 Try: 0 Length: 1 and 9 Growth: False and True
Iteration: 27 Try: 0 Length: 5 and 4 Growth: False and False
Iteration: 27 Try: 0 Length: 3 and 6 Growth: False and False
Iteration: 27 Try: 0 Length: 1 and 8 Growth: False and False
Iteration: 28 Try: 1 Length: 5 and 4 Growth: False and False
Iteration: 28 Try: 1 Length: 3 and 6 Growth: False and False
Iteration: 28 Try: 1 Length: 1 and 8 Growth: False and False
Iteration: 29 Try: 2 Length: 5 and 4 Growth: False and False
Iteration: 29 Try: 2 Length: 3 and 6 Growth: False and False
Iteration: 29 Try: 2 Length: 1 and 8 Growth: False and True
Iteration: 30 Try: 0 Length: 4 and 4 Growth: False and False
Iteration: 30 Try: 0 Length: 3 and 5 Growth: False and False
Iteration: 30 Try: 0 Length: 1 and 7 Growth: False and False
Iteration: 31 Try: 1 Length: 4 and 4 Growth: False and False
Iteration: 31 Try: 1 Length: 3 and 5 Growth: False and False
Iteration: 31 Try: 1 Length: 1 and 7 Growth: False and False
Iteration: 32 Try: 2 Length: 4 and 4 Growth: False and False
Iteration: 32 Try: 2 Length: 3 and 5 Growth: False and False
Iteration: 32 Try: 2 Length: 1 and 7 Growth: False and False
Iteration: 33 Try: 3 Length: 4 and 4 Growth: False and False
Iteration: 33 Try: 3 Length: 3 and 5 Growth: False and False
Iteration: 33 Try: 3 Length: 1 and 7 Growth: False and False
Iteration: 34 Try: 4 Length: 4 and 4 Growth: False and False
Iteration: 34 Try: 4 Length: 3 and 5 Growth: False and False
Iteration: 34 Try: 4 Length: 1 and 7 Growth: False and False
Iteration: 35 Try: 5 Length: 4 and 4 Growth: False and False
Iteration: 35 Try: 5 Length: 3 and 5 Growth: False and False
Iteration: 35 Try: 5 Length: 1 and 7 Growth: False and False
There are 8 reactions remaining: set(['rxn02374', 'rxn05390', 'rxn01208', 'rxn10473', 'rxn05377', 'rxn05116', 'rxn05195', 'rxn00392'])
