For the initial run we get growth of 0.0 which is False
After adding 38 ESSENTIAL reactions we get 0.0 (growth is False)

After adding 49 MEDIA reactions we get -1.44222907432e-13 (growth is False)

After adding 312 SUBSYSTEM reactions we get 3.60889981464e-13 (growth is False)

After adding 3480 ORPHAN reactions we get 0.0 (growth is False)

After adding 20 reactions in models/278834/6666666.140236.closest.genomes.roles we get -7.11826979604e-13 (growth is False)

There are 3383 compounds before assigning probabilities
Average score for reactions we are running:
Left: 0.998832684825
Right: 1.0
Using a cutoff of 0.998832684825
Proposing 3061 reactions
After adding 3061 PROBABILITY reactions we get 1000.0 (growth is True)

Testing suggestions from probability
Successfully limited the reactions by compound and reduced  from 3061 to 2988
At the beginning the base list has 4984  and the optional list has 2988 reactions
Iteration: 1 Try: 0 Length: 1494 and 1494 Growth: False and True
Iteration: 2 Try: 0 Length: 747 and 747 Growth: False and True
Iteration: 3 Try: 0 Length: 374 and 373 Growth: False and True
Iteration: 4 Try: 0 Length: 187 and 186 Growth: True and False
Iteration: 5 Try: 0 Length: 94 and 93 Growth: True and False
Iteration: 6 Try: 0 Length: 47 and 47 Growth: True and False
Iteration: 7 Try: 0 Length: 24 and 23 Growth: False and True
Iteration: 8 Try: 0 Length: 12 and 11 Growth: True and False
Iteration: 9 Try: 0 Length: 6 and 6 Growth: False and True
Iteration: 10 Try: 0 Length: 3 and 3 Growth: True and False
Iteration: 11 Try: 0 Length: 2 and 1 Growth: True and False
Iteration: 12 Try: 0 Length: 1 and 1 Growth: False and True
There are 1 reactions remaining: set(['rxn05039'])
Testing suggestions from close genomes 
The set of 'base' reactions results in growth so we don't need to bisect the optional set
Testing suggestions from orphans
Successfully limited the reactions by compound and reduced  from 3480 to 3468
At the beginning the base list has 1485  and the optional list has 3468 reactions
Iteration: 1 Try: 0 Length: 1734 and 1734 Growth: True and False
Iteration: 2 Try: 0 Length: 867 and 867 Growth: True and False
Iteration: 3 Try: 0 Length: 434 and 433 Growth: False and False
Iteration: 3 Try: 0 Length: 346 and 521 Growth: False and False
Iteration: 3 Try: 0 Length: 173 and 694 Growth: False and False
Iteration: 3 Try: 0 Length: 86 and 781 Growth: False and True
Iteration: 4 Try: 0 Length: 391 and 390 Growth: False and False
Iteration: 4 Try: 0 Length: 312 and 469 Growth: False and False
Iteration: 4 Try: 0 Length: 156 and 625 Growth: False and False
Iteration: 4 Try: 0 Length: 78 and 703 Growth: False and False
Iteration: 4 Try: 0 Length: 39 and 742 Growth: False and False
Iteration: 4 Try: 0 Length: 19 and 762 Growth: False and False
Iteration: 4 Try: 0 Length: 9 and 772 Growth: False and True
Iteration: 5 Try: 0 Length: 386 and 386 Growth: False and False
Iteration: 5 Try: 0 Length: 308 and 464 Growth: False and False
Iteration: 5 Try: 0 Length: 154 and 618 Growth: False and False
Iteration: 5 Try: 0 Length: 77 and 695 Growth: False and False
Iteration: 5 Try: 0 Length: 38 and 734 Growth: False and False
Iteration: 5 Try: 0 Length: 19 and 753 Growth: False and False
Iteration: 5 Try: 0 Length: 9 and 763 Growth: False and False
Iteration: 5 Try: 0 Length: 4 and 768 Growth: False and True
Iteration: 6 Try: 0 Length: 384 and 384 Growth: False and False
Iteration: 6 Try: 0 Length: 307 and 461 Growth: False and False
Iteration: 6 Try: 0 Length: 153 and 615 Growth: False and False
Iteration: 6 Try: 0 Length: 76 and 692 Growth: False and False
Iteration: 6 Try: 0 Length: 38 and 730 Growth: False and False
Iteration: 6 Try: 0 Length: 19 and 749 Growth: False and False
Iteration: 6 Try: 0 Length: 9 and 759 Growth: False and False
Iteration: 6 Try: 0 Length: 4 and 764 Growth: False and False
Iteration: 6 Try: 0 Length: 2 and 766 Growth: False and True
Iteration: 7 Try: 0 Length: 383 and 383 Growth: False and False
Iteration: 7 Try: 0 Length: 306 and 460 Growth: False and False
Iteration: 7 Try: 0 Length: 153 and 613 Growth: False and False
Iteration: 7 Try: 0 Length: 76 and 690 Growth: False and False
Iteration: 7 Try: 0 Length: 38 and 728 Growth: False and False
Iteration: 7 Try: 0 Length: 19 and 747 Growth: False and False
Iteration: 7 Try: 0 Length: 9 and 757 Growth: False and False
Iteration: 7 Try: 0 Length: 4 and 762 Growth: False and False
Iteration: 7 Try: 0 Length: 2 and 764 Growth: False and False
Iteration: 7 Try: 0 Length: 1 and 765 Growth: False and False
Iteration: 8 Try: 1 Length: 383 and 383 Growth: False and False
Iteration: 8 Try: 1 Length: 306 and 460 Growth: False and False
Iteration: 8 Try: 1 Length: 153 and 613 Growth: False and False
Iteration: 8 Try: 1 Length: 76 and 690 Growth: False and True
Iteration: 9 Try: 0 Length: 345 and 345 Growth: False and False
Iteration: 9 Try: 0 Length: 276 and 414 Growth: False and False
Iteration: 9 Try: 0 Length: 138 and 552 Growth: False and False
Iteration: 9 Try: 0 Length: 69 and 621 Growth: False and False
Iteration: 9 Try: 0 Length: 34 and 656 Growth: False and True
Iteration: 10 Try: 0 Length: 328 and 328 Growth: False and False
Iteration: 10 Try: 0 Length: 262 and 394 Growth: False and False
Iteration: 10 Try: 0 Length: 131 and 525 Growth: False and False
Iteration: 10 Try: 0 Length: 65 and 591 Growth: False and False
Iteration: 10 Try: 0 Length: 32 and 624 Growth: False and False
Iteration: 10 Try: 0 Length: 16 and 640 Growth: False and False
Iteration: 10 Try: 0 Length: 8 and 648 Growth: False and True
Iteration: 11 Try: 0 Length: 324 and 324 Growth: False and False
Iteration: 11 Try: 0 Length: 259 and 389 Growth: False and False
Iteration: 11 Try: 0 Length: 129 and 519 Growth: False and False
Iteration: 11 Try: 0 Length: 64 and 584 Growth: False and False
Iteration: 11 Try: 0 Length: 32 and 616 Growth: False and False
Iteration: 11 Try: 0 Length: 16 and 632 Growth: False and False
Iteration: 11 Try: 0 Length: 8 and 640 Growth: False and False
Iteration: 11 Try: 0 Length: 4 and 644 Growth: False and True
Iteration: 12 Try: 0 Length: 322 and 322 Growth: False and False
Iteration: 12 Try: 0 Length: 257 and 387 Growth: False and False
Iteration: 12 Try: 0 Length: 128 and 516 Growth: False and False
Iteration: 12 Try: 0 Length: 64 and 580 Growth: False and False
Iteration: 12 Try: 0 Length: 32 and 612 Growth: False and False
Iteration: 12 Try: 0 Length: 16 and 628 Growth: False and False
Iteration: 12 Try: 0 Length: 8 and 636 Growth: False and False
Iteration: 12 Try: 0 Length: 4 and 640 Growth: False and False
Iteration: 12 Try: 0 Length: 2 and 642 Growth: False and True
Iteration: 13 Try: 0 Length: 321 and 321 Growth: False and False
Iteration: 13 Try: 0 Length: 256 and 386 Growth: False and False
Iteration: 13 Try: 0 Length: 128 and 514 Growth: False and False
Iteration: 13 Try: 0 Length: 64 and 578 Growth: False and False
Iteration: 13 Try: 0 Length: 32 and 610 Growth: False and False
Iteration: 13 Try: 0 Length: 16 and 626 Growth: False and False
Iteration: 13 Try: 0 Length: 8 and 634 Growth: False and False
Iteration: 13 Try: 0 Length: 4 and 638 Growth: False and False
Iteration: 13 Try: 0 Length: 2 and 640 Growth: False and False
Iteration: 13 Try: 0 Length: 1 and 641 Growth: False and True
Iteration: 14 Try: 0 Length: 321 and 320 Growth: False and False
Iteration: 14 Try: 0 Length: 256 and 385 Growth: False and False
Iteration: 14 Try: 0 Length: 128 and 513 Growth: False and False
Iteration: 14 Try: 0 Length: 64 and 577 Growth: False and False
Iteration: 14 Try: 0 Length: 32 and 609 Growth: False and False
Iteration: 14 Try: 0 Length: 16 and 625 Growth: False and False
Iteration: 14 Try: 0 Length: 8 and 633 Growth: False and False
Iteration: 14 Try: 0 Length: 4 and 637 Growth: False and False
Iteration: 14 Try: 0 Length: 2 and 639 Growth: False and False
Iteration: 14 Try: 0 Length: 1 and 640 Growth: False and False
Iteration: 15 Try: 1 Length: 321 and 320 Growth: False and False
Iteration: 15 Try: 1 Length: 256 and 385 Growth: False and False
Iteration: 15 Try: 1 Length: 128 and 513 Growth: False and False
Iteration: 15 Try: 1 Length: 64 and 577 Growth: False and True
Iteration: 16 Try: 0 Length: 289 and 288 Growth: False and False
Iteration: 16 Try: 0 Length: 230 and 347 Growth: False and False
Iteration: 16 Try: 0 Length: 115 and 462 Growth: False and False
Iteration: 16 Try: 0 Length: 57 and 520 Growth: False and False
Iteration: 16 Try: 0 Length: 28 and 549 Growth: False and True
Iteration: 17 Try: 0 Length: 275 and 274 Growth: False and False
Iteration: 17 Try: 0 Length: 219 and 330 Growth: False and False
Iteration: 17 Try: 0 Length: 109 and 440 Growth: False and False
Iteration: 17 Try: 0 Length: 54 and 495 Growth: False and False
Iteration: 17 Try: 0 Length: 27 and 522 Growth: False and False
Iteration: 17 Try: 0 Length: 13 and 536 Growth: False and False
Iteration: 17 Try: 0 Length: 6 and 543 Growth: False and False
Iteration: 17 Try: 0 Length: 3 and 546 Growth: False and True
Iteration: 18 Try: 0 Length: 273 and 273 Growth: False and False
Iteration: 18 Try: 0 Length: 218 and 328 Growth: False and False
Iteration: 18 Try: 0 Length: 109 and 437 Growth: False and False
Iteration: 18 Try: 0 Length: 54 and 492 Growth: False and False
Iteration: 18 Try: 0 Length: 27 and 519 Growth: False and False
Iteration: 18 Try: 0 Length: 13 and 533 Growth: False and False
Iteration: 18 Try: 0 Length: 6 and 540 Growth: False and False
Iteration: 18 Try: 0 Length: 3 and 543 Growth: False and False
Iteration: 18 Try: 0 Length: 1 and 545 Growth: False and True
Iteration: 19 Try: 0 Length: 273 and 272 Growth: False and False
Iteration: 19 Try: 0 Length: 218 and 327 Growth: False and False
Iteration: 19 Try: 0 Length: 109 and 436 Growth: False and False
Iteration: 19 Try: 0 Length: 54 and 491 Growth: False and False
Iteration: 19 Try: 0 Length: 27 and 518 Growth: False and False
Iteration: 19 Try: 0 Length: 13 and 532 Growth: False and False
Iteration: 19 Try: 0 Length: 6 and 539 Growth: False and False
Iteration: 19 Try: 0 Length: 3 and 542 Growth: False and False
Iteration: 19 Try: 0 Length: 1 and 544 Growth: False and False
Iteration: 20 Try: 1 Length: 273 and 272 Growth: False and False
Iteration: 20 Try: 1 Length: 218 and 327 Growth: False and False
Iteration: 20 Try: 1 Length: 109 and 436 Growth: False and False
Iteration: 20 Try: 1 Length: 54 and 491 Growth: False and False
Iteration: 20 Try: 1 Length: 27 and 518 Growth: False and True
Iteration: 21 Try: 0 Length: 259 and 259 Growth: False and False
Iteration: 21 Try: 0 Length: 207 and 311 Growth: False and False
Iteration: 21 Try: 0 Length: 103 and 415 Growth: False and False
Iteration: 21 Try: 0 Length: 51 and 467 Growth: False and False
Iteration: 21 Try: 0 Length: 25 and 493 Growth: False and False
Iteration: 21 Try: 0 Length: 12 and 506 Growth: False and False
Iteration: 21 Try: 0 Length: 6 and 512 Growth: False and False
Iteration: 21 Try: 0 Length: 3 and 515 Growth: False and False
Iteration: 21 Try: 0 Length: 1 and 517 Growth: False and False
Iteration: 22 Try: 1 Length: 259 and 259 Growth: False and False
Iteration: 22 Try: 1 Length: 207 and 311 Growth: False and False
Iteration: 22 Try: 1 Length: 103 and 415 Growth: False and False
Iteration: 22 Try: 1 Length: 51 and 467 Growth: False and False
Iteration: 22 Try: 1 Length: 25 and 493 Growth: False and False
Iteration: 22 Try: 1 Length: 12 and 506 Growth: False and True
Iteration: 23 Try: 0 Length: 253 and 253 Growth: False and False
Iteration: 23 Try: 0 Length: 202 and 304 Growth: False and False
Iteration: 23 Try: 0 Length: 101 and 405 Growth: False and False
Iteration: 23 Try: 0 Length: 50 and 456 Growth: False and False
Iteration: 23 Try: 0 Length: 25 and 481 Growth: False and False
Iteration: 23 Try: 0 Length: 12 and 494 Growth: False and False
Iteration: 23 Try: 0 Length: 6 and 500 Growth: False and True
Iteration: 24 Try: 0 Length: 250 and 250 Growth: False and False
Iteration: 24 Try: 0 Length: 200 and 300 Growth: False and False
Iteration: 24 Try: 0 Length: 100 and 400 Growth: False and False
Iteration: 24 Try: 0 Length: 50 and 450 Growth: False and False
Iteration: 24 Try: 0 Length: 25 and 475 Growth: False and False
Iteration: 24 Try: 0 Length: 12 and 488 Growth: False and False
Iteration: 24 Try: 0 Length: 6 and 494 Growth: False and False
Iteration: 24 Try: 0 Length: 3 and 497 Growth: False and False
Iteration: 24 Try: 0 Length: 1 and 499 Growth: False and True
Iteration: 25 Try: 0 Length: 250 and 249 Growth: False and False
Iteration: 25 Try: 0 Length: 199 and 300 Growth: False and False
Iteration: 25 Try: 0 Length: 99 and 400 Growth: False and False
Iteration: 25 Try: 0 Length: 49 and 450 Growth: False and False
Iteration: 25 Try: 0 Length: 24 and 475 Growth: False and False
Iteration: 25 Try: 0 Length: 12 and 487 Growth: False and False
Iteration: 25 Try: 0 Length: 6 and 493 Growth: False and False
Iteration: 25 Try: 0 Length: 3 and 496 Growth: False and False
Iteration: 25 Try: 0 Length: 1 and 498 Growth: False and False
Iteration: 26 Try: 1 Length: 250 and 249 Growth: False and False
Iteration: 26 Try: 1 Length: 199 and 300 Growth: False and False
Iteration: 26 Try: 1 Length: 99 and 400 Growth: False and False
Iteration: 26 Try: 1 Length: 49 and 450 Growth: False and True
Iteration: 27 Try: 0 Length: 225 and 225 Growth: False and False
Iteration: 27 Try: 0 Length: 180 and 270 Growth: False and False
Iteration: 27 Try: 0 Length: 90 and 360 Growth: False and False
Iteration: 27 Try: 0 Length: 45 and 405 Growth: False and True
Iteration: 28 Try: 0 Length: 203 and 202 Growth: False and False
Iteration: 28 Try: 0 Length: 162 and 243 Growth: False and False
Iteration: 28 Try: 0 Length: 81 and 324 Growth: False and False
Iteration: 28 Try: 0 Length: 40 and 365 Growth: False and False
Iteration: 28 Try: 0 Length: 20 and 385 Growth: False and False
Iteration: 28 Try: 0 Length: 10 and 395 Growth: False and False
Iteration: 28 Try: 0 Length: 5 and 400 Growth: False and False
Iteration: 28 Try: 0 Length: 2 and 403 Growth: False and False
Iteration: 28 Try: 0 Length: 1 and 404 Growth: False and False
Iteration: 29 Try: 1 Length: 203 and 202 Growth: False and False
Iteration: 29 Try: 1 Length: 162 and 243 Growth: False and False
Iteration: 29 Try: 1 Length: 81 and 324 Growth: False and False
Iteration: 29 Try: 1 Length: 40 and 365 Growth: False and True
Iteration: 30 Try: 0 Length: 183 and 182 Growth: False and False
Iteration: 30 Try: 0 Length: 146 and 219 Growth: False and False
Iteration: 30 Try: 0 Length: 73 and 292 Growth: False and False
Iteration: 30 Try: 0 Length: 36 and 329 Growth: False and False
Iteration: 30 Try: 0 Length: 18 and 347 Growth: False and False
Iteration: 30 Try: 0 Length: 9 and 356 Growth: False and True
Iteration: 31 Try: 0 Length: 178 and 178 Growth: False and False
Iteration: 31 Try: 0 Length: 142 and 214 Growth: False and False
Iteration: 31 Try: 0 Length: 71 and 285 Growth: False and False
Iteration: 31 Try: 0 Length: 35 and 321 Growth: False and False
Iteration: 31 Try: 0 Length: 17 and 339 Growth: False and False
Iteration: 31 Try: 0 Length: 8 and 348 Growth: False and False
Iteration: 31 Try: 0 Length: 4 and 352 Growth: False and True
Iteration: 32 Try: 0 Length: 176 and 176 Growth: False and False
Iteration: 32 Try: 0 Length: 140 and 212 Growth: False and False
Iteration: 32 Try: 0 Length: 70 and 282 Growth: False and False
Iteration: 32 Try: 0 Length: 35 and 317 Growth: False and False
Iteration: 32 Try: 0 Length: 17 and 335 Growth: False and False
Iteration: 32 Try: 0 Length: 8 and 344 Growth: False and False
Iteration: 32 Try: 0 Length: 4 and 348 Growth: False and False
Iteration: 32 Try: 0 Length: 2 and 350 Growth: False and True
Iteration: 33 Try: 0 Length: 175 and 175 Growth: False and False
Iteration: 33 Try: 0 Length: 140 and 210 Growth: False and False
Iteration: 33 Try: 0 Length: 70 and 280 Growth: False and False
Iteration: 33 Try: 0 Length: 35 and 315 Growth: False and False
Iteration: 33 Try: 0 Length: 17 and 333 Growth: False and False
Iteration: 33 Try: 0 Length: 8 and 342 Growth: False and False
Iteration: 33 Try: 0 Length: 4 and 346 Growth: False and False
Iteration: 33 Try: 0 Length: 2 and 348 Growth: False and False
Iteration: 33 Try: 0 Length: 1 and 349 Growth: False and False
Iteration: 34 Try: 1 Length: 175 and 175 Growth: False and False
Iteration: 34 Try: 1 Length: 140 and 210 Growth: False and False
Iteration: 34 Try: 1 Length: 70 and 280 Growth: False and False
Iteration: 34 Try: 1 Length: 35 and 315 Growth: False and True
Iteration: 35 Try: 0 Length: 158 and 157 Growth: False and False
Iteration: 35 Try: 0 Length: 126 and 189 Growth: False and False
Iteration: 35 Try: 0 Length: 63 and 252 Growth: False and False
Iteration: 35 Try: 0 Length: 31 and 284 Growth: False and False
Iteration: 35 Try: 0 Length: 15 and 300 Growth: False and True
Iteration: 36 Try: 0 Length: 150 and 150 Growth: False and False
Iteration: 36 Try: 0 Length: 120 and 180 Growth: False and False
Iteration: 36 Try: 0 Length: 60 and 240 Growth: False and False
Iteration: 36 Try: 0 Length: 30 and 270 Growth: False and False
Iteration: 36 Try: 0 Length: 15 and 285 Growth: False and False
Iteration: 36 Try: 0 Length: 7 and 293 Growth: False and False
Iteration: 36 Try: 0 Length: 3 and 297 Growth: False and False
Iteration: 36 Try: 0 Length: 1 and 299 Growth: False and True
Iteration: 37 Try: 0 Length: 150 and 149 Growth: False and False
Iteration: 37 Try: 0 Length: 119 and 180 Growth: False and False
Iteration: 37 Try: 0 Length: 59 and 240 Growth: False and False
Iteration: 37 Try: 0 Length: 29 and 270 Growth: False and False
Iteration: 37 Try: 0 Length: 14 and 285 Growth: False and False
Iteration: 37 Try: 0 Length: 7 and 292 Growth: False and False
Iteration: 37 Try: 0 Length: 3 and 296 Growth: False and False
Iteration: 37 Try: 0 Length: 1 and 298 Growth: False and True
Iteration: 38 Try: 0 Length: 149 and 149 Growth: False and False
Iteration: 38 Try: 0 Length: 119 and 179 Growth: False and False
Iteration: 38 Try: 0 Length: 59 and 239 Growth: False and False
Iteration: 38 Try: 0 Length: 29 and 269 Growth: False and False
Iteration: 38 Try: 0 Length: 14 and 284 Growth: False and False
Iteration: 38 Try: 0 Length: 7 and 291 Growth: False and False
Iteration: 38 Try: 0 Length: 3 and 295 Growth: False and False
Iteration: 38 Try: 0 Length: 1 and 297 Growth: False and False
Iteration: 39 Try: 1 Length: 149 and 149 Growth: False and False
Iteration: 39 Try: 1 Length: 119 and 179 Growth: False and False
Iteration: 39 Try: 1 Length: 59 and 239 Growth: False and True
Iteration: 40 Try: 0 Length: 120 and 119 Growth: False and False
Iteration: 40 Try: 0 Length: 95 and 144 Growth: False and False
Iteration: 40 Try: 0 Length: 47 and 192 Growth: False and False
Iteration: 40 Try: 0 Length: 23 and 216 Growth: False and True
Iteration: 41 Try: 0 Length: 108 and 108 Growth: False and False
Iteration: 41 Try: 0 Length: 86 and 130 Growth: False and False
Iteration: 41 Try: 0 Length: 43 and 173 Growth: False and False
Iteration: 41 Try: 0 Length: 21 and 195 Growth: False and False
Iteration: 41 Try: 0 Length: 10 and 206 Growth: False and False
Iteration: 41 Try: 0 Length: 5 and 211 Growth: False and True
Iteration: 42 Try: 0 Length: 106 and 105 Growth: False and False
Iteration: 42 Try: 0 Length: 84 and 127 Growth: False and False
Iteration: 42 Try: 0 Length: 42 and 169 Growth: False and False
Iteration: 42 Try: 0 Length: 21 and 190 Growth: False and False
Iteration: 42 Try: 0 Length: 10 and 201 Growth: False and False
Iteration: 42 Try: 0 Length: 5 and 206 Growth: False and False
Iteration: 42 Try: 0 Length: 2 and 209 Growth: False and True
Iteration: 43 Try: 0 Length: 105 and 104 Growth: False and False
Iteration: 43 Try: 0 Length: 83 and 126 Growth: False and False
Iteration: 43 Try: 0 Length: 41 and 168 Growth: False and False
Iteration: 43 Try: 0 Length: 20 and 189 Growth: False and False
Iteration: 43 Try: 0 Length: 10 and 199 Growth: False and False
Iteration: 43 Try: 0 Length: 5 and 204 Growth: False and False
Iteration: 43 Try: 0 Length: 2 and 207 Growth: False and False
Iteration: 43 Try: 0 Length: 1 and 208 Growth: False and True
Iteration: 44 Try: 0 Length: 104 and 104 Growth: False and False
Iteration: 44 Try: 0 Length: 83 and 125 Growth: False and False
Iteration: 44 Try: 0 Length: 41 and 167 Growth: False and False
Iteration: 44 Try: 0 Length: 20 and 188 Growth: False and False
Iteration: 44 Try: 0 Length: 10 and 198 Growth: False and False
Iteration: 44 Try: 0 Length: 5 and 203 Growth: False and False
Iteration: 44 Try: 0 Length: 2 and 206 Growth: False and False
Iteration: 44 Try: 0 Length: 1 and 207 Growth: False and False
Iteration: 45 Try: 1 Length: 104 and 104 Growth: False and False
Iteration: 45 Try: 1 Length: 83 and 125 Growth: False and False
Iteration: 45 Try: 1 Length: 41 and 167 Growth: False and False
Iteration: 45 Try: 1 Length: 20 and 188 Growth: False and False
Iteration: 45 Try: 1 Length: 10 and 198 Growth: False and True
Iteration: 46 Try: 0 Length: 99 and 99 Growth: False and False
Iteration: 46 Try: 0 Length: 79 and 119 Growth: False and False
Iteration: 46 Try: 0 Length: 39 and 159 Growth: False and False
Iteration: 46 Try: 0 Length: 19 and 179 Growth: False and False
Iteration: 46 Try: 0 Length: 9 and 189 Growth: False and False
Iteration: 46 Try: 0 Length: 4 and 194 Growth: False and False
Iteration: 46 Try: 0 Length: 2 and 196 Growth: False and False
Iteration: 46 Try: 0 Length: 1 and 197 Growth: False and True
Iteration: 47 Try: 0 Length: 99 and 98 Growth: False and False
Iteration: 47 Try: 0 Length: 78 and 119 Growth: False and False
Iteration: 47 Try: 0 Length: 39 and 158 Growth: False and False
Iteration: 47 Try: 0 Length: 19 and 178 Growth: False and False
Iteration: 47 Try: 0 Length: 9 and 188 Growth: False and False
Iteration: 47 Try: 0 Length: 4 and 193 Growth: False and False
Iteration: 47 Try: 0 Length: 2 and 195 Growth: False and False
Iteration: 47 Try: 0 Length: 1 and 196 Growth: False and False
Iteration: 48 Try: 1 Length: 99 and 98 Growth: False and False
Iteration: 48 Try: 1 Length: 78 and 119 Growth: False and False
Iteration: 48 Try: 1 Length: 39 and 158 Growth: False and True
Iteration: 49 Try: 0 Length: 79 and 79 Growth: False and False
Iteration: 49 Try: 0 Length: 63 and 95 Growth: False and False
Iteration: 49 Try: 0 Length: 31 and 127 Growth: False and False
Iteration: 49 Try: 0 Length: 15 and 143 Growth: False and False
Iteration: 49 Try: 0 Length: 7 and 151 Growth: False and True
Iteration: 50 Try: 0 Length: 76 and 75 Growth: False and False
Iteration: 50 Try: 0 Length: 60 and 91 Growth: False and False
Iteration: 50 Try: 0 Length: 30 and 121 Growth: False and False
Iteration: 50 Try: 0 Length: 15 and 136 Growth: False and False
Iteration: 50 Try: 0 Length: 7 and 144 Growth: False and False
Iteration: 50 Try: 0 Length: 3 and 148 Growth: False and False
Iteration: 50 Try: 0 Length: 1 and 150 Growth: False and False
Iteration: 51 Try: 1 Length: 76 and 75 Growth: False and False
Iteration: 51 Try: 1 Length: 60 and 91 Growth: False and False
Iteration: 51 Try: 1 Length: 30 and 121 Growth: False and False
Iteration: 51 Try: 1 Length: 15 and 136 Growth: False and True
Iteration: 52 Try: 0 Length: 68 and 68 Growth: False and False
Iteration: 52 Try: 0 Length: 54 and 82 Growth: False and False
Iteration: 52 Try: 0 Length: 27 and 109 Growth: False and False
Iteration: 52 Try: 0 Length: 13 and 123 Growth: False and False
Iteration: 52 Try: 0 Length: 6 and 130 Growth: False and False
Iteration: 52 Try: 0 Length: 3 and 133 Growth: False and True
Iteration: 53 Try: 0 Length: 67 and 66 Growth: False and False
Iteration: 53 Try: 0 Length: 53 and 80 Growth: False and False
Iteration: 53 Try: 0 Length: 26 and 107 Growth: False and False
Iteration: 53 Try: 0 Length: 13 and 120 Growth: False and False
Iteration: 53 Try: 0 Length: 6 and 127 Growth: False and False
Iteration: 53 Try: 0 Length: 3 and 130 Growth: False and False
Iteration: 53 Try: 0 Length: 1 and 132 Growth: False and True
Iteration: 54 Try: 0 Length: 66 and 66 Growth: False and False
Iteration: 54 Try: 0 Length: 52 and 80 Growth: False and False
Iteration: 54 Try: 0 Length: 26 and 106 Growth: False and False
Iteration: 54 Try: 0 Length: 13 and 119 Growth: False and False
Iteration: 54 Try: 0 Length: 6 and 126 Growth: False and False
Iteration: 54 Try: 0 Length: 3 and 129 Growth: False and False
Iteration: 54 Try: 0 Length: 1 and 131 Growth: False and True
Iteration: 55 Try: 0 Length: 66 and 65 Growth: False and False
Iteration: 55 Try: 0 Length: 52 and 79 Growth: False and False
Iteration: 55 Try: 0 Length: 26 and 105 Growth: False and False
Iteration: 55 Try: 0 Length: 13 and 118 Growth: False and False
Iteration: 55 Try: 0 Length: 6 and 125 Growth: False and False
Iteration: 55 Try: 0 Length: 3 and 128 Growth: False and False
Iteration: 55 Try: 0 Length: 1 and 130 Growth: False and False
Iteration: 56 Try: 1 Length: 66 and 65 Growth: False and False
Iteration: 56 Try: 1 Length: 52 and 79 Growth: False and False
Iteration: 56 Try: 1 Length: 26 and 105 Growth: False and False
Iteration: 56 Try: 1 Length: 13 and 118 Growth: False and False
Iteration: 56 Try: 1 Length: 6 and 125 Growth: False and False
Iteration: 56 Try: 1 Length: 3 and 128 Growth: False and False
Iteration: 56 Try: 1 Length: 1 and 130 Growth: False and False
Iteration: 57 Try: 2 Length: 66 and 65 Growth: False and False
Iteration: 57 Try: 2 Length: 52 and 79 Growth: False and False
Iteration: 57 Try: 2 Length: 26 and 105 Growth: False and False
Iteration: 57 Try: 2 Length: 13 and 118 Growth: False and False
Iteration: 57 Try: 2 Length: 6 and 125 Growth: False and True
Iteration: 58 Try: 0 Length: 63 and 62 Growth: False and False
Iteration: 58 Try: 0 Length: 50 and 75 Growth: False and False
Iteration: 58 Try: 0 Length: 25 and 100 Growth: False and False
Iteration: 58 Try: 0 Length: 12 and 113 Growth: False and False
Iteration: 58 Try: 0 Length: 6 and 119 Growth: False and False
Iteration: 58 Try: 0 Length: 3 and 122 Growth: False and False
Iteration: 58 Try: 0 Length: 1 and 124 Growth: False and False
Iteration: 59 Try: 1 Length: 63 and 62 Growth: False and False
Iteration: 59 Try: 1 Length: 50 and 75 Growth: False and False
Iteration: 59 Try: 1 Length: 25 and 100 Growth: False and False
Iteration: 59 Try: 1 Length: 12 and 113 Growth: False and False
Iteration: 59 Try: 1 Length: 6 and 119 Growth: False and True
Iteration: 60 Try: 0 Length: 60 and 59 Growth: False and False
Iteration: 60 Try: 0 Length: 47 and 72 Growth: False and False
Iteration: 60 Try: 0 Length: 23 and 96 Growth: False and False
Iteration: 60 Try: 0 Length: 11 and 108 Growth: False and False
Iteration: 60 Try: 0 Length: 5 and 114 Growth: False and False
Iteration: 60 Try: 0 Length: 2 and 117 Growth: False and False
Iteration: 60 Try: 0 Length: 1 and 118 Growth: False and True
Iteration: 61 Try: 0 Length: 59 and 59 Growth: False and False
Iteration: 61 Try: 0 Length: 47 and 71 Growth: False and False
Iteration: 61 Try: 0 Length: 23 and 95 Growth: False and False
Iteration: 61 Try: 0 Length: 11 and 107 Growth: False and False
Iteration: 61 Try: 0 Length: 5 and 113 Growth: False and False
Iteration: 61 Try: 0 Length: 2 and 116 Growth: False and False
Iteration: 61 Try: 0 Length: 1 and 117 Growth: False and False
Iteration: 62 Try: 1 Length: 59 and 59 Growth: False and False
Iteration: 62 Try: 1 Length: 47 and 71 Growth: False and False
Iteration: 62 Try: 1 Length: 23 and 95 Growth: False and True
Iteration: 63 Try: 0 Length: 48 and 47 Growth: False and False
Iteration: 63 Try: 0 Length: 38 and 57 Growth: False and False
Iteration: 63 Try: 0 Length: 19 and 76 Growth: False and False
Iteration: 63 Try: 0 Length: 9 and 86 Growth: False and False
Iteration: 63 Try: 0 Length: 4 and 91 Growth: False and True
Iteration: 64 Try: 0 Length: 46 and 45 Growth: False and False
Iteration: 64 Try: 0 Length: 36 and 55 Growth: False and False
Iteration: 64 Try: 0 Length: 18 and 73 Growth: False and False
Iteration: 64 Try: 0 Length: 9 and 82 Growth: False and False
Iteration: 64 Try: 0 Length: 4 and 87 Growth: False and False
Iteration: 64 Try: 0 Length: 2 and 89 Growth: False and True
Iteration: 65 Try: 0 Length: 45 and 44 Growth: False and False
Iteration: 65 Try: 0 Length: 35 and 54 Growth: False and False
Iteration: 65 Try: 0 Length: 17 and 72 Growth: False and False
Iteration: 65 Try: 0 Length: 8 and 81 Growth: False and False
Iteration: 65 Try: 0 Length: 4 and 85 Growth: False and False
Iteration: 65 Try: 0 Length: 2 and 87 Growth: False and False
Iteration: 65 Try: 0 Length: 1 and 88 Growth: False and False
Iteration: 66 Try: 1 Length: 45 and 44 Growth: False and False
Iteration: 66 Try: 1 Length: 35 and 54 Growth: False and False
Iteration: 66 Try: 1 Length: 17 and 72 Growth: False and False
Iteration: 66 Try: 1 Length: 8 and 81 Growth: False and False
Iteration: 66 Try: 1 Length: 4 and 85 Growth: False and True
Iteration: 67 Try: 0 Length: 43 and 42 Growth: False and False
Iteration: 67 Try: 0 Length: 34 and 51 Growth: False and False
Iteration: 67 Try: 0 Length: 17 and 68 Growth: False and False
Iteration: 67 Try: 0 Length: 8 and 77 Growth: False and False
Iteration: 67 Try: 0 Length: 4 and 81 Growth: False and False
Iteration: 67 Try: 0 Length: 2 and 83 Growth: False and True
Iteration: 68 Try: 0 Length: 42 and 41 Growth: False and False
Iteration: 68 Try: 0 Length: 33 and 50 Growth: False and False
Iteration: 68 Try: 0 Length: 16 and 67 Growth: False and False
Iteration: 68 Try: 0 Length: 8 and 75 Growth: False and False
Iteration: 68 Try: 0 Length: 4 and 79 Growth: False and False
Iteration: 68 Try: 0 Length: 2 and 81 Growth: False and False
Iteration: 68 Try: 0 Length: 1 and 82 Growth: False and False
Iteration: 69 Try: 1 Length: 42 and 41 Growth: False and False
Iteration: 69 Try: 1 Length: 33 and 50 Growth: False and False
Iteration: 69 Try: 1 Length: 16 and 67 Growth: False and False
Iteration: 69 Try: 1 Length: 8 and 75 Growth: False and True
Iteration: 70 Try: 0 Length: 38 and 37 Growth: False and False
Iteration: 70 Try: 0 Length: 30 and 45 Growth: False and False
Iteration: 70 Try: 0 Length: 15 and 60 Growth: False and False
Iteration: 70 Try: 0 Length: 7 and 68 Growth: False and False
Iteration: 70 Try: 0 Length: 3 and 72 Growth: False and True
Iteration: 71 Try: 0 Length: 36 and 36 Growth: False and False
Iteration: 71 Try: 0 Length: 28 and 44 Growth: False and False
Iteration: 71 Try: 0 Length: 14 and 58 Growth: False and False
Iteration: 71 Try: 0 Length: 7 and 65 Growth: False and False
Iteration: 71 Try: 0 Length: 3 and 69 Growth: False and False
Iteration: 71 Try: 0 Length: 1 and 71 Growth: False and False
Iteration: 72 Try: 1 Length: 36 and 36 Growth: False and False
Iteration: 72 Try: 1 Length: 28 and 44 Growth: False and False
Iteration: 72 Try: 1 Length: 14 and 58 Growth: False and False
Iteration: 72 Try: 1 Length: 7 and 65 Growth: False and True
Iteration: 73 Try: 0 Length: 33 and 32 Growth: False and False
Iteration: 73 Try: 0 Length: 26 and 39 Growth: False and False
Iteration: 73 Try: 0 Length: 13 and 52 Growth: False and False
Iteration: 73 Try: 0 Length: 6 and 59 Growth: False and False
Iteration: 73 Try: 0 Length: 3 and 62 Growth: False and False
Iteration: 73 Try: 0 Length: 1 and 64 Growth: False and True
Iteration: 74 Try: 0 Length: 32 and 32 Growth: False and False
Iteration: 74 Try: 0 Length: 25 and 39 Growth: False and False
Iteration: 74 Try: 0 Length: 12 and 52 Growth: False and False
Iteration: 74 Try: 0 Length: 6 and 58 Growth: False and False
Iteration: 74 Try: 0 Length: 3 and 61 Growth: False and False
Iteration: 74 Try: 0 Length: 1 and 63 Growth: False and False
Iteration: 75 Try: 1 Length: 32 and 32 Growth: False and False
Iteration: 75 Try: 1 Length: 25 and 39 Growth: False and False
Iteration: 75 Try: 1 Length: 12 and 52 Growth: False and False
Iteration: 75 Try: 1 Length: 6 and 58 Growth: False and True
Iteration: 76 Try: 0 Length: 29 and 29 Growth: False and False
Iteration: 76 Try: 0 Length: 23 and 35 Growth: False and False
Iteration: 76 Try: 0 Length: 11 and 47 Growth: False and False
Iteration: 76 Try: 0 Length: 5 and 53 Growth: False and False
Iteration: 76 Try: 0 Length: 2 and 56 Growth: False and False
Iteration: 76 Try: 0 Length: 1 and 57 Growth: False and True
Iteration: 77 Try: 0 Length: 29 and 28 Growth: False and False
Iteration: 77 Try: 0 Length: 22 and 35 Growth: False and False
Iteration: 77 Try: 0 Length: 11 and 46 Growth: False and False
Iteration: 77 Try: 0 Length: 5 and 52 Growth: False and False
Iteration: 77 Try: 0 Length: 2 and 55 Growth: False and False
Iteration: 77 Try: 0 Length: 1 and 56 Growth: False and False
Iteration: 78 Try: 1 Length: 29 and 28 Growth: False and False
Iteration: 78 Try: 1 Length: 22 and 35 Growth: False and False
Iteration: 78 Try: 1 Length: 11 and 46 Growth: False and False
Iteration: 78 Try: 1 Length: 5 and 52 Growth: False and False
Iteration: 78 Try: 1 Length: 2 and 55 Growth: False and True
Iteration: 79 Try: 0 Length: 28 and 27 Growth: False and False
Iteration: 79 Try: 0 Length: 22 and 33 Growth: False and False
Iteration: 79 Try: 0 Length: 11 and 44 Growth: False and False
Iteration: 79 Try: 0 Length: 5 and 50 Growth: False and False
Iteration: 79 Try: 0 Length: 2 and 53 Growth: False and True
Iteration: 80 Try: 0 Length: 27 and 26 Growth: False and False
Iteration: 80 Try: 0 Length: 21 and 32 Growth: False and False
Iteration: 80 Try: 0 Length: 10 and 43 Growth: False and False
Iteration: 80 Try: 0 Length: 5 and 48 Growth: False and False
Iteration: 80 Try: 0 Length: 2 and 51 Growth: False and False
Iteration: 80 Try: 0 Length: 1 and 52 Growth: False and False
Iteration: 81 Try: 1 Length: 27 and 26 Growth: False and False
Iteration: 81 Try: 1 Length: 21 and 32 Growth: False and False
Iteration: 81 Try: 1 Length: 10 and 43 Growth: False and False
Iteration: 81 Try: 1 Length: 5 and 48 Growth: False and False
Iteration: 81 Try: 1 Length: 2 and 51 Growth: False and False
Iteration: 81 Try: 1 Length: 1 and 52 Growth: False and False
Iteration: 82 Try: 2 Length: 27 and 26 Growth: False and True
Iteration: 83 Try: 0 Length: 13 and 13 Growth: False and False
Iteration: 83 Try: 0 Length: 10 and 16 Growth: False and False
Iteration: 83 Try: 0 Length: 5 and 21 Growth: False and False
Iteration: 83 Try: 0 Length: 2 and 24 Growth: False and True
Iteration: 84 Try: 0 Length: 12 and 12 Growth: False and False
Iteration: 84 Try: 0 Length: 9 and 15 Growth: False and False
Iteration: 84 Try: 0 Length: 4 and 20 Growth: False and False
Iteration: 84 Try: 0 Length: 2 and 22 Growth: False and False
Iteration: 84 Try: 0 Length: 1 and 23 Growth: False and True
Iteration: 85 Try: 0 Length: 12 and 11 Growth: False and False
Iteration: 85 Try: 0 Length: 9 and 14 Growth: False and False
Iteration: 85 Try: 0 Length: 4 and 19 Growth: False and False
Iteration: 85 Try: 0 Length: 2 and 21 Growth: False and False
Iteration: 85 Try: 0 Length: 1 and 22 Growth: False and False
Iteration: 86 Try: 1 Length: 12 and 11 Growth: False and False
Iteration: 86 Try: 1 Length: 9 and 14 Growth: False and False
Iteration: 86 Try: 1 Length: 4 and 19 Growth: False and False
Iteration: 86 Try: 1 Length: 2 and 21 Growth: False and True
Iteration: 87 Try: 0 Length: 11 and 10 Growth: False and False
Iteration: 87 Try: 0 Length: 8 and 13 Growth: False and False
Iteration: 87 Try: 0 Length: 4 and 17 Growth: False and False
Iteration: 87 Try: 0 Length: 2 and 19 Growth: False and False
Iteration: 87 Try: 0 Length: 1 and 20 Growth: False and True
Iteration: 88 Try: 0 Length: 10 and 10 Growth: False and False
Iteration: 88 Try: 0 Length: 8 and 12 Growth: False and False
Iteration: 88 Try: 0 Length: 4 and 16 Growth: False and False
Iteration: 88 Try: 0 Length: 2 and 18 Growth: False and False
Iteration: 88 Try: 0 Length: 1 and 19 Growth: False and False
Iteration: 89 Try: 1 Length: 10 and 10 Growth: False and False
Iteration: 89 Try: 1 Length: 8 and 12 Growth: False and False
Iteration: 89 Try: 1 Length: 4 and 16 Growth: False and False
Iteration: 89 Try: 1 Length: 2 and 18 Growth: False and False
Iteration: 89 Try: 1 Length: 1 and 19 Growth: False and True
Iteration: 90 Try: 0 Length: 10 and 9 Growth: False and False
Iteration: 90 Try: 0 Length: 7 and 12 Growth: False and False
Iteration: 90 Try: 0 Length: 3 and 16 Growth: False and False
Iteration: 90 Try: 0 Length: 1 and 18 Growth: False and False
Iteration: 91 Try: 1 Length: 10 and 9 Growth: False and False
Iteration: 91 Try: 1 Length: 7 and 12 Growth: False and False
Iteration: 91 Try: 1 Length: 3 and 16 Growth: False and True
Iteration: 92 Try: 0 Length: 8 and 8 Growth: False and False
Iteration: 92 Try: 0 Length: 6 and 10 Growth: False and False
Iteration: 92 Try: 0 Length: 3 and 13 Growth: False and False
Iteration: 92 Try: 0 Length: 1 and 15 Growth: False and True
Iteration: 93 Try: 0 Length: 8 and 7 Growth: False and False
Iteration: 93 Try: 0 Length: 6 and 9 Growth: False and False
Iteration: 93 Try: 0 Length: 3 and 12 Growth: False and False
Iteration: 93 Try: 0 Length: 1 and 14 Growth: False and False
Iteration: 94 Try: 1 Length: 8 and 7 Growth: False and False
Iteration: 94 Try: 1 Length: 6 and 9 Growth: False and False
Iteration: 94 Try: 1 Length: 3 and 12 Growth: False and False
Iteration: 94 Try: 1 Length: 1 and 14 Growth: False and True
Iteration: 95 Try: 0 Length: 7 and 7 Growth: False and False
Iteration: 95 Try: 0 Length: 5 and 9 Growth: False and False
Iteration: 95 Try: 0 Length: 2 and 12 Growth: False and False
Iteration: 95 Try: 0 Length: 1 and 13 Growth: False and True
Iteration: 96 Try: 0 Length: 7 and 6 Growth: False and False
Iteration: 96 Try: 0 Length: 5 and 8 Growth: False and False
Iteration: 96 Try: 0 Length: 2 and 11 Growth: False and False
Iteration: 96 Try: 0 Length: 1 and 12 Growth: False and False
Iteration: 97 Try: 1 Length: 7 and 6 Growth: False and False
Iteration: 97 Try: 1 Length: 5 and 8 Growth: False and False
Iteration: 97 Try: 1 Length: 2 and 11 Growth: False and False
Iteration: 97 Try: 1 Length: 1 and 12 Growth: False and True
Iteration: 98 Try: 0 Length: 6 and 6 Growth: False and False
Iteration: 98 Try: 0 Length: 4 and 8 Growth: False and False
Iteration: 98 Try: 0 Length: 2 and 10 Growth: False and False
Iteration: 98 Try: 0 Length: 1 and 11 Growth: False and False
Iteration: 99 Try: 1 Length: 6 and 6 Growth: False and False
Iteration: 99 Try: 1 Length: 4 and 8 Growth: False and False
Iteration: 99 Try: 1 Length: 2 and 10 Growth: False and False
Iteration: 99 Try: 1 Length: 1 and 11 Growth: False and False
Iteration: 100 Try: 2 Length: 6 and 6 Growth: False and False
Iteration: 100 Try: 2 Length: 4 and 8 Growth: False and False
Iteration: 100 Try: 2 Length: 2 and 10 Growth: False and False
Iteration: 100 Try: 2 Length: 1 and 11 Growth: False and True
Iteration: 101 Try: 0 Length: 6 and 5 Growth: False and False
Iteration: 101 Try: 0 Length: 4 and 7 Growth: False and False
Iteration: 101 Try: 0 Length: 2 and 9 Growth: False and False
Iteration: 101 Try: 0 Length: 1 and 10 Growth: False and False
Iteration: 102 Try: 1 Length: 6 and 5 Growth: False and False
Iteration: 102 Try: 1 Length: 4 and 7 Growth: False and False
Iteration: 102 Try: 1 Length: 2 and 9 Growth: False and False
Iteration: 102 Try: 1 Length: 1 and 10 Growth: False and True
Iteration: 103 Try: 0 Length: 5 and 5 Growth: False and False
Iteration: 103 Try: 0 Length: 4 and 6 Growth: False and False
Iteration: 103 Try: 0 Length: 2 and 8 Growth: False and False
Iteration: 103 Try: 0 Length: 1 and 9 Growth: False and False
Iteration: 104 Try: 1 Length: 5 and 5 Growth: False and False
Iteration: 104 Try: 1 Length: 4 and 6 Growth: False and False
Iteration: 104 Try: 1 Length: 2 and 8 Growth: False and False
Iteration: 104 Try: 1 Length: 1 and 9 Growth: False and True
Iteration: 105 Try: 0 Length: 5 and 4 Growth: False and False
Iteration: 105 Try: 0 Length: 3 and 6 Growth: False and False
Iteration: 105 Try: 0 Length: 1 and 8 Growth: False and False
Iteration: 106 Try: 1 Length: 5 and 4 Growth: False and False
Iteration: 106 Try: 1 Length: 3 and 6 Growth: False and False
Iteration: 106 Try: 1 Length: 1 and 8 Growth: False and False
Iteration: 107 Try: 2 Length: 5 and 4 Growth: False and False
Iteration: 107 Try: 2 Length: 3 and 6 Growth: False and False
Iteration: 107 Try: 2 Length: 1 and 8 Growth: False and False
Iteration: 108 Try: 3 Length: 5 and 4 Growth: False and False
Iteration: 108 Try: 3 Length: 3 and 6 Growth: False and False
Iteration: 108 Try: 3 Length: 1 and 8 Growth: False and False
Iteration: 109 Try: 4 Length: 5 and 4 Growth: False and False
Iteration: 109 Try: 4 Length: 3 and 6 Growth: False and False
Iteration: 109 Try: 4 Length: 1 and 8 Growth: False and False
Iteration: 110 Try: 5 Length: 5 and 4 Growth: False and False
Iteration: 110 Try: 5 Length: 3 and 6 Growth: False and False
Iteration: 110 Try: 5 Length: 1 and 8 Growth: False and False
There are 9 reactions remaining: set(['rxn32703', 'rxn10887', 'rxn38974', 'rxn31650', 'rxn30421', 'rxn33143', 'rxn09490', 'rxn37304', 'rxn15578'])
Testing suggestions from subsystems
Successfully limited the reactions by compound and reduced  from 312 to 295
At the beginning the base list has 1182  and the optional list has 295 reactions
Iteration: 1 Try: 0 Length: 148 and 147 Growth: False and False
Iteration: 1 Try: 0 Length: 118 and 177 Growth: False and False
Iteration: 1 Try: 0 Length: 59 and 236 Growth: False and False
Iteration: 1 Try: 0 Length: 29 and 266 Growth: False and False
Iteration: 1 Try: 0 Length: 14 and 281 Growth: False and False
Iteration: 1 Try: 0 Length: 7 and 288 Growth: False and True
Iteration: 2 Try: 0 Length: 144 and 144 Growth: False and False
Iteration: 2 Try: 0 Length: 115 and 173 Growth: False and False
Iteration: 2 Try: 0 Length: 57 and 231 Growth: False and False
Iteration: 2 Try: 0 Length: 28 and 260 Growth: False and False
Iteration: 2 Try: 0 Length: 14 and 274 Growth: False and False
Iteration: 2 Try: 0 Length: 7 and 281 Growth: False and False
Iteration: 2 Try: 0 Length: 3 and 285 Growth: False and True
Iteration: 3 Try: 0 Length: 143 and 142 Growth: False and False
Iteration: 3 Try: 0 Length: 114 and 171 Growth: False and False
Iteration: 3 Try: 0 Length: 57 and 228 Growth: False and False
Iteration: 3 Try: 0 Length: 28 and 257 Growth: False and False
Iteration: 3 Try: 0 Length: 14 and 271 Growth: False and False
Iteration: 3 Try: 0 Length: 7 and 278 Growth: False and False
Iteration: 3 Try: 0 Length: 3 and 282 Growth: False and False
Iteration: 3 Try: 0 Length: 1 and 284 Growth: False and True
Iteration: 4 Try: 0 Length: 142 and 142 Growth: False and False
Iteration: 4 Try: 0 Length: 113 and 171 Growth: False and False
Iteration: 4 Try: 0 Length: 56 and 228 Growth: False and False
Iteration: 4 Try: 0 Length: 28 and 256 Growth: False and False
Iteration: 4 Try: 0 Length: 14 and 270 Growth: False and False
Iteration: 4 Try: 0 Length: 7 and 277 Growth: False and False
Iteration: 4 Try: 0 Length: 3 and 281 Growth: False and False
Iteration: 4 Try: 0 Length: 1 and 283 Growth: False and True
Iteration: 5 Try: 0 Length: 142 and 141 Growth: False and False
Iteration: 5 Try: 0 Length: 113 and 170 Growth: False and False
Iteration: 5 Try: 0 Length: 56 and 227 Growth: False and False
Iteration: 5 Try: 0 Length: 28 and 255 Growth: False and False
Iteration: 5 Try: 0 Length: 14 and 269 Growth: False and False
Iteration: 5 Try: 0 Length: 7 and 276 Growth: False and False
Iteration: 5 Try: 0 Length: 3 and 280 Growth: False and False
Iteration: 5 Try: 0 Length: 1 and 282 Growth: False and False
Iteration: 6 Try: 1 Length: 142 and 141 Growth: False and False
Iteration: 6 Try: 1 Length: 113 and 170 Growth: False and False
Iteration: 6 Try: 1 Length: 56 and 227 Growth: False and False
Iteration: 6 Try: 1 Length: 28 and 255 Growth: False and False
Iteration: 6 Try: 1 Length: 14 and 269 Growth: False and False
Iteration: 6 Try: 1 Length: 7 and 276 Growth: False and False
Iteration: 6 Try: 1 Length: 3 and 280 Growth: False and True
Iteration: 7 Try: 0 Length: 140 and 140 Growth: False and False
Iteration: 7 Try: 0 Length: 112 and 168 Growth: False and False
Iteration: 7 Try: 0 Length: 56 and 224 Growth: False and False
Iteration: 7 Try: 0 Length: 28 and 252 Growth: False and False
Iteration: 7 Try: 0 Length: 14 and 266 Growth: False and False
Iteration: 7 Try: 0 Length: 7 and 273 Growth: False and False
Iteration: 7 Try: 0 Length: 3 and 277 Growth: False and True
Iteration: 8 Try: 0 Length: 139 and 138 Growth: False and False
Iteration: 8 Try: 0 Length: 110 and 167 Growth: False and False
Iteration: 8 Try: 0 Length: 55 and 222 Growth: False and False
Iteration: 8 Try: 0 Length: 27 and 250 Growth: False and False
Iteration: 8 Try: 0 Length: 13 and 264 Growth: False and False
Iteration: 8 Try: 0 Length: 6 and 271 Growth: False and False
Iteration: 8 Try: 0 Length: 3 and 274 Growth: False and False
Iteration: 8 Try: 0 Length: 1 and 276 Growth: False and False
Iteration: 9 Try: 1 Length: 139 and 138 Growth: False and False
Iteration: 9 Try: 1 Length: 110 and 167 Growth: False and False
Iteration: 9 Try: 1 Length: 55 and 222 Growth: False and False
Iteration: 9 Try: 1 Length: 27 and 250 Growth: False and False
Iteration: 9 Try: 1 Length: 13 and 264 Growth: False and True
Iteration: 10 Try: 0 Length: 132 and 132 Growth: False and False
Iteration: 10 Try: 0 Length: 105 and 159 Growth: False and False
Iteration: 10 Try: 0 Length: 52 and 212 Growth: False and False
Iteration: 10 Try: 0 Length: 26 and 238 Growth: False and False
Iteration: 10 Try: 0 Length: 13 and 251 Growth: False and False
Iteration: 10 Try: 0 Length: 6 and 258 Growth: False and False
Iteration: 10 Try: 0 Length: 3 and 261 Growth: False and False
Iteration: 10 Try: 0 Length: 1 and 263 Growth: False and True
Iteration: 11 Try: 0 Length: 132 and 131 Growth: False and False
Iteration: 11 Try: 0 Length: 105 and 158 Growth: False and False
Iteration: 11 Try: 0 Length: 52 and 211 Growth: False and False
Iteration: 11 Try: 0 Length: 26 and 237 Growth: False and False
Iteration: 11 Try: 0 Length: 13 and 250 Growth: False and False
Iteration: 11 Try: 0 Length: 6 and 257 Growth: False and False
Iteration: 11 Try: 0 Length: 3 and 260 Growth: False and False
Iteration: 11 Try: 0 Length: 1 and 262 Growth: False and True
Iteration: 12 Try: 0 Length: 131 and 131 Growth: False and False
Iteration: 12 Try: 0 Length: 104 and 158 Growth: False and False
Iteration: 12 Try: 0 Length: 52 and 210 Growth: False and False
Iteration: 12 Try: 0 Length: 26 and 236 Growth: False and False
Iteration: 12 Try: 0 Length: 13 and 249 Growth: False and False
Iteration: 12 Try: 0 Length: 6 and 256 Growth: False and False
Iteration: 12 Try: 0 Length: 3 and 259 Growth: False and False
Iteration: 12 Try: 0 Length: 1 and 261 Growth: False and False
Iteration: 13 Try: 1 Length: 131 and 131 Growth: False and False
Iteration: 13 Try: 1 Length: 104 and 158 Growth: False and False
Iteration: 13 Try: 1 Length: 52 and 210 Growth: False and False
Iteration: 13 Try: 1 Length: 26 and 236 Growth: False and False
Iteration: 13 Try: 1 Length: 13 and 249 Growth: False and False
Iteration: 13 Try: 1 Length: 6 and 256 Growth: False and False
Iteration: 13 Try: 1 Length: 3 and 259 Growth: False and True
Iteration: 14 Try: 0 Length: 130 and 129 Growth: False and False
Iteration: 14 Try: 0 Length: 103 and 156 Growth: False and False
Iteration: 14 Try: 0 Length: 51 and 208 Growth: False and False
Iteration: 14 Try: 0 Length: 25 and 234 Growth: False and False
Iteration: 14 Try: 0 Length: 12 and 247 Growth: False and False
Iteration: 14 Try: 0 Length: 6 and 253 Growth: False and False
Iteration: 14 Try: 0 Length: 3 and 256 Growth: False and False
Iteration: 14 Try: 0 Length: 1 and 258 Growth: False and False
Iteration: 15 Try: 1 Length: 130 and 129 Growth: False and False
Iteration: 15 Try: 1 Length: 103 and 156 Growth: False and False
Iteration: 15 Try: 1 Length: 51 and 208 Growth: False and False
Iteration: 15 Try: 1 Length: 25 and 234 Growth: False and False
Iteration: 15 Try: 1 Length: 12 and 247 Growth: False and False
Iteration: 15 Try: 1 Length: 6 and 253 Growth: False and False
Iteration: 15 Try: 1 Length: 3 and 256 Growth: False and False
Iteration: 15 Try: 1 Length: 1 and 258 Growth: False and False
Iteration: 16 Try: 2 Length: 130 and 129 Growth: False and False
Iteration: 16 Try: 2 Length: 103 and 156 Growth: False and False
Iteration: 16 Try: 2 Length: 51 and 208 Growth: False and False
Iteration: 16 Try: 2 Length: 25 and 234 Growth: False and False
Iteration: 16 Try: 2 Length: 12 and 247 Growth: False and False
Iteration: 16 Try: 2 Length: 6 and 253 Growth: False and True
Iteration: 17 Try: 0 Length: 127 and 126 Growth: False and False
Iteration: 17 Try: 0 Length: 101 and 152 Growth: False and False
Iteration: 17 Try: 0 Length: 50 and 203 Growth: False and False
Iteration: 17 Try: 0 Length: 25 and 228 Growth: False and False
Iteration: 17 Try: 0 Length: 12 and 241 Growth: False and False
Iteration: 17 Try: 0 Length: 6 and 247 Growth: False and False
Iteration: 17 Try: 0 Length: 3 and 250 Growth: False and False
Iteration: 17 Try: 0 Length: 1 and 252 Growth: False and True
Iteration: 18 Try: 0 Length: 126 and 126 Growth: False and False
Iteration: 18 Try: 0 Length: 100 and 152 Growth: False and False
Iteration: 18 Try: 0 Length: 50 and 202 Growth: False and False
Iteration: 18 Try: 0 Length: 25 and 227 Growth: False and False
Iteration: 18 Try: 0 Length: 12 and 240 Growth: False and False
Iteration: 18 Try: 0 Length: 6 and 246 Growth: False and False
Iteration: 18 Try: 0 Length: 3 and 249 Growth: False and False
Iteration: 18 Try: 0 Length: 1 and 251 Growth: False and True
Iteration: 19 Try: 0 Length: 126 and 125 Growth: False and False
Iteration: 19 Try: 0 Length: 100 and 151 Growth: False and False
Iteration: 19 Try: 0 Length: 50 and 201 Growth: False and False
Iteration: 19 Try: 0 Length: 25 and 226 Growth: False and False
Iteration: 19 Try: 0 Length: 12 and 239 Growth: False and False
Iteration: 19 Try: 0 Length: 6 and 245 Growth: False and False
Iteration: 19 Try: 0 Length: 3 and 248 Growth: False and False
Iteration: 19 Try: 0 Length: 1 and 250 Growth: False and False
Iteration: 20 Try: 1 Length: 126 and 125 Growth: False and False
Iteration: 20 Try: 1 Length: 100 and 151 Growth: False and False
Iteration: 20 Try: 1 Length: 50 and 201 Growth: False and False
Iteration: 20 Try: 1 Length: 25 and 226 Growth: False and True
Iteration: 21 Try: 0 Length: 113 and 113 Growth: False and False
Iteration: 21 Try: 0 Length: 90 and 136 Growth: False and False
Iteration: 21 Try: 0 Length: 45 and 181 Growth: False and False
Iteration: 21 Try: 0 Length: 22 and 204 Growth: False and False
Iteration: 21 Try: 0 Length: 11 and 215 Growth: False and False
Iteration: 21 Try: 0 Length: 5 and 221 Growth: False and True
Iteration: 22 Try: 0 Length: 111 and 110 Growth: False and False
Iteration: 22 Try: 0 Length: 88 and 133 Growth: False and False
Iteration: 22 Try: 0 Length: 44 and 177 Growth: False and False
Iteration: 22 Try: 0 Length: 22 and 199 Growth: False and False
Iteration: 22 Try: 0 Length: 11 and 210 Growth: False and False
Iteration: 22 Try: 0 Length: 5 and 216 Growth: False and False
Iteration: 22 Try: 0 Length: 2 and 219 Growth: False and True
Iteration: 23 Try: 0 Length: 110 and 109 Growth: False and False
Iteration: 23 Try: 0 Length: 87 and 132 Growth: False and False
Iteration: 23 Try: 0 Length: 43 and 176 Growth: False and False
Iteration: 23 Try: 0 Length: 21 and 198 Growth: False and False
Iteration: 23 Try: 0 Length: 10 and 209 Growth: False and False
Iteration: 23 Try: 0 Length: 5 and 214 Growth: False and False
Iteration: 23 Try: 0 Length: 2 and 217 Growth: False and False
Iteration: 23 Try: 0 Length: 1 and 218 Growth: False and True
Iteration: 24 Try: 0 Length: 109 and 109 Growth: False and False
Iteration: 24 Try: 0 Length: 87 and 131 Growth: False and False
Iteration: 24 Try: 0 Length: 43 and 175 Growth: False and False
Iteration: 24 Try: 0 Length: 21 and 197 Growth: False and False
Iteration: 24 Try: 0 Length: 10 and 208 Growth: False and False
Iteration: 24 Try: 0 Length: 5 and 213 Growth: False and False
Iteration: 24 Try: 0 Length: 2 and 216 Growth: False and False
Iteration: 24 Try: 0 Length: 1 and 217 Growth: False and False
Iteration: 25 Try: 1 Length: 109 and 109 Growth: False and False
Iteration: 25 Try: 1 Length: 87 and 131 Growth: False and False
Iteration: 25 Try: 1 Length: 43 and 175 Growth: False and False
Iteration: 25 Try: 1 Length: 21 and 197 Growth: False and False
Iteration: 25 Try: 1 Length: 10 and 208 Growth: False and False
Iteration: 25 Try: 1 Length: 5 and 213 Growth: False and True
Iteration: 26 Try: 0 Length: 107 and 106 Growth: False and False
Iteration: 26 Try: 0 Length: 85 and 128 Growth: False and False
Iteration: 26 Try: 0 Length: 42 and 171 Growth: False and False
Iteration: 26 Try: 0 Length: 21 and 192 Growth: False and False
Iteration: 26 Try: 0 Length: 10 and 203 Growth: False and False
Iteration: 26 Try: 0 Length: 5 and 208 Growth: False and False
Iteration: 26 Try: 0 Length: 2 and 211 Growth: False and False
Iteration: 26 Try: 0 Length: 1 and 212 Growth: False and False
Iteration: 27 Try: 1 Length: 107 and 106 Growth: False and False
Iteration: 27 Try: 1 Length: 85 and 128 Growth: False and False
Iteration: 27 Try: 1 Length: 42 and 171 Growth: False and False
Iteration: 27 Try: 1 Length: 21 and 192 Growth: False and False
Iteration: 27 Try: 1 Length: 10 and 203 Growth: False and False
Iteration: 27 Try: 1 Length: 5 and 208 Growth: False and False
Iteration: 27 Try: 1 Length: 2 and 211 Growth: False and True
Iteration: 28 Try: 0 Length: 106 and 105 Growth: False and False
Iteration: 28 Try: 0 Length: 84 and 127 Growth: False and False
Iteration: 28 Try: 0 Length: 42 and 169 Growth: False and False
Iteration: 28 Try: 0 Length: 21 and 190 Growth: False and False
Iteration: 28 Try: 0 Length: 10 and 201 Growth: False and False
Iteration: 28 Try: 0 Length: 5 and 206 Growth: False and False
Iteration: 28 Try: 0 Length: 2 and 209 Growth: False and False
Iteration: 28 Try: 0 Length: 1 and 210 Growth: False and False
Iteration: 29 Try: 1 Length: 106 and 105 Growth: False and False
Iteration: 29 Try: 1 Length: 84 and 127 Growth: False and False
Iteration: 29 Try: 1 Length: 42 and 169 Growth: False and False
Iteration: 29 Try: 1 Length: 21 and 190 Growth: False and False
Iteration: 29 Try: 1 Length: 10 and 201 Growth: False and True
Iteration: 30 Try: 0 Length: 101 and 100 Growth: False and False
Iteration: 30 Try: 0 Length: 80 and 121 Growth: False and False
Iteration: 30 Try: 0 Length: 40 and 161 Growth: False and False
Iteration: 30 Try: 0 Length: 20 and 181 Growth: False and False
Iteration: 30 Try: 0 Length: 10 and 191 Growth: False and False
Iteration: 30 Try: 0 Length: 5 and 196 Growth: False and True
Iteration: 31 Try: 0 Length: 98 and 98 Growth: False and False
Iteration: 31 Try: 0 Length: 78 and 118 Growth: False and False
Iteration: 31 Try: 0 Length: 39 and 157 Growth: False and False
Iteration: 31 Try: 0 Length: 19 and 177 Growth: False and False
Iteration: 31 Try: 0 Length: 9 and 187 Growth: False and False
Iteration: 31 Try: 0 Length: 4 and 192 Growth: False and True
Iteration: 32 Try: 0 Length: 96 and 96 Growth: False and False
Iteration: 32 Try: 0 Length: 76 and 116 Growth: False and False
Iteration: 32 Try: 0 Length: 38 and 154 Growth: False and False
Iteration: 32 Try: 0 Length: 19 and 173 Growth: False and False
Iteration: 32 Try: 0 Length: 9 and 183 Growth: False and False
Iteration: 32 Try: 0 Length: 4 and 188 Growth: False and False
Iteration: 32 Try: 0 Length: 2 and 190 Growth: False and False
Iteration: 32 Try: 0 Length: 1 and 191 Growth: False and False
Iteration: 33 Try: 1 Length: 96 and 96 Growth: False and False
Iteration: 33 Try: 1 Length: 76 and 116 Growth: False and False
Iteration: 33 Try: 1 Length: 38 and 154 Growth: False and False
Iteration: 33 Try: 1 Length: 19 and 173 Growth: False and False
Iteration: 33 Try: 1 Length: 9 and 183 Growth: False and False
Iteration: 33 Try: 1 Length: 4 and 188 Growth: False and False
Iteration: 33 Try: 1 Length: 2 and 190 Growth: False and False
Iteration: 33 Try: 1 Length: 1 and 191 Growth: False and True
Iteration: 34 Try: 0 Length: 96 and 95 Growth: False and False
Iteration: 34 Try: 0 Length: 76 and 115 Growth: False and False
Iteration: 34 Try: 0 Length: 38 and 153 Growth: False and False
Iteration: 34 Try: 0 Length: 19 and 172 Growth: False and False
Iteration: 34 Try: 0 Length: 9 and 182 Growth: False and False
Iteration: 34 Try: 0 Length: 4 and 187 Growth: False and False
Iteration: 34 Try: 0 Length: 2 and 189 Growth: False and False
Iteration: 34 Try: 0 Length: 1 and 190 Growth: False and False
Iteration: 35 Try: 1 Length: 96 and 95 Growth: False and False
Iteration: 35 Try: 1 Length: 76 and 115 Growth: False and False
Iteration: 35 Try: 1 Length: 38 and 153 Growth: False and True
Iteration: 36 Try: 0 Length: 77 and 76 Growth: False and False
Iteration: 36 Try: 0 Length: 61 and 92 Growth: False and False
Iteration: 36 Try: 0 Length: 30 and 123 Growth: False and False
Iteration: 36 Try: 0 Length: 15 and 138 Growth: False and False
Iteration: 36 Try: 0 Length: 7 and 146 Growth: False and False
Iteration: 36 Try: 0 Length: 3 and 150 Growth: False and False
Iteration: 36 Try: 0 Length: 1 and 152 Growth: False and False
Iteration: 37 Try: 1 Length: 77 and 76 Growth: False and False
Iteration: 37 Try: 1 Length: 61 and 92 Growth: False and False
Iteration: 37 Try: 1 Length: 30 and 123 Growth: False and False
Iteration: 37 Try: 1 Length: 15 and 138 Growth: False and True
Iteration: 38 Try: 0 Length: 69 and 69 Growth: False and False
Iteration: 38 Try: 0 Length: 55 and 83 Growth: False and False
Iteration: 38 Try: 0 Length: 27 and 111 Growth: False and False
Iteration: 38 Try: 0 Length: 13 and 125 Growth: False and False
Iteration: 38 Try: 0 Length: 6 and 132 Growth: False and False
Iteration: 38 Try: 0 Length: 3 and 135 Growth: False and True
Iteration: 39 Try: 0 Length: 68 and 67 Growth: False and False
Iteration: 39 Try: 0 Length: 54 and 81 Growth: False and False
Iteration: 39 Try: 0 Length: 27 and 108 Growth: False and False
Iteration: 39 Try: 0 Length: 13 and 122 Growth: False and False
Iteration: 39 Try: 0 Length: 6 and 129 Growth: False and False
Iteration: 39 Try: 0 Length: 3 and 132 Growth: False and False
Iteration: 39 Try: 0 Length: 1 and 134 Growth: False and False
Iteration: 40 Try: 1 Length: 68 and 67 Growth: False and False
Iteration: 40 Try: 1 Length: 54 and 81 Growth: False and False
Iteration: 40 Try: 1 Length: 27 and 108 Growth: False and False
Iteration: 40 Try: 1 Length: 13 and 122 Growth: False and True
Iteration: 41 Try: 0 Length: 61 and 61 Growth: False and False
Iteration: 41 Try: 0 Length: 48 and 74 Growth: False and False
Iteration: 41 Try: 0 Length: 24 and 98 Growth: False and False
Iteration: 41 Try: 0 Length: 12 and 110 Growth: False and False
Iteration: 41 Try: 0 Length: 6 and 116 Growth: False and False
Iteration: 41 Try: 0 Length: 3 and 119 Growth: False and True
Iteration: 42 Try: 0 Length: 60 and 59 Growth: False and False
Iteration: 42 Try: 0 Length: 47 and 72 Growth: False and False
Iteration: 42 Try: 0 Length: 23 and 96 Growth: False and False
Iteration: 42 Try: 0 Length: 11 and 108 Growth: False and False
Iteration: 42 Try: 0 Length: 5 and 114 Growth: False and False
Iteration: 42 Try: 0 Length: 2 and 117 Growth: False and False
Iteration: 42 Try: 0 Length: 1 and 118 Growth: False and True
Iteration: 43 Try: 0 Length: 59 and 59 Growth: False and False
Iteration: 43 Try: 0 Length: 47 and 71 Growth: False and False
Iteration: 43 Try: 0 Length: 23 and 95 Growth: False and False
Iteration: 43 Try: 0 Length: 11 and 107 Growth: False and False
Iteration: 43 Try: 0 Length: 5 and 113 Growth: False and False
Iteration: 43 Try: 0 Length: 2 and 116 Growth: False and False
Iteration: 43 Try: 0 Length: 1 and 117 Growth: False and False
Iteration: 44 Try: 1 Length: 59 and 59 Growth: False and False
Iteration: 44 Try: 1 Length: 47 and 71 Growth: False and False
Iteration: 44 Try: 1 Length: 23 and 95 Growth: False and False
Iteration: 44 Try: 1 Length: 11 and 107 Growth: False and False
Iteration: 44 Try: 1 Length: 5 and 113 Growth: False and False
Iteration: 44 Try: 1 Length: 2 and 116 Growth: False and True
Iteration: 45 Try: 0 Length: 58 and 58 Growth: False and False
Iteration: 45 Try: 0 Length: 46 and 70 Growth: False and False
Iteration: 45 Try: 0 Length: 23 and 93 Growth: False and False
Iteration: 45 Try: 0 Length: 11 and 105 Growth: False and False
Iteration: 45 Try: 0 Length: 5 and 111 Growth: False and False
Iteration: 45 Try: 0 Length: 2 and 114 Growth: False and True
Iteration: 46 Try: 0 Length: 57 and 57 Growth: False and False
Iteration: 46 Try: 0 Length: 45 and 69 Growth: False and False
Iteration: 46 Try: 0 Length: 22 and 92 Growth: False and False
Iteration: 46 Try: 0 Length: 11 and 103 Growth: False and False
Iteration: 46 Try: 0 Length: 5 and 109 Growth: False and False
Iteration: 46 Try: 0 Length: 2 and 112 Growth: False and False
Iteration: 46 Try: 0 Length: 1 and 113 Growth: False and False
Iteration: 47 Try: 1 Length: 57 and 57 Growth: False and False
Iteration: 47 Try: 1 Length: 45 and 69 Growth: False and False
Iteration: 47 Try: 1 Length: 22 and 92 Growth: False and False
Iteration: 47 Try: 1 Length: 11 and 103 Growth: False and True
Iteration: 48 Try: 0 Length: 52 and 51 Growth: False and False
Iteration: 48 Try: 0 Length: 41 and 62 Growth: False and False
Iteration: 48 Try: 0 Length: 20 and 83 Growth: False and False
Iteration: 48 Try: 0 Length: 10 and 93 Growth: False and False
Iteration: 48 Try: 0 Length: 5 and 98 Growth: False and True
Iteration: 49 Try: 0 Length: 49 and 49 Growth: False and False
Iteration: 49 Try: 0 Length: 39 and 59 Growth: False and False
Iteration: 49 Try: 0 Length: 19 and 79 Growth: False and False
Iteration: 49 Try: 0 Length: 9 and 89 Growth: False and False
Iteration: 49 Try: 0 Length: 4 and 94 Growth: False and True
Iteration: 50 Try: 0 Length: 47 and 47 Growth: False and False
Iteration: 50 Try: 0 Length: 37 and 57 Growth: False and False
Iteration: 50 Try: 0 Length: 18 and 76 Growth: False and False
Iteration: 50 Try: 0 Length: 9 and 85 Growth: False and False
Iteration: 50 Try: 0 Length: 4 and 90 Growth: False and False
Iteration: 50 Try: 0 Length: 2 and 92 Growth: False and False
Iteration: 50 Try: 0 Length: 1 and 93 Growth: False and False
Iteration: 51 Try: 1 Length: 47 and 47 Growth: False and False
Iteration: 51 Try: 1 Length: 37 and 57 Growth: False and False
Iteration: 51 Try: 1 Length: 18 and 76 Growth: False and False
Iteration: 51 Try: 1 Length: 9 and 85 Growth: False and False
Iteration: 51 Try: 1 Length: 4 and 90 Growth: False and False
Iteration: 51 Try: 1 Length: 2 and 92 Growth: False and True
Iteration: 52 Try: 0 Length: 46 and 46 Growth: False and False
Iteration: 52 Try: 0 Length: 36 and 56 Growth: False and False
Iteration: 52 Try: 0 Length: 18 and 74 Growth: False and False
Iteration: 52 Try: 0 Length: 9 and 83 Growth: False and False
Iteration: 52 Try: 0 Length: 4 and 88 Growth: False and False
Iteration: 52 Try: 0 Length: 2 and 90 Growth: False and False
Iteration: 52 Try: 0 Length: 1 and 91 Growth: False and True
Iteration: 53 Try: 0 Length: 46 and 45 Growth: False and False
Iteration: 53 Try: 0 Length: 36 and 55 Growth: False and False
Iteration: 53 Try: 0 Length: 18 and 73 Growth: False and False
Iteration: 53 Try: 0 Length: 9 and 82 Growth: False and False
Iteration: 53 Try: 0 Length: 4 and 87 Growth: False and False
Iteration: 53 Try: 0 Length: 2 and 89 Growth: False and False
Iteration: 53 Try: 0 Length: 1 and 90 Growth: False and False
Iteration: 54 Try: 1 Length: 46 and 45 Growth: False and False
Iteration: 54 Try: 1 Length: 36 and 55 Growth: False and False
Iteration: 54 Try: 1 Length: 18 and 73 Growth: False and False
Iteration: 54 Try: 1 Length: 9 and 82 Growth: False and False
Iteration: 54 Try: 1 Length: 4 and 87 Growth: False and True
Iteration: 55 Try: 0 Length: 44 and 43 Growth: False and False
Iteration: 55 Try: 0 Length: 34 and 53 Growth: False and False
Iteration: 55 Try: 0 Length: 17 and 70 Growth: False and False
Iteration: 55 Try: 0 Length: 8 and 79 Growth: False and False
Iteration: 55 Try: 0 Length: 4 and 83 Growth: False and False
Iteration: 55 Try: 0 Length: 2 and 85 Growth: False and True
Iteration: 56 Try: 0 Length: 43 and 42 Growth: False and False
Iteration: 56 Try: 0 Length: 34 and 51 Growth: False and False
Iteration: 56 Try: 0 Length: 17 and 68 Growth: False and False
Iteration: 56 Try: 0 Length: 8 and 77 Growth: False and False
Iteration: 56 Try: 0 Length: 4 and 81 Growth: False and False
Iteration: 56 Try: 0 Length: 2 and 83 Growth: False and False
Iteration: 56 Try: 0 Length: 1 and 84 Growth: False and True
Iteration: 57 Try: 0 Length: 42 and 42 Growth: False and False
Iteration: 57 Try: 0 Length: 33 and 51 Growth: False and False
Iteration: 57 Try: 0 Length: 16 and 68 Growth: False and False
Iteration: 57 Try: 0 Length: 8 and 76 Growth: False and False
Iteration: 57 Try: 0 Length: 4 and 80 Growth: False and False
Iteration: 57 Try: 0 Length: 2 and 82 Growth: False and False
Iteration: 57 Try: 0 Length: 1 and 83 Growth: False and False
Iteration: 58 Try: 1 Length: 42 and 42 Growth: False and False
Iteration: 58 Try: 1 Length: 33 and 51 Growth: False and False
Iteration: 58 Try: 1 Length: 16 and 68 Growth: False and False
Iteration: 58 Try: 1 Length: 8 and 76 Growth: False and False
Iteration: 58 Try: 1 Length: 4 and 80 Growth: False and False
Iteration: 58 Try: 1 Length: 2 and 82 Growth: False and False
Iteration: 58 Try: 1 Length: 1 and 83 Growth: False and False
Iteration: 59 Try: 2 Length: 42 and 42 Growth: False and False
Iteration: 59 Try: 2 Length: 33 and 51 Growth: False and False
Iteration: 59 Try: 2 Length: 16 and 68 Growth: False and False
Iteration: 59 Try: 2 Length: 8 and 76 Growth: False and False
Iteration: 59 Try: 2 Length: 4 and 80 Growth: False and False
Iteration: 59 Try: 2 Length: 2 and 82 Growth: False and False
Iteration: 59 Try: 2 Length: 1 and 83 Growth: False and False
Iteration: 60 Try: 3 Length: 42 and 42 Growth: False and False
Iteration: 60 Try: 3 Length: 33 and 51 Growth: False and False
Iteration: 60 Try: 3 Length: 16 and 68 Growth: False and False
Iteration: 60 Try: 3 Length: 8 and 76 Growth: False and False
Iteration: 60 Try: 3 Length: 4 and 80 Growth: False and False
Iteration: 60 Try: 3 Length: 2 and 82 Growth: False and True
Iteration: 61 Try: 0 Length: 41 and 41 Growth: False and False
Iteration: 61 Try: 0 Length: 32 and 50 Growth: False and False
Iteration: 61 Try: 0 Length: 16 and 66 Growth: False and False
Iteration: 61 Try: 0 Length: 8 and 74 Growth: False and False
Iteration: 61 Try: 0 Length: 4 and 78 Growth: False and False
Iteration: 61 Try: 0 Length: 2 and 80 Growth: False and False
Iteration: 61 Try: 0 Length: 1 and 81 Growth: False and True
Iteration: 62 Try: 0 Length: 41 and 40 Growth: False and False
Iteration: 62 Try: 0 Length: 32 and 49 Growth: False and False
Iteration: 62 Try: 0 Length: 16 and 65 Growth: False and False
Iteration: 62 Try: 0 Length: 8 and 73 Growth: False and False
Iteration: 62 Try: 0 Length: 4 and 77 Growth: False and False
Iteration: 62 Try: 0 Length: 2 and 79 Growth: False and False
Iteration: 62 Try: 0 Length: 1 and 80 Growth: False and False
Iteration: 63 Try: 1 Length: 41 and 40 Growth: False and False
Iteration: 63 Try: 1 Length: 32 and 49 Growth: False and False
Iteration: 63 Try: 1 Length: 16 and 65 Growth: False and False
Iteration: 63 Try: 1 Length: 8 and 73 Growth: False and False
Iteration: 63 Try: 1 Length: 4 and 77 Growth: False and False
Iteration: 63 Try: 1 Length: 2 and 79 Growth: False and True
Iteration: 64 Try: 0 Length: 40 and 39 Growth: False and False
Iteration: 64 Try: 0 Length: 31 and 48 Growth: False and False
Iteration: 64 Try: 0 Length: 15 and 64 Growth: False and False
Iteration: 64 Try: 0 Length: 7 and 72 Growth: False and False
Iteration: 64 Try: 0 Length: 3 and 76 Growth: False and False
Iteration: 64 Try: 0 Length: 1 and 78 Growth: False and False
Iteration: 65 Try: 1 Length: 40 and 39 Growth: False and False
Iteration: 65 Try: 1 Length: 31 and 48 Growth: False and False
Iteration: 65 Try: 1 Length: 15 and 64 Growth: False and False
Iteration: 65 Try: 1 Length: 7 and 72 Growth: False and False
Iteration: 65 Try: 1 Length: 3 and 76 Growth: False and False
Iteration: 65 Try: 1 Length: 1 and 78 Growth: False and False
Iteration: 66 Try: 2 Length: 40 and 39 Growth: False and False
Iteration: 66 Try: 2 Length: 31 and 48 Growth: False and False
Iteration: 66 Try: 2 Length: 15 and 64 Growth: False and False
Iteration: 66 Try: 2 Length: 7 and 72 Growth: False and True
Iteration: 67 Try: 0 Length: 36 and 36 Growth: False and False
Iteration: 67 Try: 0 Length: 28 and 44 Growth: False and False
Iteration: 67 Try: 0 Length: 14 and 58 Growth: False and False
Iteration: 67 Try: 0 Length: 7 and 65 Growth: False and False
Iteration: 67 Try: 0 Length: 3 and 69 Growth: False and False
Iteration: 67 Try: 0 Length: 1 and 71 Growth: False and True
Iteration: 68 Try: 0 Length: 36 and 35 Growth: False and False
Iteration: 68 Try: 0 Length: 28 and 43 Growth: False and False
Iteration: 68 Try: 0 Length: 14 and 57 Growth: False and False
Iteration: 68 Try: 0 Length: 7 and 64 Growth: False and False
Iteration: 68 Try: 0 Length: 3 and 68 Growth: False and False
Iteration: 68 Try: 0 Length: 1 and 70 Growth: False and True
Iteration: 69 Try: 0 Length: 35 and 35 Growth: False and False
Iteration: 69 Try: 0 Length: 28 and 42 Growth: False and False
Iteration: 69 Try: 0 Length: 14 and 56 Growth: False and False
Iteration: 69 Try: 0 Length: 7 and 63 Growth: False and False
Iteration: 69 Try: 0 Length: 3 and 67 Growth: False and False
Iteration: 69 Try: 0 Length: 1 and 69 Growth: False and False
Iteration: 70 Try: 1 Length: 35 and 35 Growth: False and False
Iteration: 70 Try: 1 Length: 28 and 42 Growth: False and False
Iteration: 70 Try: 1 Length: 14 and 56 Growth: False and False
Iteration: 70 Try: 1 Length: 7 and 63 Growth: False and False
Iteration: 70 Try: 1 Length: 3 and 67 Growth: False and True
Iteration: 71 Try: 0 Length: 34 and 33 Growth: False and False
Iteration: 71 Try: 0 Length: 26 and 41 Growth: False and False
Iteration: 71 Try: 0 Length: 13 and 54 Growth: False and False
Iteration: 71 Try: 0 Length: 6 and 61 Growth: False and False
Iteration: 71 Try: 0 Length: 3 and 64 Growth: False and False
Iteration: 71 Try: 0 Length: 1 and 66 Growth: False and False
Iteration: 72 Try: 1 Length: 34 and 33 Growth: False and False
Iteration: 72 Try: 1 Length: 26 and 41 Growth: False and False
Iteration: 72 Try: 1 Length: 13 and 54 Growth: False and False
Iteration: 72 Try: 1 Length: 6 and 61 Growth: False and False
Iteration: 72 Try: 1 Length: 3 and 64 Growth: False and False
Iteration: 72 Try: 1 Length: 1 and 66 Growth: False and True
Iteration: 73 Try: 0 Length: 33 and 33 Growth: False and False
Iteration: 73 Try: 0 Length: 26 and 40 Growth: False and False
Iteration: 73 Try: 0 Length: 13 and 53 Growth: False and False
Iteration: 73 Try: 0 Length: 6 and 60 Growth: False and False
Iteration: 73 Try: 0 Length: 3 and 63 Growth: False and False
Iteration: 73 Try: 0 Length: 1 and 65 Growth: False and True
Iteration: 74 Try: 0 Length: 33 and 32 Growth: False and False
Iteration: 74 Try: 0 Length: 26 and 39 Growth: False and False
Iteration: 74 Try: 0 Length: 13 and 52 Growth: False and False
Iteration: 74 Try: 0 Length: 6 and 59 Growth: False and False
Iteration: 74 Try: 0 Length: 3 and 62 Growth: False and False
Iteration: 74 Try: 0 Length: 1 and 64 Growth: False and False
Iteration: 75 Try: 1 Length: 33 and 32 Growth: False and False
Iteration: 75 Try: 1 Length: 26 and 39 Growth: False and False
Iteration: 75 Try: 1 Length: 13 and 52 Growth: False and False
Iteration: 75 Try: 1 Length: 6 and 59 Growth: False and False
Iteration: 75 Try: 1 Length: 3 and 62 Growth: False and True
Iteration: 76 Try: 0 Length: 31 and 31 Growth: False and False
Iteration: 76 Try: 0 Length: 24 and 38 Growth: False and False
Iteration: 76 Try: 0 Length: 12 and 50 Growth: False and False
Iteration: 76 Try: 0 Length: 6 and 56 Growth: False and False
Iteration: 76 Try: 0 Length: 3 and 59 Growth: False and False
Iteration: 76 Try: 0 Length: 1 and 61 Growth: False and False
Iteration: 77 Try: 1 Length: 31 and 31 Growth: False and False
Iteration: 77 Try: 1 Length: 24 and 38 Growth: False and False
Iteration: 77 Try: 1 Length: 12 and 50 Growth: False and False
Iteration: 77 Try: 1 Length: 6 and 56 Growth: False and False
Iteration: 77 Try: 1 Length: 3 and 59 Growth: False and True
Iteration: 78 Try: 0 Length: 30 and 29 Growth: False and False
Iteration: 78 Try: 0 Length: 23 and 36 Growth: False and False
Iteration: 78 Try: 0 Length: 11 and 48 Growth: False and False
Iteration: 78 Try: 0 Length: 5 and 54 Growth: False and False
Iteration: 78 Try: 0 Length: 2 and 57 Growth: False and False
Iteration: 78 Try: 0 Length: 1 and 58 Growth: False and False
Iteration: 79 Try: 1 Length: 30 and 29 Growth: False and False
Iteration: 79 Try: 1 Length: 23 and 36 Growth: False and False
Iteration: 79 Try: 1 Length: 11 and 48 Growth: False and False
Iteration: 79 Try: 1 Length: 5 and 54 Growth: False and False
Iteration: 79 Try: 1 Length: 2 and 57 Growth: False and False
Iteration: 79 Try: 1 Length: 1 and 58 Growth: False and True
Iteration: 80 Try: 0 Length: 29 and 29 Growth: False and False
Iteration: 80 Try: 0 Length: 23 and 35 Growth: False and False
Iteration: 80 Try: 0 Length: 11 and 47 Growth: False and False
Iteration: 80 Try: 0 Length: 5 and 53 Growth: False and False
Iteration: 80 Try: 0 Length: 2 and 56 Growth: False and False
Iteration: 80 Try: 0 Length: 1 and 57 Growth: False and False
Iteration: 81 Try: 1 Length: 29 and 29 Growth: False and False
Iteration: 81 Try: 1 Length: 23 and 35 Growth: False and False
Iteration: 81 Try: 1 Length: 11 and 47 Growth: False and True
Iteration: 82 Try: 0 Length: 24 and 23 Growth: False and False
Iteration: 82 Try: 0 Length: 18 and 29 Growth: False and False
Iteration: 82 Try: 0 Length: 9 and 38 Growth: False and False
Iteration: 82 Try: 0 Length: 4 and 43 Growth: False and False
Iteration: 82 Try: 0 Length: 2 and 45 Growth: False and False
Iteration: 82 Try: 0 Length: 1 and 46 Growth: False and False
Iteration: 83 Try: 1 Length: 24 and 23 Growth: False and False
Iteration: 83 Try: 1 Length: 18 and 29 Growth: False and False
Iteration: 83 Try: 1 Length: 9 and 38 Growth: False and False
Iteration: 83 Try: 1 Length: 4 and 43 Growth: False and True
Iteration: 84 Try: 0 Length: 22 and 21 Growth: False and False
Iteration: 84 Try: 0 Length: 17 and 26 Growth: False and False
Iteration: 84 Try: 0 Length: 8 and 35 Growth: False and False
Iteration: 84 Try: 0 Length: 4 and 39 Growth: False and False
Iteration: 84 Try: 0 Length: 2 and 41 Growth: False and False
Iteration: 84 Try: 0 Length: 1 and 42 Growth: False and True
Iteration: 85 Try: 0 Length: 21 and 21 Growth: False and False
Iteration: 85 Try: 0 Length: 16 and 26 Growth: False and False
Iteration: 85 Try: 0 Length: 8 and 34 Growth: False and False
Iteration: 85 Try: 0 Length: 4 and 38 Growth: False and False
Iteration: 85 Try: 0 Length: 2 and 40 Growth: False and False
Iteration: 85 Try: 0 Length: 1 and 41 Growth: False and False
Iteration: 86 Try: 1 Length: 21 and 21 Growth: False and False
Iteration: 86 Try: 1 Length: 16 and 26 Growth: False and False
Iteration: 86 Try: 1 Length: 8 and 34 Growth: False and False
Iteration: 86 Try: 1 Length: 4 and 38 Growth: False and False
Iteration: 86 Try: 1 Length: 2 and 40 Growth: False and False
Iteration: 86 Try: 1 Length: 1 and 41 Growth: False and False
Iteration: 87 Try: 2 Length: 21 and 21 Growth: False and False
Iteration: 87 Try: 2 Length: 16 and 26 Growth: False and False
Iteration: 87 Try: 2 Length: 8 and 34 Growth: False and False
Iteration: 87 Try: 2 Length: 4 and 38 Growth: False and False
Iteration: 87 Try: 2 Length: 2 and 40 Growth: False and True
Iteration: 88 Try: 0 Length: 20 and 20 Growth: False and False
Iteration: 88 Try: 0 Length: 16 and 24 Growth: False and False
Iteration: 88 Try: 0 Length: 8 and 32 Growth: False and False
Iteration: 88 Try: 0 Length: 4 and 36 Growth: False and False
Iteration: 88 Try: 0 Length: 2 and 38 Growth: False and False
Iteration: 88 Try: 0 Length: 1 and 39 Growth: False and False
Iteration: 89 Try: 1 Length: 20 and 20 Growth: False and False
Iteration: 89 Try: 1 Length: 16 and 24 Growth: False and False
Iteration: 89 Try: 1 Length: 8 and 32 Growth: False and False
Iteration: 89 Try: 1 Length: 4 and 36 Growth: False and False
Iteration: 89 Try: 1 Length: 2 and 38 Growth: False and False
Iteration: 89 Try: 1 Length: 1 and 39 Growth: False and False
Iteration: 90 Try: 2 Length: 20 and 20 Growth: False and False
Iteration: 90 Try: 2 Length: 16 and 24 Growth: False and False
Iteration: 90 Try: 2 Length: 8 and 32 Growth: False and False
Iteration: 90 Try: 2 Length: 4 and 36 Growth: False and False
Iteration: 90 Try: 2 Length: 2 and 38 Growth: False and False
Iteration: 90 Try: 2 Length: 1 and 39 Growth: False and True
Iteration: 91 Try: 0 Length: 20 and 19 Growth: False and False
Iteration: 91 Try: 0 Length: 15 and 24 Growth: False and False
Iteration: 91 Try: 0 Length: 7 and 32 Growth: False and False
Iteration: 91 Try: 0 Length: 3 and 36 Growth: False and False
Iteration: 91 Try: 0 Length: 1 and 38 Growth: False and False
Iteration: 92 Try: 1 Length: 20 and 19 Growth: False and False
Iteration: 92 Try: 1 Length: 15 and 24 Growth: False and False
Iteration: 92 Try: 1 Length: 7 and 32 Growth: False and False
Iteration: 92 Try: 1 Length: 3 and 36 Growth: False and False
Iteration: 92 Try: 1 Length: 1 and 38 Growth: False and True
Iteration: 93 Try: 0 Length: 19 and 19 Growth: False and False
Iteration: 93 Try: 0 Length: 15 and 23 Growth: False and False
Iteration: 93 Try: 0 Length: 7 and 31 Growth: False and False
Iteration: 93 Try: 0 Length: 3 and 35 Growth: False and False
Iteration: 93 Try: 0 Length: 1 and 37 Growth: False and True
Iteration: 94 Try: 0 Length: 19 and 18 Growth: False and False
Iteration: 94 Try: 0 Length: 14 and 23 Growth: False and False
Iteration: 94 Try: 0 Length: 7 and 30 Growth: False and False
Iteration: 94 Try: 0 Length: 3 and 34 Growth: False and False
Iteration: 94 Try: 0 Length: 1 and 36 Growth: False and False
Iteration: 95 Try: 1 Length: 19 and 18 Growth: False and False
Iteration: 95 Try: 1 Length: 14 and 23 Growth: False and False
Iteration: 95 Try: 1 Length: 7 and 30 Growth: False and False
Iteration: 95 Try: 1 Length: 3 and 34 Growth: False and False
Iteration: 95 Try: 1 Length: 1 and 36 Growth: False and False
Iteration: 96 Try: 2 Length: 19 and 18 Growth: False and False
Iteration: 96 Try: 2 Length: 14 and 23 Growth: False and False
Iteration: 96 Try: 2 Length: 7 and 30 Growth: False and False
Iteration: 96 Try: 2 Length: 3 and 34 Growth: False and False
Iteration: 96 Try: 2 Length: 1 and 36 Growth: False and False
Iteration: 97 Try: 3 Length: 19 and 18 Growth: False and False
Iteration: 97 Try: 3 Length: 14 and 23 Growth: False and False
Iteration: 97 Try: 3 Length: 7 and 30 Growth: False and False
Iteration: 97 Try: 3 Length: 3 and 34 Growth: False and False
Iteration: 97 Try: 3 Length: 1 and 36 Growth: False and True
Iteration: 98 Try: 0 Length: 18 and 18 Growth: False and False
Iteration: 98 Try: 0 Length: 14 and 22 Growth: False and False
Iteration: 98 Try: 0 Length: 7 and 29 Growth: False and False
Iteration: 98 Try: 0 Length: 3 and 33 Growth: False and False
Iteration: 98 Try: 0 Length: 1 and 35 Growth: False and True
Iteration: 99 Try: 0 Length: 18 and 17 Growth: False and False
Iteration: 99 Try: 0 Length: 14 and 21 Growth: False and False
Iteration: 99 Try: 0 Length: 7 and 28 Growth: False and False
Iteration: 99 Try: 0 Length: 3 and 32 Growth: False and False
Iteration: 99 Try: 0 Length: 1 and 34 Growth: False and False
Iteration: 100 Try: 1 Length: 18 and 17 Growth: False and False
Iteration: 100 Try: 1 Length: 14 and 21 Growth: False and False
Iteration: 100 Try: 1 Length: 7 and 28 Growth: False and False
Iteration: 100 Try: 1 Length: 3 and 32 Growth: False and False
Iteration: 100 Try: 1 Length: 1 and 34 Growth: False and True
Iteration: 101 Try: 0 Length: 17 and 17 Growth: False and False
Iteration: 101 Try: 0 Length: 13 and 21 Growth: False and False
Iteration: 101 Try: 0 Length: 6 and 28 Growth: False and False
Iteration: 101 Try: 0 Length: 3 and 31 Growth: False and False
Iteration: 101 Try: 0 Length: 1 and 33 Growth: False and False
Iteration: 102 Try: 1 Length: 17 and 17 Growth: False and False
Iteration: 102 Try: 1 Length: 13 and 21 Growth: False and False
Iteration: 102 Try: 1 Length: 6 and 28 Growth: False and False
Iteration: 102 Try: 1 Length: 3 and 31 Growth: False and True
Iteration: 103 Try: 0 Length: 16 and 15 Growth: False and False
Iteration: 103 Try: 0 Length: 12 and 19 Growth: False and False
Iteration: 103 Try: 0 Length: 6 and 25 Growth: False and False
Iteration: 103 Try: 0 Length: 3 and 28 Growth: False and False
Iteration: 103 Try: 0 Length: 1 and 30 Growth: False and False
Iteration: 104 Try: 1 Length: 16 and 15 Growth: False and False
Iteration: 104 Try: 1 Length: 12 and 19 Growth: False and False
Iteration: 104 Try: 1 Length: 6 and 25 Growth: False and False
Iteration: 104 Try: 1 Length: 3 and 28 Growth: False and False
Iteration: 104 Try: 1 Length: 1 and 30 Growth: False and True
Iteration: 105 Try: 0 Length: 15 and 15 Growth: False and False
Iteration: 105 Try: 0 Length: 12 and 18 Growth: False and False
Iteration: 105 Try: 0 Length: 6 and 24 Growth: False and False
Iteration: 105 Try: 0 Length: 3 and 27 Growth: False and False
Iteration: 105 Try: 0 Length: 1 and 29 Growth: False and True
Iteration: 106 Try: 0 Length: 15 and 14 Growth: False and False
Iteration: 106 Try: 0 Length: 11 and 18 Growth: False and False
Iteration: 106 Try: 0 Length: 5 and 24 Growth: False and False
Iteration: 106 Try: 0 Length: 2 and 27 Growth: False and False
Iteration: 106 Try: 0 Length: 1 and 28 Growth: False and False
Iteration: 107 Try: 1 Length: 15 and 14 Growth: False and False
Iteration: 107 Try: 1 Length: 11 and 18 Growth: False and False
Iteration: 107 Try: 1 Length: 5 and 24 Growth: False and False
Iteration: 107 Try: 1 Length: 2 and 27 Growth: False and False
Iteration: 107 Try: 1 Length: 1 and 28 Growth: False and False
Iteration: 108 Try: 2 Length: 15 and 14 Growth: False and False
Iteration: 108 Try: 2 Length: 11 and 18 Growth: False and False
Iteration: 108 Try: 2 Length: 5 and 24 Growth: False and False
Iteration: 108 Try: 2 Length: 2 and 27 Growth: False and False
Iteration: 108 Try: 2 Length: 1 and 28 Growth: False and False
Iteration: 109 Try: 3 Length: 15 and 14 Growth: False and False
Iteration: 109 Try: 3 Length: 11 and 18 Growth: False and False
Iteration: 109 Try: 3 Length: 5 and 24 Growth: False and False
Iteration: 109 Try: 3 Length: 2 and 27 Growth: False and False
Iteration: 109 Try: 3 Length: 1 and 28 Growth: False and False
Iteration: 110 Try: 4 Length: 15 and 14 Growth: False and False
Iteration: 110 Try: 4 Length: 11 and 18 Growth: False and False
Iteration: 110 Try: 4 Length: 5 and 24 Growth: False and False
Iteration: 110 Try: 4 Length: 2 and 27 Growth: False and False
Iteration: 110 Try: 4 Length: 1 and 28 Growth: False and False
Iteration: 111 Try: 5 Length: 15 and 14 Growth: False and False
Iteration: 111 Try: 5 Length: 11 and 18 Growth: False and False
Iteration: 111 Try: 5 Length: 5 and 24 Growth: False and False
Iteration: 111 Try: 5 Length: 2 and 27 Growth: False and False
Iteration: 111 Try: 5 Length: 1 and 28 Growth: False and True
Iteration: 112 Try: 0 Length: 14 and 14 Growth: False and False
Iteration: 112 Try: 0 Length: 11 and 17 Growth: False and False
Iteration: 112 Try: 0 Length: 5 and 23 Growth: False and False
Iteration: 112 Try: 0 Length: 2 and 26 Growth: False and False
Iteration: 112 Try: 0 Length: 1 and 27 Growth: False and False
Iteration: 113 Try: 1 Length: 14 and 14 Growth: False and False
Iteration: 113 Try: 1 Length: 11 and 17 Growth: False and False
Iteration: 113 Try: 1 Length: 5 and 23 Growth: False and False
Iteration: 113 Try: 1 Length: 2 and 26 Growth: False and False
Iteration: 113 Try: 1 Length: 1 and 27 Growth: False and False
Iteration: 114 Try: 2 Length: 14 and 14 Growth: False and False
Iteration: 114 Try: 2 Length: 11 and 17 Growth: False and False
Iteration: 114 Try: 2 Length: 5 and 23 Growth: False and False
Iteration: 114 Try: 2 Length: 2 and 26 Growth: False and False
Iteration: 114 Try: 2 Length: 1 and 27 Growth: False and False
Iteration: 115 Try: 3 Length: 14 and 14 Growth: False and False
Iteration: 115 Try: 3 Length: 11 and 17 Growth: False and False
Iteration: 115 Try: 3 Length: 5 and 23 Growth: False and False
Iteration: 115 Try: 3 Length: 2 and 26 Growth: False and False
Iteration: 115 Try: 3 Length: 1 and 27 Growth: False and False
Iteration: 116 Try: 4 Length: 14 and 14 Growth: False and False
Iteration: 116 Try: 4 Length: 11 and 17 Growth: False and False
Iteration: 116 Try: 4 Length: 5 and 23 Growth: False and False
Iteration: 116 Try: 4 Length: 2 and 26 Growth: False and False
Iteration: 116 Try: 4 Length: 1 and 27 Growth: False and True
Iteration: 117 Try: 0 Length: 14 and 13 Growth: False and False
Iteration: 117 Try: 0 Length: 10 and 17 Growth: False and False
Iteration: 117 Try: 0 Length: 5 and 22 Growth: False and False
Iteration: 117 Try: 0 Length: 2 and 25 Growth: False and False
Iteration: 117 Try: 0 Length: 1 and 26 Growth: False and False
Iteration: 118 Try: 1 Length: 14 and 13 Growth: False and False
Iteration: 118 Try: 1 Length: 10 and 17 Growth: False and False
Iteration: 118 Try: 1 Length: 5 and 22 Growth: False and False
Iteration: 118 Try: 1 Length: 2 and 25 Growth: False and False
Iteration: 118 Try: 1 Length: 1 and 26 Growth: False and False
Iteration: 119 Try: 2 Length: 14 and 13 Growth: False and False
Iteration: 119 Try: 2 Length: 10 and 17 Growth: False and False
Iteration: 119 Try: 2 Length: 5 and 22 Growth: False and False
Iteration: 119 Try: 2 Length: 2 and 25 Growth: False and False
Iteration: 119 Try: 2 Length: 1 and 26 Growth: False and False
Iteration: 120 Try: 3 Length: 14 and 13 Growth: False and False
Iteration: 120 Try: 3 Length: 10 and 17 Growth: False and False
Iteration: 120 Try: 3 Length: 5 and 22 Growth: False and False
Iteration: 120 Try: 3 Length: 2 and 25 Growth: False and False
Iteration: 120 Try: 3 Length: 1 and 26 Growth: False and True
Iteration: 121 Try: 0 Length: 13 and 13 Growth: False and False
Iteration: 121 Try: 0 Length: 10 and 16 Growth: False and False
Iteration: 121 Try: 0 Length: 5 and 21 Growth: False and False
Iteration: 121 Try: 0 Length: 2 and 24 Growth: False and False
Iteration: 121 Try: 0 Length: 1 and 25 Growth: False and False
Iteration: 122 Try: 1 Length: 13 and 13 Growth: False and False
Iteration: 122 Try: 1 Length: 10 and 16 Growth: False and False
Iteration: 122 Try: 1 Length: 5 and 21 Growth: False and False
Iteration: 122 Try: 1 Length: 2 and 24 Growth: False and False
Iteration: 122 Try: 1 Length: 1 and 25 Growth: False and False
Iteration: 123 Try: 2 Length: 13 and 13 Growth: False and False
Iteration: 123 Try: 2 Length: 10 and 16 Growth: False and False
Iteration: 123 Try: 2 Length: 5 and 21 Growth: False and False
Iteration: 123 Try: 2 Length: 2 and 24 Growth: False and False
Iteration: 123 Try: 2 Length: 1 and 25 Growth: False and False
Iteration: 124 Try: 3 Length: 13 and 13 Growth: False and False
Iteration: 124 Try: 3 Length: 10 and 16 Growth: False and False
Iteration: 124 Try: 3 Length: 5 and 21 Growth: False and False
Iteration: 124 Try: 3 Length: 2 and 24 Growth: False and False
Iteration: 124 Try: 3 Length: 1 and 25 Growth: False and True
Iteration: 125 Try: 0 Length: 13 and 12 Growth: False and False
Iteration: 125 Try: 0 Length: 10 and 15 Growth: False and False
Iteration: 125 Try: 0 Length: 5 and 20 Growth: False and False
Iteration: 125 Try: 0 Length: 2 and 23 Growth: False and False
Iteration: 125 Try: 0 Length: 1 and 24 Growth: False and False
Iteration: 126 Try: 1 Length: 13 and 12 Growth: False and False
Iteration: 126 Try: 1 Length: 10 and 15 Growth: False and False
Iteration: 126 Try: 1 Length: 5 and 20 Growth: False and False
Iteration: 126 Try: 1 Length: 2 and 23 Growth: False and False
Iteration: 126 Try: 1 Length: 1 and 24 Growth: False and False
Iteration: 127 Try: 2 Length: 13 and 12 Growth: False and False
Iteration: 127 Try: 2 Length: 10 and 15 Growth: False and False
Iteration: 127 Try: 2 Length: 5 and 20 Growth: False and False
Iteration: 127 Try: 2 Length: 2 and 23 Growth: False and False
Iteration: 127 Try: 2 Length: 1 and 24 Growth: False and False
Iteration: 128 Try: 3 Length: 13 and 12 Growth: False and False
Iteration: 128 Try: 3 Length: 10 and 15 Growth: False and False
Iteration: 128 Try: 3 Length: 5 and 20 Growth: False and False
Iteration: 128 Try: 3 Length: 2 and 23 Growth: False and False
Iteration: 128 Try: 3 Length: 1 and 24 Growth: False and False
Iteration: 129 Try: 4 Length: 13 and 12 Growth: False and False
Iteration: 129 Try: 4 Length: 10 and 15 Growth: False and False
Iteration: 129 Try: 4 Length: 5 and 20 Growth: False and False
Iteration: 129 Try: 4 Length: 2 and 23 Growth: False and False
Iteration: 129 Try: 4 Length: 1 and 24 Growth: False and False
Iteration: 130 Try: 5 Length: 13 and 12 Growth: False and False
Iteration: 130 Try: 5 Length: 10 and 15 Growth: False and False
Iteration: 130 Try: 5 Length: 5 and 20 Growth: False and False
Iteration: 130 Try: 5 Length: 2 and 23 Growth: False and False
Iteration: 130 Try: 5 Length: 1 and 24 Growth: False and False
There are 25 reactions remaining: set(['rxn03137', 'rxn00346', 'rxn12512', 'rxn00832', 'rxn01270', 'rxn02473', 'rxn00122', 'rxn01256', 'rxn02341', 'rxn03638', 'rxn27927', 'rxn19253', 'rxn00272', 'rxn00547', 'rxn02507', 'rxn00834', 'rxn00293', 'rxn01268', 'rxn28082', 'rxn01637', 'rxn03087', 'rxn00322', 'rxn05327', 'rxn02835', 'rxn02834'])
Testing suggestions from media
Successfully limited the reactions by compound and reduced  from 49 to 20
At the beginning the base list has 1158  and the optional list has 20 reactions
Iteration: 1 Try: 0 Length: 10 and 10 Growth: False and True
Iteration: 2 Try: 0 Length: 5 and 5 Growth: False and False
Iteration: 2 Try: 0 Length: 4 and 6 Growth: True and True
Iteration: 3 Try: 0 Length: 2 and 2 Growth: False and False
Iteration: 3 Try: 0 Length: 1 and 3 Growth: False and False
Iteration: 4 Try: 1 Length: 2 and 2 Growth: False and False
Iteration: 4 Try: 1 Length: 1 and 3 Growth: False and False
Iteration: 5 Try: 2 Length: 2 and 2 Growth: False and False
Iteration: 5 Try: 2 Length: 1 and 3 Growth: False and False
Iteration: 6 Try: 3 Length: 2 and 2 Growth: False and False
Iteration: 6 Try: 3 Length: 1 and 3 Growth: False and False
Iteration: 7 Try: 4 Length: 2 and 2 Growth: False and False
Iteration: 7 Try: 4 Length: 1 and 3 Growth: False and False
Iteration: 8 Try: 5 Length: 2 and 2 Growth: False and False
Iteration: 8 Try: 5 Length: 1 and 3 Growth: False and False
There are 4 reactions remaining: set(['rxn05520', 'rxn08275', 'rxn11077', 'rxn08188'])
Testing suggestions from essential
At the beginning the base list has 1124  and the optional list has 38 reactions
Iteration: 1 Try: 0 Length: 19 and 19 Growth: False and False
Iteration: 1 Try: 0 Length: 15 and 23 Growth: False and False
Iteration: 1 Try: 0 Length: 7 and 31 Growth: False and False
Iteration: 1 Try: 0 Length: 3 and 35 Growth: False and True
Iteration: 2 Try: 0 Length: 18 and 17 Growth: False and False
Iteration: 2 Try: 0 Length: 14 and 21 Growth: False and False
Iteration: 2 Try: 0 Length: 7 and 28 Growth: False and False
Iteration: 2 Try: 0 Length: 3 and 32 Growth: False and False
Iteration: 2 Try: 0 Length: 1 and 34 Growth: False and False
Iteration: 3 Try: 1 Length: 18 and 17 Growth: False and False
Iteration: 3 Try: 1 Length: 14 and 21 Growth: False and False
Iteration: 3 Try: 1 Length: 7 and 28 Growth: False and True
Iteration: 4 Try: 0 Length: 14 and 14 Growth: False and False
Iteration: 4 Try: 0 Length: 11 and 17 Growth: False and False
Iteration: 4 Try: 0 Length: 5 and 23 Growth: False and False
Iteration: 4 Try: 0 Length: 2 and 26 Growth: False and True
Iteration: 5 Try: 0 Length: 13 and 13 Growth: False and False
Iteration: 5 Try: 0 Length: 10 and 16 Growth: False and False
Iteration: 5 Try: 0 Length: 5 and 21 Growth: False and False
Iteration: 5 Try: 0 Length: 2 and 24 Growth: False and False
Iteration: 5 Try: 0 Length: 1 and 25 Growth: False and True
Iteration: 6 Try: 0 Length: 13 and 12 Growth: False and False
Iteration: 6 Try: 0 Length: 10 and 15 Growth: False and False
Iteration: 6 Try: 0 Length: 5 and 20 Growth: False and False
Iteration: 6 Try: 0 Length: 2 and 23 Growth: False and False
Iteration: 6 Try: 0 Length: 1 and 24 Growth: False and False
Iteration: 7 Try: 1 Length: 13 and 12 Growth: False and False
Iteration: 7 Try: 1 Length: 10 and 15 Growth: False and False
Iteration: 7 Try: 1 Length: 5 and 20 Growth: False and False
Iteration: 7 Try: 1 Length: 2 and 23 Growth: False and False
Iteration: 7 Try: 1 Length: 1 and 24 Growth: False and True
Iteration: 8 Try: 0 Length: 12 and 12 Growth: False and False
Iteration: 8 Try: 0 Length: 9 and 15 Growth: False and False
Iteration: 8 Try: 0 Length: 4 and 20 Growth: False and False
Iteration: 8 Try: 0 Length: 2 and 22 Growth: False and False
Iteration: 8 Try: 0 Length: 1 and 23 Growth: False and False
Iteration: 9 Try: 1 Length: 12 and 12 Growth: False and False
Iteration: 9 Try: 1 Length: 9 and 15 Growth: False and False
Iteration: 9 Try: 1 Length: 4 and 20 Growth: False and True
Iteration: 10 Try: 0 Length: 10 and 10 Growth: False and False
Iteration: 10 Try: 0 Length: 8 and 12 Growth: False and False
Iteration: 10 Try: 0 Length: 4 and 16 Growth: False and True
Iteration: 11 Try: 0 Length: 8 and 8 Growth: False and False
Iteration: 11 Try: 0 Length: 6 and 10 Growth: False and False
Iteration: 11 Try: 0 Length: 3 and 13 Growth: False and False
Iteration: 11 Try: 0 Length: 1 and 15 Growth: False and False
Iteration: 12 Try: 1 Length: 8 and 8 Growth: False and False
Iteration: 12 Try: 1 Length: 6 and 10 Growth: False and False
Iteration: 12 Try: 1 Length: 3 and 13 Growth: False and False
Iteration: 12 Try: 1 Length: 1 and 15 Growth: False and True
Iteration: 13 Try: 0 Length: 8 and 7 Growth: False and False
Iteration: 13 Try: 0 Length: 6 and 9 Growth: False and False
Iteration: 13 Try: 0 Length: 3 and 12 Growth: False and False
Iteration: 13 Try: 0 Length: 1 and 14 Growth: False and False
Iteration: 14 Try: 1 Length: 8 and 7 Growth: False and False
Iteration: 14 Try: 1 Length: 6 and 9 Growth: False and False
Iteration: 14 Try: 1 Length: 3 and 12 Growth: False and False
Iteration: 14 Try: 1 Length: 1 and 14 Growth: False and False
Iteration: 15 Try: 2 Length: 8 and 7 Growth: False and False
Iteration: 15 Try: 2 Length: 6 and 9 Growth: False and True
Iteration: 16 Try: 0 Length: 5 and 4 Growth: False and False
Iteration: 16 Try: 0 Length: 3 and 6 Growth: False and False
Iteration: 16 Try: 0 Length: 1 and 8 Growth: False and True
Iteration: 17 Try: 0 Length: 4 and 4 Growth: False and False
Iteration: 17 Try: 0 Length: 3 and 5 Growth: False and False
Iteration: 17 Try: 0 Length: 1 and 7 Growth: False and True
Iteration: 18 Try: 0 Length: 4 and 3 Growth: False and False
Iteration: 18 Try: 0 Length: 2 and 5 Growth: False and False
Iteration: 18 Try: 0 Length: 1 and 6 Growth: False and False
Iteration: 19 Try: 1 Length: 4 and 3 Growth: False and False
Iteration: 19 Try: 1 Length: 2 and 5 Growth: False and False
Iteration: 19 Try: 1 Length: 1 and 6 Growth: False and False
Iteration: 20 Try: 2 Length: 4 and 3 Growth: False and False
Iteration: 20 Try: 2 Length: 2 and 5 Growth: False and False
Iteration: 20 Try: 2 Length: 1 and 6 Growth: False and True
Iteration: 21 Try: 0 Length: 3 and 3 Growth: False and False
Iteration: 21 Try: 0 Length: 2 and 4 Growth: False and False
Iteration: 21 Try: 0 Length: 1 and 5 Growth: False and False
Iteration: 22 Try: 1 Length: 3 and 3 Growth: False and False
Iteration: 22 Try: 1 Length: 2 and 4 Growth: False and False
Iteration: 22 Try: 1 Length: 1 and 5 Growth: False and False
Iteration: 23 Try: 2 Length: 3 and 3 Growth: False and False
Iteration: 23 Try: 2 Length: 2 and 4 Growth: False and False
Iteration: 23 Try: 2 Length: 1 and 5 Growth: False and False
Iteration: 24 Try: 3 Length: 3 and 3 Growth: False and False
Iteration: 24 Try: 3 Length: 2 and 4 Growth: False and False
Iteration: 24 Try: 3 Length: 1 and 5 Growth: False and False
Iteration: 25 Try: 4 Length: 3 and 3 Growth: False and False
Iteration: 25 Try: 4 Length: 2 and 4 Growth: False and False
Iteration: 25 Try: 4 Length: 1 and 5 Growth: False and False
Iteration: 26 Try: 5 Length: 3 and 3 Growth: False and False
Iteration: 26 Try: 5 Length: 2 and 4 Growth: False and False
Iteration: 26 Try: 5 Length: 1 and 5 Growth: False and False
There are 6 reactions remaining: set(['rxn05381', 'rxn01208', 'rxn10473', 'rxn05116', 'rxn05195', 'rxn00392'])
