In parsing the bounds we found 65 media uptake and secretion reactions and 110 other u/s reactions
Length of the media: 65
Number of reactions to run: 1304
Number of compounds in SM: 1276
Number of reactions in SM: 1480
Revised number of total reactions: 34871
Number of total compounds: 45616
SMat dimensions: 1276 x 1480
For the initial run we get growth of 0.0 which is False
After adding 53 ESSENTIAL reactions we get 0.0 (growth is False)

Cd2+ (location: e) is not imported
chromate (location: e) is not imported
Hg2+ (location: e) is not imported
Molybdate (location: e) is not imported
Ni2+ (location: e) is not imported
Cu2+ (location: e) is not imported
L-Cystine (location: e) is not imported
After adding 72 MEDIA reactions we get 3.58519339229e-13 (growth is False)

After adding 351 SUBSYSTEM reactions we get -1.94344084524e-26 (growth is False)

After adding 3621 ORPHAN reactions we get 9.07574386091e-12 (growth is False)

Found 7036 roles to connect to reactions
Suggesting an additional 1495 reactions
After adding 53 reactions in ../263199/citrobacter.roles we get 5.71631184882e-11 (growth is False)

Found 16056 roles to connect to reactions
Suggesting an additional 1558 reactions
After adding 84 reactions in ../263199/closest.genomes.roles we get 1.96706748803e-12 (growth is False)

There are 3499 compounds before assigning probabilities
Average score for reactions we are running:
Left: 0.998934659091
Right: 1.0
Using a cutoff of 0.998934659091
Proposing 3019 reactions
After adding 3019 PROBABILITY reactions we get 1000.0 (growth is True)

Testing suggestions from probability
Successfully limited the reactions by compound and reduced  from 3019 to 2944
At the beginning the base list has 5538  and the optional list has 2944 reactions
Iteration: 1 Try: 0 Length: 1472 and 1472 Growth: True and True
Iteration: 2 Try: 0 Length: 736 and 736 Growth: True and False
Iteration: 3 Try: 0 Length: 368 and 368 Growth: False and False
Iteration: 3 Try: 0 Length: 294 and 442 Growth: False and True
Iteration: 4 Try: 0 Length: 221 and 221 Growth: False and False
Iteration: 4 Try: 0 Length: 176 and 266 Growth: False and False
Iteration: 4 Try: 0 Length: 88 and 354 Growth: False and True
Iteration: 5 Try: 0 Length: 177 and 177 Growth: False and False
Iteration: 5 Try: 0 Length: 141 and 213 Growth: False and False
Iteration: 5 Try: 0 Length: 70 and 284 Growth: False and True
Iteration: 6 Try: 0 Length: 142 and 142 Growth: False and False
Iteration: 6 Try: 0 Length: 113 and 171 Growth: False and False
Iteration: 6 Try: 0 Length: 56 and 228 Growth: False and False
Iteration: 6 Try: 0 Length: 28 and 256 Growth: False and False
Iteration: 6 Try: 0 Length: 14 and 270 Growth: False and False
Iteration: 6 Try: 0 Length: 7 and 277 Growth: False and False
Iteration: 6 Try: 0 Length: 3 and 281 Growth: False and True
Iteration: 7 Try: 0 Length: 141 and 140 Growth: False and False
Iteration: 7 Try: 0 Length: 112 and 169 Growth: False and False
Iteration: 7 Try: 0 Length: 56 and 225 Growth: False and False
Iteration: 7 Try: 0 Length: 28 and 253 Growth: False and False
Iteration: 7 Try: 0 Length: 14 and 267 Growth: False and False
Iteration: 7 Try: 0 Length: 7 and 274 Growth: False and False
Iteration: 7 Try: 0 Length: 3 and 278 Growth: False and False
Iteration: 7 Try: 0 Length: 1 and 280 Growth: False and False
Iteration: 8 Try: 1 Length: 141 and 140 Growth: False and False
Iteration: 8 Try: 1 Length: 112 and 169 Growth: False and True
Iteration: 9 Try: 0 Length: 85 and 84 Growth: False and False
Iteration: 9 Try: 0 Length: 67 and 102 Growth: True and False
Iteration: 10 Try: 0 Length: 34 and 33 Growth: False and False
Iteration: 10 Try: 0 Length: 26 and 41 Growth: False and False
Iteration: 10 Try: 0 Length: 13 and 54 Growth: False and True
Iteration: 11 Try: 0 Length: 27 and 27 Growth: False and False
Iteration: 11 Try: 0 Length: 21 and 33 Growth: False and False
Iteration: 11 Try: 0 Length: 10 and 44 Growth: False and False
Iteration: 11 Try: 0 Length: 5 and 49 Growth: False and True
Iteration: 12 Try: 0 Length: 25 and 24 Growth: False and False
Iteration: 12 Try: 0 Length: 19 and 30 Growth: False and False
Iteration: 12 Try: 0 Length: 9 and 40 Growth: False and False
Iteration: 12 Try: 0 Length: 4 and 45 Growth: False and False
Iteration: 12 Try: 0 Length: 2 and 47 Growth: False and False
Iteration: 12 Try: 0 Length: 1 and 48 Growth: False and True
Iteration: 13 Try: 0 Length: 24 and 24 Growth: False and False
Iteration: 13 Try: 0 Length: 19 and 29 Growth: False and False
Iteration: 13 Try: 0 Length: 9 and 39 Growth: False and False
Iteration: 13 Try: 0 Length: 4 and 44 Growth: False and False
Iteration: 13 Try: 0 Length: 2 and 46 Growth: False and False
Iteration: 13 Try: 0 Length: 1 and 47 Growth: False and False
Iteration: 14 Try: 1 Length: 24 and 24 Growth: True and False
Iteration: 15 Try: 0 Length: 12 and 12 Growth: False and False
Iteration: 15 Try: 0 Length: 9 and 15 Growth: True and False
Iteration: 16 Try: 0 Length: 5 and 4 Growth: False and False
Iteration: 16 Try: 0 Length: 3 and 6 Growth: False and True
Iteration: 17 Try: 0 Length: 3 and 3 Growth: False and False
Iteration: 17 Try: 0 Length: 2 and 4 Growth: False and False
Iteration: 17 Try: 0 Length: 1 and 5 Growth: False and True
Iteration: 18 Try: 0 Length: 3 and 2 Growth: False and False
Iteration: 18 Try: 0 Length: 2 and 3 Growth: False and False
Iteration: 18 Try: 0 Length: 1 and 4 Growth: False and False
Iteration: 19 Try: 1 Length: 3 and 2 Growth: False and False
Iteration: 19 Try: 1 Length: 2 and 3 Growth: True and False
Iteration: 20 Try: 0 Length: 1 and 1 Growth: False and False
Iteration: 21 Try: 1 Length: 1 and 1 Growth: False and False
Iteration: 22 Try: 2 Length: 1 and 1 Growth: False and False
Iteration: 23 Try: 3 Length: 1 and 1 Growth: False and False
Iteration: 24 Try: 4 Length: 1 and 1 Growth: False and False
Iteration: 25 Try: 5 Length: 1 and 1 Growth: False and False
There are 2 reactions remaining: set(['rxn02474', 'rxn05039'])
Testing suggestions from other genera
The set of 'base' reactions results in growth so we don't need to bisect the optional set
Testing suggestions from close genomes 
Successfully limited the reactions by compound and reduced  from 53 to 46
At the beginning the base list has 5403  and the optional list has 46 reactions
Iteration: 1 Try: 0 Length: 23 and 23 Growth: True and True
Iteration: 2 Try: 0 Length: 12 and 11 Growth: False and True
Iteration: 3 Try: 0 Length: 6 and 5 Growth: True and False
Iteration: 4 Try: 0 Length: 3 and 3 Growth: True and False
Iteration: 5 Try: 0 Length: 2 and 1 Growth: False and True
There are 1 reactions remaining: set(['rxn01517'])
Testing suggestions from orphans
Successfully limited the reactions by compound and reduced  from 3621 to 3619
At the beginning the base list has 1783  and the optional list has 3619 reactions
Iteration: 1 Try: 0 Length: 1810 and 1809 Growth: True and True
Iteration: 2 Try: 0 Length: 905 and 905 Growth: True and False
Iteration: 3 Try: 0 Length: 453 and 452 Growth: False and True
Iteration: 4 Try: 0 Length: 226 and 226 Growth: True and False
Iteration: 5 Try: 0 Length: 113 and 113 Growth: True and False
Iteration: 6 Try: 0 Length: 57 and 56 Growth: True and False
Iteration: 7 Try: 0 Length: 29 and 28 Growth: True and False
Iteration: 8 Try: 0 Length: 15 and 14 Growth: True and False
Iteration: 9 Try: 0 Length: 8 and 7 Growth: True and False
Iteration: 10 Try: 0 Length: 4 and 4 Growth: True and False
Iteration: 11 Try: 0 Length: 2 and 2 Growth: True and False
Iteration: 12 Try: 0 Length: 1 and 1 Growth: False and True
There are 1 reactions remaining: set(['rxn30309'])
Testing suggestions from subsystems
Successfully limited the reactions by compound and reduced  from 351 to 325
At the beginning the base list has 1433  and the optional list has 325 reactions
Iteration: 1 Try: 0 Length: 163 and 162 Growth: False and False
Iteration: 1 Try: 0 Length: 130 and 195 Growth: False and False
Iteration: 1 Try: 0 Length: 65 and 260 Growth: False and False
Iteration: 1 Try: 0 Length: 32 and 293 Growth: False and True
Iteration: 2 Try: 0 Length: 147 and 146 Growth: False and False
Iteration: 2 Try: 0 Length: 117 and 176 Growth: False and False
Iteration: 2 Try: 0 Length: 58 and 235 Growth: False and False
Iteration: 2 Try: 0 Length: 29 and 264 Growth: False and False
Iteration: 2 Try: 0 Length: 14 and 279 Growth: False and True
Iteration: 3 Try: 0 Length: 140 and 139 Growth: False and False
Iteration: 3 Try: 0 Length: 111 and 168 Growth: False and False
Iteration: 3 Try: 0 Length: 55 and 224 Growth: False and False
Iteration: 3 Try: 0 Length: 27 and 252 Growth: False and False
Iteration: 3 Try: 0 Length: 13 and 266 Growth: False and False
Iteration: 3 Try: 0 Length: 6 and 273 Growth: False and True
Iteration: 4 Try: 0 Length: 137 and 136 Growth: False and False
Iteration: 4 Try: 0 Length: 109 and 164 Growth: False and False
Iteration: 4 Try: 0 Length: 54 and 219 Growth: False and False
Iteration: 4 Try: 0 Length: 27 and 246 Growth: False and False
Iteration: 4 Try: 0 Length: 13 and 260 Growth: False and False
Iteration: 4 Try: 0 Length: 6 and 267 Growth: False and False
Iteration: 4 Try: 0 Length: 3 and 270 Growth: False and False
Iteration: 4 Try: 0 Length: 1 and 272 Growth: False and False
Iteration: 5 Try: 1 Length: 137 and 136 Growth: False and False
Iteration: 5 Try: 1 Length: 109 and 164 Growth: False and False
Iteration: 5 Try: 1 Length: 54 and 219 Growth: False and False
Iteration: 5 Try: 1 Length: 27 and 246 Growth: False and False
Iteration: 5 Try: 1 Length: 13 and 260 Growth: False and True
Iteration: 6 Try: 0 Length: 130 and 130 Growth: False and False
Iteration: 6 Try: 0 Length: 104 and 156 Growth: False and False
Iteration: 6 Try: 0 Length: 52 and 208 Growth: False and False
Iteration: 6 Try: 0 Length: 26 and 234 Growth: False and False
Iteration: 6 Try: 0 Length: 13 and 247 Growth: False and False
Iteration: 6 Try: 0 Length: 6 and 254 Growth: False and False
Iteration: 6 Try: 0 Length: 3 and 257 Growth: False and True
Iteration: 7 Try: 0 Length: 129 and 128 Growth: False and False
Iteration: 7 Try: 0 Length: 102 and 155 Growth: False and False
Iteration: 7 Try: 0 Length: 51 and 206 Growth: False and False
Iteration: 7 Try: 0 Length: 25 and 232 Growth: False and False
Iteration: 7 Try: 0 Length: 12 and 245 Growth: False and False
Iteration: 7 Try: 0 Length: 6 and 251 Growth: False and False
Iteration: 7 Try: 0 Length: 3 and 254 Growth: False and False
Iteration: 7 Try: 0 Length: 1 and 256 Growth: False and True
Iteration: 8 Try: 0 Length: 128 and 128 Growth: False and False
Iteration: 8 Try: 0 Length: 102 and 154 Growth: False and False
Iteration: 8 Try: 0 Length: 51 and 205 Growth: False and False
Iteration: 8 Try: 0 Length: 25 and 231 Growth: False and False
Iteration: 8 Try: 0 Length: 12 and 244 Growth: False and False
Iteration: 8 Try: 0 Length: 6 and 250 Growth: False and False
Iteration: 8 Try: 0 Length: 3 and 253 Growth: False and False
Iteration: 8 Try: 0 Length: 1 and 255 Growth: False and False
Iteration: 9 Try: 1 Length: 128 and 128 Growth: False and False
Iteration: 9 Try: 1 Length: 102 and 154 Growth: False and False
Iteration: 9 Try: 1 Length: 51 and 205 Growth: False and True
Iteration: 10 Try: 0 Length: 103 and 102 Growth: False and False
Iteration: 10 Try: 0 Length: 82 and 123 Growth: False and False
Iteration: 10 Try: 0 Length: 41 and 164 Growth: False and False
Iteration: 10 Try: 0 Length: 20 and 185 Growth: False and False
Iteration: 10 Try: 0 Length: 10 and 195 Growth: False and False
Iteration: 10 Try: 0 Length: 5 and 200 Growth: False and False
Iteration: 10 Try: 0 Length: 2 and 203 Growth: False and True
Iteration: 11 Try: 0 Length: 102 and 101 Growth: False and False
Iteration: 11 Try: 0 Length: 81 and 122 Growth: False and False
Iteration: 11 Try: 0 Length: 40 and 163 Growth: False and False
Iteration: 11 Try: 0 Length: 20 and 183 Growth: False and False
Iteration: 11 Try: 0 Length: 10 and 193 Growth: False and False
Iteration: 11 Try: 0 Length: 5 and 198 Growth: False and False
Iteration: 11 Try: 0 Length: 2 and 201 Growth: False and True
Iteration: 12 Try: 0 Length: 101 and 100 Growth: False and False
Iteration: 12 Try: 0 Length: 80 and 121 Growth: False and False
Iteration: 12 Try: 0 Length: 40 and 161 Growth: False and False
Iteration: 12 Try: 0 Length: 20 and 181 Growth: False and False
Iteration: 12 Try: 0 Length: 10 and 191 Growth: False and False
Iteration: 12 Try: 0 Length: 5 and 196 Growth: False and False
Iteration: 12 Try: 0 Length: 2 and 199 Growth: False and False
Iteration: 12 Try: 0 Length: 1 and 200 Growth: False and False
Iteration: 13 Try: 1 Length: 101 and 100 Growth: False and False
Iteration: 13 Try: 1 Length: 80 and 121 Growth: False and False
Iteration: 13 Try: 1 Length: 40 and 161 Growth: False and False
Iteration: 13 Try: 1 Length: 20 and 181 Growth: False and True
Iteration: 14 Try: 0 Length: 91 and 90 Growth: False and False
Iteration: 14 Try: 0 Length: 72 and 109 Growth: False and False
Iteration: 14 Try: 0 Length: 36 and 145 Growth: False and False
Iteration: 14 Try: 0 Length: 18 and 163 Growth: False and False
Iteration: 14 Try: 0 Length: 9 and 172 Growth: False and True
Iteration: 15 Try: 0 Length: 86 and 86 Growth: False and False
Iteration: 15 Try: 0 Length: 68 and 104 Growth: False and False
Iteration: 15 Try: 0 Length: 34 and 138 Growth: False and False
Iteration: 15 Try: 0 Length: 17 and 155 Growth: False and False
Iteration: 15 Try: 0 Length: 8 and 164 Growth: False and False
Iteration: 15 Try: 0 Length: 4 and 168 Growth: False and True
Iteration: 16 Try: 0 Length: 84 and 84 Growth: False and False
Iteration: 16 Try: 0 Length: 67 and 101 Growth: False and False
Iteration: 16 Try: 0 Length: 33 and 135 Growth: False and False
Iteration: 16 Try: 0 Length: 16 and 152 Growth: False and False
Iteration: 16 Try: 0 Length: 8 and 160 Growth: False and False
Iteration: 16 Try: 0 Length: 4 and 164 Growth: False and False
Iteration: 16 Try: 0 Length: 2 and 166 Growth: False and False
Iteration: 16 Try: 0 Length: 1 and 167 Growth: False and True
Iteration: 17 Try: 0 Length: 84 and 83 Growth: False and False
Iteration: 17 Try: 0 Length: 66 and 101 Growth: False and False
Iteration: 17 Try: 0 Length: 33 and 134 Growth: False and False
Iteration: 17 Try: 0 Length: 16 and 151 Growth: False and False
Iteration: 17 Try: 0 Length: 8 and 159 Growth: False and False
Iteration: 17 Try: 0 Length: 4 and 163 Growth: False and False
Iteration: 17 Try: 0 Length: 2 and 165 Growth: False and False
Iteration: 17 Try: 0 Length: 1 and 166 Growth: False and False
Iteration: 18 Try: 1 Length: 84 and 83 Growth: False and False
Iteration: 18 Try: 1 Length: 66 and 101 Growth: False and False
Iteration: 18 Try: 1 Length: 33 and 134 Growth: False and True
Iteration: 19 Try: 0 Length: 67 and 67 Growth: False and False
Iteration: 19 Try: 0 Length: 53 and 81 Growth: False and False
Iteration: 19 Try: 0 Length: 26 and 108 Growth: False and False
Iteration: 19 Try: 0 Length: 13 and 121 Growth: False and False
Iteration: 19 Try: 0 Length: 6 and 128 Growth: False and True
Iteration: 20 Try: 0 Length: 64 and 64 Growth: False and False
Iteration: 20 Try: 0 Length: 51 and 77 Growth: False and False
Iteration: 20 Try: 0 Length: 25 and 103 Growth: False and False
Iteration: 20 Try: 0 Length: 12 and 116 Growth: False and False
Iteration: 20 Try: 0 Length: 6 and 122 Growth: False and False
Iteration: 20 Try: 0 Length: 3 and 125 Growth: False and True
Iteration: 21 Try: 0 Length: 63 and 62 Growth: False and False
Iteration: 21 Try: 0 Length: 50 and 75 Growth: False and False
Iteration: 21 Try: 0 Length: 25 and 100 Growth: False and False
Iteration: 21 Try: 0 Length: 12 and 113 Growth: False and False
Iteration: 21 Try: 0 Length: 6 and 119 Growth: False and False
Iteration: 21 Try: 0 Length: 3 and 122 Growth: False and False
Iteration: 21 Try: 0 Length: 1 and 124 Growth: False and True
Iteration: 22 Try: 0 Length: 62 and 62 Growth: False and False
Iteration: 22 Try: 0 Length: 49 and 75 Growth: False and False
Iteration: 22 Try: 0 Length: 24 and 100 Growth: False and False
Iteration: 22 Try: 0 Length: 12 and 112 Growth: False and False
Iteration: 22 Try: 0 Length: 6 and 118 Growth: False and False
Iteration: 22 Try: 0 Length: 3 and 121 Growth: False and False
Iteration: 22 Try: 0 Length: 1 and 123 Growth: False and True
Iteration: 23 Try: 0 Length: 62 and 61 Growth: False and False
Iteration: 23 Try: 0 Length: 49 and 74 Growth: False and False
Iteration: 23 Try: 0 Length: 24 and 99 Growth: False and False
Iteration: 23 Try: 0 Length: 12 and 111 Growth: False and False
Iteration: 23 Try: 0 Length: 6 and 117 Growth: False and False
Iteration: 23 Try: 0 Length: 3 and 120 Growth: False and False
Iteration: 23 Try: 0 Length: 1 and 122 Growth: False and False
Iteration: 24 Try: 1 Length: 62 and 61 Growth: False and False
Iteration: 24 Try: 1 Length: 49 and 74 Growth: False and False
Iteration: 24 Try: 1 Length: 24 and 99 Growth: False and False
Iteration: 24 Try: 1 Length: 12 and 111 Growth: False and False
Iteration: 24 Try: 1 Length: 6 and 117 Growth: False and False
Iteration: 24 Try: 1 Length: 3 and 120 Growth: False and False
Iteration: 24 Try: 1 Length: 1 and 122 Growth: False and False
Iteration: 25 Try: 2 Length: 62 and 61 Growth: False and False
Iteration: 25 Try: 2 Length: 49 and 74 Growth: False and False
Iteration: 25 Try: 2 Length: 24 and 99 Growth: False and False
Iteration: 25 Try: 2 Length: 12 and 111 Growth: False and True
Iteration: 26 Try: 0 Length: 56 and 55 Growth: False and False
Iteration: 26 Try: 0 Length: 44 and 67 Growth: False and False
Iteration: 26 Try: 0 Length: 22 and 89 Growth: False and False
Iteration: 26 Try: 0 Length: 11 and 100 Growth: False and False
Iteration: 26 Try: 0 Length: 5 and 106 Growth: False and True
Iteration: 27 Try: 0 Length: 53 and 53 Growth: False and False
Iteration: 27 Try: 0 Length: 42 and 64 Growth: False and False
Iteration: 27 Try: 0 Length: 21 and 85 Growth: False and False
Iteration: 27 Try: 0 Length: 10 and 96 Growth: False and False
Iteration: 27 Try: 0 Length: 5 and 101 Growth: False and False
Iteration: 27 Try: 0 Length: 2 and 104 Growth: False and True
Iteration: 28 Try: 0 Length: 52 and 52 Growth: False and False
Iteration: 28 Try: 0 Length: 41 and 63 Growth: False and False
Iteration: 28 Try: 0 Length: 20 and 84 Growth: False and False
Iteration: 28 Try: 0 Length: 10 and 94 Growth: False and False
Iteration: 28 Try: 0 Length: 5 and 99 Growth: False and False
Iteration: 28 Try: 0 Length: 2 and 102 Growth: False and False
Iteration: 28 Try: 0 Length: 1 and 103 Growth: False and True
Iteration: 29 Try: 0 Length: 52 and 51 Growth: False and False
Iteration: 29 Try: 0 Length: 41 and 62 Growth: False and False
Iteration: 29 Try: 0 Length: 20 and 83 Growth: False and False
Iteration: 29 Try: 0 Length: 10 and 93 Growth: False and False
Iteration: 29 Try: 0 Length: 5 and 98 Growth: False and False
Iteration: 29 Try: 0 Length: 2 and 101 Growth: False and False
Iteration: 29 Try: 0 Length: 1 and 102 Growth: False and False
Iteration: 30 Try: 1 Length: 52 and 51 Growth: False and False
Iteration: 30 Try: 1 Length: 41 and 62 Growth: False and False
Iteration: 30 Try: 1 Length: 20 and 83 Growth: False and False
Iteration: 30 Try: 1 Length: 10 and 93 Growth: False and True
Iteration: 31 Try: 0 Length: 47 and 46 Growth: False and False
Iteration: 31 Try: 0 Length: 37 and 56 Growth: False and False
Iteration: 31 Try: 0 Length: 18 and 75 Growth: False and False
Iteration: 31 Try: 0 Length: 9 and 84 Growth: False and False
Iteration: 31 Try: 0 Length: 4 and 89 Growth: False and True
Iteration: 32 Try: 0 Length: 45 and 44 Growth: False and False
Iteration: 32 Try: 0 Length: 35 and 54 Growth: False and False
Iteration: 32 Try: 0 Length: 17 and 72 Growth: False and False
Iteration: 32 Try: 0 Length: 8 and 81 Growth: False and False
Iteration: 32 Try: 0 Length: 4 and 85 Growth: False and False
Iteration: 32 Try: 0 Length: 2 and 87 Growth: False and False
Iteration: 32 Try: 0 Length: 1 and 88 Growth: False and False
Iteration: 33 Try: 1 Length: 45 and 44 Growth: False and True
Iteration: 34 Try: 0 Length: 22 and 22 Growth: False and False
Iteration: 34 Try: 0 Length: 17 and 27 Growth: False and False
Iteration: 34 Try: 0 Length: 8 and 36 Growth: False and False
Iteration: 34 Try: 0 Length: 4 and 40 Growth: False and False
Iteration: 34 Try: 0 Length: 2 and 42 Growth: False and True
Iteration: 35 Try: 0 Length: 21 and 21 Growth: False and False
Iteration: 35 Try: 0 Length: 16 and 26 Growth: False and False
Iteration: 35 Try: 0 Length: 8 and 34 Growth: False and False
Iteration: 35 Try: 0 Length: 4 and 38 Growth: False and False
Iteration: 35 Try: 0 Length: 2 and 40 Growth: False and False
Iteration: 35 Try: 0 Length: 1 and 41 Growth: False and False
Iteration: 36 Try: 1 Length: 21 and 21 Growth: False and False
Iteration: 36 Try: 1 Length: 16 and 26 Growth: False and False
Iteration: 36 Try: 1 Length: 8 and 34 Growth: False and False
Iteration: 36 Try: 1 Length: 4 and 38 Growth: False and False
Iteration: 36 Try: 1 Length: 2 and 40 Growth: False and True
Iteration: 37 Try: 0 Length: 20 and 20 Growth: False and False
Iteration: 37 Try: 0 Length: 16 and 24 Growth: False and False
Iteration: 37 Try: 0 Length: 8 and 32 Growth: False and False
Iteration: 37 Try: 0 Length: 4 and 36 Growth: False and False
Iteration: 37 Try: 0 Length: 2 and 38 Growth: False and False
Iteration: 37 Try: 0 Length: 1 and 39 Growth: False and True
Iteration: 38 Try: 0 Length: 20 and 19 Growth: False and False
Iteration: 38 Try: 0 Length: 15 and 24 Growth: False and False
Iteration: 38 Try: 0 Length: 7 and 32 Growth: False and False
Iteration: 38 Try: 0 Length: 3 and 36 Growth: False and False
Iteration: 38 Try: 0 Length: 1 and 38 Growth: False and False
Iteration: 39 Try: 1 Length: 20 and 19 Growth: False and False
Iteration: 39 Try: 1 Length: 15 and 24 Growth: False and False
Iteration: 39 Try: 1 Length: 7 and 32 Growth: False and False
Iteration: 39 Try: 1 Length: 3 and 36 Growth: False and False
Iteration: 39 Try: 1 Length: 1 and 38 Growth: False and True
Iteration: 40 Try: 0 Length: 19 and 19 Growth: False and False
Iteration: 40 Try: 0 Length: 15 and 23 Growth: False and False
Iteration: 40 Try: 0 Length: 7 and 31 Growth: False and False
Iteration: 40 Try: 0 Length: 3 and 35 Growth: False and False
Iteration: 40 Try: 0 Length: 1 and 37 Growth: False and True
Iteration: 41 Try: 0 Length: 19 and 18 Growth: False and False
Iteration: 41 Try: 0 Length: 14 and 23 Growth: False and False
Iteration: 41 Try: 0 Length: 7 and 30 Growth: False and False
Iteration: 41 Try: 0 Length: 3 and 34 Growth: False and False
Iteration: 41 Try: 0 Length: 1 and 36 Growth: False and False
Iteration: 42 Try: 1 Length: 19 and 18 Growth: False and False
Iteration: 42 Try: 1 Length: 14 and 23 Growth: False and False
Iteration: 42 Try: 1 Length: 7 and 30 Growth: False and False
Iteration: 42 Try: 1 Length: 3 and 34 Growth: False and True
Iteration: 43 Try: 0 Length: 17 and 17 Growth: False and False
Iteration: 43 Try: 0 Length: 13 and 21 Growth: False and False
Iteration: 43 Try: 0 Length: 6 and 28 Growth: False and False
Iteration: 43 Try: 0 Length: 3 and 31 Growth: False and False
Iteration: 43 Try: 0 Length: 1 and 33 Growth: False and True
Iteration: 44 Try: 0 Length: 17 and 16 Growth: False and False
Iteration: 44 Try: 0 Length: 13 and 20 Growth: False and False
Iteration: 44 Try: 0 Length: 6 and 27 Growth: False and False
Iteration: 44 Try: 0 Length: 3 and 30 Growth: False and False
Iteration: 44 Try: 0 Length: 1 and 32 Growth: False and True
Iteration: 45 Try: 0 Length: 16 and 16 Growth: False and False
Iteration: 45 Try: 0 Length: 12 and 20 Growth: False and False
Iteration: 45 Try: 0 Length: 6 and 26 Growth: False and False
Iteration: 45 Try: 0 Length: 3 and 29 Growth: False and False
Iteration: 45 Try: 0 Length: 1 and 31 Growth: False and False
Iteration: 46 Try: 1 Length: 16 and 16 Growth: False and False
Iteration: 46 Try: 1 Length: 12 and 20 Growth: False and False
Iteration: 46 Try: 1 Length: 6 and 26 Growth: False and False
Iteration: 46 Try: 1 Length: 3 and 29 Growth: False and False
Iteration: 46 Try: 1 Length: 1 and 31 Growth: False and False
Iteration: 47 Try: 2 Length: 16 and 16 Growth: False and False
Iteration: 47 Try: 2 Length: 12 and 20 Growth: False and False
Iteration: 47 Try: 2 Length: 6 and 26 Growth: False and False
Iteration: 47 Try: 2 Length: 3 and 29 Growth: False and False
Iteration: 47 Try: 2 Length: 1 and 31 Growth: False and False
Iteration: 48 Try: 3 Length: 16 and 16 Growth: False and False
Iteration: 48 Try: 3 Length: 12 and 20 Growth: False and False
Iteration: 48 Try: 3 Length: 6 and 26 Growth: False and False
Iteration: 48 Try: 3 Length: 3 and 29 Growth: False and False
Iteration: 48 Try: 3 Length: 1 and 31 Growth: False and True
Iteration: 49 Try: 0 Length: 16 and 15 Growth: False and False
Iteration: 49 Try: 0 Length: 12 and 19 Growth: False and False
Iteration: 49 Try: 0 Length: 6 and 25 Growth: False and False
Iteration: 49 Try: 0 Length: 3 and 28 Growth: False and False
Iteration: 49 Try: 0 Length: 1 and 30 Growth: False and False
Iteration: 50 Try: 1 Length: 16 and 15 Growth: False and False
Iteration: 50 Try: 1 Length: 12 and 19 Growth: False and False
Iteration: 50 Try: 1 Length: 6 and 25 Growth: False and True
Iteration: 51 Try: 0 Length: 13 and 12 Growth: False and False
Iteration: 51 Try: 0 Length: 10 and 15 Growth: False and False
Iteration: 51 Try: 0 Length: 5 and 20 Growth: False and False
Iteration: 51 Try: 0 Length: 2 and 23 Growth: False and False
Iteration: 51 Try: 0 Length: 1 and 24 Growth: False and True
Iteration: 52 Try: 0 Length: 12 and 12 Growth: False and False
Iteration: 52 Try: 0 Length: 9 and 15 Growth: False and False
Iteration: 52 Try: 0 Length: 4 and 20 Growth: False and False
Iteration: 52 Try: 0 Length: 2 and 22 Growth: False and False
Iteration: 52 Try: 0 Length: 1 and 23 Growth: False and False
Iteration: 53 Try: 1 Length: 12 and 12 Growth: False and False
Iteration: 53 Try: 1 Length: 9 and 15 Growth: False and False
Iteration: 53 Try: 1 Length: 4 and 20 Growth: False and False
Iteration: 53 Try: 1 Length: 2 and 22 Growth: False and True
Iteration: 54 Try: 0 Length: 11 and 11 Growth: False and False
Iteration: 54 Try: 0 Length: 8 and 14 Growth: False and False
Iteration: 54 Try: 0 Length: 4 and 18 Growth: False and False
Iteration: 54 Try: 0 Length: 2 and 20 Growth: False and False
Iteration: 54 Try: 0 Length: 1 and 21 Growth: False and False
Iteration: 55 Try: 1 Length: 11 and 11 Growth: False and False
Iteration: 55 Try: 1 Length: 8 and 14 Growth: False and False
Iteration: 55 Try: 1 Length: 4 and 18 Growth: False and False
Iteration: 55 Try: 1 Length: 2 and 20 Growth: False and False
Iteration: 55 Try: 1 Length: 1 and 21 Growth: False and True
Iteration: 56 Try: 0 Length: 11 and 10 Growth: False and False
Iteration: 56 Try: 0 Length: 8 and 13 Growth: False and False
Iteration: 56 Try: 0 Length: 4 and 17 Growth: False and False
Iteration: 56 Try: 0 Length: 2 and 19 Growth: False and False
Iteration: 56 Try: 0 Length: 1 and 20 Growth: False and False
Iteration: 57 Try: 1 Length: 11 and 10 Growth: False and False
Iteration: 57 Try: 1 Length: 8 and 13 Growth: False and False
Iteration: 57 Try: 1 Length: 4 and 17 Growth: False and False
Iteration: 57 Try: 1 Length: 2 and 19 Growth: False and True
Iteration: 58 Try: 0 Length: 10 and 9 Growth: False and False
Iteration: 58 Try: 0 Length: 7 and 12 Growth: False and False
Iteration: 58 Try: 0 Length: 3 and 16 Growth: False and False
Iteration: 58 Try: 0 Length: 1 and 18 Growth: False and True
Iteration: 59 Try: 0 Length: 9 and 9 Growth: False and False
Iteration: 59 Try: 0 Length: 7 and 11 Growth: False and False
Iteration: 59 Try: 0 Length: 3 and 15 Growth: False and False
Iteration: 59 Try: 0 Length: 1 and 17 Growth: False and False
Iteration: 60 Try: 1 Length: 9 and 9 Growth: False and False
Iteration: 60 Try: 1 Length: 7 and 11 Growth: False and False
Iteration: 60 Try: 1 Length: 3 and 15 Growth: False and False
Iteration: 60 Try: 1 Length: 1 and 17 Growth: False and False
Iteration: 61 Try: 2 Length: 9 and 9 Growth: False and False
Iteration: 61 Try: 2 Length: 7 and 11 Growth: False and False
Iteration: 61 Try: 2 Length: 3 and 15 Growth: False and False
Iteration: 61 Try: 2 Length: 1 and 17 Growth: False and True
Iteration: 62 Try: 0 Length: 9 and 8 Growth: False and False
Iteration: 62 Try: 0 Length: 6 and 11 Growth: False and False
Iteration: 62 Try: 0 Length: 3 and 14 Growth: False and False
Iteration: 62 Try: 0 Length: 1 and 16 Growth: False and False
Iteration: 63 Try: 1 Length: 9 and 8 Growth: False and False
Iteration: 63 Try: 1 Length: 6 and 11 Growth: False and False
Iteration: 63 Try: 1 Length: 3 and 14 Growth: False and True
Iteration: 64 Try: 0 Length: 7 and 7 Growth: False and False
Iteration: 64 Try: 0 Length: 5 and 9 Growth: False and False
Iteration: 64 Try: 0 Length: 2 and 12 Growth: False and False
Iteration: 64 Try: 0 Length: 1 and 13 Growth: False and False
Iteration: 65 Try: 1 Length: 7 and 7 Growth: False and False
Iteration: 65 Try: 1 Length: 5 and 9 Growth: False and False
Iteration: 65 Try: 1 Length: 2 and 12 Growth: False and False
Iteration: 65 Try: 1 Length: 1 and 13 Growth: False and False
Iteration: 66 Try: 2 Length: 7 and 7 Growth: False and False
Iteration: 66 Try: 2 Length: 5 and 9 Growth: False and False
Iteration: 66 Try: 2 Length: 2 and 12 Growth: False and False
Iteration: 66 Try: 2 Length: 1 and 13 Growth: False and False
Iteration: 67 Try: 3 Length: 7 and 7 Growth: False and False
Iteration: 67 Try: 3 Length: 5 and 9 Growth: False and False
Iteration: 67 Try: 3 Length: 2 and 12 Growth: False and True
Iteration: 68 Try: 0 Length: 6 and 6 Growth: False and False
Iteration: 68 Try: 0 Length: 4 and 8 Growth: False and False
Iteration: 68 Try: 0 Length: 2 and 10 Growth: False and False
Iteration: 68 Try: 0 Length: 1 and 11 Growth: False and True
Iteration: 69 Try: 0 Length: 6 and 5 Growth: False and False
Iteration: 69 Try: 0 Length: 4 and 7 Growth: False and False
Iteration: 69 Try: 0 Length: 2 and 9 Growth: False and False
Iteration: 69 Try: 0 Length: 1 and 10 Growth: False and False
Iteration: 70 Try: 1 Length: 6 and 5 Growth: False and False
Iteration: 70 Try: 1 Length: 4 and 7 Growth: False and False
Iteration: 70 Try: 1 Length: 2 and 9 Growth: False and False
Iteration: 70 Try: 1 Length: 1 and 10 Growth: False and False
Iteration: 71 Try: 2 Length: 6 and 5 Growth: False and False
Iteration: 71 Try: 2 Length: 4 and 7 Growth: False and False
Iteration: 71 Try: 2 Length: 2 and 9 Growth: False and True
Iteration: 72 Try: 0 Length: 5 and 4 Growth: False and False
Iteration: 72 Try: 0 Length: 3 and 6 Growth: False and False
Iteration: 72 Try: 0 Length: 1 and 8 Growth: False and False
Iteration: 73 Try: 1 Length: 5 and 4 Growth: False and False
Iteration: 73 Try: 1 Length: 3 and 6 Growth: False and False
Iteration: 73 Try: 1 Length: 1 and 8 Growth: False and False
Iteration: 74 Try: 2 Length: 5 and 4 Growth: False and False
Iteration: 74 Try: 2 Length: 3 and 6 Growth: False and False
Iteration: 74 Try: 2 Length: 1 and 8 Growth: False and False
Iteration: 75 Try: 3 Length: 5 and 4 Growth: False and False
Iteration: 75 Try: 3 Length: 3 and 6 Growth: False and False
Iteration: 75 Try: 3 Length: 1 and 8 Growth: False and False
Iteration: 76 Try: 4 Length: 5 and 4 Growth: False and False
Iteration: 76 Try: 4 Length: 3 and 6 Growth: False and False
Iteration: 76 Try: 4 Length: 1 and 8 Growth: False and True
Iteration: 77 Try: 0 Length: 4 and 4 Growth: False and False
Iteration: 77 Try: 0 Length: 3 and 5 Growth: False and False
Iteration: 77 Try: 0 Length: 1 and 7 Growth: False and False
Iteration: 78 Try: 1 Length: 4 and 4 Growth: False and False
Iteration: 78 Try: 1 Length: 3 and 5 Growth: False and False
Iteration: 78 Try: 1 Length: 1 and 7 Growth: False and False
Iteration: 79 Try: 2 Length: 4 and 4 Growth: False and False
Iteration: 79 Try: 2 Length: 3 and 5 Growth: False and False
Iteration: 79 Try: 2 Length: 1 and 7 Growth: False and False
Iteration: 80 Try: 3 Length: 4 and 4 Growth: False and False
Iteration: 80 Try: 3 Length: 3 and 5 Growth: False and False
Iteration: 80 Try: 3 Length: 1 and 7 Growth: False and True
Iteration: 81 Try: 0 Length: 4 and 3 Growth: False and False
Iteration: 81 Try: 0 Length: 2 and 5 Growth: False and False
Iteration: 81 Try: 0 Length: 1 and 6 Growth: False and False
Iteration: 82 Try: 1 Length: 4 and 3 Growth: False and False
Iteration: 82 Try: 1 Length: 2 and 5 Growth: False and False
Iteration: 82 Try: 1 Length: 1 and 6 Growth: False and False
Iteration: 83 Try: 2 Length: 4 and 3 Growth: False and False
Iteration: 83 Try: 2 Length: 2 and 5 Growth: False and False
Iteration: 83 Try: 2 Length: 1 and 6 Growth: False and False
Iteration: 84 Try: 3 Length: 4 and 3 Growth: False and False
Iteration: 84 Try: 3 Length: 2 and 5 Growth: False and False
Iteration: 84 Try: 3 Length: 1 and 6 Growth: False and False
Iteration: 85 Try: 4 Length: 4 and 3 Growth: False and False
Iteration: 85 Try: 4 Length: 2 and 5 Growth: False and False
Iteration: 85 Try: 4 Length: 1 and 6 Growth: False and False
Iteration: 86 Try: 5 Length: 4 and 3 Growth: False and False
Iteration: 86 Try: 5 Length: 2 and 5 Growth: False and False
Iteration: 86 Try: 5 Length: 1 and 6 Growth: False and False
There are 7 reactions remaining: set(['rxn09177', 'rxn01513', 'rxn00293', 'rxn00122', 'rxn03087', 'rxn02341', 'rxn03638'])
Testing suggestions from media
At the beginning the base list has 1368  and the optional list has 72 reactions
Iteration: 1 Try: 0 Length: 36 and 36 Growth: False and False
Iteration: 1 Try: 0 Length: 28 and 44 Growth: False and True
Iteration: 2 Try: 0 Length: 22 and 22 Growth: False and False
Iteration: 2 Try: 0 Length: 17 and 27 Growth: False and True
Iteration: 3 Try: 0 Length: 14 and 13 Growth: False and False
Iteration: 3 Try: 0 Length: 10 and 17 Growth: False and False
Iteration: 3 Try: 0 Length: 5 and 22 Growth: False and True
Iteration: 4 Try: 0 Length: 11 and 11 Growth: False and False
Iteration: 4 Try: 0 Length: 8 and 14 Growth: True and False
Iteration: 5 Try: 0 Length: 4 and 4 Growth: False and False
Iteration: 5 Try: 0 Length: 3 and 5 Growth: False and False
Iteration: 5 Try: 0 Length: 1 and 7 Growth: False and True
Iteration: 6 Try: 0 Length: 4 and 3 Growth: False and False
Iteration: 6 Try: 0 Length: 2 and 5 Growth: False and False
Iteration: 6 Try: 0 Length: 1 and 6 Growth: False and True
Iteration: 7 Try: 0 Length: 3 and 3 Growth: False and False
Iteration: 7 Try: 0 Length: 2 and 4 Growth: False and False
Iteration: 7 Try: 0 Length: 1 and 5 Growth: False and False
Iteration: 8 Try: 1 Length: 3 and 3 Growth: False and False
Iteration: 8 Try: 1 Length: 2 and 4 Growth: False and False
Iteration: 8 Try: 1 Length: 1 and 5 Growth: False and False
Iteration: 9 Try: 2 Length: 3 and 3 Growth: False and False
Iteration: 9 Try: 2 Length: 2 and 4 Growth: False and True
Iteration: 10 Try: 0 Length: 2 and 2 Growth: False and False
Iteration: 10 Try: 0 Length: 1 and 3 Growth: False and False
Iteration: 11 Try: 1 Length: 2 and 2 Growth: False and False
Iteration: 11 Try: 1 Length: 1 and 3 Growth: False and True
Iteration: 12 Try: 0 Length: 2 and 1 Growth: False and False
Iteration: 12 Try: 0 Length: 1 and 2 Growth: False and False
Iteration: 13 Try: 1 Length: 2 and 1 Growth: False and False
Iteration: 13 Try: 1 Length: 1 and 2 Growth: False and False
Iteration: 14 Try: 2 Length: 2 and 1 Growth: False and False
Iteration: 14 Try: 2 Length: 1 and 2 Growth: False and False
Iteration: 15 Try: 3 Length: 2 and 1 Growth: False and False
Iteration: 15 Try: 3 Length: 1 and 2 Growth: False and False
Iteration: 16 Try: 4 Length: 2 and 1 Growth: False and False
Iteration: 16 Try: 4 Length: 1 and 2 Growth: False and False
Iteration: 17 Try: 5 Length: 2 and 1 Growth: False and False
Iteration: 17 Try: 5 Length: 1 and 2 Growth: False and False
There are 3 reactions remaining: set(['rxn34670', 'rxn01735', 'rxn29072'])
Testing suggestions from essential
Successfully limited the reactions by compound and reduced  from 53 to 44
At the beginning the base list has 1318  and the optional list has 44 reactions
Iteration: 1 Try: 0 Length: 22 and 22 Growth: False and False
Iteration: 1 Try: 0 Length: 17 and 27 Growth: False and False
Iteration: 1 Try: 0 Length: 8 and 36 Growth: False and False
Iteration: 1 Try: 0 Length: 4 and 40 Growth: False and False
Iteration: 1 Try: 0 Length: 2 and 42 Growth: False and False
Iteration: 1 Try: 0 Length: 1 and 43 Growth: False and True
Iteration: 2 Try: 0 Length: 22 and 21 Growth: False and False
Iteration: 2 Try: 0 Length: 17 and 26 Growth: False and False
Iteration: 2 Try: 0 Length: 8 and 35 Growth: False and False
Iteration: 2 Try: 0 Length: 4 and 39 Growth: False and False
Iteration: 2 Try: 0 Length: 2 and 41 Growth: False and False
Iteration: 2 Try: 0 Length: 1 and 42 Growth: False and False
Iteration: 3 Try: 1 Length: 22 and 21 Growth: False and False
Iteration: 3 Try: 1 Length: 17 and 26 Growth: False and False
Iteration: 3 Try: 1 Length: 8 and 35 Growth: False and False
Iteration: 3 Try: 1 Length: 4 and 39 Growth: False and False
Iteration: 3 Try: 1 Length: 2 and 41 Growth: False and False
Iteration: 3 Try: 1 Length: 1 and 42 Growth: False and True
Iteration: 4 Try: 0 Length: 21 and 21 Growth: False and False
Iteration: 4 Try: 0 Length: 16 and 26 Growth: False and False
Iteration: 4 Try: 0 Length: 8 and 34 Growth: False and False
Iteration: 4 Try: 0 Length: 4 and 38 Growth: False and False
Iteration: 4 Try: 0 Length: 2 and 40 Growth: False and False
Iteration: 4 Try: 0 Length: 1 and 41 Growth: False and False
Iteration: 5 Try: 1 Length: 21 and 21 Growth: False and False
Iteration: 5 Try: 1 Length: 16 and 26 Growth: False and False
Iteration: 5 Try: 1 Length: 8 and 34 Growth: False and True
Iteration: 6 Try: 0 Length: 17 and 17 Growth: False and False
Iteration: 6 Try: 0 Length: 13 and 21 Growth: False and False
Iteration: 6 Try: 0 Length: 6 and 28 Growth: False and False
Iteration: 6 Try: 0 Length: 3 and 31 Growth: False and True
Iteration: 7 Try: 0 Length: 16 and 15 Growth: False and False
Iteration: 7 Try: 0 Length: 12 and 19 Growth: False and False
Iteration: 7 Try: 0 Length: 6 and 25 Growth: False and False
Iteration: 7 Try: 0 Length: 3 and 28 Growth: False and False
Iteration: 7 Try: 0 Length: 1 and 30 Growth: False and False
Iteration: 8 Try: 1 Length: 16 and 15 Growth: False and False
Iteration: 8 Try: 1 Length: 12 and 19 Growth: False and False
Iteration: 8 Try: 1 Length: 6 and 25 Growth: False and True
Iteration: 9 Try: 0 Length: 13 and 12 Growth: False and False
Iteration: 9 Try: 0 Length: 10 and 15 Growth: False and False
Iteration: 9 Try: 0 Length: 5 and 20 Growth: False and False
Iteration: 9 Try: 0 Length: 2 and 23 Growth: False and False
Iteration: 9 Try: 0 Length: 1 and 24 Growth: False and True
Iteration: 10 Try: 0 Length: 12 and 12 Growth: False and False
Iteration: 10 Try: 0 Length: 9 and 15 Growth: False and False
Iteration: 10 Try: 0 Length: 4 and 20 Growth: False and False
Iteration: 10 Try: 0 Length: 2 and 22 Growth: False and False
Iteration: 10 Try: 0 Length: 1 and 23 Growth: False and False
Iteration: 11 Try: 1 Length: 12 and 12 Growth: False and False
Iteration: 11 Try: 1 Length: 9 and 15 Growth: False and False
Iteration: 11 Try: 1 Length: 4 and 20 Growth: False and False
Iteration: 11 Try: 1 Length: 2 and 22 Growth: False and True
Iteration: 12 Try: 0 Length: 11 and 11 Growth: False and False
Iteration: 12 Try: 0 Length: 8 and 14 Growth: False and False
Iteration: 12 Try: 0 Length: 4 and 18 Growth: False and False
Iteration: 12 Try: 0 Length: 2 and 20 Growth: False and False
Iteration: 12 Try: 0 Length: 1 and 21 Growth: False and False
Iteration: 13 Try: 1 Length: 11 and 11 Growth: False and False
Iteration: 13 Try: 1 Length: 8 and 14 Growth: False and False
Iteration: 13 Try: 1 Length: 4 and 18 Growth: False and False
Iteration: 13 Try: 1 Length: 2 and 20 Growth: False and True
Iteration: 14 Try: 0 Length: 10 and 10 Growth: False and False
Iteration: 14 Try: 0 Length: 8 and 12 Growth: False and False
Iteration: 14 Try: 0 Length: 4 and 16 Growth: False and False
Iteration: 14 Try: 0 Length: 2 and 18 Growth: False and False
Iteration: 14 Try: 0 Length: 1 and 19 Growth: False and False
Iteration: 15 Try: 1 Length: 10 and 10 Growth: False and False
Iteration: 15 Try: 1 Length: 8 and 12 Growth: False and False
Iteration: 15 Try: 1 Length: 4 and 16 Growth: False and True
Iteration: 16 Try: 0 Length: 8 and 8 Growth: False and False
Iteration: 16 Try: 0 Length: 6 and 10 Growth: False and False
Iteration: 16 Try: 0 Length: 3 and 13 Growth: False and False
Iteration: 16 Try: 0 Length: 1 and 15 Growth: False and False
Iteration: 17 Try: 1 Length: 8 and 8 Growth: False and False
Iteration: 17 Try: 1 Length: 6 and 10 Growth: False and False
Iteration: 17 Try: 1 Length: 3 and 13 Growth: False and False
Iteration: 17 Try: 1 Length: 1 and 15 Growth: False and False
Iteration: 18 Try: 2 Length: 8 and 8 Growth: False and False
Iteration: 18 Try: 2 Length: 6 and 10 Growth: False and False
Iteration: 18 Try: 2 Length: 3 and 13 Growth: False and False
Iteration: 18 Try: 2 Length: 1 and 15 Growth: False and True
Iteration: 19 Try: 0 Length: 8 and 7 Growth: False and False
Iteration: 19 Try: 0 Length: 6 and 9 Growth: False and False
Iteration: 19 Try: 0 Length: 3 and 12 Growth: False and False
Iteration: 19 Try: 0 Length: 1 and 14 Growth: False and True
Iteration: 20 Try: 0 Length: 7 and 7 Growth: False and False
Iteration: 20 Try: 0 Length: 5 and 9 Growth: False and False
Iteration: 20 Try: 0 Length: 2 and 12 Growth: False and False
Iteration: 20 Try: 0 Length: 1 and 13 Growth: False and False
Iteration: 21 Try: 1 Length: 7 and 7 Growth: False and False
Iteration: 21 Try: 1 Length: 5 and 9 Growth: False and False
Iteration: 21 Try: 1 Length: 2 and 12 Growth: False and True
Iteration: 22 Try: 0 Length: 6 and 6 Growth: False and False
Iteration: 22 Try: 0 Length: 4 and 8 Growth: False and False
Iteration: 22 Try: 0 Length: 2 and 10 Growth: False and False
Iteration: 22 Try: 0 Length: 1 and 11 Growth: False and True
Iteration: 23 Try: 0 Length: 6 and 5 Growth: False and False
Iteration: 23 Try: 0 Length: 4 and 7 Growth: False and False
Iteration: 23 Try: 0 Length: 2 and 9 Growth: False and False
Iteration: 23 Try: 0 Length: 1 and 10 Growth: False and False
Iteration: 24 Try: 1 Length: 6 and 5 Growth: False and False
Iteration: 24 Try: 1 Length: 4 and 7 Growth: False and False
Iteration: 24 Try: 1 Length: 2 and 9 Growth: False and True
Iteration: 25 Try: 0 Length: 5 and 4 Growth: False and False
Iteration: 25 Try: 0 Length: 3 and 6 Growth: False and False
Iteration: 25 Try: 0 Length: 1 and 8 Growth: False and True
Iteration: 26 Try: 0 Length: 4 and 4 Growth: False and False
Iteration: 26 Try: 0 Length: 3 and 5 Growth: False and False
Iteration: 26 Try: 0 Length: 1 and 7 Growth: False and False
Iteration: 27 Try: 1 Length: 4 and 4 Growth: False and False
Iteration: 27 Try: 1 Length: 3 and 5 Growth: False and False
Iteration: 27 Try: 1 Length: 1 and 7 Growth: False and False
Iteration: 28 Try: 2 Length: 4 and 4 Growth: False and False
Iteration: 28 Try: 2 Length: 3 and 5 Growth: False and False
Iteration: 28 Try: 2 Length: 1 and 7 Growth: False and True
Iteration: 29 Try: 0 Length: 4 and 3 Growth: False and False
Iteration: 29 Try: 0 Length: 2 and 5 Growth: False and False
Iteration: 29 Try: 0 Length: 1 and 6 Growth: False and False
Iteration: 30 Try: 1 Length: 4 and 3 Growth: False and False
Iteration: 30 Try: 1 Length: 2 and 5 Growth: False and False
Iteration: 30 Try: 1 Length: 1 and 6 Growth: False and False
Iteration: 31 Try: 2 Length: 4 and 3 Growth: False and False
Iteration: 31 Try: 2 Length: 2 and 5 Growth: False and False
Iteration: 31 Try: 2 Length: 1 and 6 Growth: False and False
Iteration: 32 Try: 3 Length: 4 and 3 Growth: False and False
Iteration: 32 Try: 3 Length: 2 and 5 Growth: False and False
Iteration: 32 Try: 3 Length: 1 and 6 Growth: False and False
Iteration: 33 Try: 4 Length: 4 and 3 Growth: False and False
Iteration: 33 Try: 4 Length: 2 and 5 Growth: False and False
Iteration: 33 Try: 4 Length: 1 and 6 Growth: False and True
Iteration: 34 Try: 0 Length: 3 and 3 Growth: False and False
Iteration: 34 Try: 0 Length: 2 and 4 Growth: False and False
Iteration: 34 Try: 0 Length: 1 and 5 Growth: False and False
Iteration: 35 Try: 1 Length: 3 and 3 Growth: False and False
Iteration: 35 Try: 1 Length: 2 and 4 Growth: False and False
Iteration: 35 Try: 1 Length: 1 and 5 Growth: False and False
Iteration: 36 Try: 2 Length: 3 and 3 Growth: False and False
Iteration: 36 Try: 2 Length: 2 and 4 Growth: False and False
Iteration: 36 Try: 2 Length: 1 and 5 Growth: False and False
Iteration: 37 Try: 3 Length: 3 and 3 Growth: False and False
Iteration: 37 Try: 3 Length: 2 and 4 Growth: False and False
Iteration: 37 Try: 3 Length: 1 and 5 Growth: False and False
Iteration: 38 Try: 4 Length: 3 and 3 Growth: False and False
Iteration: 38 Try: 4 Length: 2 and 4 Growth: False and False
Iteration: 38 Try: 4 Length: 1 and 5 Growth: False and False
Iteration: 39 Try: 5 Length: 3 and 3 Growth: False and False
Iteration: 39 Try: 5 Length: 2 and 4 Growth: False and False
Iteration: 39 Try: 5 Length: 1 and 5 Growth: False and False
There are 6 reactions remaining: set(['rxn05369', 'rxn05468', 'rxn05116', 'rxn03164', 'rxn02285', 'rxn00392'])
